<?xml version="1.0" encoding="UTF-8"?>
<testsuites name="Education Partner Test Suite" time="229.395" tests="1" failures="0" errors="1">
   <testsuite name="Education Partner Test Suite" tests="1" failures="0" errors="1" time="229.395" skipped="0" timestamp="04-10-2024T18:26:53" hostname="cckozie - 192.168.4.24" id="Test Suites/Education Partner Test Suite">
      <properties>
         <property name="deviceName" value=""/>
         <property name="devicePlatform"/>
         <property name="logFolder" value="/Users/cckozie/git/MissionNext-Katalon-Koz/Reports/20241004_182644/Education Partner Test Suite/20241004_182644"/>
         <property name="logFiles" value="/Users/cckozie/git/MissionNext-Katalon-Koz/Reports/20241004_182644/Education Partner Test Suite/20241004_182644/execution0.log"/>
         <property name="attachments" value=""/>
         <property name="hostName" value="cckozie - 192.168.4.24"/>
         <property name="os" value="Mac OS X 64bit"/>
         <property name="katalonVersion" value="9.5.0.217"/>
         <property name="browser" value="Chrome 129.0.0.0"/>
         <property name="hostAddress" value="192.168.4.24"/>
         <property name="sessionId" value="d8fc5fd3a99214588df3194f2eabee55"/>
         <property name="seleniumVersion" value="3.141.59"/>
         <property name="proxyInformation" value="ProxyInformation { proxyOption=NO_PROXY, proxyServerType=HTTP, username=, password=********, proxyServerAddress=, proxyServerPort=0, executionList=&quot;&quot;, isApplyToDesiredCapabilities=true }"/>
         <property name="platform" value="Mac OS X"/>
      </properties>
      <testcase name="Test Cases/Education Partners/Register Education Partner" time="228.986" classname="Test Cases/Education Partners/Register Education Partner" status="ERROR">
         <error type="ERROR" message="Test Cases/Education Partners/Register Education Partner FAILED.&#xa;Reason:&#xa;com.kms.katalon.core.exception.StepErrorException: ----- Password message is:&#xa;&quot;Password must be at least 6 characters long, no spaces, lowercase letters and numbers only, no special or unique characters.&quot;&#xa;     but it should be &#xa;&quot;Password must have at least 10 characters; should include numbers, letters, and capitals; may have special characters (@, #, *, spaces, etc.) and may include a passphrase.&quot;&#xa;	at com.kms.katalon.core.util.KeywordUtil.markError(KeywordUtil.java:67)&#xa;	at Script1727386220224$_run_closure3.doCall(Script1727386220224.groovy:360)&#xa;	at java.base/jdk.internal.reflect.NativeMethodAccessorImpl.invoke0(Native Method)&#xa;	at java.base/jdk.internal.reflect.NativeMethodAccessorImpl.invoke(NativeMethodAccessorImpl.java:77)&#xa;	at java.base/jdk.internal.reflect.DelegatingMethodAccessorImpl.invoke(DelegatingMethodAccessorImpl.java:43)&#xa;	at Register Education Partner.run(Register Education Partner:340)&#xa;	at com.kms.katalon.core.main.ScriptEngine.run(ScriptEngine.java:194)&#xa;	at com.kms.katalon.core.main.ScriptEngine.runScriptAsRawText(ScriptEngine.java:119)&#xa;	at com.kms.katalon.core.main.TestCaseExecutor.runScript(TestCaseExecutor.java:448)&#xa;	at com.kms.katalon.core.main.TestCaseExecutor.doExecute(TestCaseExecutor.java:439)&#xa;	at com.kms.katalon.core.main.TestCaseExecutor.processExecutionPhase(TestCaseExecutor.java:418)&#xa;	at com.kms.katalon.core.main.TestCaseExecutor.accessMainPhase(TestCaseExecutor.java:410)&#xa;	at com.kms.katalon.core.main.TestCaseExecutor.execute(TestCaseExecutor.java:285)&#xa;	at com.kms.katalon.core.common.CommonExecutor.accessTestCaseMainPhase(CommonExecutor.java:65)&#xa;	at com.kms.katalon.core.main.TestSuiteExecutor.accessTestSuiteMainPhase(TestSuiteExecutor.java:150)&#xa;	at com.kms.katalon.core.main.TestSuiteExecutor.execute(TestSuiteExecutor.java:106)&#xa;	at com.kms.katalon.core.main.TestCaseMain.startTestSuite(TestCaseMain.java:180)&#xa;	at TempTestSuite1728084404901.run(TempTestSuite1728084404901.groovy:35)&#xa;	at java.base/jdk.internal.reflect.NativeMethodAccessorImpl.invoke0(Native Method)&#xa;	at java.base/jdk.internal.reflect.NativeMethodAccessorImpl.invoke(NativeMethodAccessorImpl.java:77)&#xa;	at java.base/jdk.internal.reflect.DelegatingMethodAccessorImpl.invoke(DelegatingMethodAccessorImpl.java:43)&#xa;"/>
         <system-out><![CDATA[04-10-2024T18:26:53 - [TEST_CASE][ERROR] - Test Cases/Education Partners/Register Education Partner: Test Cases/Education Partners/Register Education Partner FAILED.
Reason:
com.kms.katalon.core.exception.StepErrorException: ----- Password message is:
"Password must be at least 6 characters long, no spaces, lowercase letters and numbers only, no special or unique characters."
     but it should be 
"Password must have at least 10 characters; should include numbers, letters, and capitals; may have special characters (@, #, *, spaces, etc.) and may include a passphrase."
	at com.kms.katalon.core.util.KeywordUtil.markError(KeywordUtil.java:67)
	at Script1727386220224$_run_closure3.doCall(Script1727386220224.groovy:360)
	at java.base/jdk.internal.reflect.NativeMethodAccessorImpl.invoke0(Native Method)
	at java.base/jdk.internal.reflect.NativeMethodAccessorImpl.invoke(NativeMethodAccessorImpl.java:77)
	at java.base/jdk.internal.reflect.DelegatingMethodAccessorImpl.invoke(DelegatingMethodAccessorImpl.java:43)
	at Register Education Partner.run(Register Education Partner:340)
	at com.kms.katalon.core.main.ScriptEngine.run(ScriptEngine.java:194)
	at com.kms.katalon.core.main.ScriptEngine.runScriptAsRawText(ScriptEngine.java:119)
	at com.kms.katalon.core.main.TestCaseExecutor.runScript(TestCaseExecutor.java:448)
	at com.kms.katalon.core.main.TestCaseExecutor.doExecute(TestCaseExecutor.java:439)
	at com.kms.katalon.core.main.TestCaseExecutor.processExecutionPhase(TestCaseExecutor.java:418)
	at com.kms.katalon.core.main.TestCaseExecutor.accessMainPhase(TestCaseExecutor.java:410)
	at com.kms.katalon.core.main.TestCaseExecutor.execute(TestCaseExecutor.java:285)
	at com.kms.katalon.core.common.CommonExecutor.accessTestCaseMainPhase(CommonExecutor.java:65)
	at com.kms.katalon.core.main.TestSuiteExecutor.accessTestSuiteMainPhase(TestSuiteExecutor.java:150)
	at com.kms.katalon.core.main.TestSuiteExecutor.execute(TestSuiteExecutor.java:106)
	at com.kms.katalon.core.main.TestCaseMain.startTestSuite(TestCaseMain.java:180)
	at TempTestSuite1728084404901.run(TempTestSuite1728084404901.groovy:35)
	at java.base/jdk.internal.reflect.NativeMethodAccessorImpl.invoke0(Native Method)
	at java.base/jdk.internal.reflect.NativeMethodAccessorImpl.invoke(NativeMethodAccessorImpl.java:77)
	at java.base/jdk.internal.reflect.DelegatingMethodAccessorImpl.invoke(DelegatingMethodAccessorImpl.java:43)


04-10-2024T18:26:57 - [TEST_STEP][PASSED] - username = username: null

04-10-2024T18:26:58 - [TEST_STEP][PASSED] - if (username != "cktest06ep"): null

04-10-2024T18:26:58 - [TEST_STEP][PASSED] - domain = domain: null

04-10-2024T18:26:58 - [TEST_STEP][PASSED] - url = "https://education." + domain + "/signup/organization": null

04-10-2024T18:26:58 - [TEST_STEP][PASSED] - outFile = new java.io.File(/Users/cckozie/Documents/MissionNext/Test Reports/Test Register Education Partner.txt): null

04-10-2024T18:26:58 - [TEST_STEP][PASSED] - outFile = outFile: null

04-10-2024T18:26:58 - [TEST_STEP][PASSED] - outFile.write("Testing Register Education Partner in " + domain + "
"): null

04-10-2024T18:26:58 - [TEST_STEP][PASSED] - ttPath = "/Users/cckozie/git/MissionNext-Katalon-Koz/images/education partner/": null

04-10-2024T18:26:58 - [TEST_STEP][PASSED] - tooltips = ["username":"img_Username_field-tooltip", "password":"img_Password_field-tooltip", "email":"img_Key Contact Email_field-tooltip", ... ]: null

04-10-2024T18:26:58 - [TEST_STEP][PASSED] - pageLinks = ["Affiliated Organizations":"Affiliated Organizations", "countries by region":"Countries by Region", "Partnership Agreement":"Partnership Agreement", ... ]: null

04-10-2024T18:26:58 - [TEST_STEP][PASSED] - fieldMessages = ["Username message":"Username must be at least 6 characters long, no spaces, lowercase letters and numbers only, no special or unique characters.", "Password message":"Password must have at least 10 characters; should include numbers, letters, and capitals; may have special characters (@, #, *, spaces, etc.) and may include a passphrase.", ... ]: null

04-10-2024T18:26:58 - [TEST_STEP][PASSED] - callTestCase(findTestCase("Admin/Delete User"), ["varUsername":username], STOP_ON_FAILURE): Call Test Case 'Test Cases/Admin/Delete User' successfully

04-10-2024T18:26:58 - [TEST_CASE][PASSED] - Test Cases/Admin/Delete User: Test Cases/Admin/Delete User

04-10-2024T18:26:59 - [TEST_STEP][PASSED] - if (binding.hasVariable("varUsername")): null

04-10-2024T18:26:59 - [TEST_STEP][PASSED] - username = varUsername: null

04-10-2024T18:26:59 - [TEST_STEP][PASSED] - writeFile = false: null

04-10-2024T18:26:59 - [TEST_STEP][PASSED] - println("outFile is " + outFile): null

04-10-2024T18:26:59 - [TEST_STEP][PASSED] - if (outFile != ""): null

04-10-2024T18:26:59 - [TEST_STEP][PASSED] - myFile = outFile: null

04-10-2024T18:26:59 - [TEST_STEP][PASSED] - println(myFile): null

04-10-2024T18:26:59 - [TEST_STEP][PASSED] - outFile = new java.io.File(myFile): null

04-10-2024T18:26:59 - [TEST_STEP][PASSED] - writeFile = true: null

04-10-2024T18:26:59 - [TEST_STEP][PASSED] - domain = domain: null

04-10-2024T18:26:59 - [TEST_STEP][PASSED] - url = "https://ad." + domain: null

04-10-2024T18:26:59 - [TEST_STEP][PASSED] - openBrowser(""): Browser is opened with url: ''

04-10-2024T18:26:59 - [MESSAGE][INFO] - Starting 'Chrome' driver

04-10-2024T18:27:00 - [MESSAGE][INFO] - Action delay is set to 0 milliseconds

04-10-2024T18:27:09 - [MESSAGE][PASSED] - Browser is opened with url: ''

04-10-2024T18:27:09 - [TEST_STEP][PASSED] - navigateToUrl(url): Navigate to 'https://ad.explorenext.org' successfully

04-10-2024T18:27:10 - [MESSAGE][PASSED] - Navigate to 'https://ad.explorenext.org' successfully

04-10-2024T18:27:10 - [TEST_STEP][PASSED] - setText(findTestObject("Admin/Ad Login/input_Username"), "chriskosieracki"): Text 'chriskosieracki' is set on object 'Object Repository/Admin/Ad Login/input_Username'

04-10-2024T18:27:11 - [MESSAGE][PASSED] - Text 'chriskosieracki' is set on object 'Object Repository/Admin/Ad Login/input_Username'

04-10-2024T18:27:11 - [TEST_STEP][PASSED] - setEncryptedText(findTestObject("Admin/Ad Login/input_Password"), "fAJOXt1JExHva3VUYg96Og=="): Text ****** has been set on object 'Object Repository/Admin/Ad Login/input_Password'

04-10-2024T18:27:12 - [MESSAGE][PASSED] - Text ****** has been set on object 'Object Repository/Admin/Ad Login/input_Password'

04-10-2024T18:27:12 - [TEST_STEP][PASSED] - click(findTestObject("Admin/Ad Login/btn_Submit")): Object: 'Object Repository/Admin/Ad Login/btn_Submit' is clicked on

04-10-2024T18:27:12 - [MESSAGE][PASSED] - Object: 'Object Repository/Admin/Ad Login/btn_Submit' is clicked on

04-10-2024T18:27:12 - [TEST_STEP][PASSED] - click(findTestObject("Admin/Ad Main/a_User Information  Administration")): Object: 'Object Repository/Admin/Ad Main/a_User Information  Administration' is clicked on

04-10-2024T18:27:14 - [MESSAGE][PASSED] - Object: 'Object Repository/Admin/Ad Main/a_User Information  Administration' is clicked on

04-10-2024T18:27:14 - [TEST_STEP][PASSED] - setText(findTestObject("Admin/Ad User Viewer Utility/input_Find account by Username"), username): Text 'cktest06ep' is set on object 'Object Repository/Admin/Ad User Viewer Utility/input_Find account by Username'

04-10-2024T18:27:14 - [MESSAGE][PASSED] - Text 'cktest06ep' is set on object 'Object Repository/Admin/Ad User Viewer Utility/input_Find account by Username'

04-10-2024T18:27:14 - [TEST_STEP][PASSED] - delay(1): Delayed 1 second(s)

04-10-2024T18:27:15 - [MESSAGE][PASSED] - Delayed 1 second(s)

04-10-2024T18:27:15 - [TEST_STEP][PASSED] - click(findTestObject("Admin/Ad User Viewer Utility/input_Find account by Username_beginning")): Object: 'Object Repository/Admin/Ad User Viewer Utility/input_Find account by Username_beginning' is clicked on

04-10-2024T18:27:16 - [MESSAGE][PASSED] - Object: 'Object Repository/Admin/Ad User Viewer Utility/input_Find account by Username_beginning' is clicked on

04-10-2024T18:27:16 - [TEST_STEP][PASSED] - delay(1): Delayed 1 second(s)

04-10-2024T18:27:17 - [MESSAGE][PASSED] - Delayed 1 second(s)

04-10-2024T18:27:17 - [TEST_STEP][PASSED] - driver = getWebDriver(): null

04-10-2024T18:27:17 - [TEST_STEP][PASSED] - Table = driver.findElement(By.xpath("//table[2]")): null

04-10-2024T18:27:17 - [TEST_STEP][PASSED] - Rows = Table.findElements(By.tagName("tr")): null

04-10-2024T18:27:17 - [TEST_STEP][PASSED] - row_count = Rows.size(): null

04-10-2024T18:27:17 - [TEST_STEP][PASSED] - found = false: null

04-10-2024T18:27:17 - [TEST_STEP][PASSED] - if (row_count > 0): null

04-10-2024T18:27:17 - [TEST_STEP][PASSED] - for ([row = 1, row < row_count, (row++)]): null

04-10-2024T18:27:17 - [TEST_STEP][PASSED] - Columns = get(row).findElements(By.tagName("td")): null

04-10-2024T18:27:17 - [TEST_STEP][PASSED] - user = get(2).getText(): null

04-10-2024T18:27:17 - [TEST_STEP][PASSED] - if (user.indexOf(username) >= 0): null

04-10-2024T18:27:17 - [TEST_STEP][PASSED] - found = true: null

04-10-2024T18:27:17 - [TEST_STEP][PASSED] - outText = "User " + username + " was found. Attempting to delete.": null

04-10-2024T18:27:17 - [TEST_STEP][PASSED] - println("=====> " + outText): null

04-10-2024T18:27:17 - [TEST_STEP][PASSED] - if (writeFile): null

04-10-2024T18:27:17 - [TEST_STEP][PASSED] - outFile.append(outText + "
"): null

04-10-2024T18:27:17 - [TEST_STEP][PASSED] - link = get(0).findElement(By.tagName("a")): null

04-10-2024T18:27:17 - [TEST_STEP][PASSED] - link.click(): null

04-10-2024T18:27:19 - [TEST_STEP][PASSED] - delay(2): Delayed 2 second(s)

04-10-2024T18:27:21 - [MESSAGE][PASSED] - Delayed 2 second(s)

04-10-2024T18:27:21 - [TEST_STEP][PASSED] - break: null

04-10-2024T18:27:21 - [TEST_STEP][PASSED] - if (found): null

04-10-2024T18:27:21 - [TEST_STEP][PASSED] - delay(1): Delayed 1 second(s)

04-10-2024T18:27:22 - [MESSAGE][PASSED] - Delayed 1 second(s)

04-10-2024T18:27:22 - [TEST_STEP][PASSED] - waitForPageLoad(10): Wait for page load successfully

04-10-2024T18:27:22 - [MESSAGE][PASSED] - Wait for page load successfully

04-10-2024T18:27:22 - [TEST_STEP][PASSED] - deletedUser = getText(findTestObject("Object Repository/Admin/Ad User Viewer Utility/p_The missionnext Candidate account username")): Text of object 'Object Repository/Admin/Ad User Viewer Utility/p_The missionnext Candidate account username' is: 'The missionnext Organization account username is cktest06ep'

04-10-2024T18:27:22 - [MESSAGE][PASSED] - Text of object 'Object Repository/Admin/Ad User Viewer Utility/p_The missionnext Candidate account username' is: 'The missionnext Organization account username is cktest06ep'

04-10-2024T18:27:22 - [TEST_STEP][PASSED] - if (deletedUser.indexOf(username) >= 0): null

04-10-2024T18:27:22 - [TEST_STEP][PASSED] - outText = "User " + username + " was successfully deleted.": null

04-10-2024T18:27:22 - [TEST_STEP][PASSED] - println(outText): null

04-10-2024T18:27:22 - [TEST_STEP][PASSED] - outFile.append(outText + "
"): null

04-10-2024T18:27:22 - [TEST_STEP][PASSED] - closeBrowser(): Browser is closed

04-10-2024T18:27:23 - [MESSAGE][PASSED] - Browser is closed

04-10-2024T18:27:23 - [MESSAGE][PASSED] - Call Test Case 'Test Cases/Admin/Delete User' successfully

04-10-2024T18:27:23 - [TEST_STEP][PASSED] - callTestCase(findTestCase("_Functions/Delete Emails"), [:], STOP_ON_FAILURE): Call Test Case 'Test Cases/_Functions/Delete Emails' successfully

04-10-2024T18:27:23 - [TEST_CASE][PASSED] - Test Cases/_Functions/Delete Emails: Test Cases/_Functions/Delete Emails

04-10-2024T18:27:24 - [TEST_STEP][PASSED] - writeFile = false: null

04-10-2024T18:27:24 - [TEST_STEP][PASSED] - if (outFile != ""): null

04-10-2024T18:27:24 - [TEST_STEP][PASSED] - myFile = outFile: null

04-10-2024T18:27:24 - [TEST_STEP][PASSED] - println(myFile): null

04-10-2024T18:27:24 - [TEST_STEP][PASSED] - outFile = new java.io.File(myFile): null

04-10-2024T18:27:24 - [TEST_STEP][PASSED] - writeFile = true: null

04-10-2024T18:27:24 - [TEST_STEP][PASSED] - outText = "Deleting all emails in the inbox": null

04-10-2024T18:27:24 - [TEST_STEP][PASSED] - println(outText): null

04-10-2024T18:27:24 - [TEST_STEP][PASSED] - if (writeFile): null

04-10-2024T18:27:24 - [TEST_STEP][PASSED] - outFile.append(outText + "
"): null

04-10-2024T18:27:24 - [TEST_STEP][PASSED] - host = "pop.gmail.com": null

04-10-2024T18:27:24 - [TEST_STEP][PASSED] - mailStoreType = "pop3": null

04-10-2024T18:27:24 - [TEST_STEP][PASSED] - username = "cktest01mn@gmail.com": null

04-10-2024T18:27:24 - [TEST_STEP][PASSED] - password = "sfesezftmpqxbbbd": null

04-10-2024T18:27:24 - [TEST_STEP][PASSED] - properties = new java.util.Properties(): null

04-10-2024T18:27:24 - [TEST_STEP][PASSED] - properties.put("mail.pop3.host", host): null

04-10-2024T18:27:24 - [TEST_STEP][PASSED] - properties.put("mail.pop3.port", "995"): null

04-10-2024T18:27:24 - [TEST_STEP][PASSED] - properties.put("mail.pop3.starttls.enable", "true"): null

04-10-2024T18:27:24 - [TEST_STEP][PASSED] - emailSession = Session.getDefaultInstance(properties): null

04-10-2024T18:27:24 - [TEST_STEP][PASSED] - store = emailSession.getStore("pop3s"): null

04-10-2024T18:27:25 - [TEST_STEP][PASSED] - store.connect(host, username, password): null

04-10-2024T18:27:26 - [TEST_STEP][PASSED] - emailFolder = <not implemented yet for class: org.codehaus.groovy.ast.expr.EmptyExpression>: null

04-10-2024T18:27:26 - [TEST_STEP][PASSED] - messages = []: null

04-10-2024T18:27:26 - [TEST_STEP][PASSED] - emailFolder = store.getFolder("INBOX"): null

04-10-2024T18:27:26 - [TEST_STEP][PASSED] - emailFolder.open(READ_ONLY): null

04-10-2024T18:27:26 - [TEST_STEP][PASSED] - messages = emailFolder.getMessages(): null

04-10-2024T18:27:26 - [TEST_STEP][PASSED] - if (length > 0): null

04-10-2024T18:27:26 - [TEST_STEP][PASSED] - else: null

04-10-2024T18:27:26 - [TEST_STEP][PASSED] - outText = "No emails were found in the inbox": null

04-10-2024T18:27:26 - [TEST_STEP][PASSED] - println(outText): null

04-10-2024T18:27:26 - [TEST_STEP][PASSED] - if (writeFile): null

04-10-2024T18:27:26 - [TEST_STEP][PASSED] - outFile.append(outText + "
"): null

04-10-2024T18:27:26 - [TEST_STEP][PASSED] - emailFolder.close(false): null

04-10-2024T18:27:26 - [TEST_STEP][PASSED] - store.close(): null

04-10-2024T18:27:26 - [MESSAGE][PASSED] - Call Test Case 'Test Cases/_Functions/Delete Emails' successfully

04-10-2024T18:27:26 - [TEST_STEP][PASSED] - file = new java.io.File(/System/Applications/Mail.app): null

04-10-2024T18:27:26 - [TEST_STEP][PASSED] - getDesktop().open(file): null

04-10-2024T18:27:26 - [TEST_STEP][PASSED] - openBrowser(url): Browser is opened with url: 'https://education.explorenext.org/signup/organization'

04-10-2024T18:27:26 - [MESSAGE][INFO] - Starting 'Chrome' driver

04-10-2024T18:27:26 - [MESSAGE][INFO] - Action delay is set to 0 milliseconds

04-10-2024T18:27:37 - [MESSAGE][PASSED] - Browser is opened with url: 'https://education.explorenext.org/signup/organization'

04-10-2024T18:27:37 - [TEST_STEP][PASSED] - maximizeWindow(): Current window maximized

04-10-2024T18:27:40 - [MESSAGE][PASSED] - Current window maximized

04-10-2024T18:27:40 - [TEST_STEP][PASSED] - setText(findTestObject("Object Repository/Education Partner Profile/Register/input_Username"), "=====> WAITING FOR SIKULI TO LOAD <====="): Text '=====> WAITING FOR SIKULI TO LOAD <=====' is set on object 'Object Repository/Education Partner Profile/Register/input_Username'

04-10-2024T18:27:41 - [MESSAGE][PASSED] - Text '=====> WAITING FOR SIKULI TO LOAD <=====' is set on object 'Object Repository/Education Partner Profile/Register/input_Username'

04-10-2024T18:27:41 - [TEST_STEP][PASSED] - s = new org.sikuli.script.Screen(): null

04-10-2024T18:27:52 - [TEST_STEP][PASSED] - clearText(findTestObject("Object Repository/Education Partner Profile/Register/input_Username")): Text of object 'Object Repository/Education Partner Profile/Register/input_Username' is cleared

04-10-2024T18:27:53 - [MESSAGE][PASSED] - Text of object 'Object Repository/Education Partner Profile/Register/input_Username' is cleared

04-10-2024T18:27:53 - [TEST_STEP][PASSED] - tooltips.each({ -> ... }): Delayed 1 second(s)

04-10-2024T18:27:53 - [MESSAGE][PASSED] - Object: 'Object Repository/Education Partner Profile/Register/img_Username_field-tooltip' is clicked on

04-10-2024T18:27:54 - [MESSAGE][PASSED] - Delayed 1 second(s)

04-10-2024T18:27:57 - [MESSAGE][PASSED] - Object: 'Object Repository/Education Partner Profile/Register/img_Password_field-tooltip' is clicked on

04-10-2024T18:27:58 - [MESSAGE][PASSED] - Delayed 1 second(s)

04-10-2024T18:27:59 - [MESSAGE][PASSED] - Object: 'Object Repository/Education Partner Profile/Register/img_Key Contact Email_field-tooltip' is clicked on

04-10-2024T18:28:00 - [MESSAGE][PASSED] - Delayed 1 second(s)

04-10-2024T18:28:00 - [MESSAGE][PASSED] - Object: 'Object Repository/Education Partner Profile/Register/img_Organization_field-tooltip' is clicked on

04-10-2024T18:28:01 - [MESSAGE][PASSED] - Delayed 1 second(s)

04-10-2024T18:28:02 - [MESSAGE][PASSED] - Object: 'Object Repository/Education Partner Profile/Register/img_Abbreviation_field-tooltip' is clicked on

04-10-2024T18:28:03 - [MESSAGE][PASSED] - Delayed 1 second(s)

04-10-2024T18:28:03 - [MESSAGE][PASSED] - Object: 'Object Repository/Education Partner Profile/Register/img_Description_field-tooltip' is clicked on

04-10-2024T18:28:04 - [MESSAGE][PASSED] - Delayed 1 second(s)

04-10-2024T18:28:05 - [MESSAGE][PASSED] - Object: 'Object Repository/Education Partner Profile/Register/img_Website Address_field-tooltip' is clicked on

04-10-2024T18:28:06 - [MESSAGE][PASSED] - Delayed 1 second(s)

04-10-2024T18:28:07 - [MESSAGE][PASSED] - Object: 'Object Repository/Education Partner Profile/Register/img_How did you hear about MissionNext_field-tooltip' is clicked on

04-10-2024T18:28:08 - [MESSAGE][PASSED] - Delayed 1 second(s)

04-10-2024T18:28:09 - [TEST_STEP][PASSED] - click(findTestObject("Object Repository/Education Partner Profile/Register/a_Customer Support")): Object: 'Object Repository/Education Partner Profile/Register/a_Customer Support' is clicked on

04-10-2024T18:28:09 - [MESSAGE][PASSED] - Object: 'Object Repository/Education Partner Profile/Register/a_Customer Support' is clicked on

04-10-2024T18:28:09 - [TEST_STEP][PASSED] - delay(2): Delayed 2 second(s)

04-10-2024T18:28:11 - [MESSAGE][PASSED] - Delayed 2 second(s)

04-10-2024T18:28:11 - [TEST_STEP][PASSED] - csPath = "/Users/cckozie/git/MissionNext-Katalon-Koz/images/email/": null

04-10-2024T18:28:11 - [TEST_STEP][PASSED] - myImage = csPath + "emailAddress.png": null

04-10-2024T18:28:11 - [TEST_STEP][PASSED] - f = new java.io.File(myImage): null

04-10-2024T18:28:11 - [TEST_STEP][PASSED] - println(f): null

04-10-2024T18:28:11 - [TEST_STEP][PASSED] - if (f.exists()): null

04-10-2024T18:28:11 - [TEST_STEP][PASSED] - println("Looking for " + myImage): null

04-10-2024T18:28:11 - [TEST_STEP][PASSED] - icn = Pattern(myImage).similar(0.70): null

04-10-2024T18:28:11 - [TEST_STEP][PASSED] - found = s.exists(icn): null

04-10-2024T18:28:12 - [TEST_STEP][PASSED] - println(found): null

04-10-2024T18:28:12 - [TEST_STEP][PASSED] - if (found != null): null

04-10-2024T18:28:12 - [TEST_STEP][PASSED] - foundStr = found.toString(): null

04-10-2024T18:28:12 - [TEST_STEP][PASSED] - matchP = foundStr.indexOf("S:"): null

04-10-2024T18:28:12 - [TEST_STEP][PASSED] - println(matchP): null

04-10-2024T18:28:12 - [TEST_STEP][PASSED] - pct = foundStr.substring(matchP + 2, matchP + 5): null

04-10-2024T18:28:12 - [TEST_STEP][PASSED] - outText = "+++++++++++++++ Found email address image": null

04-10-2024T18:28:12 - [TEST_STEP][PASSED] - println(outText): null

04-10-2024T18:28:12 - [TEST_STEP][PASSED] - pctVal = new java.math.BigDecimal(pct): null

04-10-2024T18:28:12 - [TEST_STEP][PASSED] - pctVal = pctVal * 100.intValue(): null

04-10-2024T18:28:12 - [TEST_STEP][PASSED] - outFile.append(outText + " : " + pctVal + "%
"): null

04-10-2024T18:28:12 - [TEST_STEP][PASSED] - robot = new java.awt.Robot(): null

04-10-2024T18:28:12 - [TEST_STEP][PASSED] - robot.keyPress(VK_META): null

04-10-2024T18:28:12 - [TEST_STEP][PASSED] - robot.keyPress(VK_W): null

04-10-2024T18:28:12 - [TEST_STEP][PASSED] - robot.keyRelease(VK_W): null

04-10-2024T18:28:12 - [TEST_STEP][PASSED] - robot.keyRelease(VK_META): null

04-10-2024T18:28:12 - [TEST_STEP][PASSED] - delay(1): Delayed 1 second(s)

04-10-2024T18:28:13 - [MESSAGE][PASSED] - Delayed 1 second(s)

04-10-2024T18:28:13 - [TEST_STEP][PASSED] - robot.keyPress(VK_META): null

04-10-2024T18:28:13 - [TEST_STEP][PASSED] - robot.keyPress(VK_D): null

04-10-2024T18:28:13 - [TEST_STEP][PASSED] - robot.keyRelease(VK_D): null

04-10-2024T18:28:13 - [TEST_STEP][PASSED] - robot.keyRelease(VK_META): null

04-10-2024T18:28:13 - [TEST_STEP][PASSED] - delay(1): Delayed 1 second(s)

04-10-2024T18:28:14 - [MESSAGE][PASSED] - Delayed 1 second(s)

04-10-2024T18:28:14 - [TEST_STEP][PASSED] - robot.keyPress(VK_META): null

04-10-2024T18:28:14 - [TEST_STEP][PASSED] - robot.keyPress(VK_Q): null

04-10-2024T18:28:14 - [TEST_STEP][PASSED] - robot.keyRelease(VK_Q): null

04-10-2024T18:28:15 - [TEST_STEP][PASSED] - robot.keyRelease(VK_META): null

04-10-2024T18:28:15 - [TEST_STEP][PASSED] - if (found != null): null

04-10-2024T18:28:15 - [TEST_STEP][PASSED] - outText = "+++++ Found email to customer support": null

04-10-2024T18:28:15 - [TEST_STEP][PASSED] - println(outText): null

04-10-2024T18:28:15 - [TEST_STEP][PASSED] - outFile.append(outText + "
"): null

04-10-2024T18:28:15 - [TEST_STEP][PASSED] - pageLinks.each({ -> ... }): Delayed 1 second(s)

04-10-2024T18:28:15 - [MESSAGE][PASSED] - Object: 'Object Repository/Education Partner Profile/Register/a_Affiliated Organizations' is clicked on

04-10-2024T18:28:15 - [MESSAGE][PASSED] - Switched to window with index: '1'

04-10-2024T18:28:16 - [MESSAGE][PASSED] - Delayed 1 second(s)

04-10-2024T18:28:21 - [MESSAGE][PASSED] - Text 'Affiliated Organizations' is present on page 

04-10-2024T18:28:21 - [MESSAGE][PASSED] - Window with index 1 is closed

04-10-2024T18:28:22 - [MESSAGE][PASSED] - Delayed 1 second(s)

04-10-2024T18:28:22 - [MESSAGE][PASSED] - Switched to window with index: '0'

04-10-2024T18:28:23 - [MESSAGE][PASSED] - Delayed 1 second(s)

04-10-2024T18:28:24 - [MESSAGE][PASSED] - Object: 'Object Repository/Education Partner Profile/Register/a_countries by region' is clicked on

04-10-2024T18:28:24 - [MESSAGE][PASSED] - Switched to window with index: '1'

04-10-2024T18:28:25 - [MESSAGE][PASSED] - Delayed 1 second(s)

04-10-2024T18:28:25 - [MESSAGE][PASSED] - Text 'Countries by Region' is present on page 

04-10-2024T18:28:25 - [MESSAGE][PASSED] - Window with index 1 is closed

04-10-2024T18:28:26 - [MESSAGE][PASSED] - Delayed 1 second(s)

04-10-2024T18:28:26 - [MESSAGE][PASSED] - Switched to window with index: '0'

04-10-2024T18:28:27 - [MESSAGE][PASSED] - Delayed 1 second(s)

04-10-2024T18:28:27 - [MESSAGE][PASSED] - Object: 'Object Repository/Education Partner Profile/Register/a_Partnership Agreement' is clicked on

04-10-2024T18:28:27 - [MESSAGE][PASSED] - Switched to window with index: '1'

04-10-2024T18:28:28 - [MESSAGE][PASSED] - Delayed 1 second(s)

04-10-2024T18:28:31 - [MESSAGE][PASSED] - Text 'Partnership Agreement' is present on page 

04-10-2024T18:28:31 - [MESSAGE][PASSED] - Window with index 1 is closed

04-10-2024T18:28:32 - [MESSAGE][PASSED] - Delayed 1 second(s)

04-10-2024T18:28:32 - [MESSAGE][PASSED] - Switched to window with index: '0'

04-10-2024T18:28:33 - [MESSAGE][PASSED] - Delayed 1 second(s)

04-10-2024T18:28:33 - [MESSAGE][PASSED] - Object: 'Object Repository/Education Partner Profile/Register/a_Privacy Policy' is clicked on

04-10-2024T18:28:33 - [MESSAGE][PASSED] - Switched to window with index: '1'

04-10-2024T18:28:34 - [MESSAGE][PASSED] - Delayed 1 second(s)

04-10-2024T18:28:37 - [MESSAGE][PASSED] - Text 'Privacy Policy' is present on page 

04-10-2024T18:28:37 - [MESSAGE][PASSED] - Window with index 1 is closed

04-10-2024T18:28:38 - [MESSAGE][PASSED] - Delayed 1 second(s)

04-10-2024T18:28:38 - [MESSAGE][PASSED] - Switched to window with index: '0'

04-10-2024T18:28:39 - [MESSAGE][PASSED] - Delayed 1 second(s)

04-10-2024T18:28:39 - [MESSAGE][PASSED] - Object: 'Object Repository/Education Partner Profile/Register/a_School Qualifications' is clicked on

04-10-2024T18:28:39 - [MESSAGE][PASSED] - Switched to window with index: '1'

04-10-2024T18:28:40 - [MESSAGE][PASSED] - Delayed 1 second(s)

04-10-2024T18:28:45 - [MESSAGE][PASSED] - Text 'SCHOOL QUALIFICATIONS' is present on page 

04-10-2024T18:28:45 - [MESSAGE][PASSED] - Window with index 1 is closed

04-10-2024T18:28:46 - [MESSAGE][PASSED] - Delayed 1 second(s)

04-10-2024T18:28:46 - [MESSAGE][PASSED] - Switched to window with index: '0'

04-10-2024T18:28:47 - [MESSAGE][PASSED] - Delayed 1 second(s)

04-10-2024T18:28:47 - [MESSAGE][PASSED] - Object: 'Object Repository/Education Partner Profile/Register/a_Terms and Conditions' is clicked on

04-10-2024T18:28:48 - [MESSAGE][PASSED] - Switched to window with index: '1'

04-10-2024T18:28:49 - [MESSAGE][PASSED] - Delayed 1 second(s)

04-10-2024T18:28:51 - [MESSAGE][PASSED] - Text 'Terms and Conditions' is present on page 

04-10-2024T18:28:51 - [MESSAGE][PASSED] - Window with index 1 is closed

04-10-2024T18:28:52 - [MESSAGE][PASSED] - Delayed 1 second(s)

04-10-2024T18:28:52 - [MESSAGE][PASSED] - Switched to window with index: '0'

04-10-2024T18:28:53 - [MESSAGE][PASSED] - Delayed 1 second(s)

04-10-2024T18:28:53 - [TEST_STEP][PASSED] - click(findTestObject("Education Partner Profile/Register/button_Sign up")): Object: 'Object Repository/Education Partner Profile/Register/button_Sign up' is clicked on

04-10-2024T18:28:58 - [MESSAGE][PASSED] - Object: 'Object Repository/Education Partner Profile/Register/button_Sign up' is clicked on

04-10-2024T18:28:58 - [TEST_STEP][PASSED] - fieldMessages.each({ -> ... }): Text of object 'Object Repository/Education Partner Profile/Register/div_Terms and conditions message' is: 'The terms and conditions field is required.'

04-10-2024T18:28:58 - [MESSAGE][PASSED] - Object 'Object Repository/Education Partner Profile/Register/div_Username message' is visible

04-10-2024T18:28:58 - [MESSAGE][PASSED] - Text of object 'Object Repository/Education Partner Profile/Register/div_Username message' is: 'Username must be at least 6 characters long, no spaces, lowercase letters and numbers only, no special or unique characters.'

04-10-2024T18:28:58 - [MESSAGE][PASSED] - Object 'Object Repository/Education Partner Profile/Register/div_Password message' is visible

04-10-2024T18:28:58 - [MESSAGE][PASSED] - Text of object 'Object Repository/Education Partner Profile/Register/div_Password message' is: 'Password must be at least 6 characters long, no spaces, lowercase letters and numbers only, no special or unique characters.'

04-10-2024T18:28:58 - [MESSAGE][PASSED] - Object 'Object Repository/Education Partner Profile/Register/div_Email message' is visible

04-10-2024T18:28:58 - [MESSAGE][PASSED] - Text of object 'Object Repository/Education Partner Profile/Register/div_Email message' is: 'Please enter a valid email address.'

04-10-2024T18:28:59 - [MESSAGE][PASSED] - Text 'cktest06ep' is set on object 'Object Repository/Education Partner Profile/Register/input_Username'

04-10-2024T18:28:59 - [MESSAGE][PASSED] - Text ****** has been set on object 'Object Repository/Education Partner Profile/Register/input_Password'

04-10-2024T18:28:59 - [MESSAGE][PASSED] - Text 'cktest06@missionnext.org' is set on object 'Object Repository/Education Partner Profile/Register/input_Key Contact Email'

04-10-2024T18:29:01 - [MESSAGE][PASSED] - Object: 'Object Repository/Education Partner Profile/Register/button_Sign up' is clicked on

04-10-2024T18:29:01 - [MESSAGE][PASSED] - Wait for page load successfully

04-10-2024T18:29:01 - [MESSAGE][PASSED] - Object 'Object Repository/Education Partner Profile/Register/div_First name message' is visible

04-10-2024T18:29:01 - [MESSAGE][PASSED] - Text of object 'Object Repository/Education Partner Profile/Register/div_First name message' is: 'The Fiirst Name field is required.'

04-10-2024T18:29:01 - [MESSAGE][PASSED] - Object 'Object Repository/Education Partner Profile/Register/div_Last name message' is visible

04-10-2024T18:29:01 - [MESSAGE][PASSED] - Text of object 'Object Repository/Education Partner Profile/Register/div_Last name message' is: 'The last name field is required.'

04-10-2024T18:29:01 - [MESSAGE][PASSED] - Object 'Object Repository/Education Partner Profile/Register/div_Organization name message' is visible

04-10-2024T18:29:01 - [MESSAGE][PASSED] - Text of object 'Object Repository/Education Partner Profile/Register/div_Organization name message' is: 'The organization name field is required.'

04-10-2024T18:29:02 - [MESSAGE][PASSED] - Object 'Object Repository/Education Partner Profile/Register/div_Description message' is visible

04-10-2024T18:29:02 - [MESSAGE][PASSED] - Text of object 'Object Repository/Education Partner Profile/Register/div_Description message' is: 'The description field is required.'

04-10-2024T18:29:02 - [MESSAGE][PASSED] - Object 'Object Repository/Education Partner Profile/Register/div_Website address message' is visible

04-10-2024T18:29:02 - [MESSAGE][PASSED] - Text of object 'Object Repository/Education Partner Profile/Register/div_Website address message' is: 'The website address field is required.'

04-10-2024T18:29:02 - [MESSAGE][PASSED] - Object 'Object Repository/Education Partner Profile/Register/div_School qualifications message' is visible

04-10-2024T18:29:02 - [MESSAGE][PASSED] - Text of object 'Object Repository/Education Partner Profile/Register/div_School qualifications message' is: 'The meet qualifications for christian school field is required.'

04-10-2024T18:29:02 - [MESSAGE][PASSED] - Object 'Object Repository/Education Partner Profile/Register/div_Partner agreement message' is visible

04-10-2024T18:29:02 - [MESSAGE][PASSED] - Text of object 'Object Repository/Education Partner Profile/Register/div_Partner agreement message' is: 'The partner agreement field is required.'

04-10-2024T18:29:02 - [MESSAGE][PASSED] - Object 'Object Repository/Education Partner Profile/Register/div_Terms and conditions message' is visible

04-10-2024T18:29:02 - [MESSAGE][PASSED] - Text of object 'Object Repository/Education Partner Profile/Register/div_Terms and conditions message' is: 'The terms and conditions field is required.'

04-10-2024T18:29:02 - [TEST_STEP][PASSED] - setEncryptedText(findTestObject("Education Partner Profile/Register/input_Password"), password): Text ****** has been set on object 'Object Repository/Education Partner Profile/Register/input_Password'

04-10-2024T18:29:02 - [MESSAGE][PASSED] - Text ****** has been set on object 'Object Repository/Education Partner Profile/Register/input_Password'

04-10-2024T18:29:02 - [TEST_STEP][PASSED] - setText(findTestObject("Education Partner Profile/Register/input_Key Contact First Name"), first_name): Text 'cktest06ep TEST' is set on object 'Object Repository/Education Partner Profile/Register/input_Key Contact First Name'

04-10-2024T18:29:03 - [MESSAGE][PASSED] - Text 'cktest06ep TEST' is set on object 'Object Repository/Education Partner Profile/Register/input_Key Contact First Name'

04-10-2024T18:29:03 - [TEST_STEP][PASSED] - setText(findTestObject("Education Partner Profile/Register/input_Key Contact Last Name"), last_name): Text 'Kosieracki' is set on object 'Object Repository/Education Partner Profile/Register/input_Key Contact Last Name'

04-10-2024T18:29:03 - [MESSAGE][PASSED] - Text 'Kosieracki' is set on object 'Object Repository/Education Partner Profile/Register/input_Key Contact Last Name'

04-10-2024T18:29:03 - [TEST_STEP][PASSED] - setText(findTestObject("Education Partner Profile/Register/input_Organization"), organization): Text 'The CCK TEST Education Partner' is set on object 'Object Repository/Education Partner Profile/Register/input_Organization'

04-10-2024T18:29:03 - [MESSAGE][PASSED] - Text 'The CCK TEST Education Partner' is set on object 'Object Repository/Education Partner Profile/Register/input_Organization'

04-10-2024T18:29:03 - [TEST_STEP][PASSED] - setText(findTestObject("Education Partner Profile/Register/input_Abbreviation"), abbreviation): Text 'CCK EP' is set on object 'Object Repository/Education Partner Profile/Register/input_Abbreviation'

04-10-2024T18:29:04 - [MESSAGE][PASSED] - Text 'CCK EP' is set on object 'Object Repository/Education Partner Profile/Register/input_Abbreviation'

04-10-2024T18:29:04 - [TEST_STEP][PASSED] - selectOptionByValue(findTestObject("Education Partner Profile/Register/select_World Region"), world_region, false): All options with value 'North America' are selected in object 'Object Repository/Education Partner Profile/Register/select_World Region' 

04-10-2024T18:29:04 - [MESSAGE][PASSED] - All options with value 'North America' are selected in object 'Object Repository/Education Partner Profile/Register/select_World Region' 

04-10-2024T18:29:04 - [TEST_STEP][PASSED] - selectOptionByValue(findTestObject("Education Partner Profile/Register/select_Country"), country, false): All options with value 'United States' are selected in object 'Object Repository/Education Partner Profile/Register/select_Country' 

04-10-2024T18:29:04 - [MESSAGE][PASSED] - All options with value 'United States' are selected in object 'Object Repository/Education Partner Profile/Register/select_Country' 

04-10-2024T18:29:04 - [TEST_STEP][PASSED] - setText(findTestObject("Education Partner Profile/Register/textarea_Description"), description): Text 'An education partner ministry' is set on object 'Object Repository/Education Partner Profile/Register/textarea_Description'

04-10-2024T18:29:05 - [MESSAGE][PASSED] - Text 'An education partner ministry' is set on object 'Object Repository/Education Partner Profile/Register/textarea_Description'

04-10-2024T18:29:05 - [TEST_STEP][PASSED] - website = "https://" + domain: null

04-10-2024T18:29:05 - [TEST_STEP][PASSED] - setText(findTestObject("Education Partner Profile/Register/input_Website Address"), website): Text 'https://explorenext.org' is set on object 'Object Repository/Education Partner Profile/Register/input_Website Address'

04-10-2024T18:29:05 - [MESSAGE][PASSED] - Text 'https://explorenext.org' is set on object 'Object Repository/Education Partner Profile/Register/input_Website Address'

04-10-2024T18:29:05 - [TEST_STEP][PASSED] - orgs = affiliated_orgs: null

04-10-2024T18:29:05 - [TEST_STEP][PASSED] - for (def org : orgs): Object: 'Object Repository/Education Partner Profile/Register/checkbox_Accord Network' is clicked on

04-10-2024T18:29:05 - [TEST_STEP][PASSED] - myObject = "checkbox_" + org: null

04-10-2024T18:29:05 - [TEST_STEP][PASSED] - click(findTestObject("Education Partner Profile/Register/" + myObject)): Object: 'Object Repository/Education Partner Profile/Register/checkbox_ECFA' is clicked on

04-10-2024T18:29:06 - [MESSAGE][PASSED] - Object: 'Object Repository/Education Partner Profile/Register/checkbox_ECFA' is clicked on

04-10-2024T18:29:06 - [TEST_STEP][PASSED] - myObject = "checkbox_" + org: null

04-10-2024T18:29:06 - [TEST_STEP][PASSED] - click(findTestObject("Education Partner Profile/Register/" + myObject)): Object: 'Object Repository/Education Partner Profile/Register/checkbox_AIMS' is clicked on

04-10-2024T18:29:06 - [MESSAGE][PASSED] - Object: 'Object Repository/Education Partner Profile/Register/checkbox_AIMS' is clicked on

04-10-2024T18:29:06 - [TEST_STEP][PASSED] - myObject = "checkbox_" + org: null

04-10-2024T18:29:06 - [TEST_STEP][PASSED] - click(findTestObject("Education Partner Profile/Register/" + myObject)): Object: 'Object Repository/Education Partner Profile/Register/checkbox_Accord Network' is clicked on

04-10-2024T18:29:06 - [MESSAGE][PASSED] - Object: 'Object Repository/Education Partner Profile/Register/checkbox_Accord Network' is clicked on

04-10-2024T18:29:06 - [TEST_STEP][PASSED] - selectOptionByValue(findTestObject("Education Partner Profile/Register/select_School Qualifications"), meet_qualifications, false): All options with value 'Yes, my school is a Christian School' are selected in object 'Object Repository/Education Partner Profile/Register/select_School Qualifications' 

04-10-2024T18:29:06 - [MESSAGE][PASSED] - All options with value 'Yes, my school is a Christian School' are selected in object 'Object Repository/Education Partner Profile/Register/select_School Qualifications' 

04-10-2024T18:29:06 - [TEST_STEP][PASSED] - selectOptionByValue(findTestObject("Education Partner Profile/Register/select_How did you hear about MissionNext"), learn_about, false): All options with value 'Not Sure' are selected in object 'Object Repository/Education Partner Profile/Register/select_How did you hear about MissionNext' 

04-10-2024T18:29:06 - [MESSAGE][PASSED] - All options with value 'Not Sure' are selected in object 'Object Repository/Education Partner Profile/Register/select_How did you hear about MissionNext' 

04-10-2024T18:29:06 - [TEST_STEP][PASSED] - setText(findTestObject("Object Repository/Education Partner Profile/Register/textarea_Referral or Other Comment"), other_comment): Text 'I am excited to be able to find a missions opportunity' is set on object 'Object Repository/Education Partner Profile/Register/textarea_Referral or Other Comment'

04-10-2024T18:29:07 - [MESSAGE][PASSED] - Text 'I am excited to be able to find a missions opportunity' is set on object 'Object Repository/Education Partner Profile/Register/textarea_Referral or Other Comment'

04-10-2024T18:29:07 - [TEST_STEP][PASSED] - click(findTestObject("Education Partner Profile/Register/checkbox_Partnership Agreement")): Object: 'Object Repository/Education Partner Profile/Register/checkbox_Partnership Agreement' is clicked on

04-10-2024T18:29:07 - [MESSAGE][PASSED] - Object: 'Object Repository/Education Partner Profile/Register/checkbox_Partnership Agreement' is clicked on

04-10-2024T18:29:07 - [TEST_STEP][PASSED] - click(findTestObject("Education Partner Profile/Register/checkbox_Terms and Conditions")): Object: 'Object Repository/Education Partner Profile/Register/checkbox_Terms and Conditions' is clicked on

04-10-2024T18:29:07 - [MESSAGE][PASSED] - Object: 'Object Repository/Education Partner Profile/Register/checkbox_Terms and Conditions' is clicked on

04-10-2024T18:29:07 - [TEST_STEP][PASSED] - delay(2): Delayed 2 second(s)

04-10-2024T18:29:09 - [MESSAGE][PASSED] - Delayed 2 second(s)

04-10-2024T18:29:09 - [TEST_STEP][PASSED] - click(findTestObject("Object Repository/Education Partner Profile/Register/button_Sign up")): Object: 'Object Repository/Education Partner Profile/Register/button_Sign up' is clicked on

04-10-2024T18:29:40 - [MESSAGE][PASSED] - Object: 'Object Repository/Education Partner Profile/Register/button_Sign up' is clicked on

04-10-2024T18:29:40 - [TEST_STEP][PASSED] - delay(1): Delayed 1 second(s)

04-10-2024T18:29:41 - [MESSAGE][PASSED] - Delayed 1 second(s)

04-10-2024T18:29:41 - [TEST_STEP][PASSED] - waitForPageLoad(10): Wait for page load successfully

04-10-2024T18:29:41 - [MESSAGE][PASSED] - Wait for page load successfully

04-10-2024T18:29:41 - [TEST_STEP][PASSED] - pending = verifyTextPresent("Approval Pending", false, OPTIONAL): Text 'Approval Pending' is present on page 

04-10-2024T18:29:41 - [MESSAGE][PASSED] - Text 'Approval Pending' is present on page 

04-10-2024T18:29:41 - [TEST_STEP][PASSED] - if (pending): null

04-10-2024T18:29:41 - [TEST_STEP][PASSED] - outText = "Approval Pending page was found.": null

04-10-2024T18:29:41 - [TEST_STEP][PASSED] - println(outText): null

04-10-2024T18:29:41 - [TEST_STEP][PASSED] - outFile.append(outText + "
"): null

04-10-2024T18:29:41 - [TEST_STEP][PASSED] - callTestCase(findTestCase("_Functions/Generic Wait for Email"), ["varFromKey":"Chris.Kosieracki@missionnext.org", "varSubjectKey":"Approval request", "varSearchKey":username], STOP_ON_FAILURE): Call Test Case 'Test Cases/_Functions/Generic Wait for Email' successfully

04-10-2024T18:29:41 - [TEST_CASE][PASSED] - Test Cases/_Functions/Generic Wait for Email: Test Cases/_Functions/Generic Wait for Email

04-10-2024T18:29:42 - [TEST_STEP][PASSED] - waitTime = 4: null

04-10-2024T18:29:42 - [TEST_STEP][PASSED] - scriptStart = new java.util.Date(): null

04-10-2024T18:29:42 - [TEST_STEP][PASSED] - scriptInstant = scriptStart.toInstant(): null

04-10-2024T18:29:42 - [TEST_STEP][PASSED] - println(scriptStart): null

04-10-2024T18:29:42 - [TEST_STEP][PASSED] - println(scriptInstant): null

04-10-2024T18:29:42 - [TEST_STEP][PASSED] - returnCode = "": null

04-10-2024T18:29:42 - [TEST_STEP][PASSED] - if (binding.hasVariable("varSearchKey")): null

04-10-2024T18:29:42 - [TEST_STEP][PASSED] - searchKey = varSearchKey: null

04-10-2024T18:29:42 - [TEST_STEP][PASSED] - if (binding.hasVariable("varSubjectKey")): null

04-10-2024T18:29:42 - [TEST_STEP][PASSED] - subjectKey = varSubjectKey: null

04-10-2024T18:29:42 - [TEST_STEP][PASSED] - if (binding.hasVariable("varFromKey")): null

04-10-2024T18:29:42 - [TEST_STEP][PASSED] - fromKey = varFromKey: null

04-10-2024T18:29:42 - [TEST_STEP][PASSED] - writeFile = false: null

04-10-2024T18:29:42 - [TEST_STEP][PASSED] - if (outFile != ""): null

04-10-2024T18:29:42 - [TEST_STEP][PASSED] - myFile = outFile: null

04-10-2024T18:29:42 - [TEST_STEP][PASSED] - println(myFile): null

04-10-2024T18:29:42 - [TEST_STEP][PASSED] - outFile = new java.io.File(myFile): null

04-10-2024T18:29:42 - [TEST_STEP][PASSED] - writeFile = true: null

04-10-2024T18:29:42 - [TEST_STEP][PASSED] - if (searchKey == "NA"): null

04-10-2024T18:29:42 - [TEST_STEP][PASSED] - else: null

04-10-2024T18:29:42 - [TEST_STEP][PASSED] - outText = "Watching for email from " + fromKey + " with the subject of " + subjectKey + ", and containing the text " + searchKey + ".": null

04-10-2024T18:29:42 - [TEST_STEP][PASSED] - println(outText): null

04-10-2024T18:29:42 - [TEST_STEP][PASSED] - if (writeFile): null

04-10-2024T18:29:42 - [TEST_STEP][PASSED] - outFile.append(outText + "
"): null

04-10-2024T18:29:42 - [TEST_STEP][PASSED] - host = "pop.gmail.com": null

04-10-2024T18:29:42 - [TEST_STEP][PASSED] - mailStoreType = "pop3": null

04-10-2024T18:29:42 - [TEST_STEP][PASSED] - username = "cktest01mn@gmail.com": null

04-10-2024T18:29:42 - [TEST_STEP][PASSED] - password = "sfesezftmpqxbbbd": null

04-10-2024T18:29:42 - [TEST_STEP][PASSED] - properties = new java.util.Properties(): null

04-10-2024T18:29:42 - [TEST_STEP][PASSED] - properties.put("mail.pop3.host", host): null

04-10-2024T18:29:42 - [TEST_STEP][PASSED] - properties.put("mail.pop3.port", "995"): null

04-10-2024T18:29:42 - [TEST_STEP][PASSED] - properties.put("mail.pop3.starttls.enable", "true"): null

04-10-2024T18:29:42 - [TEST_STEP][PASSED] - emailSession = Session.getDefaultInstance(properties): null

04-10-2024T18:29:42 - [TEST_STEP][PASSED] - store = emailSession.getStore("pop3s"): null

04-10-2024T18:29:42 - [TEST_STEP][PASSED] - store.connect(host, username, password): null

04-10-2024T18:29:43 - [TEST_STEP][PASSED] - emailFolder = <not implemented yet for class: org.codehaus.groovy.ast.expr.EmptyExpression>: null

04-10-2024T18:29:43 - [TEST_STEP][PASSED] - messages = []: null

04-10-2024T18:29:43 - [TEST_STEP][PASSED] - loopsMax = waitTime * 60 / 5: null

04-10-2024T18:29:43 - [TEST_STEP][PASSED] - loops = 0: null

04-10-2024T18:29:43 - [TEST_STEP][PASSED] - emailFolder = store.getFolder("INBOX"): null

04-10-2024T18:29:43 - [TEST_STEP][PASSED] - emailFolder.open(READ_ONLY): null

04-10-2024T18:29:43 - [TEST_STEP][PASSED] - messages = emailFolder.getMessages(): null

04-10-2024T18:29:43 - [TEST_STEP][PASSED] - if (length == 0): null

04-10-2024T18:29:43 - [TEST_STEP][PASSED] - while (length == 0 && loops <= loopsMax): null

04-10-2024T18:29:43 - [TEST_STEP][PASSED] - if (length > 0): null

04-10-2024T18:29:43 - [TEST_STEP][PASSED] - println("messages.length---" + length): null

04-10-2024T18:29:43 - [TEST_STEP][PASSED] - msgFound = false: null

04-10-2024T18:29:43 - [TEST_STEP][PASSED] - for (javax.mail.Message message : messages): null

04-10-2024T18:29:43 - [TEST_STEP][PASSED] - from = message.getFrom()[0]: null

04-10-2024T18:29:43 - [TEST_STEP][PASSED] - subject = message.getSubject(): null

04-10-2024T18:29:43 - [TEST_STEP][PASSED] - if (searchKey == "NA"): null

04-10-2024T18:29:43 - [TEST_STEP][PASSED] - else: null

04-10-2024T18:29:43 - [TEST_STEP][PASSED] - outText = "Found an email from " + from + " with the subject of " + subject + " and containing the text " + searchKey + ".": null

04-10-2024T18:29:43 - [TEST_STEP][PASSED] - println(outText): null

04-10-2024T18:29:43 - [TEST_STEP][PASSED] - if (writeFile): null

04-10-2024T18:29:43 - [TEST_STEP][PASSED] - outFile.append(outText + "
"): null

04-10-2024T18:29:43 - [TEST_STEP][PASSED] - content = message.getContent(): null

04-10-2024T18:29:43 - [TEST_STEP][PASSED] - if (content instanceof java.lang.String): null

04-10-2024T18:29:43 - [TEST_STEP][PASSED] - else if (content instanceof javax.mail.Multipart): null

04-10-2024T18:29:43 - [TEST_STEP][PASSED] - println("It is multipart"): null

04-10-2024T18:29:43 - [TEST_STEP][PASSED] - mp = message.getContent(): null

04-10-2024T18:29:43 - [TEST_STEP][PASSED] - p = getBodyPart(0).getContent(): null

04-10-2024T18:29:43 - [TEST_STEP][PASSED] - body = p.toString(): null

04-10-2024T18:29:43 - [TEST_STEP][PASSED] - subjectMatch = subject.indexOf(subjectKey): null

04-10-2024T18:29:43 - [TEST_STEP][PASSED] - println(subjectMatch): null

04-10-2024T18:29:43 - [TEST_STEP][PASSED] - fromMatch = from.indexOf(fromKey): null

04-10-2024T18:29:43 - [TEST_STEP][PASSED] - println(fromMatch): null

04-10-2024T18:29:43 - [TEST_STEP][PASSED] - if (subjectMatch >= 0 && fromMatch >= 0): null

04-10-2024T18:29:43 - [TEST_STEP][PASSED] - println("     ----- Body:" + body): null

04-10-2024T18:29:43 - [TEST_STEP][PASSED] - sentPos = body.indexOf("Sent:"): null

04-10-2024T18:29:43 - [TEST_STEP][PASSED] - toPos = body.indexOf("To:"): null

04-10-2024T18:29:44 - [TEST_STEP][PASSED] - msgBody = body: null

04-10-2024T18:29:44 - [TEST_STEP][PASSED] - if (searchKey != "NA"): null

04-10-2024T18:29:44 - [TEST_STEP][PASSED] - if (msgBody.indexOf(searchKey) >= 0): null

04-10-2024T18:29:44 - [TEST_STEP][PASSED] - msgFound = true: null

04-10-2024T18:29:44 - [TEST_STEP][PASSED] - outText = ">>>>> SearchKey " + searchKey + " was found in the email.": null

04-10-2024T18:29:44 - [TEST_STEP][PASSED] - println(outText): null

04-10-2024T18:29:44 - [TEST_STEP][PASSED] - if (writeFile): null

04-10-2024T18:29:44 - [TEST_STEP][PASSED] - outFile.append(outText + "
"): null

04-10-2024T18:29:44 - [TEST_STEP][PASSED] - if (msgFound): null

04-10-2024T18:29:44 - [TEST_STEP][PASSED] - returnCode = "found": null

04-10-2024T18:29:44 - [TEST_STEP][PASSED] - emailFolder.close(false): null

04-10-2024T18:29:44 - [TEST_STEP][PASSED] - store.close(): null

04-10-2024T18:29:44 - [MESSAGE][PASSED] - Call Test Case 'Test Cases/_Functions/Generic Wait for Email' successfully

04-10-2024T18:29:44 - [TEST_STEP][ERROR] - if (returnCode == "found"): Test Cases/Education Partners/Register Education Partner FAILED.
Reason:
com.kms.katalon.core.exception.StepErrorException: ----- First name message is:
"The Fiirst Name field is required."
     but it should be 
"The First Name field is required."
	at com.kms.katalon.core.util.KeywordUtil.markError(KeywordUtil.java:67)
	at Script1727386220224$_run_closure3.doCall(Script1727386220224.groovy:360)
	at java.base/jdk.internal.reflect.NativeMethodAccessorImpl.invoke0(Native Method)
	at java.base/jdk.internal.reflect.NativeMethodAccessorImpl.invoke(NativeMethodAccessorImpl.java:77)
	at java.base/jdk.internal.reflect.DelegatingMethodAccessorImpl.invoke(DelegatingMethodAccessorImpl.java:43)
	at Register Education Partner.run(Register Education Partner:340)
	at com.kms.katalon.core.main.ScriptEngine.run(ScriptEngine.java:194)
	at com.kms.katalon.core.main.ScriptEngine.runScriptAsRawText(ScriptEngine.java:119)
	at com.kms.katalon.core.main.TestCaseExecutor.runScript(TestCaseExecutor.java:448)
	at com.kms.katalon.core.main.TestCaseExecutor.doExecute(TestCaseExecutor.java:439)
	at com.kms.katalon.core.main.TestCaseExecutor.processExecutionPhase(TestCaseExecutor.java:418)
	at com.kms.katalon.core.main.TestCaseExecutor.accessMainPhase(TestCaseExecutor.java:410)
	at com.kms.katalon.core.main.TestCaseExecutor.execute(TestCaseExecutor.java:285)
	at com.kms.katalon.core.common.CommonExecutor.accessTestCaseMainPhase(CommonExecutor.java:65)
	at com.kms.katalon.core.main.TestSuiteExecutor.accessTestSuiteMainPhase(TestSuiteExecutor.java:150)
	at com.kms.katalon.core.main.TestSuiteExecutor.execute(TestSuiteExecutor.java:106)
	at com.kms.katalon.core.main.TestCaseMain.startTestSuite(TestCaseMain.java:180)
	at TempTestSuite1728084404901.run(TempTestSuite1728084404901.groovy:35)
	at java.base/jdk.internal.reflect.NativeMethodAccessorImpl.invoke0(Native Method)
	at java.base/jdk.internal.reflect.NativeMethodAccessorImpl.invoke(NativeMethodAccessorImpl.java:77)
	at java.base/jdk.internal.reflect.DelegatingMethodAccessorImpl.invoke(DelegatingMethodAccessorImpl.java:43)


04-10-2024T18:29:44 - [TEST_STEP][PASSED] - println("Approval request email for " + username + " was found"): null

04-10-2024T18:29:44 - [TEST_STEP][PASSED] - closeBrowser(): Browser is closed

04-10-2024T18:29:45 - [MESSAGE][PASSED] - Browser is closed

04-10-2024T18:29:45 - [TEST_STEP][PASSED] - callTestCase(findTestCase("Admin/Grant Access"), ["varUsername":username], STOP_ON_FAILURE): Call Test Case 'Test Cases/Admin/Grant Access' successfully

04-10-2024T18:29:45 - [TEST_CASE][PASSED] - Test Cases/Admin/Grant Access: Test Cases/Admin/Grant Access

04-10-2024T18:29:46 - [TEST_STEP][PASSED] - if (binding.hasVariable("varUsername")): null

04-10-2024T18:29:46 - [TEST_STEP][PASSED] - username = varUsername: null

04-10-2024T18:29:46 - [TEST_STEP][PASSED] - writeFile = false: null

04-10-2024T18:29:46 - [TEST_STEP][PASSED] - if (outFile != ""): null

04-10-2024T18:29:46 - [TEST_STEP][PASSED] - myFile = outFile: null

04-10-2024T18:29:46 - [TEST_STEP][PASSED] - println(myFile): null

04-10-2024T18:29:46 - [TEST_STEP][PASSED] - outFile = new java.io.File(myFile): null

04-10-2024T18:29:46 - [TEST_STEP][PASSED] - writeFile = true: null

04-10-2024T18:29:46 - [TEST_STEP][PASSED] - domain = domain: null

04-10-2024T18:29:46 - [TEST_STEP][PASSED] - url = "https://api." + domain: null

04-10-2024T18:29:46 - [TEST_STEP][PASSED] - openBrowser(""): Browser is opened with url: ''

04-10-2024T18:29:46 - [MESSAGE][INFO] - Starting 'Chrome' driver

04-10-2024T18:29:46 - [MESSAGE][INFO] - Action delay is set to 0 milliseconds

04-10-2024T18:29:50 - [MESSAGE][PASSED] - Browser is opened with url: ''

04-10-2024T18:29:50 - [TEST_STEP][PASSED] - navigateToUrl(url): Navigate to 'https://api.explorenext.org' successfully

04-10-2024T18:29:52 - [MESSAGE][PASSED] - Navigate to 'https://api.explorenext.org' successfully

04-10-2024T18:29:52 - [TEST_STEP][PASSED] - setText(findTestObject("Admin/API Login/input_username"), "chriskosieracki"): Text 'chriskosieracki' is set on object 'Object Repository/Admin/API Login/input_username'

04-10-2024T18:29:52 - [MESSAGE][PASSED] - Text 'chriskosieracki' is set on object 'Object Repository/Admin/API Login/input_username'

04-10-2024T18:29:52 - [TEST_STEP][PASSED] - setEncryptedText(findTestObject("Admin/API Login/input_password"), "4Q/2PF7UjxevAl0v0kCS+w=="): Text ****** has been set on object 'Object Repository/Admin/API Login/input_password'

04-10-2024T18:29:53 - [MESSAGE][PASSED] - Text ****** has been set on object 'Object Repository/Admin/API Login/input_password'

04-10-2024T18:29:53 - [TEST_STEP][PASSED] - click(findTestObject("Admin/API Login/btn_Sign in")): Object: 'Object Repository/Admin/API Login/btn_Sign in' is clicked on

04-10-2024T18:29:53 - [MESSAGE][PASSED] - Object: 'Object Repository/Admin/API Login/btn_Sign in' is clicked on

04-10-2024T18:29:53 - [TEST_STEP][PASSED] - click(findTestObject("Admin/API Dashboard/a_Users")): Object: 'Object Repository/Admin/API Dashboard/a_Users' is clicked on

04-10-2024T18:29:54 - [MESSAGE][PASSED] - Object: 'Object Repository/Admin/API Dashboard/a_Users' is clicked on

04-10-2024T18:29:54 - [TEST_STEP][PASSED] - setText(findTestObject("Object Repository/Admin/API Dashboard/input_User_search"), username): Text 'cktest06ep' is set on object 'Object Repository/Admin/API Dashboard/input_User_search'

04-10-2024T18:29:55 - [MESSAGE][PASSED] - Text 'cktest06ep' is set on object 'Object Repository/Admin/API Dashboard/input_User_search'

04-10-2024T18:29:55 - [TEST_STEP][PASSED] - delay(5): Delayed 5 second(s)

04-10-2024T18:30:00 - [MESSAGE][PASSED] - Delayed 5 second(s)

04-10-2024T18:30:00 - [TEST_STEP][PASSED] - driver = getWebDriver(): null

04-10-2024T18:30:00 - [TEST_STEP][PASSED] - Table = driver.findElement(By.xpath("//*[@id="default-rezult"]/table")): null

04-10-2024T18:30:00 - [TEST_STEP][PASSED] - Rows = Table.findElements(By.tagName("tr")): null

04-10-2024T18:30:00 - [TEST_STEP][PASSED] - row_count = Rows.size(): null

04-10-2024T18:30:00 - [TEST_STEP][PASSED] - for ([row = 1, row < row_count, (row++)]): null

04-10-2024T18:30:00 - [TEST_STEP][PASSED] - Columns = get(row).findElements(By.tagName("td")): null

04-10-2024T18:30:00 - [TEST_STEP][PASSED] - user = get(1).getText(): null

04-10-2024T18:30:00 - [TEST_STEP][PASSED] - if (user.indexOf(username) >= 0): null

04-10-2024T18:30:00 - [TEST_STEP][PASSED] - get(1).click(): null

04-10-2024T18:30:00 - [TEST_STEP][PASSED] - delay(5): Delayed 5 second(s)

04-10-2024T18:30:05 - [MESSAGE][PASSED] - Delayed 5 second(s)

04-10-2024T18:30:05 - [TEST_STEP][PASSED] - outText = "Granting access to " + username: null

04-10-2024T18:30:05 - [TEST_STEP][PASSED] - println("=====> " + outText): null

04-10-2024T18:30:05 - [TEST_STEP][PASSED] - if (writeFile): null

04-10-2024T18:30:05 - [TEST_STEP][PASSED] - outFile.append(outText + "
"): null

04-10-2024T18:30:05 - [TEST_STEP][PASSED] - click(findTestObject("Object Repository/Admin/API Dashboard/button_Grant Access")): Object: 'Object Repository/Admin/API Dashboard/button_Grant Access' is clicked on

04-10-2024T18:30:05 - [MESSAGE][PASSED] - Object: 'Object Repository/Admin/API Dashboard/button_Grant Access' is clicked on

04-10-2024T18:30:05 - [TEST_STEP][PASSED] - delay(1): Delayed 1 second(s)

04-10-2024T18:30:06 - [MESSAGE][PASSED] - Delayed 1 second(s)

04-10-2024T18:30:06 - [TEST_STEP][PASSED] - granted = false: null

04-10-2024T18:30:06 - [TEST_STEP][PASSED] - loops = 10: null

04-10-2024T18:30:06 - [TEST_STEP][PASSED] - loop = 0: null

04-10-2024T18:30:06 - [TEST_STEP][PASSED] - while (!(granted) && loop < loops): null

04-10-2024T18:30:06 - [TEST_STEP][PASSED] - granted = verifyTextPresent("ACCESS GRANTED", false, OPTIONAL): Text 'ACCESS GRANTED' is not present on page  (Root cause: com.kms.katalon.core.exception.StepFailedException: Text 'ACCESS GRANTED' is not present on page 
	at com.kms.katalon.core.webui.keyword.internal.WebUIKeywordMain.stepFailed(WebUIKeywordMain.groovy:64)
	at com.kms.katalon.core.webui.keyword.builtin.VerifyTextPresentKeyword$_verifyTextPresent_closure1.doCall(VerifyTextPresentKeyword.groovy:79)
	at com.kms.katalon.core.webui.keyword.builtin.VerifyTextPresentKeyword$_verifyTextPresent_closure1.call(VerifyTextPresentKeyword.groovy)
	at com.kms.katalon.core.webui.keyword.internal.WebUIKeywordMain.runKeyword(WebUIKeywordMain.groovy:20)
	at com.kms.katalon.core.webui.keyword.builtin.VerifyTextPresentKeyword.verifyTextPresent(VerifyTextPresentKeyword.groovy:83)
	at com.kms.katalon.core.webui.keyword.builtin.VerifyTextPresentKeyword.execute(VerifyTextPresentKeyword.groovy:68)
	at com.kms.katalon.core.keyword.internal.KeywordExecutor.executeKeywordForPlatform(KeywordExecutor.groovy:74)
	at com.kms.katalon.core.webui.keyword.WebUiBuiltInKeywords.verifyTextPresent(WebUiBuiltInKeywords.groovy:1746)
	at Grant Access.run(Grant Access:98)
	at com.kms.katalon.core.main.ScriptEngine.run(ScriptEngine.java:194)
	at com.kms.katalon.core.main.ScriptEngine.runScriptAsRawText(ScriptEngine.java:119)
	at com.kms.katalon.core.main.TestCaseExecutor.runScript(TestCaseExecutor.java:448)
	at com.kms.katalon.core.main.TestCaseExecutor.doExecute(TestCaseExecutor.java:439)
	at com.kms.katalon.core.main.TestCaseExecutor.processExecutionPhase(TestCaseExecutor.java:418)
	at com.kms.katalon.core.main.TestCaseExecutor.accessMainPhase(TestCaseExecutor.java:410)
	at com.kms.katalon.core.main.TestCaseExecutor.execute(TestCaseExecutor.java:285)
	at com.kms.katalon.core.main.TestCaseMain.runTestCase(TestCaseMain.java:137)
	at com.kms.katalon.core.keyword.builtin.CallTestCaseKeyword$_callTestCase_closure1.doCall(CallTestCaseKeyword.groovy:59)
	at com.kms.katalon.core.keyword.builtin.CallTestCaseKeyword$_callTestCase_closure1.call(CallTestCaseKeyword.groovy)
	at com.kms.katalon.core.keyword.internal.KeywordMain.runKeyword(KeywordMain.groovy:75)
	at com.kms.katalon.core.keyword.builtin.CallTestCaseKeyword.callTestCase(CallTestCaseKeyword.groovy:81)
	at com.kms.katalon.core.keyword.builtin.CallTestCaseKeyword.execute(CallTestCaseKeyword.groovy:44)
	at com.kms.katalon.core.keyword.internal.KeywordExecutor.executeKeywordForPlatform(KeywordExecutor.groovy:74)
	at com.kms.katalon.core.keyword.BuiltinKeywords.callTestCase(BuiltinKeywords.groovy:310)
	at java.base/jdk.internal.reflect.NativeMethodAccessorImpl.invoke0(Native Method)
	at java.base/jdk.internal.reflect.NativeMethodAccessorImpl.invoke(NativeMethodAccessorImpl.java:77)
	at java.base/jdk.internal.reflect.DelegatingMethodAccessorImpl.invoke(DelegatingMethodAccessorImpl.java:43)
	at Register Education Partner.run(Register Education Partner:461)
	at com.kms.katalon.core.main.ScriptEngine.run(ScriptEngine.java:194)
	at com.kms.katalon.core.main.ScriptEngine.runScriptAsRawText(ScriptEngine.java:119)
	at com.kms.katalon.core.main.TestCaseExecutor.runScript(TestCaseExecutor.java:448)
	at com.kms.katalon.core.main.TestCaseExecutor.doExecute(TestCaseExecutor.java:439)
	at com.kms.katalon.core.main.TestCaseExecutor.processExecutionPhase(TestCaseExecutor.java:418)
	at com.kms.katalon.core.main.TestCaseExecutor.accessMainPhase(TestCaseExecutor.java:410)
	at com.kms.katalon.core.main.TestCaseExecutor.execute(TestCaseExecutor.java:285)
	at com.kms.katalon.core.common.CommonExecutor.accessTestCaseMainPhase(CommonExecutor.java:65)
	at com.kms.katalon.core.main.TestSuiteExecutor.accessTestSuiteMainPhase(TestSuiteExecutor.java:150)
	at com.kms.katalon.core.main.TestSuiteExecutor.execute(TestSuiteExecutor.java:106)
	at com.kms.katalon.core.main.TestCaseMain.startTestSuite(TestCaseMain.java:180)
	at TempTestSuite1728084404901.run(TempTestSuite1728084404901.groovy:35)
	at java.base/jdk.internal.reflect.NativeMethodAccessorImpl.invoke0(Native Method)
	at java.base/jdk.internal.reflect.NativeMethodAccessorImpl.invoke(NativeMethodAccessorImpl.java:77)
	at java.base/jdk.internal.reflect.DelegatingMethodAccessorImpl.invoke(DelegatingMethodAccessorImpl.java:43)
)

04-10-2024T18:30:06 - [MESSAGE][WARNING] - Text 'ACCESS GRANTED' is not present on page  (Root cause: com.kms.katalon.core.exception.StepFailedException: Text 'ACCESS GRANTED' is not present on page 
	at com.kms.katalon.core.webui.keyword.internal.WebUIKeywordMain.stepFailed(WebUIKeywordMain.groovy:64)
	at com.kms.katalon.core.webui.keyword.builtin.VerifyTextPresentKeyword$_verifyTextPresent_closure1.doCall(VerifyTextPresentKeyword.groovy:79)
	at com.kms.katalon.core.webui.keyword.builtin.VerifyTextPresentKeyword$_verifyTextPresent_closure1.call(VerifyTextPresentKeyword.groovy)
	at com.kms.katalon.core.webui.keyword.internal.WebUIKeywordMain.runKeyword(WebUIKeywordMain.groovy:20)
	at com.kms.katalon.core.webui.keyword.builtin.VerifyTextPresentKeyword.verifyTextPresent(VerifyTextPresentKeyword.groovy:83)
	at com.kms.katalon.core.webui.keyword.builtin.VerifyTextPresentKeyword.execute(VerifyTextPresentKeyword.groovy:68)
	at com.kms.katalon.core.keyword.internal.KeywordExecutor.executeKeywordForPlatform(KeywordExecutor.groovy:74)
	at com.kms.katalon.core.webui.keyword.WebUiBuiltInKeywords.verifyTextPresent(WebUiBuiltInKeywords.groovy:1746)
	at Grant Access.run(Grant Access:98)
	at com.kms.katalon.core.main.ScriptEngine.run(ScriptEngine.java:194)
	at com.kms.katalon.core.main.ScriptEngine.runScriptAsRawText(ScriptEngine.java:119)
	at com.kms.katalon.core.main.TestCaseExecutor.runScript(TestCaseExecutor.java:448)
	at com.kms.katalon.core.main.TestCaseExecutor.doExecute(TestCaseExecutor.java:439)
	at com.kms.katalon.core.main.TestCaseExecutor.processExecutionPhase(TestCaseExecutor.java:418)
	at com.kms.katalon.core.main.TestCaseExecutor.accessMainPhase(TestCaseExecutor.java:410)
	at com.kms.katalon.core.main.TestCaseExecutor.execute(TestCaseExecutor.java:285)
	at com.kms.katalon.core.main.TestCaseMain.runTestCase(TestCaseMain.java:137)
	at com.kms.katalon.core.keyword.builtin.CallTestCaseKeyword$_callTestCase_closure1.doCall(CallTestCaseKeyword.groovy:59)
	at com.kms.katalon.core.keyword.builtin.CallTestCaseKeyword$_callTestCase_closure1.call(CallTestCaseKeyword.groovy)
	at com.kms.katalon.core.keyword.internal.KeywordMain.runKeyword(KeywordMain.groovy:75)
	at com.kms.katalon.core.keyword.builtin.CallTestCaseKeyword.callTestCase(CallTestCaseKeyword.groovy:81)
	at com.kms.katalon.core.keyword.builtin.CallTestCaseKeyword.execute(CallTestCaseKeyword.groovy:44)
	at com.kms.katalon.core.keyword.internal.KeywordExecutor.executeKeywordForPlatform(KeywordExecutor.groovy:74)
	at com.kms.katalon.core.keyword.BuiltinKeywords.callTestCase(BuiltinKeywords.groovy:310)
	at java.base/jdk.internal.reflect.NativeMethodAccessorImpl.invoke0(Native Method)
	at java.base/jdk.internal.reflect.NativeMethodAccessorImpl.invoke(NativeMethodAccessorImpl.java:77)
	at java.base/jdk.internal.reflect.DelegatingMethodAccessorImpl.invoke(DelegatingMethodAccessorImpl.java:43)
	at Register Education Partner.run(Register Education Partner:461)
	at com.kms.katalon.core.main.ScriptEngine.run(ScriptEngine.java:194)
	at com.kms.katalon.core.main.ScriptEngine.runScriptAsRawText(ScriptEngine.java:119)
	at com.kms.katalon.core.main.TestCaseExecutor.runScript(TestCaseExecutor.java:448)
	at com.kms.katalon.core.main.TestCaseExecutor.doExecute(TestCaseExecutor.java:439)
	at com.kms.katalon.core.main.TestCaseExecutor.processExecutionPhase(TestCaseExecutor.java:418)
	at com.kms.katalon.core.main.TestCaseExecutor.accessMainPhase(TestCaseExecutor.java:410)
	at com.kms.katalon.core.main.TestCaseExecutor.execute(TestCaseExecutor.java:285)
	at com.kms.katalon.core.common.CommonExecutor.accessTestCaseMainPhase(CommonExecutor.java:65)
	at com.kms.katalon.core.main.TestSuiteExecutor.accessTestSuiteMainPhase(TestSuiteExecutor.java:150)
	at com.kms.katalon.core.main.TestSuiteExecutor.execute(TestSuiteExecutor.java:106)
	at com.kms.katalon.core.main.TestCaseMain.startTestSuite(TestCaseMain.java:180)
	at TempTestSuite1728084404901.run(TempTestSuite1728084404901.groovy:35)
	at java.base/jdk.internal.reflect.NativeMethodAccessorImpl.invoke0(Native Method)
	at java.base/jdk.internal.reflect.NativeMethodAccessorImpl.invoke(NativeMethodAccessorImpl.java:77)
	at java.base/jdk.internal.reflect.DelegatingMethodAccessorImpl.invoke(DelegatingMethodAccessorImpl.java:43)
)

04-10-2024T18:30:06 - [TEST_STEP][PASSED] - delay(2): Delayed 2 second(s)

04-10-2024T18:30:08 - [MESSAGE][PASSED] - Delayed 2 second(s)

04-10-2024T18:30:08 - [TEST_STEP][PASSED] - (loop++): null

04-10-2024T18:30:08 - [TEST_STEP][PASSED] - granted = verifyTextPresent("ACCESS GRANTED", false, OPTIONAL): Text 'ACCESS GRANTED' is present on page 

04-10-2024T18:30:09 - [MESSAGE][PASSED] - Text 'ACCESS GRANTED' is present on page 

04-10-2024T18:30:09 - [TEST_STEP][PASSED] - delay(2): Delayed 2 second(s)

04-10-2024T18:30:11 - [MESSAGE][PASSED] - Delayed 2 second(s)

04-10-2024T18:30:11 - [TEST_STEP][PASSED] - (loop++): null

04-10-2024T18:30:11 - [TEST_STEP][PASSED] - if (granted): null

04-10-2024T18:30:11 - [TEST_STEP][PASSED] - outText = "Access granted to " + username: null

04-10-2024T18:30:11 - [TEST_STEP][PASSED] - println("=====> " + outText): null

04-10-2024T18:30:11 - [TEST_STEP][PASSED] - if (writeFile): null

04-10-2024T18:30:11 - [TEST_STEP][PASSED] - outFile.append(outText + "
"): null

04-10-2024T18:30:11 - [TEST_STEP][PASSED] - click(findTestObject("Object Repository/Admin/API Dashboard/a_Logout")): Object: 'Object Repository/Admin/API Dashboard/a_Logout' is clicked on

04-10-2024T18:30:11 - [MESSAGE][PASSED] - Object: 'Object Repository/Admin/API Dashboard/a_Logout' is clicked on

04-10-2024T18:30:11 - [TEST_STEP][PASSED] - break: null

04-10-2024T18:30:11 - [TEST_STEP][PASSED] - closeBrowser(): Browser is closed

04-10-2024T18:30:12 - [MESSAGE][PASSED] - Browser is closed

04-10-2024T18:30:12 - [MESSAGE][PASSED] - Call Test Case 'Test Cases/Admin/Grant Access' successfully

04-10-2024T18:30:12 - [TEST_STEP][ERROR] - callTestCase(findTestCase("Admin/Create Subscription"), ["varUsername":username, "varType":"Education", "varRole":"Organization"], STOP_ON_FAILURE): Test Cases/Education Partners/Register Education Partner FAILED.
Reason:
com.kms.katalon.core.exception.StepErrorException: ----- First name message is:
"The Fiirst Name field is required."
     but it should be 
"The First Name field is required."
	at com.kms.katalon.core.util.KeywordUtil.markError(KeywordUtil.java:67)
	at Script1727386220224$_run_closure3.doCall(Script1727386220224.groovy:360)
	at java.base/jdk.internal.reflect.NativeMethodAccessorImpl.invoke0(Native Method)
	at java.base/jdk.internal.reflect.NativeMethodAccessorImpl.invoke(NativeMethodAccessorImpl.java:77)
	at java.base/jdk.internal.reflect.DelegatingMethodAccessorImpl.invoke(DelegatingMethodAccessorImpl.java:43)
	at Register Education Partner.run(Register Education Partner:340)
	at com.kms.katalon.core.main.ScriptEngine.run(ScriptEngine.java:194)
	at com.kms.katalon.core.main.ScriptEngine.runScriptAsRawText(ScriptEngine.java:119)
	at com.kms.katalon.core.main.TestCaseExecutor.runScript(TestCaseExecutor.java:448)
	at com.kms.katalon.core.main.TestCaseExecutor.doExecute(TestCaseExecutor.java:439)
	at com.kms.katalon.core.main.TestCaseExecutor.processExecutionPhase(TestCaseExecutor.java:418)
	at com.kms.katalon.core.main.TestCaseExecutor.accessMainPhase(TestCaseExecutor.java:410)
	at com.kms.katalon.core.main.TestCaseExecutor.execute(TestCaseExecutor.java:285)
	at com.kms.katalon.core.common.CommonExecutor.accessTestCaseMainPhase(CommonExecutor.java:65)
	at com.kms.katalon.core.main.TestSuiteExecutor.accessTestSuiteMainPhase(TestSuiteExecutor.java:150)
	at com.kms.katalon.core.main.TestSuiteExecutor.execute(TestSuiteExecutor.java:106)
	at com.kms.katalon.core.main.TestCaseMain.startTestSuite(TestCaseMain.java:180)
	at TempTestSuite1728084404901.run(TempTestSuite1728084404901.groovy:35)
	at java.base/jdk.internal.reflect.NativeMethodAccessorImpl.invoke0(Native Method)
	at java.base/jdk.internal.reflect.NativeMethodAccessorImpl.invoke(NativeMethodAccessorImpl.java:77)
	at java.base/jdk.internal.reflect.DelegatingMethodAccessorImpl.invoke(DelegatingMethodAccessorImpl.java:43)


04-10-2024T18:30:12 - [TEST_CASE][PASSED] - Test Cases/Admin/Create Subscription: Test Cases/Admin/Create Subscription

04-10-2024T18:30:13 - [TEST_STEP][PASSED] - if (binding.hasVariable("varUsername")): null

04-10-2024T18:30:13 - [TEST_STEP][PASSED] - username = varUsername: null

04-10-2024T18:30:13 - [TEST_STEP][PASSED] - if (binding.hasVariable("varType")): null

04-10-2024T18:30:13 - [TEST_STEP][PASSED] - type = varType: null

04-10-2024T18:30:13 - [TEST_STEP][PASSED] - if (binding.hasVariable("varRole")): null

04-10-2024T18:30:13 - [TEST_STEP][PASSED] - role = varRole: null

04-10-2024T18:30:13 - [TEST_STEP][PASSED] - writeFile = false: null

04-10-2024T18:30:13 - [TEST_STEP][PASSED] - if (outFile != ""): null

04-10-2024T18:30:13 - [TEST_STEP][PASSED] - myFile = outFile: null

04-10-2024T18:30:13 - [TEST_STEP][PASSED] - println(myFile): null

04-10-2024T18:30:13 - [TEST_STEP][PASSED] - outFile = new java.io.File(myFile): null

04-10-2024T18:30:13 - [TEST_STEP][PASSED] - writeFile = true: null

04-10-2024T18:30:13 - [TEST_STEP][PASSED] - domain = domain: null

04-10-2024T18:30:13 - [TEST_STEP][PASSED] - url = "https://ad." + domain: null

04-10-2024T18:30:13 - [TEST_STEP][PASSED] - openBrowser(""): Browser is opened with url: ''

04-10-2024T18:30:13 - [MESSAGE][INFO] - Starting 'Chrome' driver

04-10-2024T18:30:13 - [MESSAGE][INFO] - Action delay is set to 0 milliseconds

04-10-2024T18:30:16 - [MESSAGE][PASSED] - Browser is opened with url: ''

04-10-2024T18:30:16 - [TEST_STEP][PASSED] - navigateToUrl(url): Navigate to 'https://ad.explorenext.org' successfully

04-10-2024T18:30:18 - [MESSAGE][PASSED] - Navigate to 'https://ad.explorenext.org' successfully

04-10-2024T18:30:18 - [TEST_STEP][PASSED] - setText(findTestObject("Admin/Ad Login/input_Username"), "chriskosieracki"): Text 'chriskosieracki' is set on object 'Object Repository/Admin/Ad Login/input_Username'

04-10-2024T18:30:18 - [MESSAGE][PASSED] - Text 'chriskosieracki' is set on object 'Object Repository/Admin/Ad Login/input_Username'

04-10-2024T18:30:18 - [TEST_STEP][PASSED] - setEncryptedText(findTestObject("Admin/Ad Login/input_Password"), "fAJOXt1JExHva3VUYg96Og=="): Text ****** has been set on object 'Object Repository/Admin/Ad Login/input_Password'

04-10-2024T18:30:19 - [MESSAGE][PASSED] - Text ****** has been set on object 'Object Repository/Admin/Ad Login/input_Password'

04-10-2024T18:30:19 - [TEST_STEP][PASSED] - click(findTestObject("Admin/Ad Login/btn_Submit")): Object: 'Object Repository/Admin/Ad Login/btn_Submit' is clicked on

04-10-2024T18:30:19 - [MESSAGE][PASSED] - Object: 'Object Repository/Admin/Ad Login/btn_Submit' is clicked on

04-10-2024T18:30:19 - [TEST_STEP][PASSED] - click(findTestObject("Object Repository/Admin/Ad Subscription Utility/a_Subscription Information  Administration")): Object: 'Object Repository/Admin/Ad Subscription Utility/a_Subscription Information  Administration' is clicked on

04-10-2024T18:30:23 - [MESSAGE][PASSED] - Object: 'Object Repository/Admin/Ad Subscription Utility/a_Subscription Information  Administration' is clicked on

04-10-2024T18:30:23 - [TEST_STEP][PASSED] - click(findTestObject("Admin/Ad Subscription Utility/select_Website")): Object: 'Object Repository/Admin/Ad Subscription Utility/select_Website' is clicked on

04-10-2024T18:30:23 - [MESSAGE][PASSED] - Object: 'Object Repository/Admin/Ad Subscription Utility/select_Website' is clicked on

04-10-2024T18:30:23 - [TEST_STEP][PASSED] - delay(1): Delayed 1 second(s)

04-10-2024T18:30:24 - [MESSAGE][PASSED] - Delayed 1 second(s)

04-10-2024T18:30:24 - [TEST_STEP][PASSED] - click(findTestObject("Admin/Ad Subscription Utility/option_" + type)): Object: 'Object Repository/Admin/Ad Subscription Utility/option_Education' is clicked on

04-10-2024T18:30:24 - [MESSAGE][PASSED] - Object: 'Object Repository/Admin/Ad Subscription Utility/option_Education' is clicked on

04-10-2024T18:30:24 - [TEST_STEP][PASSED] - click(findTestObject("Admin/Ad Subscription Utility/select_Role")): Object: 'Object Repository/Admin/Ad Subscription Utility/select_Role' is clicked on

04-10-2024T18:30:25 - [MESSAGE][PASSED] - Object: 'Object Repository/Admin/Ad Subscription Utility/select_Role' is clicked on

04-10-2024T18:30:25 - [TEST_STEP][PASSED] - delay(1): Delayed 1 second(s)

04-10-2024T18:30:26 - [MESSAGE][PASSED] - Delayed 1 second(s)

04-10-2024T18:30:26 - [TEST_STEP][PASSED] - click(findTestObject("Admin/Ad Subscription Utility/option_" + role)): Object: 'Object Repository/Admin/Ad Subscription Utility/option_Organization' is clicked on

04-10-2024T18:30:26 - [MESSAGE][PASSED] - Object: 'Object Repository/Admin/Ad Subscription Utility/option_Organization' is clicked on

04-10-2024T18:30:26 - [TEST_STEP][PASSED] - click(findTestObject("Admin/Ad Subscription Utility/btn_Add Subscription Entry")): Object: 'Object Repository/Admin/Ad Subscription Utility/btn_Add Subscription Entry' is clicked on

04-10-2024T18:30:27 - [MESSAGE][PASSED] - Object: 'Object Repository/Admin/Ad Subscription Utility/btn_Add Subscription Entry' is clicked on

04-10-2024T18:30:27 - [TEST_STEP][PASSED] - delay(2): Delayed 2 second(s)

04-10-2024T18:30:29 - [MESSAGE][PASSED] - Delayed 2 second(s)

04-10-2024T18:30:30 - [TEST_STEP][PASSED] - driver = getWebDriver(): null

04-10-2024T18:30:30 - [TEST_STEP][PASSED] - Table = driver.findElement(By.xpath("//p[4]/table")): null

04-10-2024T18:30:30 - [TEST_STEP][PASSED] - Rows = Table.findElements(By.tagName("tr")): null

04-10-2024T18:30:30 - [TEST_STEP][PASSED] - row_count = Rows.size(): null

04-10-2024T18:30:30 - [TEST_STEP][PASSED] - found = false: null

04-10-2024T18:30:30 - [TEST_STEP][PASSED] - for ([row = 1, row < row_count, (row++)]): null

04-10-2024T18:30:30 - [TEST_STEP][PASSED] - Columns = get(row).findElements(By.tagName("td")): null

04-10-2024T18:30:30 - [TEST_STEP][PASSED] - user = get(8).getText(): null

04-10-2024T18:30:30 - [TEST_STEP][PASSED] - if (user.indexOf(username) >= 0): null

04-10-2024T18:30:30 - [TEST_STEP][PASSED] - Columns = get(row).findElements(By.tagName("td")): null

04-10-2024T18:30:30 - [TEST_STEP][PASSED] - user = get(8).getText(): null

04-10-2024T18:30:30 - [TEST_STEP][PASSED] - if (user.indexOf(username) >= 0): null

04-10-2024T18:30:30 - [TEST_STEP][PASSED] - Columns = get(row).findElements(By.tagName("td")): null

04-10-2024T18:30:30 - [TEST_STEP][PASSED] - user = get(8).getText(): null

04-10-2024T18:30:30 - [TEST_STEP][PASSED] - if (user.indexOf(username) >= 0): null

04-10-2024T18:30:30 - [TEST_STEP][PASSED] - Columns = get(row).findElements(By.tagName("td")): null

04-10-2024T18:30:30 - [TEST_STEP][PASSED] - user = get(8).getText(): null

04-10-2024T18:30:30 - [TEST_STEP][PASSED] - if (user.indexOf(username) >= 0): null

04-10-2024T18:30:30 - [TEST_STEP][PASSED] - Columns = get(row).findElements(By.tagName("td")): null

04-10-2024T18:30:30 - [TEST_STEP][PASSED] - user = get(8).getText(): null

04-10-2024T18:30:30 - [TEST_STEP][PASSED] - if (user.indexOf(username) >= 0): null

04-10-2024T18:30:30 - [TEST_STEP][PASSED] - Columns = get(row).findElements(By.tagName("td")): null

04-10-2024T18:30:30 - [TEST_STEP][PASSED] - user = get(8).getText(): null

04-10-2024T18:30:30 - [TEST_STEP][PASSED] - if (user.indexOf(username) >= 0): null

04-10-2024T18:30:30 - [TEST_STEP][PASSED] - Columns = get(row).findElements(By.tagName("td")): null

04-10-2024T18:30:30 - [TEST_STEP][PASSED] - user = get(8).getText(): null

04-10-2024T18:30:30 - [TEST_STEP][PASSED] - if (user.indexOf(username) >= 0): null

04-10-2024T18:30:30 - [TEST_STEP][PASSED] - Columns = get(row).findElements(By.tagName("td")): null

04-10-2024T18:30:30 - [TEST_STEP][PASSED] - user = get(8).getText(): null

04-10-2024T18:30:30 - [TEST_STEP][PASSED] - if (user.indexOf(username) >= 0): null

04-10-2024T18:30:30 - [TEST_STEP][PASSED] - Columns = get(row).findElements(By.tagName("td")): null

04-10-2024T18:30:30 - [TEST_STEP][PASSED] - user = get(8).getText(): null

04-10-2024T18:30:30 - [TEST_STEP][PASSED] - if (user.indexOf(username) >= 0): null

04-10-2024T18:30:30 - [TEST_STEP][PASSED] - Columns = get(row).findElements(By.tagName("td")): null

04-10-2024T18:30:30 - [TEST_STEP][PASSED] - user = get(8).getText(): null

04-10-2024T18:30:30 - [TEST_STEP][PASSED] - if (user.indexOf(username) >= 0): null

04-10-2024T18:30:30 - [TEST_STEP][PASSED] - Columns = get(row).findElements(By.tagName("td")): null

04-10-2024T18:30:30 - [TEST_STEP][PASSED] - user = get(8).getText(): null

04-10-2024T18:30:30 - [TEST_STEP][PASSED] - if (user.indexOf(username) >= 0): null

04-10-2024T18:30:30 - [TEST_STEP][PASSED] - Columns = get(row).findElements(By.tagName("td")): null

04-10-2024T18:30:30 - [TEST_STEP][PASSED] - user = get(8).getText(): null

04-10-2024T18:30:30 - [TEST_STEP][PASSED] - if (user.indexOf(username) >= 0): null

04-10-2024T18:30:30 - [TEST_STEP][PASSED] - Columns = get(row).findElements(By.tagName("td")): null

04-10-2024T18:30:30 - [TEST_STEP][PASSED] - user = get(8).getText(): null

04-10-2024T18:30:31 - [TEST_STEP][PASSED] - if (user.indexOf(username) >= 0): null

04-10-2024T18:30:31 - [TEST_STEP][PASSED] - Columns = get(row).findElements(By.tagName("td")): null

04-10-2024T18:30:31 - [TEST_STEP][PASSED] - user = get(8).getText(): null

04-10-2024T18:30:31 - [TEST_STEP][PASSED] - if (user.indexOf(username) >= 0): null

04-10-2024T18:30:31 - [TEST_STEP][PASSED] - Columns = get(row).findElements(By.tagName("td")): null

04-10-2024T18:30:31 - [TEST_STEP][PASSED] - user = get(8).getText(): null

04-10-2024T18:30:31 - [TEST_STEP][PASSED] - if (user.indexOf(username) >= 0): null

04-10-2024T18:30:31 - [TEST_STEP][PASSED] - Columns = get(row).findElements(By.tagName("td")): null

04-10-2024T18:30:31 - [TEST_STEP][PASSED] - user = get(8).getText(): null

04-10-2024T18:30:31 - [TEST_STEP][PASSED] - if (user.indexOf(username) >= 0): null

04-10-2024T18:30:31 - [TEST_STEP][PASSED] - Columns = get(row).findElements(By.tagName("td")): null

04-10-2024T18:30:31 - [TEST_STEP][PASSED] - user = get(8).getText(): null

04-10-2024T18:30:31 - [TEST_STEP][PASSED] - if (user.indexOf(username) >= 0): null

04-10-2024T18:30:31 - [TEST_STEP][PASSED] - Columns = get(row).findElements(By.tagName("td")): null

04-10-2024T18:30:31 - [TEST_STEP][PASSED] - user = get(8).getText(): null

04-10-2024T18:30:31 - [TEST_STEP][PASSED] - if (user.indexOf(username) >= 0): null

04-10-2024T18:30:31 - [TEST_STEP][PASSED] - Columns = get(row).findElements(By.tagName("td")): null

04-10-2024T18:30:31 - [TEST_STEP][PASSED] - user = get(8).getText(): null

04-10-2024T18:30:31 - [TEST_STEP][PASSED] - if (user.indexOf(username) >= 0): null

04-10-2024T18:30:31 - [TEST_STEP][PASSED] - Columns = get(row).findElements(By.tagName("td")): null

04-10-2024T18:30:31 - [TEST_STEP][PASSED] - user = get(8).getText(): null

04-10-2024T18:30:31 - [TEST_STEP][PASSED] - if (user.indexOf(username) >= 0): null

04-10-2024T18:30:31 - [TEST_STEP][PASSED] - Columns = get(row).findElements(By.tagName("td")): null

04-10-2024T18:30:31 - [TEST_STEP][PASSED] - user = get(8).getText(): null

04-10-2024T18:30:31 - [TEST_STEP][PASSED] - if (user.indexOf(username) >= 0): null

04-10-2024T18:30:31 - [TEST_STEP][PASSED] - Columns = get(row).findElements(By.tagName("td")): null

04-10-2024T18:30:31 - [TEST_STEP][PASSED] - user = get(8).getText(): null

04-10-2024T18:30:31 - [TEST_STEP][PASSED] - if (user.indexOf(username) >= 0): null

04-10-2024T18:30:31 - [TEST_STEP][PASSED] - Columns = get(row).findElements(By.tagName("td")): null

04-10-2024T18:30:31 - [TEST_STEP][PASSED] - user = get(8).getText(): null

04-10-2024T18:30:31 - [TEST_STEP][PASSED] - if (user.indexOf(username) >= 0): null

04-10-2024T18:30:31 - [TEST_STEP][PASSED] - Columns = get(row).findElements(By.tagName("td")): null

04-10-2024T18:30:31 - [TEST_STEP][PASSED] - user = get(8).getText(): null

04-10-2024T18:30:31 - [TEST_STEP][PASSED] - if (user.indexOf(username) >= 0): null

04-10-2024T18:30:31 - [TEST_STEP][PASSED] - Columns = get(row).findElements(By.tagName("td")): null

04-10-2024T18:30:31 - [TEST_STEP][PASSED] - user = get(8).getText(): null

04-10-2024T18:30:31 - [TEST_STEP][PASSED] - if (user.indexOf(username) >= 0): null

04-10-2024T18:30:31 - [TEST_STEP][PASSED] - Columns = get(row).findElements(By.tagName("td")): null

04-10-2024T18:30:31 - [TEST_STEP][PASSED] - user = get(8).getText(): null

04-10-2024T18:30:31 - [TEST_STEP][PASSED] - if (user.indexOf(username) >= 0): null

04-10-2024T18:30:31 - [TEST_STEP][PASSED] - Columns = get(row).findElements(By.tagName("td")): null

04-10-2024T18:30:31 - [TEST_STEP][PASSED] - user = get(8).getText(): null

04-10-2024T18:30:31 - [TEST_STEP][PASSED] - if (user.indexOf(username) >= 0): null

04-10-2024T18:30:31 - [TEST_STEP][PASSED] - Columns = get(row).findElements(By.tagName("td")): null

04-10-2024T18:30:31 - [TEST_STEP][PASSED] - user = get(8).getText(): null

04-10-2024T18:30:31 - [TEST_STEP][PASSED] - if (user.indexOf(username) >= 0): null

04-10-2024T18:30:31 - [TEST_STEP][PASSED] - Columns = get(row).findElements(By.tagName("td")): null

04-10-2024T18:30:31 - [TEST_STEP][PASSED] - user = get(8).getText(): null

04-10-2024T18:30:31 - [TEST_STEP][PASSED] - if (user.indexOf(username) >= 0): null

04-10-2024T18:30:31 - [TEST_STEP][PASSED] - Columns = get(row).findElements(By.tagName("td")): null

04-10-2024T18:30:31 - [TEST_STEP][PASSED] - user = get(8).getText(): null

04-10-2024T18:30:31 - [TEST_STEP][PASSED] - if (user.indexOf(username) >= 0): null

04-10-2024T18:30:31 - [TEST_STEP][PASSED] - Columns = get(row).findElements(By.tagName("td")): null

04-10-2024T18:30:31 - [TEST_STEP][PASSED] - user = get(8).getText(): null

04-10-2024T18:30:31 - [TEST_STEP][PASSED] - if (user.indexOf(username) >= 0): null

04-10-2024T18:30:31 - [TEST_STEP][PASSED] - Columns = get(row).findElements(By.tagName("td")): null

04-10-2024T18:30:31 - [TEST_STEP][PASSED] - user = get(8).getText(): null

04-10-2024T18:30:31 - [TEST_STEP][PASSED] - if (user.indexOf(username) >= 0): null

04-10-2024T18:30:31 - [TEST_STEP][PASSED] - Columns = get(row).findElements(By.tagName("td")): null

04-10-2024T18:30:31 - [TEST_STEP][PASSED] - user = get(8).getText(): null

04-10-2024T18:30:31 - [TEST_STEP][PASSED] - if (user.indexOf(username) >= 0): null

04-10-2024T18:30:31 - [TEST_STEP][PASSED] - Columns = get(row).findElements(By.tagName("td")): null

04-10-2024T18:30:31 - [TEST_STEP][PASSED] - user = get(8).getText(): null

04-10-2024T18:30:31 - [TEST_STEP][PASSED] - if (user.indexOf(username) >= 0): null

04-10-2024T18:30:32 - [TEST_STEP][PASSED] - Columns = get(row).findElements(By.tagName("td")): null

04-10-2024T18:30:32 - [TEST_STEP][PASSED] - user = get(8).getText(): null

04-10-2024T18:30:32 - [TEST_STEP][PASSED] - if (user.indexOf(username) >= 0): null

04-10-2024T18:30:32 - [TEST_STEP][PASSED] - Columns = get(row).findElements(By.tagName("td")): null

04-10-2024T18:30:32 - [TEST_STEP][PASSED] - user = get(8).getText(): null

04-10-2024T18:30:32 - [TEST_STEP][PASSED] - if (user.indexOf(username) >= 0): null

04-10-2024T18:30:32 - [TEST_STEP][PASSED] - Columns = get(row).findElements(By.tagName("td")): null

04-10-2024T18:30:32 - [TEST_STEP][PASSED] - user = get(8).getText(): null

04-10-2024T18:30:32 - [TEST_STEP][PASSED] - if (user.indexOf(username) >= 0): null

04-10-2024T18:30:32 - [TEST_STEP][PASSED] - Columns = get(row).findElements(By.tagName("td")): null

04-10-2024T18:30:32 - [TEST_STEP][PASSED] - user = get(8).getText(): null

04-10-2024T18:30:32 - [TEST_STEP][PASSED] - if (user.indexOf(username) >= 0): null

04-10-2024T18:30:32 - [TEST_STEP][PASSED] - Columns = get(row).findElements(By.tagName("td")): null

04-10-2024T18:30:32 - [TEST_STEP][PASSED] - user = get(8).getText(): null

04-10-2024T18:30:32 - [TEST_STEP][PASSED] - if (user.indexOf(username) >= 0): null

04-10-2024T18:30:32 - [TEST_STEP][PASSED] - Columns = get(row).findElements(By.tagName("td")): null

04-10-2024T18:30:32 - [TEST_STEP][PASSED] - user = get(8).getText(): null

04-10-2024T18:30:32 - [TEST_STEP][PASSED] - if (user.indexOf(username) >= 0): null

04-10-2024T18:30:32 - [TEST_STEP][PASSED] - Columns = get(row).findElements(By.tagName("td")): null

04-10-2024T18:30:32 - [TEST_STEP][PASSED] - user = get(8).getText(): null

04-10-2024T18:30:32 - [TEST_STEP][PASSED] - if (user.indexOf(username) >= 0): null

04-10-2024T18:30:32 - [TEST_STEP][PASSED] - found = true: null

04-10-2024T18:30:32 - [TEST_STEP][PASSED] - outText = "Creating subscription for " + username: null

04-10-2024T18:30:32 - [TEST_STEP][PASSED] - println("=====> " + outText): null

04-10-2024T18:30:32 - [TEST_STEP][PASSED] - if (writeFile): null

04-10-2024T18:30:32 - [TEST_STEP][PASSED] - outFile.append(outText + "
"): null

04-10-2024T18:30:32 - [TEST_STEP][PASSED] - get(4).click(): null

04-10-2024T18:30:34 - [TEST_STEP][PASSED] - delay(2): Delayed 2 second(s)

04-10-2024T18:30:36 - [MESSAGE][PASSED] - Delayed 2 second(s)

04-10-2024T18:30:36 - [TEST_STEP][PASSED] - click(findTestObject("Admin/Ad Subscription Utility/a_Add a subscription record")): Object: 'Object Repository/Admin/Ad Subscription Utility/a_Add a subscription record' is clicked on

04-10-2024T18:30:37 - [MESSAGE][PASSED] - Object: 'Object Repository/Admin/Ad Subscription Utility/a_Add a subscription record' is clicked on

04-10-2024T18:30:37 - [TEST_STEP][PASSED] - delay(2): Delayed 2 second(s)

04-10-2024T18:30:39 - [MESSAGE][PASSED] - Delayed 2 second(s)

04-10-2024T18:30:39 - [TEST_STEP][PASSED] - click(findTestObject("Object Repository/Admin/Ad Subscription Utility/btn_Add Subscription Entry")): Object: 'Object Repository/Admin/Ad Subscription Utility/btn_Add Subscription Entry' is clicked on

04-10-2024T18:30:39 - [MESSAGE][PASSED] - Object: 'Object Repository/Admin/Ad Subscription Utility/btn_Add Subscription Entry' is clicked on

04-10-2024T18:30:39 - [TEST_STEP][PASSED] - delay(2): Delayed 2 second(s)

04-10-2024T18:30:41 - [MESSAGE][PASSED] - Delayed 2 second(s)

04-10-2024T18:30:41 - [TEST_STEP][PASSED] - created = verifyElementVisible(findTestObject("Object Repository/Admin/Ad Subscription Utility/li_Record is successfully added"), STOP_ON_FAILURE): Object 'Object Repository/Admin/Ad Subscription Utility/li_Record is successfully added' is visible

04-10-2024T18:30:41 - [MESSAGE][PASSED] - Object 'Object Repository/Admin/Ad Subscription Utility/li_Record is successfully added' is visible

04-10-2024T18:30:41 - [TEST_STEP][PASSED] - if (created): null

04-10-2024T18:30:41 - [TEST_STEP][PASSED] - outText = "Subscription created for " + username: null

04-10-2024T18:30:41 - [TEST_STEP][PASSED] - println("=====> " + outText): null

04-10-2024T18:30:41 - [TEST_STEP][PASSED] - if (writeFile): null

04-10-2024T18:30:41 - [TEST_STEP][PASSED] - outFile.append(outText + "
"): null

04-10-2024T18:30:41 - [TEST_STEP][PASSED] - break: null

04-10-2024T18:30:41 - [TEST_STEP][PASSED] - if (!(found)): null

04-10-2024T18:30:41 - [TEST_STEP][PASSED] - closeBrowser(): Browser is closed

04-10-2024T18:30:42 - [MESSAGE][PASSED] - Browser is closed

04-10-2024T18:30:42 - [MESSAGE][PASSED] - Call Test Case 'Test Cases/Admin/Create Subscription' successfully

04-10-2024T18:30:42 - [MESSAGE][ERROR] - Test Cases/Education Partners/Register Education Partner FAILED.
Reason:
com.kms.katalon.core.exception.StepErrorException: ----- First name message is:
"The Fiirst Name field is required."
     but it should be 
"The First Name field is required."
	at com.kms.katalon.core.util.KeywordUtil.markError(KeywordUtil.java:67)
	at Script1727386220224$_run_closure3.doCall(Script1727386220224.groovy:360)
	at java.base/jdk.internal.reflect.NativeMethodAccessorImpl.invoke0(Native Method)
	at java.base/jdk.internal.reflect.NativeMethodAccessorImpl.invoke(NativeMethodAccessorImpl.java:77)
	at java.base/jdk.internal.reflect.DelegatingMethodAccessorImpl.invoke(DelegatingMethodAccessorImpl.java:43)
	at Register Education Partner.run(Register Education Partner:340)
	at com.kms.katalon.core.main.ScriptEngine.run(ScriptEngine.java:194)
	at com.kms.katalon.core.main.ScriptEngine.runScriptAsRawText(ScriptEngine.java:119)
	at com.kms.katalon.core.main.TestCaseExecutor.runScript(TestCaseExecutor.java:448)
	at com.kms.katalon.core.main.TestCaseExecutor.doExecute(TestCaseExecutor.java:439)
	at com.kms.katalon.core.main.TestCaseExecutor.processExecutionPhase(TestCaseExecutor.java:418)
	at com.kms.katalon.core.main.TestCaseExecutor.accessMainPhase(TestCaseExecutor.java:410)
	at com.kms.katalon.core.main.TestCaseExecutor.execute(TestCaseExecutor.java:285)
	at com.kms.katalon.core.common.CommonExecutor.accessTestCaseMainPhase(CommonExecutor.java:65)
	at com.kms.katalon.core.main.TestSuiteExecutor.accessTestSuiteMainPhase(TestSuiteExecutor.java:150)
	at com.kms.katalon.core.main.TestSuiteExecutor.execute(TestSuiteExecutor.java:106)
	at com.kms.katalon.core.main.TestCaseMain.startTestSuite(TestCaseMain.java:180)
	at TempTestSuite1728084404901.run(TempTestSuite1728084404901.groovy:35)
	at java.base/jdk.internal.reflect.NativeMethodAccessorImpl.invoke0(Native Method)
	at java.base/jdk.internal.reflect.NativeMethodAccessorImpl.invoke(NativeMethodAccessorImpl.java:77)
	at java.base/jdk.internal.reflect.DelegatingMethodAccessorImpl.invoke(DelegatingMethodAccessorImpl.java:43)]]></system-out>
         <system-err><![CDATA[04-10-2024T18:26:53 - [TEST_CASE][ERROR] - Test Cases/Education Partners/Register Education Partner: Test Cases/Education Partners/Register Education Partner FAILED.
Reason:
com.kms.katalon.core.exception.StepErrorException: ----- Password message is:
"Password must be at least 6 characters long, no spaces, lowercase letters and numbers only, no special or unique characters."
     but it should be 
"Password must have at least 10 characters; should include numbers, letters, and capitals; may have special characters (@, #, *, spaces, etc.) and may include a passphrase."
	at com.kms.katalon.core.util.KeywordUtil.markError(KeywordUtil.java:67)
	at Script1727386220224$_run_closure3.doCall(Script1727386220224.groovy:360)
	at java.base/jdk.internal.reflect.NativeMethodAccessorImpl.invoke0(Native Method)
	at java.base/jdk.internal.reflect.NativeMethodAccessorImpl.invoke(NativeMethodAccessorImpl.java:77)
	at java.base/jdk.internal.reflect.DelegatingMethodAccessorImpl.invoke(DelegatingMethodAccessorImpl.java:43)
	at Register Education Partner.run(Register Education Partner:340)
	at com.kms.katalon.core.main.ScriptEngine.run(ScriptEngine.java:194)
	at com.kms.katalon.core.main.ScriptEngine.runScriptAsRawText(ScriptEngine.java:119)
	at com.kms.katalon.core.main.TestCaseExecutor.runScript(TestCaseExecutor.java:448)
	at com.kms.katalon.core.main.TestCaseExecutor.doExecute(TestCaseExecutor.java:439)
	at com.kms.katalon.core.main.TestCaseExecutor.processExecutionPhase(TestCaseExecutor.java:418)
	at com.kms.katalon.core.main.TestCaseExecutor.accessMainPhase(TestCaseExecutor.java:410)
	at com.kms.katalon.core.main.TestCaseExecutor.execute(TestCaseExecutor.java:285)
	at com.kms.katalon.core.common.CommonExecutor.accessTestCaseMainPhase(CommonExecutor.java:65)
	at com.kms.katalon.core.main.TestSuiteExecutor.accessTestSuiteMainPhase(TestSuiteExecutor.java:150)
	at com.kms.katalon.core.main.TestSuiteExecutor.execute(TestSuiteExecutor.java:106)
	at com.kms.katalon.core.main.TestCaseMain.startTestSuite(TestCaseMain.java:180)
	at TempTestSuite1728084404901.run(TempTestSuite1728084404901.groovy:35)
	at java.base/jdk.internal.reflect.NativeMethodAccessorImpl.invoke0(Native Method)
	at java.base/jdk.internal.reflect.NativeMethodAccessorImpl.invoke(NativeMethodAccessorImpl.java:77)
	at java.base/jdk.internal.reflect.DelegatingMethodAccessorImpl.invoke(DelegatingMethodAccessorImpl.java:43)]]></system-err>
      </testcase>
      <system-out><![CDATA[04-10-2024T18:26:53 - [TEST_SUITE][ERROR] - Education Partner Test Suite: Test Cases/Education Partners/Register Education Partner FAILED.
Reason:
com.kms.katalon.core.exception.StepErrorException: ----- Password message is:
"Password must be at least 6 characters long, no spaces, lowercase letters and numbers only, no special or unique characters."
     but it should be 
"Password must have at least 10 characters; should include numbers, letters, and capitals; may have special characters (@, #, *, spaces, etc.) and may include a passphrase."
	at com.kms.katalon.core.util.KeywordUtil.markError(KeywordUtil.java:67)
	at Script1727386220224$_run_closure3.doCall(Script1727386220224.groovy:360)
	at java.base/jdk.internal.reflect.NativeMethodAccessorImpl.invoke0(Native Method)
	at java.base/jdk.internal.reflect.NativeMethodAccessorImpl.invoke(NativeMethodAccessorImpl.java:77)
	at java.base/jdk.internal.reflect.DelegatingMethodAccessorImpl.invoke(DelegatingMethodAccessorImpl.java:43)
	at Register Education Partner.run(Register Education Partner:340)
	at com.kms.katalon.core.main.ScriptEngine.run(ScriptEngine.java:194)
	at com.kms.katalon.core.main.ScriptEngine.runScriptAsRawText(ScriptEngine.java:119)
	at com.kms.katalon.core.main.TestCaseExecutor.runScript(TestCaseExecutor.java:448)
	at com.kms.katalon.core.main.TestCaseExecutor.doExecute(TestCaseExecutor.java:439)
	at com.kms.katalon.core.main.TestCaseExecutor.processExecutionPhase(TestCaseExecutor.java:418)
	at com.kms.katalon.core.main.TestCaseExecutor.accessMainPhase(TestCaseExecutor.java:410)
	at com.kms.katalon.core.main.TestCaseExecutor.execute(TestCaseExecutor.java:285)
	at com.kms.katalon.core.common.CommonExecutor.accessTestCaseMainPhase(CommonExecutor.java:65)
	at com.kms.katalon.core.main.TestSuiteExecutor.accessTestSuiteMainPhase(TestSuiteExecutor.java:150)
	at com.kms.katalon.core.main.TestSuiteExecutor.execute(TestSuiteExecutor.java:106)
	at com.kms.katalon.core.main.TestCaseMain.startTestSuite(TestCaseMain.java:180)
	at TempTestSuite1728084404901.run(TempTestSuite1728084404901.groovy:35)
	at java.base/jdk.internal.reflect.NativeMethodAccessorImpl.invoke0(Native Method)
	at java.base/jdk.internal.reflect.NativeMethodAccessorImpl.invoke(NativeMethodAccessorImpl.java:77)
	at java.base/jdk.internal.reflect.DelegatingMethodAccessorImpl.invoke(DelegatingMethodAccessorImpl.java:43)]]></system-out>
      <system-err><![CDATA[04-10-2024T18:26:53 - [TEST_SUITE][ERROR] - Education Partner Test Suite: Test Cases/Education Partners/Register Education Partner FAILED.
Reason:
com.kms.katalon.core.exception.StepErrorException: ----- Password message is:
"Password must be at least 6 characters long, no spaces, lowercase letters and numbers only, no special or unique characters."
     but it should be 
"Password must have at least 10 characters; should include numbers, letters, and capitals; may have special characters (@, #, *, spaces, etc.) and may include a passphrase."
	at com.kms.katalon.core.util.KeywordUtil.markError(KeywordUtil.java:67)
	at Script1727386220224$_run_closure3.doCall(Script1727386220224.groovy:360)
	at java.base/jdk.internal.reflect.NativeMethodAccessorImpl.invoke0(Native Method)
	at java.base/jdk.internal.reflect.NativeMethodAccessorImpl.invoke(NativeMethodAccessorImpl.java:77)
	at java.base/jdk.internal.reflect.DelegatingMethodAccessorImpl.invoke(DelegatingMethodAccessorImpl.java:43)
	at Register Education Partner.run(Register Education Partner:340)
	at com.kms.katalon.core.main.ScriptEngine.run(ScriptEngine.java:194)
	at com.kms.katalon.core.main.ScriptEngine.runScriptAsRawText(ScriptEngine.java:119)
	at com.kms.katalon.core.main.TestCaseExecutor.runScript(TestCaseExecutor.java:448)
	at com.kms.katalon.core.main.TestCaseExecutor.doExecute(TestCaseExecutor.java:439)
	at com.kms.katalon.core.main.TestCaseExecutor.processExecutionPhase(TestCaseExecutor.java:418)
	at com.kms.katalon.core.main.TestCaseExecutor.accessMainPhase(TestCaseExecutor.java:410)
	at com.kms.katalon.core.main.TestCaseExecutor.execute(TestCaseExecutor.java:285)
	at com.kms.katalon.core.common.CommonExecutor.accessTestCaseMainPhase(CommonExecutor.java:65)
	at com.kms.katalon.core.main.TestSuiteExecutor.accessTestSuiteMainPhase(TestSuiteExecutor.java:150)
	at com.kms.katalon.core.main.TestSuiteExecutor.execute(TestSuiteExecutor.java:106)
	at com.kms.katalon.core.main.TestCaseMain.startTestSuite(TestCaseMain.java:180)
	at TempTestSuite1728084404901.run(TempTestSuite1728084404901.groovy:35)
	at java.base/jdk.internal.reflect.NativeMethodAccessorImpl.invoke0(Native Method)
	at java.base/jdk.internal.reflect.NativeMethodAccessorImpl.invoke(NativeMethodAccessorImpl.java:77)
	at java.base/jdk.internal.reflect.DelegatingMethodAccessorImpl.invoke(DelegatingMethodAccessorImpl.java:43)]]></system-err>
   </testsuite>
</testsuites>
