<?xml version="1.0" encoding="UTF-8"?>
<testsuites name="Education Candidate Test Suite" time="38.743" tests="1" failures="0" errors="1">
   <testsuite name="Education Candidate Test Suite" tests="1" failures="0" errors="1" time="38.743" skipped="0" timestamp="03-03-2025T13:05:49" hostname="cckozie - 192.168.4.43" id="Test Suites/Education Candidate Test Suite">
      <properties>
         <property name="deviceName" value=""/>
         <property name="devicePlatform"/>
         <property name="logFolder" value="/Users/cckozie/git/MissionNext-Katalon-Koz/Reports/20250303_130539/Education Candidate Test Suite/20250303_130540"/>
         <property name="logFiles" value="/Users/cckozie/git/MissionNext-Katalon-Koz/Reports/20250303_130539/Education Candidate Test Suite/20250303_130540/execution0.log"/>
         <property name="attachments" value=""/>
         <property name="hostName" value="cckozie - 192.168.4.43"/>
         <property name="os" value="Mac OS X 64bit"/>
         <property name="katalonVersion" value="9.7.3.223"/>
         <property name="browser" value="Chrome 133.0.0.0"/>
         <property name="hostAddress" value="192.168.4.43"/>
         <property name="sessionId" value="059ed20faf41c2f8bce0ecfe61944fd5"/>
         <property name="seleniumVersion" value="3.141.59"/>
         <property name="proxyInformation" value="ProxyInformation { proxyOption=NO_PROXY, proxyServerType=HTTP, username=, password=********, proxyServerAddress=, proxyServerPort=0, executionList=&quot;&quot;, isApplyToDesiredCapabilities=true }"/>
         <property name="platform" value="Mac OS X"/>
      </properties>
      <testcase name="Test Cases/Education Candidate Profile/Register Education Candidate" time="8.285" classname="Test Cases/Education Candidate Profile/Register Education Candidate" status="ERROR">
         <error type="ERROR" message="Test Cases/Education Candidate Profile/Register Education Candidate FAILED.&#xa;Reason:&#xa;com.kms.katalon.core.exception.StepErrorException: Call Test Case 'Test Cases/_Functions/Test Tooltips' failed because of error(s)&#xa;	at com.kms.katalon.core.keyword.builtin.CallTestCaseKeyword$_callTestCase_closure1.doCall(CallTestCaseKeyword.groovy:66)&#xa;	at com.kms.katalon.core.keyword.builtin.CallTestCaseKeyword$_callTestCase_closure1.call(CallTestCaseKeyword.groovy)&#xa;	at com.kms.katalon.core.keyword.internal.KeywordMain.runKeyword(KeywordMain.groovy:75)&#xa;	at com.kms.katalon.core.keyword.builtin.CallTestCaseKeyword.callTestCase(CallTestCaseKeyword.groovy:81)&#xa;	at com.kms.katalon.core.keyword.builtin.CallTestCaseKeyword.execute(CallTestCaseKeyword.groovy:44)&#xa;	at com.kms.katalon.core.keyword.internal.KeywordExecutor.executeKeywordForPlatform(KeywordExecutor.groovy:74)&#xa;	at com.kms.katalon.core.keyword.BuiltinKeywords.callTestCase(BuiltinKeywords.groovy:310)&#xa;	at java.base/jdk.internal.reflect.NativeMethodAccessorImpl.invoke0(Native Method)&#xa;	at java.base/jdk.internal.reflect.NativeMethodAccessorImpl.invoke(NativeMethodAccessorImpl.java:77)&#xa;	at java.base/jdk.internal.reflect.DelegatingMethodAccessorImpl.invoke(DelegatingMethodAccessorImpl.java:43)&#xa;	at Register Education Candidate.run(Register Education Candidate:111)&#xa;	at com.kms.katalon.core.main.ScriptEngine.run(ScriptEngine.java:194)&#xa;	at com.kms.katalon.core.main.ScriptEngine.runScriptAsRawText(ScriptEngine.java:119)&#xa;	at com.kms.katalon.core.main.TestCaseExecutor.runScript(TestCaseExecutor.java:448)&#xa;	at com.kms.katalon.core.main.TestCaseExecutor.doExecute(TestCaseExecutor.java:439)&#xa;	at com.kms.katalon.core.main.TestCaseExecutor.processExecutionPhase(TestCaseExecutor.java:418)&#xa;	at com.kms.katalon.core.main.TestCaseExecutor.accessMainPhase(TestCaseExecutor.java:410)&#xa;	at com.kms.katalon.core.main.TestCaseExecutor.execute(TestCaseExecutor.java:285)&#xa;	at com.kms.katalon.core.main.TestCaseExecutor.execute(TestCaseExecutor.java:369)&#xa;	at com.kms.katalon.core.main.TestCaseExecutor.execute(TestCaseExecutor.java:369)&#xa;	at com.kms.katalon.core.main.TestCaseExecutor.execute(TestCaseExecutor.java:369)&#xa;	at com.kms.katalon.core.common.CommonExecutor.accessTestCaseMainPhase(CommonExecutor.java:65)&#xa;	at com.kms.katalon.core.main.TestSuiteExecutor.accessTestSuiteMainPhase(TestSuiteExecutor.java:150)&#xa;	at com.kms.katalon.core.main.TestSuiteExecutor.execute(TestSuiteExecutor.java:106)&#xa;	at com.kms.katalon.core.main.TestCaseMain.startTestSuite(TestCaseMain.java:180)&#xa;	at TempTestSuite1741028740450.run(TempTestSuite1741028740450.groovy:35)&#xa;	at java.base/jdk.internal.reflect.NativeMethodAccessorImpl.invoke0(Native Method)&#xa;	at java.base/jdk.internal.reflect.NativeMethodAccessorImpl.invoke(NativeMethodAccessorImpl.java:77)&#xa;	at java.base/jdk.internal.reflect.DelegatingMethodAccessorImpl.invoke(DelegatingMethodAccessorImpl.java:43)&#xa;Caused by: org.codehaus.groovy.control.MultipleCompilationErrorsException: startup failed:&#xa;file:/Users/cckozie/git/MissionNext-Katalon-Koz/Scripts/_Functions/Test%20Tooltips/Script1736959727538.groovy: 66: unable to resolve class Screen&#xa; @ line 66, column 8.&#xa;   Screen s = new Screen()&#xa;          ^&#xa;&#xa;file:/Users/cckozie/git/MissionNext-Katalon-Koz/Scripts/_Functions/Test%20Tooltips/Script1736959727538.groovy: 66: unable to resolve class Screen&#xa; @ line 66, column 12.&#xa;   Screen s = new Screen()&#xa;              ^&#xa;&#xa;file:/Users/cckozie/git/MissionNext-Katalon-Koz/Scripts/_Functions/Test%20Tooltips/Script1736959727538.groovy: 104: unable to resolve class Pattern&#xa; @ line 104, column 17.&#xa;           Pattern icn = new Pattern(myImage).similar(0.10)&#xa;                   ^&#xa;&#xa;file:/Users/cckozie/git/MissionNext-Katalon-Koz/Scripts/_Functions/Test%20Tooltips/Script1736959727538.groovy: 104: unable to resolve class Pattern&#xa; @ line 104, column 23.&#xa;           Pattern icn = new Pattern(myImage).similar(0.10)&#xa;                         ^&#xa;&#xa;4 errors&#xa;&#xa;	at com.kms.katalon.core.main.ScriptEngine.getScript(ScriptEngine.java:199)&#xa;	at com.kms.katalon.core.main.ScriptEngine.run(ScriptEngine.java:194)&#xa;	at com.kms.katalon.core.main.ScriptEngine.runScriptAsRawText(ScriptEngine.java:119)&#xa;	at com.kms.katalon.core.main.TestCaseExecutor.runScript(TestCaseExecutor.java:448)&#xa;	at com.kms.katalon.core.main.TestCaseExecutor.doExecute(TestCaseExecutor.java:439)&#xa;	at com.kms.katalon.core.main.TestCaseExecutor.processExecutionPhase(TestCaseExecutor.java:418)&#xa;	at com.kms.katalon.core.main.TestCaseExecutor.accessMainPhase(TestCaseExecutor.java:410)&#xa;	at com.kms.katalon.core.main.TestCaseExecutor.execute(TestCaseExecutor.java:285)&#xa;	at com.kms.katalon.core.main.TestCaseMain.runTestCase(TestCaseMain.java:137)&#xa;	at com.kms.katalon.core.keyword.builtin.CallTestCaseKeyword$_callTestCase_closure1.doCall(CallTestCaseKeyword.groovy:59)&#xa;	... 28 more&#xa;"/>
         <system-out><![CDATA[03-03-2025T13:06:19 - [TEST_CASE][ERROR] - Test Cases/Education Candidate Profile/Register Education Candidate: Test Cases/Education Candidate Profile/Register Education Candidate FAILED.
Reason:
com.kms.katalon.core.exception.StepErrorException: Call Test Case 'Test Cases/_Functions/Test Tooltips' failed because of error(s)
	at com.kms.katalon.core.keyword.builtin.CallTestCaseKeyword$_callTestCase_closure1.doCall(CallTestCaseKeyword.groovy:66)
	at com.kms.katalon.core.keyword.builtin.CallTestCaseKeyword$_callTestCase_closure1.call(CallTestCaseKeyword.groovy)
	at com.kms.katalon.core.keyword.internal.KeywordMain.runKeyword(KeywordMain.groovy:75)
	at com.kms.katalon.core.keyword.builtin.CallTestCaseKeyword.callTestCase(CallTestCaseKeyword.groovy:81)
	at com.kms.katalon.core.keyword.builtin.CallTestCaseKeyword.execute(CallTestCaseKeyword.groovy:44)
	at com.kms.katalon.core.keyword.internal.KeywordExecutor.executeKeywordForPlatform(KeywordExecutor.groovy:74)
	at com.kms.katalon.core.keyword.BuiltinKeywords.callTestCase(BuiltinKeywords.groovy:310)
	at java.base/jdk.internal.reflect.NativeMethodAccessorImpl.invoke0(Native Method)
	at java.base/jdk.internal.reflect.NativeMethodAccessorImpl.invoke(NativeMethodAccessorImpl.java:77)
	at java.base/jdk.internal.reflect.DelegatingMethodAccessorImpl.invoke(DelegatingMethodAccessorImpl.java:43)
	at Register Education Candidate.run(Register Education Candidate:111)
	at com.kms.katalon.core.main.ScriptEngine.run(ScriptEngine.java:194)
	at com.kms.katalon.core.main.ScriptEngine.runScriptAsRawText(ScriptEngine.java:119)
	at com.kms.katalon.core.main.TestCaseExecutor.runScript(TestCaseExecutor.java:448)
	at com.kms.katalon.core.main.TestCaseExecutor.doExecute(TestCaseExecutor.java:439)
	at com.kms.katalon.core.main.TestCaseExecutor.processExecutionPhase(TestCaseExecutor.java:418)
	at com.kms.katalon.core.main.TestCaseExecutor.accessMainPhase(TestCaseExecutor.java:410)
	at com.kms.katalon.core.main.TestCaseExecutor.execute(TestCaseExecutor.java:285)
	at com.kms.katalon.core.main.TestCaseExecutor.execute(TestCaseExecutor.java:369)
	at com.kms.katalon.core.main.TestCaseExecutor.execute(TestCaseExecutor.java:369)
	at com.kms.katalon.core.main.TestCaseExecutor.execute(TestCaseExecutor.java:369)
	at com.kms.katalon.core.common.CommonExecutor.accessTestCaseMainPhase(CommonExecutor.java:65)
	at com.kms.katalon.core.main.TestSuiteExecutor.accessTestSuiteMainPhase(TestSuiteExecutor.java:150)
	at com.kms.katalon.core.main.TestSuiteExecutor.execute(TestSuiteExecutor.java:106)
	at com.kms.katalon.core.main.TestCaseMain.startTestSuite(TestCaseMain.java:180)
	at TempTestSuite1741028740450.run(TempTestSuite1741028740450.groovy:35)
	at java.base/jdk.internal.reflect.NativeMethodAccessorImpl.invoke0(Native Method)
	at java.base/jdk.internal.reflect.NativeMethodAccessorImpl.invoke(NativeMethodAccessorImpl.java:77)
	at java.base/jdk.internal.reflect.DelegatingMethodAccessorImpl.invoke(DelegatingMethodAccessorImpl.java:43)
Caused by: org.codehaus.groovy.control.MultipleCompilationErrorsException: startup failed:
file:/Users/cckozie/git/MissionNext-Katalon-Koz/Scripts/_Functions/Test%20Tooltips/Script1736959727538.groovy: 66: unable to resolve class Screen
 @ line 66, column 8.
   Screen s = new Screen()
          ^

file:/Users/cckozie/git/MissionNext-Katalon-Koz/Scripts/_Functions/Test%20Tooltips/Script1736959727538.groovy: 66: unable to resolve class Screen
 @ line 66, column 12.
   Screen s = new Screen()
              ^

file:/Users/cckozie/git/MissionNext-Katalon-Koz/Scripts/_Functions/Test%20Tooltips/Script1736959727538.groovy: 104: unable to resolve class Pattern
 @ line 104, column 17.
           Pattern icn = new Pattern(myImage).similar(0.10)
                   ^

file:/Users/cckozie/git/MissionNext-Katalon-Koz/Scripts/_Functions/Test%20Tooltips/Script1736959727538.groovy: 104: unable to resolve class Pattern
 @ line 104, column 23.
           Pattern icn = new Pattern(myImage).similar(0.10)
                         ^

4 errors

	at com.kms.katalon.core.main.ScriptEngine.getScript(ScriptEngine.java:199)
	at com.kms.katalon.core.main.ScriptEngine.run(ScriptEngine.java:194)
	at com.kms.katalon.core.main.ScriptEngine.runScriptAsRawText(ScriptEngine.java:119)
	at com.kms.katalon.core.main.TestCaseExecutor.runScript(TestCaseExecutor.java:448)
	at com.kms.katalon.core.main.TestCaseExecutor.doExecute(TestCaseExecutor.java:439)
	at com.kms.katalon.core.main.TestCaseExecutor.processExecutionPhase(TestCaseExecutor.java:418)
	at com.kms.katalon.core.main.TestCaseExecutor.accessMainPhase(TestCaseExecutor.java:410)
	at com.kms.katalon.core.main.TestCaseExecutor.execute(TestCaseExecutor.java:285)
	at com.kms.katalon.core.main.TestCaseMain.runTestCase(TestCaseMain.java:137)
	at com.kms.katalon.core.keyword.builtin.CallTestCaseKeyword$_callTestCase_closure1.doCall(CallTestCaseKeyword.groovy:59)
	... 28 more


03-03-2025T13:06:19 - [TEST_STEP][PASSED] - username = username: null

03-03-2025T13:06:19 - [TEST_STEP][PASSED] - if (username != "cktest04ec"): null

03-03-2025T13:06:19 - [TEST_STEP][PASSED] - registerOnly = false: null

03-03-2025T13:06:19 - [TEST_STEP][PASSED] - domain = domain: null

03-03-2025T13:06:19 - [TEST_STEP][PASSED] - username = username: null

03-03-2025T13:06:19 - [TEST_STEP][PASSED] - url = "https://education." + domain + "/signup/candidate": null

03-03-2025T13:06:19 - [TEST_STEP][PASSED] - outFile = new java.io.File(((/Users/cckozie/Documents/MissionNext/Test Reports/Test Register Education Candidate on  + domain) + .txt)): null

03-03-2025T13:06:19 - [TEST_STEP][PASSED] - outFile = outFile: null

03-03-2025T13:06:19 - [TEST_STEP][PASSED] - outFile.write("Testing Register Education Candidate on " + domain + ".
"): null

03-03-2025T13:06:19 - [TEST_STEP][PASSED] - callTestCase(findTestCase("Admin/Delete User"), ["varUsername":username], STOP_ON_FAILURE): Call Test Case 'Test Cases/Admin/Delete User' successfully

03-03-2025T13:06:19 - [TEST_CASE][PASSED] - Test Cases/Admin/Delete User: Test Cases/Admin/Delete User

03-03-2025T13:06:19 - [TEST_STEP][PASSED] - if (binding.hasVariable("varUsername")): null

03-03-2025T13:06:19 - [TEST_STEP][PASSED] - username = varUsername: null

03-03-2025T13:06:19 - [TEST_STEP][PASSED] - writeFile = false: null

03-03-2025T13:06:19 - [TEST_STEP][PASSED] - println("outFile is " + outFile): null

03-03-2025T13:06:19 - [TEST_STEP][PASSED] - if (outFile != ""): null

03-03-2025T13:06:19 - [TEST_STEP][PASSED] - myFile = outFile: null

03-03-2025T13:06:19 - [TEST_STEP][PASSED] - println(myFile): null

03-03-2025T13:06:19 - [TEST_STEP][PASSED] - outFile = new java.io.File(myFile): null

03-03-2025T13:06:19 - [TEST_STEP][PASSED] - writeFile = true: null

03-03-2025T13:06:19 - [TEST_STEP][PASSED] - domain = domain: null

03-03-2025T13:06:19 - [TEST_STEP][PASSED] - url = "https://ad." + domain: null

03-03-2025T13:06:19 - [TEST_STEP][PASSED] - openBrowser(""): Browser is opened with url: ''

03-03-2025T13:06:19 - [MESSAGE][WARNING] - A browser is already opened. Closing browser and opening a new one

03-03-2025T13:06:19 - [MESSAGE][INFO] - Starting 'Chrome' driver

03-03-2025T13:06:19 - [MESSAGE][INFO] - Action delay is set to 0 milliseconds

03-03-2025T13:06:20 - [MESSAGE][PASSED] - Browser is opened with url: ''

03-03-2025T13:06:20 - [TEST_STEP][PASSED] - navigateToUrl(url): Navigate to 'https://ad.missionnext.org' successfully

03-03-2025T13:06:20 - [MESSAGE][PASSED] - Navigate to 'https://ad.missionnext.org' successfully

03-03-2025T13:06:20 - [TEST_STEP][PASSED] - setText(findTestObject("Admin/Ad Login/input_Username"), "chriskosieracki"): Text 'chriskosieracki' is set on object 'Object Repository/Admin/Ad Login/input_Username'

03-03-2025T13:06:20 - [MESSAGE][PASSED] - Text 'chriskosieracki' is set on object 'Object Repository/Admin/Ad Login/input_Username'

03-03-2025T13:06:20 - [TEST_STEP][PASSED] - setEncryptedText(findTestObject("Admin/Ad Login/input_Password"), "fAJOXt1JExHva3VUYg96Og=="): Text ****** has been set on object 'Object Repository/Admin/Ad Login/input_Password'

03-03-2025T13:06:20 - [MESSAGE][PASSED] - Text ****** has been set on object 'Object Repository/Admin/Ad Login/input_Password'

03-03-2025T13:06:20 - [TEST_STEP][PASSED] - click(findTestObject("Admin/Ad Login/btn_Submit")): Object: 'Object Repository/Admin/Ad Login/btn_Submit' is clicked on

03-03-2025T13:06:21 - [MESSAGE][PASSED] - Object: 'Object Repository/Admin/Ad Login/btn_Submit' is clicked on

03-03-2025T13:06:21 - [TEST_STEP][PASSED] - click(findTestObject("Admin/Ad Main/a_User Information  Administration")): Object: 'Object Repository/Admin/Ad Main/a_User Information  Administration' is clicked on

03-03-2025T13:06:22 - [MESSAGE][PASSED] - Object: 'Object Repository/Admin/Ad Main/a_User Information  Administration' is clicked on

03-03-2025T13:06:22 - [TEST_STEP][PASSED] - setText(findTestObject("Admin/Ad User Viewer Utility/input_Find account by Username"), username): Text 'cktest04ec' is set on object 'Object Repository/Admin/Ad User Viewer Utility/input_Find account by Username'

03-03-2025T13:06:22 - [MESSAGE][PASSED] - Text 'cktest04ec' is set on object 'Object Repository/Admin/Ad User Viewer Utility/input_Find account by Username'

03-03-2025T13:06:22 - [TEST_STEP][PASSED] - delay(1): Delayed 1 second(s)

03-03-2025T13:06:23 - [MESSAGE][PASSED] - Delayed 1 second(s)

03-03-2025T13:06:23 - [TEST_STEP][PASSED] - click(findTestObject("Admin/Ad User Viewer Utility/input_Find account by Username_beginning")): Object: 'Object Repository/Admin/Ad User Viewer Utility/input_Find account by Username_beginning' is clicked on

03-03-2025T13:06:23 - [MESSAGE][PASSED] - Object: 'Object Repository/Admin/Ad User Viewer Utility/input_Find account by Username_beginning' is clicked on

03-03-2025T13:06:23 - [TEST_STEP][PASSED] - delay(1): Delayed 1 second(s)

03-03-2025T13:06:24 - [MESSAGE][PASSED] - Delayed 1 second(s)

03-03-2025T13:06:24 - [TEST_STEP][PASSED] - driver = getWebDriver(): null

03-03-2025T13:06:24 - [TEST_STEP][PASSED] - Table = driver.findElement(By.xpath("//table[2]")): null

03-03-2025T13:06:24 - [TEST_STEP][PASSED] - Rows = Table.findElements(By.tagName("tr")): null

03-03-2025T13:06:24 - [TEST_STEP][PASSED] - row_count = Rows.size(): null

03-03-2025T13:06:24 - [TEST_STEP][PASSED] - found = false: null

03-03-2025T13:06:24 - [TEST_STEP][PASSED] - if (row_count > 0): null

03-03-2025T13:06:24 - [TEST_STEP][PASSED] - for ([row = 1, row < row_count, (row++)]): null

03-03-2025T13:06:24 - [TEST_STEP][PASSED] - if (found): null

03-03-2025T13:06:24 - [TEST_STEP][PASSED] - else: null

03-03-2025T13:06:24 - [TEST_STEP][PASSED] - outText = username + " was not found to be an active user.": null

03-03-2025T13:06:24 - [TEST_STEP][PASSED] - println("=====> " + outText): null

03-03-2025T13:06:24 - [TEST_STEP][PASSED] - outFile.append(outText + "
"): null

03-03-2025T13:06:24 - [TEST_STEP][PASSED] - closeBrowser(): Browser is closed

03-03-2025T13:06:24 - [MESSAGE][PASSED] - Browser is closed

03-03-2025T13:06:24 - [MESSAGE][PASSED] - Call Test Case 'Test Cases/Admin/Delete User' successfully

03-03-2025T13:06:24 - [TEST_STEP][PASSED] - tooltipImagePath = "/Users/cckozie/git/MissionNext-Katalon-Koz/images/education candidate/": null

03-03-2025T13:06:24 - [TEST_STEP][PASSED] - testObjectFolder = "Education Candidate Profile/Register/": null

03-03-2025T13:06:24 - [TEST_STEP][PASSED] - tooltips = ["dummy":"dummy", "Username":"img_Username_field-tooltip", "Email":"img_Email_field-tooltip", "Password":"img_Password_field-tooltip", ... ]: null

03-03-2025T13:06:24 - [TEST_STEP][PASSED] - tooltipText = ["Username":"Must be unique; at least 6 characters; contain only lowercase letters; allowable characters: numbers, @, dash, underscore or period, and can be an email address.", "Email":"Your primary email address and must be unique in our database.", ... ]: null

03-03-2025T13:06:24 - [TEST_STEP][PASSED] - pageLinks = ["Privacy Policy":"Privacy Policy", "Terms and Conditions":"Terms and Conditions"]: null

03-03-2025T13:06:24 - [TEST_STEP][PASSED] - requiredFieldMsgs = ["Username":"Username must be unique; at least 6 characters; contain only lowercase letters; allowable characters: numbers, @, dash, underscore or period, and can be an email address.", "Password":"The password should be at least twelve characters long; should include numbers, letters, capitals; may have special characters (@, #, *, spaces, etc.) and may include a passphrase.", ... ]: null

03-03-2025T13:06:24 - [TEST_STEP][PASSED] - openBrowser(""): Browser is opened with url: ''

03-03-2025T13:06:24 - [MESSAGE][INFO] - Starting 'Chrome' driver

03-03-2025T13:06:24 - [MESSAGE][INFO] - Action delay is set to 0 milliseconds

03-03-2025T13:06:25 - [MESSAGE][PASSED] - Browser is opened with url: ''

03-03-2025T13:06:25 - [TEST_STEP][PASSED] - maximizeWindow(): Current window maximized

03-03-2025T13:06:25 - [MESSAGE][PASSED] - Current window maximized

03-03-2025T13:06:25 - [TEST_STEP][PASSED] - navigateToUrl(url): Navigate to 'https://education.missionnext.org/signup/candidate' successfully

03-03-2025T13:06:27 - [MESSAGE][PASSED] - Navigate to 'https://education.missionnext.org/signup/candidate' successfully

03-03-2025T13:06:27 - [TEST_STEP][PASSED] - waitForPageLoad(10): Wait for page load successfully

03-03-2025T13:06:27 - [MESSAGE][PASSED] - Wait for page load successfully

03-03-2025T13:06:27 - [TEST_STEP][PASSED] - tooltipTextMap = callTestCase(findTestCase("_Functions/Get Screenshot and Tooltip Text"), ["varExtension":"Register"], STOP_ON_FAILURE): Call Test Case 'Test Cases/_Functions/Get Screenshot and Tooltip Text' successfully

03-03-2025T13:06:27 - [TEST_CASE][PASSED] - Test Cases/_Functions/Get Screenshot and Tooltip Text: Test Cases/_Functions/Get Screenshot and Tooltip Text

03-03-2025T13:06:27 - [TEST_STEP][PASSED] - if (fastPath): null

03-03-2025T13:06:27 - [TEST_STEP][PASSED] - return null: null

03-03-2025T13:06:27 - [MESSAGE][PASSED] - Call Test Case 'Test Cases/_Functions/Get Screenshot and Tooltip Text' successfully

03-03-2025T13:06:27 - [TEST_STEP][PASSED] - driver = getWebDriver(): null

03-03-2025T13:06:27 - [TEST_STEP][PASSED] - action = new org.openqa.selenium.interactions.Actions(driver): null

03-03-2025T13:06:27 - [TEST_STEP][ERROR] - callTestCase(findTestCase("_Functions/Test Tooltips"), ["varTooltipImagePath":tooltipImagePath, "varTooltips":tooltips, "varTooltipText":tooltipText, "varTestObjectFolder":testObjectFolder, ... ], STOP_ON_FAILURE): Test Cases/Education Candidate Profile/Register Education Candidate FAILED.
Reason:
com.kms.katalon.core.exception.StepErrorException: Call Test Case 'Test Cases/_Functions/Test Tooltips' failed because of error(s)
	at com.kms.katalon.core.keyword.builtin.CallTestCaseKeyword$_callTestCase_closure1.doCall(CallTestCaseKeyword.groovy:66)
	at com.kms.katalon.core.keyword.builtin.CallTestCaseKeyword$_callTestCase_closure1.call(CallTestCaseKeyword.groovy)
	at com.kms.katalon.core.keyword.internal.KeywordMain.runKeyword(KeywordMain.groovy:75)
	at com.kms.katalon.core.keyword.builtin.CallTestCaseKeyword.callTestCase(CallTestCaseKeyword.groovy:81)
	at com.kms.katalon.core.keyword.builtin.CallTestCaseKeyword.execute(CallTestCaseKeyword.groovy:44)
	at com.kms.katalon.core.keyword.internal.KeywordExecutor.executeKeywordForPlatform(KeywordExecutor.groovy:74)
	at com.kms.katalon.core.keyword.BuiltinKeywords.callTestCase(BuiltinKeywords.groovy:310)
	at java.base/jdk.internal.reflect.NativeMethodAccessorImpl.invoke0(Native Method)
	at java.base/jdk.internal.reflect.NativeMethodAccessorImpl.invoke(NativeMethodAccessorImpl.java:77)
	at java.base/jdk.internal.reflect.DelegatingMethodAccessorImpl.invoke(DelegatingMethodAccessorImpl.java:43)
	at Register Education Candidate.run(Register Education Candidate:111)
	at com.kms.katalon.core.main.ScriptEngine.run(ScriptEngine.java:194)
	at com.kms.katalon.core.main.ScriptEngine.runScriptAsRawText(ScriptEngine.java:119)
	at com.kms.katalon.core.main.TestCaseExecutor.runScript(TestCaseExecutor.java:448)
	at com.kms.katalon.core.main.TestCaseExecutor.doExecute(TestCaseExecutor.java:439)
	at com.kms.katalon.core.main.TestCaseExecutor.processExecutionPhase(TestCaseExecutor.java:418)
	at com.kms.katalon.core.main.TestCaseExecutor.accessMainPhase(TestCaseExecutor.java:410)
	at com.kms.katalon.core.main.TestCaseExecutor.execute(TestCaseExecutor.java:285)
	at com.kms.katalon.core.main.TestCaseExecutor.execute(TestCaseExecutor.java:369)
	at com.kms.katalon.core.main.TestCaseExecutor.execute(TestCaseExecutor.java:369)
	at com.kms.katalon.core.main.TestCaseExecutor.execute(TestCaseExecutor.java:369)
	at com.kms.katalon.core.common.CommonExecutor.accessTestCaseMainPhase(CommonExecutor.java:65)
	at com.kms.katalon.core.main.TestSuiteExecutor.accessTestSuiteMainPhase(TestSuiteExecutor.java:150)
	at com.kms.katalon.core.main.TestSuiteExecutor.execute(TestSuiteExecutor.java:106)
	at com.kms.katalon.core.main.TestCaseMain.startTestSuite(TestCaseMain.java:180)
	at TempTestSuite1741028740450.run(TempTestSuite1741028740450.groovy:35)
	at java.base/jdk.internal.reflect.NativeMethodAccessorImpl.invoke0(Native Method)
	at java.base/jdk.internal.reflect.NativeMethodAccessorImpl.invoke(NativeMethodAccessorImpl.java:77)
	at java.base/jdk.internal.reflect.DelegatingMethodAccessorImpl.invoke(DelegatingMethodAccessorImpl.java:43)
Caused by: org.codehaus.groovy.control.MultipleCompilationErrorsException: startup failed:
file:/Users/cckozie/git/MissionNext-Katalon-Koz/Scripts/_Functions/Test%20Tooltips/Script1736959727538.groovy: 66: unable to resolve class Screen
 @ line 66, column 8.
   Screen s = new Screen()
          ^

file:/Users/cckozie/git/MissionNext-Katalon-Koz/Scripts/_Functions/Test%20Tooltips/Script1736959727538.groovy: 66: unable to resolve class Screen
 @ line 66, column 12.
   Screen s = new Screen()
              ^

file:/Users/cckozie/git/MissionNext-Katalon-Koz/Scripts/_Functions/Test%20Tooltips/Script1736959727538.groovy: 104: unable to resolve class Pattern
 @ line 104, column 17.
           Pattern icn = new Pattern(myImage).similar(0.10)
                   ^

file:/Users/cckozie/git/MissionNext-Katalon-Koz/Scripts/_Functions/Test%20Tooltips/Script1736959727538.groovy: 104: unable to resolve class Pattern
 @ line 104, column 23.
           Pattern icn = new Pattern(myImage).similar(0.10)
                         ^

4 errors

	at com.kms.katalon.core.main.ScriptEngine.getScript(ScriptEngine.java:199)
	at com.kms.katalon.core.main.ScriptEngine.run(ScriptEngine.java:194)
	at com.kms.katalon.core.main.ScriptEngine.runScriptAsRawText(ScriptEngine.java:119)
	at com.kms.katalon.core.main.TestCaseExecutor.runScript(TestCaseExecutor.java:448)
	at com.kms.katalon.core.main.TestCaseExecutor.doExecute(TestCaseExecutor.java:439)
	at com.kms.katalon.core.main.TestCaseExecutor.processExecutionPhase(TestCaseExecutor.java:418)
	at com.kms.katalon.core.main.TestCaseExecutor.accessMainPhase(TestCaseExecutor.java:410)
	at com.kms.katalon.core.main.TestCaseExecutor.execute(TestCaseExecutor.java:285)
	at com.kms.katalon.core.main.TestCaseMain.runTestCase(TestCaseMain.java:137)
	at com.kms.katalon.core.keyword.builtin.CallTestCaseKeyword$_callTestCase_closure1.doCall(CallTestCaseKeyword.groovy:59)
	... 28 more


03-03-2025T13:06:27 - [TEST_CASE][ERROR] - Test Cases/_Functions/Test Tooltips: Test Cases/_Functions/Test Tooltips FAILED.
Reason:
org.codehaus.groovy.control.MultipleCompilationErrorsException: startup failed:
file:/Users/cckozie/git/MissionNext-Katalon-Koz/Scripts/_Functions/Test%20Tooltips/Script1736959727538.groovy: 66: unable to resolve class Screen
 @ line 66, column 8.
   Screen s = new Screen()
          ^

file:/Users/cckozie/git/MissionNext-Katalon-Koz/Scripts/_Functions/Test%20Tooltips/Script1736959727538.groovy: 66: unable to resolve class Screen
 @ line 66, column 12.
   Screen s = new Screen()
              ^

file:/Users/cckozie/git/MissionNext-Katalon-Koz/Scripts/_Functions/Test%20Tooltips/Script1736959727538.groovy: 104: unable to resolve class Pattern
 @ line 104, column 17.
           Pattern icn = new Pattern(myImage).similar(0.10)
                   ^

file:/Users/cckozie/git/MissionNext-Katalon-Koz/Scripts/_Functions/Test%20Tooltips/Script1736959727538.groovy: 104: unable to resolve class Pattern
 @ line 104, column 23.
           Pattern icn = new Pattern(myImage).similar(0.10)
                         ^

4 errors

	at com.kms.katalon.core.main.ScriptEngine.getScript(ScriptEngine.java:199)
	at com.kms.katalon.core.main.ScriptEngine.run(ScriptEngine.java:194)
	at com.kms.katalon.core.main.ScriptEngine.runScriptAsRawText(ScriptEngine.java:119)
	at com.kms.katalon.core.main.TestCaseExecutor.runScript(TestCaseExecutor.java:448)
	at com.kms.katalon.core.main.TestCaseExecutor.doExecute(TestCaseExecutor.java:439)
	at com.kms.katalon.core.main.TestCaseExecutor.processExecutionPhase(TestCaseExecutor.java:418)
	at com.kms.katalon.core.main.TestCaseExecutor.accessMainPhase(TestCaseExecutor.java:410)
	at com.kms.katalon.core.main.TestCaseExecutor.execute(TestCaseExecutor.java:285)
	at com.kms.katalon.core.main.TestCaseMain.runTestCase(TestCaseMain.java:137)
	at com.kms.katalon.core.keyword.builtin.CallTestCaseKeyword$_callTestCase_closure1.doCall(CallTestCaseKeyword.groovy:59)
	at com.kms.katalon.core.keyword.builtin.CallTestCaseKeyword$_callTestCase_closure1.call(CallTestCaseKeyword.groovy)
	at com.kms.katalon.core.keyword.internal.KeywordMain.runKeyword(KeywordMain.groovy:75)
	at com.kms.katalon.core.keyword.builtin.CallTestCaseKeyword.callTestCase(CallTestCaseKeyword.groovy:81)
	at com.kms.katalon.core.keyword.builtin.CallTestCaseKeyword.execute(CallTestCaseKeyword.groovy:44)
	at com.kms.katalon.core.keyword.internal.KeywordExecutor.executeKeywordForPlatform(KeywordExecutor.groovy:74)
	at com.kms.katalon.core.keyword.BuiltinKeywords.callTestCase(BuiltinKeywords.groovy:310)
	at java.base/jdk.internal.reflect.NativeMethodAccessorImpl.invoke0(Native Method)
	at java.base/jdk.internal.reflect.NativeMethodAccessorImpl.invoke(NativeMethodAccessorImpl.java:77)
	at java.base/jdk.internal.reflect.DelegatingMethodAccessorImpl.invoke(DelegatingMethodAccessorImpl.java:43)
	at Register Education Candidate.run(Register Education Candidate:111)
	at com.kms.katalon.core.main.ScriptEngine.run(ScriptEngine.java:194)
	at com.kms.katalon.core.main.ScriptEngine.runScriptAsRawText(ScriptEngine.java:119)
	at com.kms.katalon.core.main.TestCaseExecutor.runScript(TestCaseExecutor.java:448)
	at com.kms.katalon.core.main.TestCaseExecutor.doExecute(TestCaseExecutor.java:439)
	at com.kms.katalon.core.main.TestCaseExecutor.processExecutionPhase(TestCaseExecutor.java:418)
	at com.kms.katalon.core.main.TestCaseExecutor.accessMainPhase(TestCaseExecutor.java:410)
	at com.kms.katalon.core.main.TestCaseExecutor.execute(TestCaseExecutor.java:285)
	at com.kms.katalon.core.main.TestCaseExecutor.execute(TestCaseExecutor.java:369)
	at com.kms.katalon.core.main.TestCaseExecutor.execute(TestCaseExecutor.java:369)
	at com.kms.katalon.core.main.TestCaseExecutor.execute(TestCaseExecutor.java:369)
	at com.kms.katalon.core.common.CommonExecutor.accessTestCaseMainPhase(CommonExecutor.java:65)
	at com.kms.katalon.core.main.TestSuiteExecutor.accessTestSuiteMainPhase(TestSuiteExecutor.java:150)
	at com.kms.katalon.core.main.TestSuiteExecutor.execute(TestSuiteExecutor.java:106)
	at com.kms.katalon.core.main.TestCaseMain.startTestSuite(TestCaseMain.java:180)
	at TempTestSuite1741028740450.run(TempTestSuite1741028740450.groovy:35)
	at java.base/jdk.internal.reflect.NativeMethodAccessorImpl.invoke0(Native Method)
	at java.base/jdk.internal.reflect.NativeMethodAccessorImpl.invoke(NativeMethodAccessorImpl.java:77)
	at java.base/jdk.internal.reflect.DelegatingMethodAccessorImpl.invoke(DelegatingMethodAccessorImpl.java:43)


03-03-2025T13:06:27 - [MESSAGE][FAILED] - Unable to call Test Case 'Test Cases/_Functions/Test Tooltips' (Root cause: com.kms.katalon.core.exception.StepErrorException: Call Test Case 'Test Cases/_Functions/Test Tooltips' failed because of error(s)
	at com.kms.katalon.core.keyword.builtin.CallTestCaseKeyword$_callTestCase_closure1.doCall(CallTestCaseKeyword.groovy:66)
	at com.kms.katalon.core.keyword.builtin.CallTestCaseKeyword$_callTestCase_closure1.call(CallTestCaseKeyword.groovy)
	at com.kms.katalon.core.keyword.internal.KeywordMain.runKeyword(KeywordMain.groovy:75)
	at com.kms.katalon.core.keyword.builtin.CallTestCaseKeyword.callTestCase(CallTestCaseKeyword.groovy:81)
	at com.kms.katalon.core.keyword.builtin.CallTestCaseKeyword.execute(CallTestCaseKeyword.groovy:44)
	at com.kms.katalon.core.keyword.internal.KeywordExecutor.executeKeywordForPlatform(KeywordExecutor.groovy:74)
	at com.kms.katalon.core.keyword.BuiltinKeywords.callTestCase(BuiltinKeywords.groovy:310)
	at java.base/jdk.internal.reflect.NativeMethodAccessorImpl.invoke0(Native Method)
	at java.base/jdk.internal.reflect.NativeMethodAccessorImpl.invoke(NativeMethodAccessorImpl.java:77)
	at java.base/jdk.internal.reflect.DelegatingMethodAccessorImpl.invoke(DelegatingMethodAccessorImpl.java:43)
	at Register Education Candidate.run(Register Education Candidate:111)
	at com.kms.katalon.core.main.ScriptEngine.run(ScriptEngine.java:194)
	at com.kms.katalon.core.main.ScriptEngine.runScriptAsRawText(ScriptEngine.java:119)
	at com.kms.katalon.core.main.TestCaseExecutor.runScript(TestCaseExecutor.java:448)
	at com.kms.katalon.core.main.TestCaseExecutor.doExecute(TestCaseExecutor.java:439)
	at com.kms.katalon.core.main.TestCaseExecutor.processExecutionPhase(TestCaseExecutor.java:418)
	at com.kms.katalon.core.main.TestCaseExecutor.accessMainPhase(TestCaseExecutor.java:410)
	at com.kms.katalon.core.main.TestCaseExecutor.execute(TestCaseExecutor.java:285)
	at com.kms.katalon.core.main.TestCaseExecutor.execute(TestCaseExecutor.java:369)
	at com.kms.katalon.core.main.TestCaseExecutor.execute(TestCaseExecutor.java:369)
	at com.kms.katalon.core.main.TestCaseExecutor.execute(TestCaseExecutor.java:369)
	at com.kms.katalon.core.common.CommonExecutor.accessTestCaseMainPhase(CommonExecutor.java:65)
	at com.kms.katalon.core.main.TestSuiteExecutor.accessTestSuiteMainPhase(TestSuiteExecutor.java:150)
	at com.kms.katalon.core.main.TestSuiteExecutor.execute(TestSuiteExecutor.java:106)
	at com.kms.katalon.core.main.TestCaseMain.startTestSuite(TestCaseMain.java:180)
	at TempTestSuite1741028740450.run(TempTestSuite1741028740450.groovy:35)
	at java.base/jdk.internal.reflect.NativeMethodAccessorImpl.invoke0(Native Method)
	at java.base/jdk.internal.reflect.NativeMethodAccessorImpl.invoke(NativeMethodAccessorImpl.java:77)
	at java.base/jdk.internal.reflect.DelegatingMethodAccessorImpl.invoke(DelegatingMethodAccessorImpl.java:43)
Caused by: org.codehaus.groovy.control.MultipleCompilationErrorsException: startup failed:
file:/Users/cckozie/git/MissionNext-Katalon-Koz/Scripts/_Functions/Test%20Tooltips/Script1736959727538.groovy: 66: unable to resolve class Screen
 @ line 66, column 8.
   Screen s = new Screen()
          ^

file:/Users/cckozie/git/MissionNext-Katalon-Koz/Scripts/_Functions/Test%20Tooltips/Script1736959727538.groovy: 66: unable to resolve class Screen
 @ line 66, column 12.
   Screen s = new Screen()
              ^

file:/Users/cckozie/git/MissionNext-Katalon-Koz/Scripts/_Functions/Test%20Tooltips/Script1736959727538.groovy: 104: unable to resolve class Pattern
 @ line 104, column 17.
           Pattern icn = new Pattern(myImage).similar(0.10)
                   ^

file:/Users/cckozie/git/MissionNext-Katalon-Koz/Scripts/_Functions/Test%20Tooltips/Script1736959727538.groovy: 104: unable to resolve class Pattern
 @ line 104, column 23.
           Pattern icn = new Pattern(myImage).similar(0.10)
                         ^

4 errors

	at com.kms.katalon.core.main.ScriptEngine.getScript(ScriptEngine.java:199)
	at com.kms.katalon.core.main.ScriptEngine.run(ScriptEngine.java:194)
	at com.kms.katalon.core.main.ScriptEngine.runScriptAsRawText(ScriptEngine.java:119)
	at com.kms.katalon.core.main.TestCaseExecutor.runScript(TestCaseExecutor.java:448)
	at com.kms.katalon.core.main.TestCaseExecutor.doExecute(TestCaseExecutor.java:439)
	at com.kms.katalon.core.main.TestCaseExecutor.processExecutionPhase(TestCaseExecutor.java:418)
	at com.kms.katalon.core.main.TestCaseExecutor.accessMainPhase(TestCaseExecutor.java:410)
	at com.kms.katalon.core.main.TestCaseExecutor.execute(TestCaseExecutor.java:285)
	at com.kms.katalon.core.main.TestCaseMain.runTestCase(TestCaseMain.java:137)
	at com.kms.katalon.core.keyword.builtin.CallTestCaseKeyword$_callTestCase_closure1.doCall(CallTestCaseKeyword.groovy:59)
	... 28 more
)

03-03-2025T13:06:27 - [MESSAGE][ERROR] - Test Cases/Education Candidate Profile/Register Education Candidate FAILED.
Reason:
com.kms.katalon.core.exception.StepErrorException: Call Test Case 'Test Cases/_Functions/Test Tooltips' failed because of error(s)
	at com.kms.katalon.core.keyword.builtin.CallTestCaseKeyword$_callTestCase_closure1.doCall(CallTestCaseKeyword.groovy:66)
	at com.kms.katalon.core.keyword.builtin.CallTestCaseKeyword$_callTestCase_closure1.call(CallTestCaseKeyword.groovy)
	at com.kms.katalon.core.keyword.internal.KeywordMain.runKeyword(KeywordMain.groovy:75)
	at com.kms.katalon.core.keyword.builtin.CallTestCaseKeyword.callTestCase(CallTestCaseKeyword.groovy:81)
	at com.kms.katalon.core.keyword.builtin.CallTestCaseKeyword.execute(CallTestCaseKeyword.groovy:44)
	at com.kms.katalon.core.keyword.internal.KeywordExecutor.executeKeywordForPlatform(KeywordExecutor.groovy:74)
	at com.kms.katalon.core.keyword.BuiltinKeywords.callTestCase(BuiltinKeywords.groovy:310)
	at java.base/jdk.internal.reflect.NativeMethodAccessorImpl.invoke0(Native Method)
	at java.base/jdk.internal.reflect.NativeMethodAccessorImpl.invoke(NativeMethodAccessorImpl.java:77)
	at java.base/jdk.internal.reflect.DelegatingMethodAccessorImpl.invoke(DelegatingMethodAccessorImpl.java:43)
	at Register Education Candidate.run(Register Education Candidate:111)
	at com.kms.katalon.core.main.ScriptEngine.run(ScriptEngine.java:194)
	at com.kms.katalon.core.main.ScriptEngine.runScriptAsRawText(ScriptEngine.java:119)
	at com.kms.katalon.core.main.TestCaseExecutor.runScript(TestCaseExecutor.java:448)
	at com.kms.katalon.core.main.TestCaseExecutor.doExecute(TestCaseExecutor.java:439)
	at com.kms.katalon.core.main.TestCaseExecutor.processExecutionPhase(TestCaseExecutor.java:418)
	at com.kms.katalon.core.main.TestCaseExecutor.accessMainPhase(TestCaseExecutor.java:410)
	at com.kms.katalon.core.main.TestCaseExecutor.execute(TestCaseExecutor.java:285)
	at com.kms.katalon.core.main.TestCaseExecutor.execute(TestCaseExecutor.java:369)
	at com.kms.katalon.core.main.TestCaseExecutor.execute(TestCaseExecutor.java:369)
	at com.kms.katalon.core.main.TestCaseExecutor.execute(TestCaseExecutor.java:369)
	at com.kms.katalon.core.common.CommonExecutor.accessTestCaseMainPhase(CommonExecutor.java:65)
	at com.kms.katalon.core.main.TestSuiteExecutor.accessTestSuiteMainPhase(TestSuiteExecutor.java:150)
	at com.kms.katalon.core.main.TestSuiteExecutor.execute(TestSuiteExecutor.java:106)
	at com.kms.katalon.core.main.TestCaseMain.startTestSuite(TestCaseMain.java:180)
	at TempTestSuite1741028740450.run(TempTestSuite1741028740450.groovy:35)
	at java.base/jdk.internal.reflect.NativeMethodAccessorImpl.invoke0(Native Method)
	at java.base/jdk.internal.reflect.NativeMethodAccessorImpl.invoke(NativeMethodAccessorImpl.java:77)
	at java.base/jdk.internal.reflect.DelegatingMethodAccessorImpl.invoke(DelegatingMethodAccessorImpl.java:43)
Caused by: org.codehaus.groovy.control.MultipleCompilationErrorsException: startup failed:
file:/Users/cckozie/git/MissionNext-Katalon-Koz/Scripts/_Functions/Test%20Tooltips/Script1736959727538.groovy: 66: unable to resolve class Screen
 @ line 66, column 8.
   Screen s = new Screen()
          ^

file:/Users/cckozie/git/MissionNext-Katalon-Koz/Scripts/_Functions/Test%20Tooltips/Script1736959727538.groovy: 66: unable to resolve class Screen
 @ line 66, column 12.
   Screen s = new Screen()
              ^

file:/Users/cckozie/git/MissionNext-Katalon-Koz/Scripts/_Functions/Test%20Tooltips/Script1736959727538.groovy: 104: unable to resolve class Pattern
 @ line 104, column 17.
           Pattern icn = new Pattern(myImage).similar(0.10)
                   ^

file:/Users/cckozie/git/MissionNext-Katalon-Koz/Scripts/_Functions/Test%20Tooltips/Script1736959727538.groovy: 104: unable to resolve class Pattern
 @ line 104, column 23.
           Pattern icn = new Pattern(myImage).similar(0.10)
                         ^

4 errors

	at com.kms.katalon.core.main.ScriptEngine.getScript(ScriptEngine.java:199)
	at com.kms.katalon.core.main.ScriptEngine.run(ScriptEngine.java:194)
	at com.kms.katalon.core.main.ScriptEngine.runScriptAsRawText(ScriptEngine.java:119)
	at com.kms.katalon.core.main.TestCaseExecutor.runScript(TestCaseExecutor.java:448)
	at com.kms.katalon.core.main.TestCaseExecutor.doExecute(TestCaseExecutor.java:439)
	at com.kms.katalon.core.main.TestCaseExecutor.processExecutionPhase(TestCaseExecutor.java:418)
	at com.kms.katalon.core.main.TestCaseExecutor.accessMainPhase(TestCaseExecutor.java:410)
	at com.kms.katalon.core.main.TestCaseExecutor.execute(TestCaseExecutor.java:285)
	at com.kms.katalon.core.main.TestCaseMain.runTestCase(TestCaseMain.java:137)
	at com.kms.katalon.core.keyword.builtin.CallTestCaseKeyword$_callTestCase_closure1.doCall(CallTestCaseKeyword.groovy:59)
	... 28 more]]></system-out>
         <system-err><![CDATA[03-03-2025T13:06:19 - [TEST_CASE][ERROR] - Test Cases/Education Candidate Profile/Register Education Candidate: Test Cases/Education Candidate Profile/Register Education Candidate FAILED.
Reason:
com.kms.katalon.core.exception.StepErrorException: Call Test Case 'Test Cases/_Functions/Test Tooltips' failed because of error(s)
	at com.kms.katalon.core.keyword.builtin.CallTestCaseKeyword$_callTestCase_closure1.doCall(CallTestCaseKeyword.groovy:66)
	at com.kms.katalon.core.keyword.builtin.CallTestCaseKeyword$_callTestCase_closure1.call(CallTestCaseKeyword.groovy)
	at com.kms.katalon.core.keyword.internal.KeywordMain.runKeyword(KeywordMain.groovy:75)
	at com.kms.katalon.core.keyword.builtin.CallTestCaseKeyword.callTestCase(CallTestCaseKeyword.groovy:81)
	at com.kms.katalon.core.keyword.builtin.CallTestCaseKeyword.execute(CallTestCaseKeyword.groovy:44)
	at com.kms.katalon.core.keyword.internal.KeywordExecutor.executeKeywordForPlatform(KeywordExecutor.groovy:74)
	at com.kms.katalon.core.keyword.BuiltinKeywords.callTestCase(BuiltinKeywords.groovy:310)
	at java.base/jdk.internal.reflect.NativeMethodAccessorImpl.invoke0(Native Method)
	at java.base/jdk.internal.reflect.NativeMethodAccessorImpl.invoke(NativeMethodAccessorImpl.java:77)
	at java.base/jdk.internal.reflect.DelegatingMethodAccessorImpl.invoke(DelegatingMethodAccessorImpl.java:43)
	at Register Education Candidate.run(Register Education Candidate:111)
	at com.kms.katalon.core.main.ScriptEngine.run(ScriptEngine.java:194)
	at com.kms.katalon.core.main.ScriptEngine.runScriptAsRawText(ScriptEngine.java:119)
	at com.kms.katalon.core.main.TestCaseExecutor.runScript(TestCaseExecutor.java:448)
	at com.kms.katalon.core.main.TestCaseExecutor.doExecute(TestCaseExecutor.java:439)
	at com.kms.katalon.core.main.TestCaseExecutor.processExecutionPhase(TestCaseExecutor.java:418)
	at com.kms.katalon.core.main.TestCaseExecutor.accessMainPhase(TestCaseExecutor.java:410)
	at com.kms.katalon.core.main.TestCaseExecutor.execute(TestCaseExecutor.java:285)
	at com.kms.katalon.core.main.TestCaseExecutor.execute(TestCaseExecutor.java:369)
	at com.kms.katalon.core.main.TestCaseExecutor.execute(TestCaseExecutor.java:369)
	at com.kms.katalon.core.main.TestCaseExecutor.execute(TestCaseExecutor.java:369)
	at com.kms.katalon.core.common.CommonExecutor.accessTestCaseMainPhase(CommonExecutor.java:65)
	at com.kms.katalon.core.main.TestSuiteExecutor.accessTestSuiteMainPhase(TestSuiteExecutor.java:150)
	at com.kms.katalon.core.main.TestSuiteExecutor.execute(TestSuiteExecutor.java:106)
	at com.kms.katalon.core.main.TestCaseMain.startTestSuite(TestCaseMain.java:180)
	at TempTestSuite1741028740450.run(TempTestSuite1741028740450.groovy:35)
	at java.base/jdk.internal.reflect.NativeMethodAccessorImpl.invoke0(Native Method)
	at java.base/jdk.internal.reflect.NativeMethodAccessorImpl.invoke(NativeMethodAccessorImpl.java:77)
	at java.base/jdk.internal.reflect.DelegatingMethodAccessorImpl.invoke(DelegatingMethodAccessorImpl.java:43)
Caused by: org.codehaus.groovy.control.MultipleCompilationErrorsException: startup failed:
file:/Users/cckozie/git/MissionNext-Katalon-Koz/Scripts/_Functions/Test%20Tooltips/Script1736959727538.groovy: 66: unable to resolve class Screen
 @ line 66, column 8.
   Screen s = new Screen()
          ^

file:/Users/cckozie/git/MissionNext-Katalon-Koz/Scripts/_Functions/Test%20Tooltips/Script1736959727538.groovy: 66: unable to resolve class Screen
 @ line 66, column 12.
   Screen s = new Screen()
              ^

file:/Users/cckozie/git/MissionNext-Katalon-Koz/Scripts/_Functions/Test%20Tooltips/Script1736959727538.groovy: 104: unable to resolve class Pattern
 @ line 104, column 17.
           Pattern icn = new Pattern(myImage).similar(0.10)
                   ^

file:/Users/cckozie/git/MissionNext-Katalon-Koz/Scripts/_Functions/Test%20Tooltips/Script1736959727538.groovy: 104: unable to resolve class Pattern
 @ line 104, column 23.
           Pattern icn = new Pattern(myImage).similar(0.10)
                         ^

4 errors

	at com.kms.katalon.core.main.ScriptEngine.getScript(ScriptEngine.java:199)
	at com.kms.katalon.core.main.ScriptEngine.run(ScriptEngine.java:194)
	at com.kms.katalon.core.main.ScriptEngine.runScriptAsRawText(ScriptEngine.java:119)
	at com.kms.katalon.core.main.TestCaseExecutor.runScript(TestCaseExecutor.java:448)
	at com.kms.katalon.core.main.TestCaseExecutor.doExecute(TestCaseExecutor.java:439)
	at com.kms.katalon.core.main.TestCaseExecutor.processExecutionPhase(TestCaseExecutor.java:418)
	at com.kms.katalon.core.main.TestCaseExecutor.accessMainPhase(TestCaseExecutor.java:410)
	at com.kms.katalon.core.main.TestCaseExecutor.execute(TestCaseExecutor.java:285)
	at com.kms.katalon.core.main.TestCaseMain.runTestCase(TestCaseMain.java:137)
	at com.kms.katalon.core.keyword.builtin.CallTestCaseKeyword$_callTestCase_closure1.doCall(CallTestCaseKeyword.groovy:59)
	... 28 more]]></system-err>
      </testcase>
      <system-out><![CDATA[03-03-2025T13:05:49 - [TEST_SUITE][ERROR] - Education Candidate Test Suite: Test Cases/Education Candidate Profile/Register Education Candidate FAILED.
Reason:
com.kms.katalon.core.exception.StepErrorException: Call Test Case 'Test Cases/_Functions/Test Tooltips' failed because of error(s)
	at com.kms.katalon.core.keyword.builtin.CallTestCaseKeyword$_callTestCase_closure1.doCall(CallTestCaseKeyword.groovy:66)
	at com.kms.katalon.core.keyword.builtin.CallTestCaseKeyword$_callTestCase_closure1.call(CallTestCaseKeyword.groovy)
	at com.kms.katalon.core.keyword.internal.KeywordMain.runKeyword(KeywordMain.groovy:75)
	at com.kms.katalon.core.keyword.builtin.CallTestCaseKeyword.callTestCase(CallTestCaseKeyword.groovy:81)
	at com.kms.katalon.core.keyword.builtin.CallTestCaseKeyword.execute(CallTestCaseKeyword.groovy:44)
	at com.kms.katalon.core.keyword.internal.KeywordExecutor.executeKeywordForPlatform(KeywordExecutor.groovy:74)
	at com.kms.katalon.core.keyword.BuiltinKeywords.callTestCase(BuiltinKeywords.groovy:310)
	at java.base/jdk.internal.reflect.NativeMethodAccessorImpl.invoke0(Native Method)
	at java.base/jdk.internal.reflect.NativeMethodAccessorImpl.invoke(NativeMethodAccessorImpl.java:77)
	at java.base/jdk.internal.reflect.DelegatingMethodAccessorImpl.invoke(DelegatingMethodAccessorImpl.java:43)
	at Register Education Candidate.run(Register Education Candidate:111)
	at com.kms.katalon.core.main.ScriptEngine.run(ScriptEngine.java:194)
	at com.kms.katalon.core.main.ScriptEngine.runScriptAsRawText(ScriptEngine.java:119)
	at com.kms.katalon.core.main.TestCaseExecutor.runScript(TestCaseExecutor.java:448)
	at com.kms.katalon.core.main.TestCaseExecutor.doExecute(TestCaseExecutor.java:439)
	at com.kms.katalon.core.main.TestCaseExecutor.processExecutionPhase(TestCaseExecutor.java:418)
	at com.kms.katalon.core.main.TestCaseExecutor.accessMainPhase(TestCaseExecutor.java:410)
	at com.kms.katalon.core.main.TestCaseExecutor.execute(TestCaseExecutor.java:285)
	at com.kms.katalon.core.common.CommonExecutor.accessTestCaseMainPhase(CommonExecutor.java:65)
	at com.kms.katalon.core.main.TestSuiteExecutor.accessTestSuiteMainPhase(TestSuiteExecutor.java:150)
	at com.kms.katalon.core.main.TestSuiteExecutor.execute(TestSuiteExecutor.java:106)
	at com.kms.katalon.core.main.TestCaseMain.startTestSuite(TestCaseMain.java:180)
	at TempTestSuite1741028740450.run(TempTestSuite1741028740450.groovy:35)
	at java.base/jdk.internal.reflect.NativeMethodAccessorImpl.invoke0(Native Method)
	at java.base/jdk.internal.reflect.NativeMethodAccessorImpl.invoke(NativeMethodAccessorImpl.java:77)
	at java.base/jdk.internal.reflect.DelegatingMethodAccessorImpl.invoke(DelegatingMethodAccessorImpl.java:43)
Caused by: org.codehaus.groovy.control.MultipleCompilationErrorsException: startup failed:
file:/Users/cckozie/git/MissionNext-Katalon-Koz/Scripts/_Functions/Test%20Tooltips/Script1736959727538.groovy: 66: unable to resolve class Screen
 @ line 66, column 8.
   Screen s = new Screen()
          ^

file:/Users/cckozie/git/MissionNext-Katalon-Koz/Scripts/_Functions/Test%20Tooltips/Script1736959727538.groovy: 66: unable to resolve class Screen
 @ line 66, column 12.
   Screen s = new Screen()
              ^

file:/Users/cckozie/git/MissionNext-Katalon-Koz/Scripts/_Functions/Test%20Tooltips/Script1736959727538.groovy: 104: unable to resolve class Pattern
 @ line 104, column 17.
           Pattern icn = new Pattern(myImage).similar(0.10)
                   ^

file:/Users/cckozie/git/MissionNext-Katalon-Koz/Scripts/_Functions/Test%20Tooltips/Script1736959727538.groovy: 104: unable to resolve class Pattern
 @ line 104, column 23.
           Pattern icn = new Pattern(myImage).similar(0.10)
                         ^

4 errors

	at com.kms.katalon.core.main.ScriptEngine.getScript(ScriptEngine.java:199)
	at com.kms.katalon.core.main.ScriptEngine.run(ScriptEngine.java:194)
	at com.kms.katalon.core.main.ScriptEngine.runScriptAsRawText(ScriptEngine.java:119)
	at com.kms.katalon.core.main.TestCaseExecutor.runScript(TestCaseExecutor.java:448)
	at com.kms.katalon.core.main.TestCaseExecutor.doExecute(TestCaseExecutor.java:439)
	at com.kms.katalon.core.main.TestCaseExecutor.processExecutionPhase(TestCaseExecutor.java:418)
	at com.kms.katalon.core.main.TestCaseExecutor.accessMainPhase(TestCaseExecutor.java:410)
	at com.kms.katalon.core.main.TestCaseExecutor.execute(TestCaseExecutor.java:285)
	at com.kms.katalon.core.main.TestCaseMain.runTestCase(TestCaseMain.java:137)
	at com.kms.katalon.core.keyword.builtin.CallTestCaseKeyword$_callTestCase_closure1.doCall(CallTestCaseKeyword.groovy:59)
	... 25 more]]></system-out>
      <system-err><![CDATA[03-03-2025T13:05:49 - [TEST_SUITE][ERROR] - Education Candidate Test Suite: Test Cases/Education Candidate Profile/Register Education Candidate FAILED.
Reason:
com.kms.katalon.core.exception.StepErrorException: Call Test Case 'Test Cases/_Functions/Test Tooltips' failed because of error(s)
	at com.kms.katalon.core.keyword.builtin.CallTestCaseKeyword$_callTestCase_closure1.doCall(CallTestCaseKeyword.groovy:66)
	at com.kms.katalon.core.keyword.builtin.CallTestCaseKeyword$_callTestCase_closure1.call(CallTestCaseKeyword.groovy)
	at com.kms.katalon.core.keyword.internal.KeywordMain.runKeyword(KeywordMain.groovy:75)
	at com.kms.katalon.core.keyword.builtin.CallTestCaseKeyword.callTestCase(CallTestCaseKeyword.groovy:81)
	at com.kms.katalon.core.keyword.builtin.CallTestCaseKeyword.execute(CallTestCaseKeyword.groovy:44)
	at com.kms.katalon.core.keyword.internal.KeywordExecutor.executeKeywordForPlatform(KeywordExecutor.groovy:74)
	at com.kms.katalon.core.keyword.BuiltinKeywords.callTestCase(BuiltinKeywords.groovy:310)
	at java.base/jdk.internal.reflect.NativeMethodAccessorImpl.invoke0(Native Method)
	at java.base/jdk.internal.reflect.NativeMethodAccessorImpl.invoke(NativeMethodAccessorImpl.java:77)
	at java.base/jdk.internal.reflect.DelegatingMethodAccessorImpl.invoke(DelegatingMethodAccessorImpl.java:43)
	at Register Education Candidate.run(Register Education Candidate:111)
	at com.kms.katalon.core.main.ScriptEngine.run(ScriptEngine.java:194)
	at com.kms.katalon.core.main.ScriptEngine.runScriptAsRawText(ScriptEngine.java:119)
	at com.kms.katalon.core.main.TestCaseExecutor.runScript(TestCaseExecutor.java:448)
	at com.kms.katalon.core.main.TestCaseExecutor.doExecute(TestCaseExecutor.java:439)
	at com.kms.katalon.core.main.TestCaseExecutor.processExecutionPhase(TestCaseExecutor.java:418)
	at com.kms.katalon.core.main.TestCaseExecutor.accessMainPhase(TestCaseExecutor.java:410)
	at com.kms.katalon.core.main.TestCaseExecutor.execute(TestCaseExecutor.java:285)
	at com.kms.katalon.core.common.CommonExecutor.accessTestCaseMainPhase(CommonExecutor.java:65)
	at com.kms.katalon.core.main.TestSuiteExecutor.accessTestSuiteMainPhase(TestSuiteExecutor.java:150)
	at com.kms.katalon.core.main.TestSuiteExecutor.execute(TestSuiteExecutor.java:106)
	at com.kms.katalon.core.main.TestCaseMain.startTestSuite(TestCaseMain.java:180)
	at TempTestSuite1741028740450.run(TempTestSuite1741028740450.groovy:35)
	at java.base/jdk.internal.reflect.NativeMethodAccessorImpl.invoke0(Native Method)
	at java.base/jdk.internal.reflect.NativeMethodAccessorImpl.invoke(NativeMethodAccessorImpl.java:77)
	at java.base/jdk.internal.reflect.DelegatingMethodAccessorImpl.invoke(DelegatingMethodAccessorImpl.java:43)
Caused by: org.codehaus.groovy.control.MultipleCompilationErrorsException: startup failed:
file:/Users/cckozie/git/MissionNext-Katalon-Koz/Scripts/_Functions/Test%20Tooltips/Script1736959727538.groovy: 66: unable to resolve class Screen
 @ line 66, column 8.
   Screen s = new Screen()
          ^

file:/Users/cckozie/git/MissionNext-Katalon-Koz/Scripts/_Functions/Test%20Tooltips/Script1736959727538.groovy: 66: unable to resolve class Screen
 @ line 66, column 12.
   Screen s = new Screen()
              ^

file:/Users/cckozie/git/MissionNext-Katalon-Koz/Scripts/_Functions/Test%20Tooltips/Script1736959727538.groovy: 104: unable to resolve class Pattern
 @ line 104, column 17.
           Pattern icn = new Pattern(myImage).similar(0.10)
                   ^

file:/Users/cckozie/git/MissionNext-Katalon-Koz/Scripts/_Functions/Test%20Tooltips/Script1736959727538.groovy: 104: unable to resolve class Pattern
 @ line 104, column 23.
           Pattern icn = new Pattern(myImage).similar(0.10)
                         ^

4 errors

	at com.kms.katalon.core.main.ScriptEngine.getScript(ScriptEngine.java:199)
	at com.kms.katalon.core.main.ScriptEngine.run(ScriptEngine.java:194)
	at com.kms.katalon.core.main.ScriptEngine.runScriptAsRawText(ScriptEngine.java:119)
	at com.kms.katalon.core.main.TestCaseExecutor.runScript(TestCaseExecutor.java:448)
	at com.kms.katalon.core.main.TestCaseExecutor.doExecute(TestCaseExecutor.java:439)
	at com.kms.katalon.core.main.TestCaseExecutor.processExecutionPhase(TestCaseExecutor.java:418)
	at com.kms.katalon.core.main.TestCaseExecutor.accessMainPhase(TestCaseExecutor.java:410)
	at com.kms.katalon.core.main.TestCaseExecutor.execute(TestCaseExecutor.java:285)
	at com.kms.katalon.core.main.TestCaseMain.runTestCase(TestCaseMain.java:137)
	at com.kms.katalon.core.keyword.builtin.CallTestCaseKeyword$_callTestCase_closure1.doCall(CallTestCaseKeyword.groovy:59)
	... 25 more]]></system-err>
   </testsuite>
</testsuites>
