<?xml version="1.0" encoding="UTF-8" standalone="no"?>
<!DOCTYPE log SYSTEM "logger.dtd">
<log>
<record>
  <date>2025-03-03T18:58:44.704778Z</date>
  <millis>1741028324704</millis>
  <nanos>778000</nanos>
  <sequence>0</sequence>
  <level>START</level>
  <class>com.kms.katalon.core.logging.XmlKeywordLogger</class>
  <method>startSuite</method>
  <thread>1</thread>
  <message>Start Test Suite : Test Suites/Education Partner Test Suite</message>
  <nestedLevel>0</nestedLevel>
  <escapedJava>false</escapedJava>
  <property name="rerunTestFailImmediately">false</property>
  <property name="retryCount">0</property>
  <property name="name">Education Partner Test Suite</property>
  <property name="description"></property>
  <property name="id">Test Suites/Education Partner Test Suite</property>
</record>
<record>
  <date>2025-03-03T18:58:44.709974Z</date>
  <millis>1741028324709</millis>
  <nanos>974000</nanos>
  <sequence>1</sequence>
  <level>RUN_DATA</level>
  <class>com.kms.katalon.core.logging.XmlKeywordLogger</class>
  <method>logMessage</method>
  <thread>1</thread>
  <message>hostName = cckozie - 192.168.4.43</message>
  <nestedLevel>0</nestedLevel>
  <escapedJava>false</escapedJava>
  <property name="hostName">cckozie - 192.168.4.43</property>
</record>
<record>
  <date>2025-03-03T18:58:44.710397Z</date>
  <millis>1741028324710</millis>
  <nanos>397000</nanos>
  <sequence>2</sequence>
  <level>RUN_DATA</level>
  <class>com.kms.katalon.core.logging.XmlKeywordLogger</class>
  <method>logMessage</method>
  <thread>1</thread>
  <message>os = Mac OS X 64bit</message>
  <nestedLevel>0</nestedLevel>
  <escapedJava>false</escapedJava>
  <property name="os">Mac OS X 64bit</property>
</record>
<record>
  <date>2025-03-03T18:58:44.710747Z</date>
  <millis>1741028324710</millis>
  <nanos>747000</nanos>
  <sequence>3</sequence>
  <level>RUN_DATA</level>
  <class>com.kms.katalon.core.logging.XmlKeywordLogger</class>
  <method>logMessage</method>
  <thread>1</thread>
  <message>hostAddress = 192.168.4.43</message>
  <nestedLevel>0</nestedLevel>
  <escapedJava>false</escapedJava>
  <property name="hostAddress">192.168.4.43</property>
</record>
<record>
  <date>2025-03-03T18:58:44.711122Z</date>
  <millis>1741028324711</millis>
  <nanos>122000</nanos>
  <sequence>4</sequence>
  <level>RUN_DATA</level>
  <class>com.kms.katalon.core.logging.XmlKeywordLogger</class>
  <method>logMessage</method>
  <thread>1</thread>
  <message>katalonVersion = 9.7.3.223</message>
  <nestedLevel>0</nestedLevel>
  <escapedJava>false</escapedJava>
  <property name="katalonVersion">9.7.3.223</property>
</record>
<record>
  <date>2025-03-03T18:58:44.715330Z</date>
  <millis>1741028324715</millis>
  <nanos>330000</nanos>
  <sequence>5</sequence>
  <level>START</level>
  <class>com.kms.katalon.core.logging.XmlKeywordLogger</class>
  <method>startKeyword</method>
  <thread>1</thread>
  <message>Start listener action : sampleBeforeTestSuite</message>
  <nestedLevel>0</nestedLevel>
  <escapedJava>false</escapedJava>
</record>
<record>
  <date>2025-03-03T18:58:44.720618Z</date>
  <millis>1741028324720</millis>
  <nanos>618000</nanos>
  <sequence>7</sequence>
  <level>START</level>
  <class>com.kms.katalon.core.logging.XmlKeywordLogger</class>
  <method>startKeyword</method>
  <thread>1</thread>
  <message>Start action : testSuiteRunning = true</message>
  <nestedLevel>1</nestedLevel>
  <escapedJava>false</escapedJava>
  <property name="startLine">32</property>
  <property name="stepIndex">1</property>
</record>
<record>
  <date>2025-03-03T18:58:44.800095Z</date>
  <millis>1741028324800</millis>
  <nanos>95000</nanos>
  <sequence>9</sequence>
  <level>END</level>
  <class>com.kms.katalon.core.logging.XmlKeywordLogger</class>
  <method>endKeyword</method>
  <thread>1</thread>
  <message>End action : testSuiteRunning = true</message>
  <nestedLevel>1</nestedLevel>
  <escapedJava>false</escapedJava>
</record>
<record>
  <date>2025-03-03T18:58:44.800330Z</date>
  <millis>1741028324800</millis>
  <nanos>330000</nanos>
  <sequence>10</sequence>
  <level>END</level>
  <class>com.kms.katalon.core.logging.XmlKeywordLogger</class>
  <method>endKeyword</method>
  <thread>1</thread>
  <message>End listener action : sampleBeforeTestSuite</message>
  <nestedLevel>0</nestedLevel>
  <escapedJava>false</escapedJava>
</record>
<record>
  <date>2025-03-03T18:58:44.831404Z</date>
  <millis>1741028324831</millis>
  <nanos>404000</nanos>
  <sequence>11</sequence>
  <level>START</level>
  <class>com.kms.katalon.core.logging.XmlKeywordLogger</class>
  <method>startTest</method>
  <thread>1</thread>
  <message>Start Test Case : Test Cases/Education Partner Profile/Register Education Partner</message>
  <nestedLevel>1</nestedLevel>
  <escapedJava>false</escapedJava>
  <property name="name">Test Cases/Education Partner Profile/Register Education Partner</property>
  <property name="description"></property>
  <property name="iteration"></property>
  <property name="id">Test Cases/Education Partner Profile/Register Education Partner</property>
  <property name="source">\Users\cckozie\git\MissionNext-Katalon-Koz\Test Cases\Education Partner Profile\Register Education Partner.tc</property>
  <property name="tag"></property>
  <property name="isOptional">false</property>
</record>
<record>
  <date>2025-03-03T18:58:45.110790Z</date>
  <millis>1741028325110</millis>
  <nanos>790000</nanos>
  <sequence>14</sequence>
  <level>ERROR</level>
  <class>com.kms.katalon.core.logging.XmlKeywordLogger</class>
  <method>logMessage</method>
  <thread>1</thread>
  <message>Test Cases/Education Partner Profile/Register Education Partner FAILED.
Reason:
org.codehaus.groovy.control.MultipleCompilationErrorsException: startup failed:
file:/Users/cckozie/git/MissionNext-Katalon-Koz/Scripts/Education%20Partner%20Profile/Register%20Education%20Partner/Script1737394383693.groovy: 33: unable to resolve class org.sikuli.script.SikulixForJython
 @ line 33, column 1.
   import org.sikuli.script.SikulixForJython as SikulixForJython
   ^

file:/Users/cckozie/git/MissionNext-Katalon-Koz/Scripts/Education%20Partner%20Profile/Register%20Education%20Partner/Script1737394383693.groovy: 136: unable to resolve class Screen
 @ line 136, column 9.
   	Screen s = new Screen()
           ^

file:/Users/cckozie/git/MissionNext-Katalon-Koz/Scripts/Education%20Partner%20Profile/Register%20Education%20Partner/Script1737394383693.groovy: 136: unable to resolve class Screen
 @ line 136, column 13.
   	Screen s = new Screen()
               ^

file:/Users/cckozie/git/MissionNext-Katalon-Koz/Scripts/Education%20Partner%20Profile/Register%20Education%20Partner/Script1737394383693.groovy: 154: unable to resolve class Pattern
 @ line 154, column 14.
   	    Pattern icn = new Pattern(myImage).similar(0.10)
                ^

file:/Users/cckozie/git/MissionNext-Katalon-Koz/Scripts/Education%20Partner%20Profile/Register%20Education%20Partner/Script1737394383693.groovy: 154: unable to resolve class Pattern
 @ line 154, column 20.
   	    Pattern icn = new Pattern(myImage).similar(0.10)
                      ^

5 errors

	at com.kms.katalon.core.main.ScriptEngine.getScript(ScriptEngine.java:199)
	at com.kms.katalon.core.main.ScriptEngine.run(ScriptEngine.java:194)
	at com.kms.katalon.core.main.ScriptEngine.runScriptAsRawText(ScriptEngine.java:119)
	at com.kms.katalon.core.main.TestCaseExecutor.runScript(TestCaseExecutor.java:448)
	at com.kms.katalon.core.main.TestCaseExecutor.doExecute(TestCaseExecutor.java:439)
	at com.kms.katalon.core.main.TestCaseExecutor.processExecutionPhase(TestCaseExecutor.java:418)
	at com.kms.katalon.core.main.TestCaseExecutor.accessMainPhase(TestCaseExecutor.java:410)
	at com.kms.katalon.core.main.TestCaseExecutor.execute(TestCaseExecutor.java:285)
	at com.kms.katalon.core.common.CommonExecutor.accessTestCaseMainPhase(CommonExecutor.java:65)
	at com.kms.katalon.core.main.TestSuiteExecutor.accessTestSuiteMainPhase(TestSuiteExecutor.java:150)
	at com.kms.katalon.core.main.TestSuiteExecutor.execute(TestSuiteExecutor.java:106)
	at com.kms.katalon.core.main.TestCaseMain.startTestSuite(TestCaseMain.java:180)
	at TempTestSuite1741028269501.run(TempTestSuite1741028269501.groovy:35)
	at java.base/jdk.internal.reflect.NativeMethodAccessorImpl.invoke0(Native Method)
	at java.base/jdk.internal.reflect.NativeMethodAccessorImpl.invoke(NativeMethodAccessorImpl.java:77)
	at java.base/jdk.internal.reflect.DelegatingMethodAccessorImpl.invoke(DelegatingMethodAccessorImpl.java:43)
</message>
  <exception>
    <message>org.codehaus.groovy.control.MultipleCompilationErrorsException: startup failed:
file:/Users/cckozie/git/MissionNext-Katalon-Koz/Scripts/Education%20Partner%20Profile/Register%20Education%20Partner/Script1737394383693.groovy: 33: unable to resolve class org.sikuli.script.SikulixForJython
 @ line 33, column 1.
   import org.sikuli.script.SikulixForJython as SikulixForJython
   ^

file:/Users/cckozie/git/MissionNext-Katalon-Koz/Scripts/Education%20Partner%20Profile/Register%20Education%20Partner/Script1737394383693.groovy: 136: unable to resolve class Screen
 @ line 136, column 9.
   	Screen s = new Screen()
           ^

file:/Users/cckozie/git/MissionNext-Katalon-Koz/Scripts/Education%20Partner%20Profile/Register%20Education%20Partner/Script1737394383693.groovy: 136: unable to resolve class Screen
 @ line 136, column 13.
   	Screen s = new Screen()
               ^

file:/Users/cckozie/git/MissionNext-Katalon-Koz/Scripts/Education%20Partner%20Profile/Register%20Education%20Partner/Script1737394383693.groovy: 154: unable to resolve class Pattern
 @ line 154, column 14.
   	    Pattern icn = new Pattern(myImage).similar(0.10)
                ^

file:/Users/cckozie/git/MissionNext-Katalon-Koz/Scripts/Education%20Partner%20Profile/Register%20Education%20Partner/Script1737394383693.groovy: 154: unable to resolve class Pattern
 @ line 154, column 20.
   	    Pattern icn = new Pattern(myImage).similar(0.10)
                      ^

5 errors
</message>
    <frame>
      <class>com.kms.katalon.core.main.ScriptEngine</class>
      <method>getScript</method>
      <line>199</line>
    </frame>
    <frame>
      <class>com.kms.katalon.core.main.ScriptEngine</class>
      <method>run</method>
      <line>194</line>
    </frame>
    <frame>
      <class>com.kms.katalon.core.main.ScriptEngine</class>
      <method>runScriptAsRawText</method>
      <line>119</line>
    </frame>
    <frame>
      <class>com.kms.katalon.core.main.TestCaseExecutor</class>
      <method>runScript</method>
      <line>448</line>
    </frame>
    <frame>
      <class>com.kms.katalon.core.main.TestCaseExecutor</class>
      <method>doExecute</method>
      <line>439</line>
    </frame>
    <frame>
      <class>com.kms.katalon.core.main.TestCaseExecutor</class>
      <method>processExecutionPhase</method>
      <line>418</line>
    </frame>
    <frame>
      <class>com.kms.katalon.core.main.TestCaseExecutor</class>
      <method>accessMainPhase</method>
      <line>410</line>
    </frame>
    <frame>
      <class>com.kms.katalon.core.main.TestCaseExecutor</class>
      <method>execute</method>
      <line>285</line>
    </frame>
    <frame>
      <class>com.kms.katalon.core.common.CommonExecutor</class>
      <method>accessTestCaseMainPhase</method>
      <line>65</line>
    </frame>
    <frame>
      <class>com.kms.katalon.core.main.TestSuiteExecutor</class>
      <method>accessTestSuiteMainPhase</method>
      <line>150</line>
    </frame>
    <frame>
      <class>com.kms.katalon.core.main.TestSuiteExecutor</class>
      <method>execute</method>
      <line>106</line>
    </frame>
    <frame>
      <class>com.kms.katalon.core.main.TestCaseMain</class>
      <method>startTestSuite</method>
      <line>180</line>
    </frame>
    <frame>
      <class>TempTestSuite1741028269501</class>
      <method>run</method>
      <line>35</line>
    </frame>
    <frame>
      <class>jdk.internal.reflect.NativeMethodAccessorImpl</class>
      <method>invoke0</method>
    </frame>
    <frame>
      <class>jdk.internal.reflect.NativeMethodAccessorImpl</class>
      <method>invoke</method>
      <line>77</line>
    </frame>
    <frame>
      <class>jdk.internal.reflect.DelegatingMethodAccessorImpl</class>
      <method>invoke</method>
      <line>43</line>
    </frame>
  </exception>
  <nestedLevel>0</nestedLevel>
  <escapedJava>false</escapedJava>
  <property name="failed.exception.stacktrace">org.codehaus.groovy.control.MultipleCompilationErrorsException: startup failed:
file:/Users/cckozie/git/MissionNext-Katalon-Koz/Scripts/Education%20Partner%20Profile/Register%20Education%20Partner/Script1737394383693.groovy: 33: unable to resolve class org.sikuli.script.SikulixForJython
 @ line 33, column 1.
   import org.sikuli.script.SikulixForJython as SikulixForJython
   ^

file:/Users/cckozie/git/MissionNext-Katalon-Koz/Scripts/Education%20Partner%20Profile/Register%20Education%20Partner/Script1737394383693.groovy: 136: unable to resolve class Screen
 @ line 136, column 9.
   	Screen s = new Screen()
           ^

file:/Users/cckozie/git/MissionNext-Katalon-Koz/Scripts/Education%20Partner%20Profile/Register%20Education%20Partner/Script1737394383693.groovy: 136: unable to resolve class Screen
 @ line 136, column 13.
   	Screen s = new Screen()
               ^

file:/Users/cckozie/git/MissionNext-Katalon-Koz/Scripts/Education%20Partner%20Profile/Register%20Education%20Partner/Script1737394383693.groovy: 154: unable to resolve class Pattern
 @ line 154, column 14.
   	    Pattern icn = new Pattern(myImage).similar(0.10)
                ^

file:/Users/cckozie/git/MissionNext-Katalon-Koz/Scripts/Education%20Partner%20Profile/Register%20Education%20Partner/Script1737394383693.groovy: 154: unable to resolve class Pattern
 @ line 154, column 20.
   	    Pattern icn = new Pattern(myImage).similar(0.10)
                      ^

5 errors

	at com.kms.katalon.core.main.ScriptEngine.getScript(ScriptEngine.java:199)
	at com.kms.katalon.core.main.ScriptEngine.run(ScriptEngine.java:194)
	at com.kms.katalon.core.main.ScriptEngine.runScriptAsRawText(ScriptEngine.java:119)
	at com.kms.katalon.core.main.TestCaseExecutor.runScript(TestCaseExecutor.java:448)
	at com.kms.katalon.core.main.TestCaseExecutor.doExecute(TestCaseExecutor.java:439)
	at com.kms.katalon.core.main.TestCaseExecutor.processExecutionPhase(TestCaseExecutor.java:418)
	at com.kms.katalon.core.main.TestCaseExecutor.accessMainPhase(TestCaseExecutor.java:410)
	at com.kms.katalon.core.main.TestCaseExecutor.execute(TestCaseExecutor.java:285)
	at com.kms.katalon.core.common.CommonExecutor.accessTestCaseMainPhase(CommonExecutor.java:65)
	at com.kms.katalon.core.main.TestSuiteExecutor.accessTestSuiteMainPhase(TestSuiteExecutor.java:150)
	at com.kms.katalon.core.main.TestSuiteExecutor.execute(TestSuiteExecutor.java:106)
	at com.kms.katalon.core.main.TestCaseMain.startTestSuite(TestCaseMain.java:180)
	at TempTestSuite1741028269501.run(TempTestSuite1741028269501.groovy:35)
	at java.base/jdk.internal.reflect.NativeMethodAccessorImpl.invoke0(Native Method)
	at java.base/jdk.internal.reflect.NativeMethodAccessorImpl.invoke(NativeMethodAccessorImpl.java:77)
	at java.base/jdk.internal.reflect.DelegatingMethodAccessorImpl.invoke(DelegatingMethodAccessorImpl.java:43)
</property>
  <property name="failed.exception.class">org.codehaus.groovy.control.MultipleCompilationErrorsException</property>
  <property name="failed.exception.message">startup failed:
file:/Users/cckozie/git/MissionNext-Katalon-Koz/Scripts/Education%20Partner%20Profile/Register%20Education%20Partner/Script1737394383693.groovy: 33: unable to resolve class org.sikuli.script.SikulixForJython
 @ line 33, column 1.
   import org.sikuli.script.SikulixForJython as SikulixForJython
   ^

file:/Users/cckozie/git/MissionNext-Katalon-Koz/Scripts/Education%20Partner%20Profile/Register%20Education%20Partner/Script1737394383693.groovy: 136: unable to resolve class Screen
 @ line 136, column 9.
   	Screen s = new Screen()
           ^

file:/Users/cckozie/git/MissionNext-Katalon-Koz/Scripts/Education%20Partner%20Profile/Register%20Education%20Partner/Script1737394383693.groovy: 136: unable to resolve class Screen
 @ line 136, column 13.
   	Screen s = new Screen()
               ^

file:/Users/cckozie/git/MissionNext-Katalon-Koz/Scripts/Education%20Partner%20Profile/Register%20Education%20Partner/Script1737394383693.groovy: 154: unable to resolve class Pattern
 @ line 154, column 14.
   	    Pattern icn = new Pattern(myImage).similar(0.10)
                ^

file:/Users/cckozie/git/MissionNext-Katalon-Koz/Scripts/Education%20Partner%20Profile/Register%20Education%20Partner/Script1737394383693.groovy: 154: unable to resolve class Pattern
 @ line 154, column 20.
   	    Pattern icn = new Pattern(myImage).similar(0.10)
                      ^

5 errors
</property>
</record>
<record>
  <date>2025-03-03T18:58:45.119142Z</date>
  <millis>1741028325119</millis>
  <nanos>142000</nanos>
  <sequence>16</sequence>
  <level>END</level>
  <class>com.kms.katalon.core.logging.XmlKeywordLogger</class>
  <method>endTest</method>
  <thread>1</thread>
  <message>End Test Case : Test Cases/Education Partner Profile/Register Education Partner</message>
  <nestedLevel>0</nestedLevel>
  <escapedJava>false</escapedJava>
  <property name="executionBindingVariables">[]</property>
  <property name="applitools">false</property>
  <property name="keywordsUsage">{
  &quot;web_ui&quot;: false,
  &quot;web_service&quot;: false,
  &quot;cucumber&quot;: false,
  &quot;builtin&quot;: false,
  &quot;mobile&quot;: false,
  &quot;windows&quot;: false,
  &quot;testng&quot;: false
}</property>
</record>
<record>
  <date>2025-03-03T18:58:45.121134Z</date>
  <millis>1741028325121</millis>
  <nanos>134000</nanos>
  <sequence>17</sequence>
  <level>START</level>
  <class>com.kms.katalon.core.logging.XmlKeywordLogger</class>
  <method>startKeyword</method>
  <thread>1</thread>
  <message>Start listener action : sampleAfterTestSuite</message>
  <nestedLevel>0</nestedLevel>
  <escapedJava>false</escapedJava>
</record>
<record>
  <date>2025-03-03T18:58:45.121964Z</date>
  <millis>1741028325121</millis>
  <nanos>964000</nanos>
  <sequence>19</sequence>
  <level>START</level>
  <class>com.kms.katalon.core.logging.XmlKeywordLogger</class>
  <method>startKeyword</method>
  <thread>1</thread>
  <message>Start action : testSuiteRunning = false</message>
  <nestedLevel>1</nestedLevel>
  <escapedJava>false</escapedJava>
  <property name="startLine">32</property>
  <property name="stepIndex">1</property>
</record>
<record>
  <date>2025-03-03T18:58:45.122250Z</date>
  <millis>1741028325122</millis>
  <nanos>250000</nanos>
  <sequence>21</sequence>
  <level>END</level>
  <class>com.kms.katalon.core.logging.XmlKeywordLogger</class>
  <method>endKeyword</method>
  <thread>1</thread>
  <message>End action : testSuiteRunning = false</message>
  <nestedLevel>1</nestedLevel>
  <escapedJava>false</escapedJava>
</record>
<record>
  <date>2025-03-03T18:58:45.122354Z</date>
  <millis>1741028325122</millis>
  <nanos>354000</nanos>
  <sequence>22</sequence>
  <level>END</level>
  <class>com.kms.katalon.core.logging.XmlKeywordLogger</class>
  <method>endKeyword</method>
  <thread>1</thread>
  <message>End listener action : sampleAfterTestSuite</message>
  <nestedLevel>0</nestedLevel>
  <escapedJava>false</escapedJava>
</record>
<record>
  <date>2025-03-03T18:58:45.122450Z</date>
  <millis>1741028325122</millis>
  <nanos>450000</nanos>
  <sequence>23</sequence>
  <level>START</level>
  <class>com.kms.katalon.core.logging.XmlKeywordLogger</class>
  <method>startKeyword</method>
  <thread>1</thread>
  <message>Start listener action : exportKatalonReports</message>
  <nestedLevel>0</nestedLevel>
  <escapedJava>false</escapedJava>
</record>
<record>
  <date>2025-03-03T18:58:45.194628Z</date>
  <millis>1741028325194</millis>
  <nanos>628000</nanos>
  <sequence>59</sequence>
  <level>INFO</level>
  <class>com.kms.katalon.core.logging.XmlKeywordLogger</class>
  <method>logMessage</method>
  <thread>1</thread>
  <message>Start generating HTML report folder at: /Users/cckozie/git/MissionNext-Katalon-Koz/Reports/20250303_125746/Education Partner Test Suite/20250303_125749...</message>
  <nestedLevel>0</nestedLevel>
  <escapedJava>false</escapedJava>
</record>
<record>
  <date>2025-03-03T18:58:45.233890Z</date>
  <millis>1741028325233</millis>
  <nanos>890000</nanos>
  <sequence>60</sequence>
  <level>INFO</level>
  <class>com.kms.katalon.core.logging.XmlKeywordLogger</class>
  <method>logMessage</method>
  <thread>1</thread>
  <message>HTML report generated</message>
  <nestedLevel>0</nestedLevel>
  <escapedJava>false</escapedJava>
</record>
<record>
  <date>2025-03-03T18:58:45.234224Z</date>
  <millis>1741028325234</millis>
  <nanos>224000</nanos>
  <sequence>61</sequence>
  <level>INFO</level>
  <class>com.kms.katalon.core.logging.XmlKeywordLogger</class>
  <method>logMessage</method>
  <thread>1</thread>
  <message>Start generating CSV report folder at: /Users/cckozie/git/MissionNext-Katalon-Koz/Reports/20250303_125746/Education Partner Test Suite/20250303_125749...</message>
  <nestedLevel>0</nestedLevel>
  <escapedJava>false</escapedJava>
</record>
<record>
  <date>2025-03-03T18:58:45.238808Z</date>
  <millis>1741028325238</millis>
  <nanos>808000</nanos>
  <sequence>62</sequence>
  <level>INFO</level>
  <class>com.kms.katalon.core.logging.XmlKeywordLogger</class>
  <method>logMessage</method>
  <thread>1</thread>
  <message>CSV report generated</message>
  <nestedLevel>0</nestedLevel>
  <escapedJava>false</escapedJava>
</record>
<record>
  <date>2025-03-03T18:58:45.242142Z</date>
  <millis>1741028325242</millis>
  <nanos>142000</nanos>
  <sequence>64</sequence>
  <level>END</level>
  <class>com.kms.katalon.core.logging.XmlKeywordLogger</class>
  <method>endKeyword</method>
  <thread>1</thread>
  <message>End listener action : exportKatalonReports</message>
  <nestedLevel>0</nestedLevel>
  <escapedJava>false</escapedJava>
</record>
<record>
  <date>2025-03-03T18:58:45.242396Z</date>
  <millis>1741028325242</millis>
  <nanos>396000</nanos>
  <sequence>65</sequence>
  <level>END</level>
  <class>com.kms.katalon.core.logging.XmlKeywordLogger</class>
  <method>endSuite</method>
  <thread>1</thread>
  <message>End Test Suite : Test Suites/Education Partner Test Suite</message>
  <nestedLevel>0</nestedLevel>
  <escapedJava>false</escapedJava>
</record>
</log>
