<?xml version="1.0" encoding="UTF-8"?>
<testsuites name="Preferred Positions Test Suite" time="51.311" tests="1" failures="1" errors="0">
   <testsuite name="Preferred Positions Test Suite" tests="1" failures="1" errors="0" time="51.311" skipped="0" timestamp="29-05-2024T21:50:59" hostname="cckozie - 192.168.4.24" id="Test Suites/Preferred Positions Test Suite">
      <properties>
         <property name="deviceName" value=""/>
         <property name="devicePlatform"/>
         <property name="logFolder" value="/Users/cckozie/git/MissionNext-Katalon-Koz/Reports/20240529_215049/Preferred Positions Test Suite/20240529_215049"/>
         <property name="logFiles" value="/Users/cckozie/git/MissionNext-Katalon-Koz/Reports/20240529_215049/Preferred Positions Test Suite/20240529_215049/execution0.log"/>
         <property name="attachments" value="/Users/cckozie/git/MissionNext-Katalon-Koz/Reports/20240529_215049/Preferred Positions Test Suite/20240529_215049/1717037509496.png"/>
         <property name="hostName" value="cckozie - 192.168.4.24"/>
         <property name="os" value="Mac OS X 64bit"/>
         <property name="katalonVersion" value="9.5.0.217"/>
         <property name="browser" value="Chrome 125.0.0.0"/>
         <property name="hostAddress" value="192.168.4.24"/>
         <property name="sessionId" value="1f831a0815d8760a5b13ac8b4bd52e56"/>
         <property name="seleniumVersion" value="3.141.59"/>
         <property name="proxyInformation" value="ProxyInformation { proxyOption=NO_PROXY, proxyServerType=HTTP, username=, password=********, proxyServerAddress=, proxyServerPort=0, executionList=&quot;&quot;, isApplyToDesiredCapabilities=true }"/>
         <property name="platform" value="Mac OS X"/>
      </properties>
      <testcase name="Test Cases/Test Preferred Positions Checkboxes" time="50.347" classname="Test Cases/Test Preferred Positions Checkboxes" status="FAILED">
         <failure type="FAILED" message="Test Cases/Test Preferred Positions Checkboxes FAILED.&#xa;Reason:&#xa;com.kms.katalon.core.exception.StepFailedException: Unable to click on checkbox for Preferred Position &quot; + text, test failed.&#xa;	at com.kms.katalon.core.util.KeywordUtil.markFailedAndStop(KeywordUtil.java:30)&#xa;	at Test Preferred Positions Checkboxes.run(Test Preferred Positions Checkboxes:97)&#xa;	at com.kms.katalon.core.main.ScriptEngine.run(ScriptEngine.java:194)&#xa;	at com.kms.katalon.core.main.ScriptEngine.runScriptAsRawText(ScriptEngine.java:119)&#xa;	at com.kms.katalon.core.main.TestCaseExecutor.runScript(TestCaseExecutor.java:448)&#xa;	at com.kms.katalon.core.main.TestCaseExecutor.doExecute(TestCaseExecutor.java:439)&#xa;	at com.kms.katalon.core.main.TestCaseExecutor.processExecutionPhase(TestCaseExecutor.java:418)&#xa;	at com.kms.katalon.core.main.TestCaseExecutor.accessMainPhase(TestCaseExecutor.java:410)&#xa;	at com.kms.katalon.core.main.TestCaseExecutor.execute(TestCaseExecutor.java:285)&#xa;	at com.kms.katalon.core.common.CommonExecutor.accessTestCaseMainPhase(CommonExecutor.java:65)&#xa;	at com.kms.katalon.core.main.TestSuiteExecutor.accessTestSuiteMainPhase(TestSuiteExecutor.java:150)&#xa;	at com.kms.katalon.core.main.TestSuiteExecutor.execute(TestSuiteExecutor.java:106)&#xa;	at com.kms.katalon.core.main.TestCaseMain.startTestSuite(TestCaseMain.java:180)&#xa;	at TempTestSuite1717037449607.run(TempTestSuite1717037449607.groovy:35)&#xa;	at java.base/jdk.internal.reflect.NativeMethodAccessorImpl.invoke0(Native Method)&#xa;	at java.base/jdk.internal.reflect.NativeMethodAccessorImpl.invoke(NativeMethodAccessorImpl.java:77)&#xa;	at java.base/jdk.internal.reflect.DelegatingMethodAccessorImpl.invoke(DelegatingMethodAccessorImpl.java:43)&#xa;"/>
         <system-out><![CDATA[29-05-2024T21:50:59 - [TEST_CASE][FAILED] - Test Cases/Test Preferred Positions Checkboxes: Test Cases/Test Preferred Positions Checkboxes FAILED.
Reason:
com.kms.katalon.core.exception.StepFailedException: Unable to click on checkbox for Preferred Position " + text, test failed.
	at com.kms.katalon.core.util.KeywordUtil.markFailedAndStop(KeywordUtil.java:30)
	at Test Preferred Positions Checkboxes.run(Test Preferred Positions Checkboxes:97)
	at com.kms.katalon.core.main.ScriptEngine.run(ScriptEngine.java:194)
	at com.kms.katalon.core.main.ScriptEngine.runScriptAsRawText(ScriptEngine.java:119)
	at com.kms.katalon.core.main.TestCaseExecutor.runScript(TestCaseExecutor.java:448)
	at com.kms.katalon.core.main.TestCaseExecutor.doExecute(TestCaseExecutor.java:439)
	at com.kms.katalon.core.main.TestCaseExecutor.processExecutionPhase(TestCaseExecutor.java:418)
	at com.kms.katalon.core.main.TestCaseExecutor.accessMainPhase(TestCaseExecutor.java:410)
	at com.kms.katalon.core.main.TestCaseExecutor.execute(TestCaseExecutor.java:285)
	at com.kms.katalon.core.common.CommonExecutor.accessTestCaseMainPhase(CommonExecutor.java:65)
	at com.kms.katalon.core.main.TestSuiteExecutor.accessTestSuiteMainPhase(TestSuiteExecutor.java:150)
	at com.kms.katalon.core.main.TestSuiteExecutor.execute(TestSuiteExecutor.java:106)
	at com.kms.katalon.core.main.TestCaseMain.startTestSuite(TestCaseMain.java:180)
	at TempTestSuite1717037449607.run(TempTestSuite1717037449607.groovy:35)
	at java.base/jdk.internal.reflect.NativeMethodAccessorImpl.invoke0(Native Method)
	at java.base/jdk.internal.reflect.NativeMethodAccessorImpl.invoke(NativeMethodAccessorImpl.java:77)
	at java.base/jdk.internal.reflect.DelegatingMethodAccessorImpl.invoke(DelegatingMethodAccessorImpl.java:43)


29-05-2024T21:51:00 - [TEST_STEP][ERROR] - Start listener action : sampleBeforeTestCase: groovy.lang.MissingPropertyException: No such property: p for class: TestCaseStartup
	at TestCaseStartup.sampleBeforeTestCase(TestCaseStartup.groovy:34)
	at java.base/jdk.internal.reflect.NativeMethodAccessorImpl.invoke0(Native Method)
	at java.base/jdk.internal.reflect.NativeMethodAccessorImpl.invoke(NativeMethodAccessorImpl.java:77)
	at java.base/jdk.internal.reflect.DelegatingMethodAccessorImpl.invoke(DelegatingMethodAccessorImpl.java:43)
	at com.kms.katalon.core.context.internal.TestHooker.invokeMethod(TestHooker.java:111)
	at com.kms.katalon.core.context.internal.TestHooker.lambda$3(TestHooker.java:95)
	at com.kms.katalon.core.context.internal.TestHooker.invokeContextMethods(TestHooker.java:94)
	at com.kms.katalon.core.context.internal.TestListenerCollector.lambda$3(TestListenerCollector.java:88)
	at com.kms.katalon.core.context.internal.TestListenerCollector.handleListenerEvent(TestListenerCollector.java:85)
	at com.kms.katalon.core.context.internal.ExecutionEventManager.publicEvent(ExecutionEventManager.java:36)
	at com.kms.katalon.core.main.TestCaseExecutor.execute(TestCaseExecutor.java:268)
	at com.kms.katalon.core.common.CommonExecutor.accessTestCaseMainPhase(CommonExecutor.java:65)
	at com.kms.katalon.core.main.TestSuiteExecutor.accessTestSuiteMainPhase(TestSuiteExecutor.java:150)
	at com.kms.katalon.core.main.TestSuiteExecutor.execute(TestSuiteExecutor.java:106)
	at com.kms.katalon.core.main.TestCaseMain.startTestSuite(TestCaseMain.java:180)
	at TempTestSuite1717037449607.run(TempTestSuite1717037449607.groovy:35)
	at java.base/jdk.internal.reflect.NativeMethodAccessorImpl.invoke0(Native Method)
	at java.base/jdk.internal.reflect.NativeMethodAccessorImpl.invoke(NativeMethodAccessorImpl.java:77)
	at java.base/jdk.internal.reflect.DelegatingMethodAccessorImpl.invoke(DelegatingMethodAccessorImpl.java:43)


29-05-2024T21:51:01 - [TEST_STEP][PASSED] - println(testCaseContext.getTestCaseId()): null

29-05-2024T21:51:01 - [TEST_STEP][PASSED] - println(testCaseContext.getTestCaseVariables()): null

29-05-2024T21:51:01 - [TEST_STEP][ERROR] - p = app).start(): groovy.lang.MissingPropertyException: No such property: p for class: TestCaseStartup
	at TestCaseStartup.sampleBeforeTestCase(TestCaseStartup.groovy:34)
	at java.base/jdk.internal.reflect.NativeMethodAccessorImpl.invoke0(Native Method)
	at java.base/jdk.internal.reflect.NativeMethodAccessorImpl.invoke(NativeMethodAccessorImpl.java:77)
	at java.base/jdk.internal.reflect.DelegatingMethodAccessorImpl.invoke(DelegatingMethodAccessorImpl.java:43)
	at com.kms.katalon.core.context.internal.TestHooker.invokeMethod(TestHooker.java:111)
	at com.kms.katalon.core.context.internal.TestHooker.lambda$3(TestHooker.java:95)
	at com.kms.katalon.core.context.internal.TestHooker.invokeContextMethods(TestHooker.java:94)
	at com.kms.katalon.core.context.internal.TestListenerCollector.lambda$3(TestListenerCollector.java:88)
	at com.kms.katalon.core.context.internal.TestListenerCollector.handleListenerEvent(TestListenerCollector.java:85)
	at com.kms.katalon.core.context.internal.ExecutionEventManager.publicEvent(ExecutionEventManager.java:36)
	at com.kms.katalon.core.main.TestCaseExecutor.execute(TestCaseExecutor.java:268)
	at com.kms.katalon.core.common.CommonExecutor.accessTestCaseMainPhase(CommonExecutor.java:65)
	at com.kms.katalon.core.main.TestSuiteExecutor.accessTestSuiteMainPhase(TestSuiteExecutor.java:150)
	at com.kms.katalon.core.main.TestSuiteExecutor.execute(TestSuiteExecutor.java:106)
	at com.kms.katalon.core.main.TestCaseMain.startTestSuite(TestCaseMain.java:180)
	at TempTestSuite1717037449607.run(TempTestSuite1717037449607.groovy:35)
	at java.base/jdk.internal.reflect.NativeMethodAccessorImpl.invoke0(Native Method)
	at java.base/jdk.internal.reflect.NativeMethodAccessorImpl.invoke(NativeMethodAccessorImpl.java:77)
	at java.base/jdk.internal.reflect.DelegatingMethodAccessorImpl.invoke(DelegatingMethodAccessorImpl.java:43)


29-05-2024T21:51:01 - [MESSAGE][ERROR] - groovy.lang.MissingPropertyException: No such property: p for class: TestCaseStartup
	at TestCaseStartup.sampleBeforeTestCase(TestCaseStartup.groovy:34)
	at java.base/jdk.internal.reflect.NativeMethodAccessorImpl.invoke0(Native Method)
	at java.base/jdk.internal.reflect.NativeMethodAccessorImpl.invoke(NativeMethodAccessorImpl.java:77)
	at java.base/jdk.internal.reflect.DelegatingMethodAccessorImpl.invoke(DelegatingMethodAccessorImpl.java:43)
	at com.kms.katalon.core.context.internal.TestHooker.invokeMethod(TestHooker.java:111)
	at com.kms.katalon.core.context.internal.TestHooker.lambda$3(TestHooker.java:95)
	at com.kms.katalon.core.context.internal.TestHooker.invokeContextMethods(TestHooker.java:94)
	at com.kms.katalon.core.context.internal.TestListenerCollector.lambda$3(TestListenerCollector.java:88)
	at com.kms.katalon.core.context.internal.TestListenerCollector.handleListenerEvent(TestListenerCollector.java:85)
	at com.kms.katalon.core.context.internal.ExecutionEventManager.publicEvent(ExecutionEventManager.java:36)
	at com.kms.katalon.core.main.TestCaseExecutor.execute(TestCaseExecutor.java:268)
	at com.kms.katalon.core.common.CommonExecutor.accessTestCaseMainPhase(CommonExecutor.java:65)
	at com.kms.katalon.core.main.TestSuiteExecutor.accessTestSuiteMainPhase(TestSuiteExecutor.java:150)
	at com.kms.katalon.core.main.TestSuiteExecutor.execute(TestSuiteExecutor.java:106)
	at com.kms.katalon.core.main.TestCaseMain.startTestSuite(TestCaseMain.java:180)
	at TempTestSuite1717037449607.run(TempTestSuite1717037449607.groovy:35)
	at java.base/jdk.internal.reflect.NativeMethodAccessorImpl.invoke0(Native Method)
	at java.base/jdk.internal.reflect.NativeMethodAccessorImpl.invoke(NativeMethodAccessorImpl.java:77)
	at java.base/jdk.internal.reflect.DelegatingMethodAccessorImpl.invoke(DelegatingMethodAccessorImpl.java:43)


29-05-2024T21:51:02 - [TEST_STEP][PASSED] - ministryPreferences = ["Adult Men", "Adult Women", "Bible Teaching", "Worship Leader", "Church Planter", "Leadership Development", "Marriage & Family", "Missions Pastor", "Pastor/Associate Pastor", "Youth Pastor"]: null

29-05-2024T21:51:02 - [TEST_STEP][PASSED] - getRuntime().exec("open /Applications/GoogleAnalyticsOptOut.app", "/Applications/GoogleAnalyticsOptOut/"): null

29-05-2024T21:51:03 - [TEST_STEP][PASSED] - openBrowser(""): Browser is opened with url: ''

29-05-2024T21:51:03 - [MESSAGE][INFO] - Starting 'Chrome' driver

29-05-2024T21:51:03 - [MESSAGE][INFO] - Action delay is set to 0 milliseconds

29-05-2024T21:51:10 - [MESSAGE][PASSED] - Browser is opened with url: ''

29-05-2024T21:51:10 - [TEST_STEP][PASSED] - navigateToUrl("https://journey.missionnext.org/journey-home/login-here/"): Navigate to 'https://journey.missionnext.org/journey-home/login-here/' successfully

29-05-2024T21:51:15 - [MESSAGE][PASSED] - Navigate to 'https://journey.missionnext.org/journey-home/login-here/' successfully

29-05-2024T21:51:15 - [TEST_STEP][PASSED] - click(findTestObject("Object Repository/temp/i_Wordpress_eicon-close")): Object: 'Object Repository/temp/i_Wordpress_eicon-close' is clicked on

29-05-2024T21:51:15 - [MESSAGE][PASSED] - Object: 'Object Repository/temp/i_Wordpress_eicon-close' is clicked on

29-05-2024T21:51:15 - [TEST_STEP][PASSED] - setText(findTestObject("Object Repository/temp/input_Username_log"), "cktest01@missionnext.org"): Text 'cktest01@missionnext.org' is set on object 'Object Repository/temp/input_Username_log'

29-05-2024T21:51:16 - [MESSAGE][PASSED] - Text 'cktest01@missionnext.org' is set on object 'Object Repository/temp/input_Username_log'

29-05-2024T21:51:16 - [TEST_STEP][PASSED] - setEncryptedText(findTestObject("Object Repository/temp/input_Password_pwd"), "5lwQhML0qdMWXTXRrgjfVw=="): Text ****** has been set on object 'Object Repository/temp/input_Password_pwd'

29-05-2024T21:51:16 - [MESSAGE][PASSED] - Text ****** has been set on object 'Object Repository/temp/input_Password_pwd'

29-05-2024T21:51:16 - [TEST_STEP][PASSED] - click(findTestObject("Object Repository/temp/button_Log In")): Object: 'Object Repository/temp/button_Log In' is clicked on

29-05-2024T21:51:25 - [MESSAGE][PASSED] - Object: 'Object Repository/temp/button_Log In' is clicked on

29-05-2024T21:51:25 - [TEST_STEP][PASSED] - click(findTestObject("Object Repository/temp/a_My Profile")): Object: 'Object Repository/temp/a_My Profile' is clicked on

29-05-2024T21:51:30 - [MESSAGE][PASSED] - Object: 'Object Repository/temp/a_My Profile' is clicked on

29-05-2024T21:51:30 - [TEST_STEP][PASSED] - click(findTestObject("Object Repository/temp/input_Email_profilegroup-1444754265.711email")): Object: 'Object Repository/temp/input_Email_profilegroup-1444754265.711email' is clicked on

29-05-2024T21:51:31 - [MESSAGE][PASSED] - Object: 'Object Repository/temp/input_Email_profilegroup-1444754265.711email' is clicked on

29-05-2024T21:51:31 - [TEST_STEP][PASSED] - click(findTestObject("Object Repository/temp/a_Your Ministry Prefs")): Object: 'Object Repository/temp/a_Your Ministry Prefs' is clicked on

29-05-2024T21:51:32 - [MESSAGE][PASSED] - Object: 'Object Repository/temp/a_Your Ministry Prefs' is clicked on

29-05-2024T21:51:32 - [TEST_STEP][PASSED] - setViewPortSize(600, 1200): Viewport is set to new size with width = 600 and height = 1200

29-05-2024T21:51:32 - [MESSAGE][PASSED] - Viewport is set to new size with width = 600 and height = 1200

29-05-2024T21:51:32 - [TEST_STEP][PASSED] - delay(1): Delayed 1 second(s)

29-05-2024T21:51:34 - [MESSAGE][PASSED] - Delayed 1 second(s)

29-05-2024T21:51:34 - [TEST_STEP][PASSED] - driver = getWebDriver(): null

29-05-2024T21:51:34 - [TEST_STEP][PASSED] - categories = driver.findElements(By.xpath("//input[@id='profile_group-1623987608.435_job_categories']")): null

29-05-2024T21:51:34 - [TEST_STEP][PASSED] - for (def category : categories): Object: '' is clicked on

29-05-2024T21:51:34 - [TEST_STEP][PASSED] - cat = convertWebElementToTestObject(category): null

29-05-2024T21:51:34 - [TEST_STEP][PASSED] - text = category.getAttribute("value"): null

29-05-2024T21:51:34 - [TEST_STEP][PASSED] - try: Object: '' is clicked on

29-05-2024T21:51:34 - [TEST_STEP][PASSED] - click(cat): Object: '' is clicked on

29-05-2024T21:51:34 - [MESSAGE][PASSED] - Object: '' is clicked on

29-05-2024T21:51:34 - [TEST_STEP][PASSED] - cat = convertWebElementToTestObject(category): null

29-05-2024T21:51:34 - [TEST_STEP][PASSED] - text = category.getAttribute("value"): null

29-05-2024T21:51:34 - [TEST_STEP][PASSED] - try: Object: '' is clicked on

29-05-2024T21:51:34 - [TEST_STEP][PASSED] - click(cat): Object: '' is clicked on

29-05-2024T21:51:34 - [MESSAGE][PASSED] - Object: '' is clicked on

29-05-2024T21:51:34 - [TEST_STEP][PASSED] - cat = convertWebElementToTestObject(category): null

29-05-2024T21:51:34 - [TEST_STEP][PASSED] - text = category.getAttribute("value"): null

29-05-2024T21:51:34 - [TEST_STEP][PASSED] - try: Object: '' is clicked on

29-05-2024T21:51:34 - [TEST_STEP][PASSED] - click(cat): Object: '' is clicked on

29-05-2024T21:51:34 - [MESSAGE][PASSED] - Object: '' is clicked on

29-05-2024T21:51:34 - [TEST_STEP][PASSED] - cat = convertWebElementToTestObject(category): null

29-05-2024T21:51:34 - [TEST_STEP][PASSED] - text = category.getAttribute("value"): null

29-05-2024T21:51:34 - [TEST_STEP][PASSED] - try: Object: '' is clicked on

29-05-2024T21:51:34 - [TEST_STEP][PASSED] - click(cat): Object: '' is clicked on

29-05-2024T21:51:34 - [MESSAGE][PASSED] - Object: '' is clicked on

29-05-2024T21:51:34 - [TEST_STEP][PASSED] - cat = convertWebElementToTestObject(category): null

29-05-2024T21:51:34 - [TEST_STEP][PASSED] - text = category.getAttribute("value"): null

29-05-2024T21:51:34 - [TEST_STEP][PASSED] - try: Object: '' is clicked on

29-05-2024T21:51:34 - [TEST_STEP][PASSED] - click(cat): Object: '' is clicked on

29-05-2024T21:51:34 - [MESSAGE][PASSED] - Object: '' is clicked on

29-05-2024T21:51:34 - [TEST_STEP][PASSED] - cat = convertWebElementToTestObject(category): null

29-05-2024T21:51:34 - [TEST_STEP][PASSED] - text = category.getAttribute("value"): null

29-05-2024T21:51:34 - [TEST_STEP][PASSED] - try: Object: '' is clicked on

29-05-2024T21:51:34 - [TEST_STEP][PASSED] - click(cat): Object: '' is clicked on

29-05-2024T21:51:35 - [MESSAGE][PASSED] - Object: '' is clicked on

29-05-2024T21:51:35 - [TEST_STEP][PASSED] - cat = convertWebElementToTestObject(category): null

29-05-2024T21:51:35 - [TEST_STEP][PASSED] - text = category.getAttribute("value"): null

29-05-2024T21:51:35 - [TEST_STEP][PASSED] - try: Object: '' is clicked on

29-05-2024T21:51:35 - [TEST_STEP][PASSED] - click(cat): Object: '' is clicked on

29-05-2024T21:51:35 - [MESSAGE][PASSED] - Object: '' is clicked on

29-05-2024T21:51:35 - [TEST_STEP][PASSED] - cat = convertWebElementToTestObject(category): null

29-05-2024T21:51:35 - [TEST_STEP][PASSED] - text = category.getAttribute("value"): null

29-05-2024T21:51:35 - [TEST_STEP][PASSED] - try: Object: '' is clicked on

29-05-2024T21:51:35 - [TEST_STEP][PASSED] - click(cat): Object: '' is clicked on

29-05-2024T21:51:35 - [MESSAGE][PASSED] - Object: '' is clicked on

29-05-2024T21:51:35 - [TEST_STEP][PASSED] - cat = convertWebElementToTestObject(category): null

29-05-2024T21:51:35 - [TEST_STEP][PASSED] - text = category.getAttribute("value"): null

29-05-2024T21:51:35 - [TEST_STEP][PASSED] - try: Object: '' is clicked on

29-05-2024T21:51:35 - [TEST_STEP][PASSED] - click(cat): Object: '' is clicked on

29-05-2024T21:51:35 - [MESSAGE][PASSED] - Object: '' is clicked on

29-05-2024T21:51:35 - [TEST_STEP][PASSED] - cat = convertWebElementToTestObject(category): null

29-05-2024T21:51:35 - [TEST_STEP][PASSED] - text = category.getAttribute("value"): null

29-05-2024T21:51:35 - [TEST_STEP][PASSED] - try: Object: '' is clicked on

29-05-2024T21:51:35 - [TEST_STEP][PASSED] - click(cat): Object: '' is clicked on

29-05-2024T21:51:35 - [MESSAGE][PASSED] - Object: '' is clicked on

29-05-2024T21:51:35 - [TEST_STEP][PASSED] - cat = convertWebElementToTestObject(category): null

29-05-2024T21:51:35 - [TEST_STEP][PASSED] - text = category.getAttribute("value"): null

29-05-2024T21:51:35 - [TEST_STEP][PASSED] - try: Object: '' is clicked on

29-05-2024T21:51:35 - [TEST_STEP][PASSED] - click(cat): Object: '' is clicked on

29-05-2024T21:51:35 - [MESSAGE][PASSED] - Object: '' is clicked on

29-05-2024T21:51:35 - [TEST_STEP][PASSED] - cat = convertWebElementToTestObject(category): null

29-05-2024T21:51:35 - [TEST_STEP][PASSED] - text = category.getAttribute("value"): null

29-05-2024T21:51:35 - [TEST_STEP][PASSED] - try: Object: '' is clicked on

29-05-2024T21:51:35 - [TEST_STEP][PASSED] - click(cat): Object: '' is clicked on

29-05-2024T21:51:35 - [MESSAGE][PASSED] - Object: '' is clicked on

29-05-2024T21:51:35 - [TEST_STEP][PASSED] - cat = convertWebElementToTestObject(category): null

29-05-2024T21:51:35 - [TEST_STEP][PASSED] - text = category.getAttribute("value"): null

29-05-2024T21:51:35 - [TEST_STEP][PASSED] - try: Object: '' is clicked on

29-05-2024T21:51:35 - [TEST_STEP][PASSED] - click(cat): Object: '' is clicked on

29-05-2024T21:51:36 - [MESSAGE][PASSED] - Object: '' is clicked on

29-05-2024T21:51:36 - [TEST_STEP][PASSED] - cat = convertWebElementToTestObject(category): null

29-05-2024T21:51:36 - [TEST_STEP][PASSED] - text = category.getAttribute("value"): null

29-05-2024T21:51:36 - [TEST_STEP][PASSED] - try: Object: '' is clicked on

29-05-2024T21:51:36 - [TEST_STEP][PASSED] - click(cat): Object: '' is clicked on

29-05-2024T21:51:36 - [MESSAGE][PASSED] - Object: '' is clicked on

29-05-2024T21:51:36 - [TEST_STEP][PASSED] - cat = convertWebElementToTestObject(category): null

29-05-2024T21:51:36 - [TEST_STEP][PASSED] - text = category.getAttribute("value"): null

29-05-2024T21:51:36 - [TEST_STEP][PASSED] - try: Object: '' is clicked on

29-05-2024T21:51:36 - [TEST_STEP][PASSED] - click(cat): Object: '' is clicked on

29-05-2024T21:51:36 - [MESSAGE][PASSED] - Object: '' is clicked on

29-05-2024T21:51:36 - [TEST_STEP][PASSED] - cat = convertWebElementToTestObject(category): null

29-05-2024T21:51:36 - [TEST_STEP][PASSED] - text = category.getAttribute("value"): null

29-05-2024T21:51:36 - [TEST_STEP][PASSED] - try: Object: '' is clicked on

29-05-2024T21:51:36 - [TEST_STEP][PASSED] - click(cat): Object: '' is clicked on

29-05-2024T21:51:36 - [MESSAGE][PASSED] - Object: '' is clicked on

29-05-2024T21:51:36 - [TEST_STEP][PASSED] - cat = convertWebElementToTestObject(category): null

29-05-2024T21:51:36 - [TEST_STEP][PASSED] - text = category.getAttribute("value"): null

29-05-2024T21:51:36 - [TEST_STEP][PASSED] - try: Object: '' is clicked on

29-05-2024T21:51:36 - [TEST_STEP][PASSED] - click(cat): Object: '' is clicked on

29-05-2024T21:51:36 - [MESSAGE][PASSED] - Object: '' is clicked on

29-05-2024T21:51:36 - [TEST_STEP][PASSED] - cat = convertWebElementToTestObject(category): null

29-05-2024T21:51:36 - [TEST_STEP][PASSED] - text = category.getAttribute("value"): null

29-05-2024T21:51:36 - [TEST_STEP][PASSED] - try: Object: '' is clicked on

29-05-2024T21:51:36 - [TEST_STEP][PASSED] - click(cat): Object: '' is clicked on

29-05-2024T21:51:36 - [MESSAGE][PASSED] - Object: '' is clicked on

29-05-2024T21:51:36 - [TEST_STEP][PASSED] - cat = convertWebElementToTestObject(category): null

29-05-2024T21:51:36 - [TEST_STEP][PASSED] - text = category.getAttribute("value"): null

29-05-2024T21:51:36 - [TEST_STEP][PASSED] - try: Object: '' is clicked on

29-05-2024T21:51:36 - [TEST_STEP][PASSED] - click(cat): Object: '' is clicked on

29-05-2024T21:51:36 - [MESSAGE][PASSED] - Object: '' is clicked on

29-05-2024T21:51:36 - [TEST_STEP][PASSED] - positions = driver.findElements(By.xpath("//input[@id='profile_group-1623987608.435_ministry_preferences']")): null

29-05-2024T21:51:37 - [TEST_STEP][FAILED] - for (def position : positions): null

29-05-2024T21:51:37 - [TEST_STEP][PASSED] - pos = convertWebElementToTestObject(position): null

29-05-2024T21:51:37 - [TEST_STEP][PASSED] - text = position.getAttribute("value"): null

29-05-2024T21:51:37 - [TEST_STEP][PASSED] - try: Object: '' is clicked on

29-05-2024T21:51:37 - [TEST_STEP][PASSED] - click(pos): Object: '' is clicked on

29-05-2024T21:51:37 - [MESSAGE][PASSED] - Object: '' is clicked on

29-05-2024T21:51:37 - [TEST_STEP][PASSED] - pos = convertWebElementToTestObject(position): null

29-05-2024T21:51:37 - [TEST_STEP][PASSED] - text = position.getAttribute("value"): null

29-05-2024T21:51:37 - [TEST_STEP][PASSED] - try: Object: '' is clicked on

29-05-2024T21:51:37 - [TEST_STEP][PASSED] - click(pos): Object: '' is clicked on

29-05-2024T21:51:37 - [MESSAGE][PASSED] - Object: '' is clicked on

29-05-2024T21:51:37 - [TEST_STEP][PASSED] - pos = convertWebElementToTestObject(position): null

29-05-2024T21:51:37 - [TEST_STEP][PASSED] - text = position.getAttribute("value"): null

29-05-2024T21:51:37 - [TEST_STEP][PASSED] - try: Object: '' is clicked on

29-05-2024T21:51:37 - [TEST_STEP][PASSED] - click(pos): Object: '' is clicked on

29-05-2024T21:51:37 - [MESSAGE][PASSED] - Object: '' is clicked on

29-05-2024T21:51:37 - [TEST_STEP][PASSED] - pos = convertWebElementToTestObject(position): null

29-05-2024T21:51:37 - [TEST_STEP][PASSED] - text = position.getAttribute("value"): null

29-05-2024T21:51:37 - [TEST_STEP][FAILED] - try: Unable to click on object '' (Root cause: com.kms.katalon.core.exception.StepFailedException: Unable to click on object ''
	at com.kms.katalon.core.webui.keyword.internal.WebUIKeywordMain.stepFailed(WebUIKeywordMain.groovy:64)
	at com.kms.katalon.core.webui.keyword.internal.WebUIKeywordMain.runKeyword(WebUIKeywordMain.groovy:26)
	at com.kms.katalon.core.webui.keyword.builtin.ClickKeyword.click(ClickKeyword.groovy:74)
	at com.kms.katalon.core.webui.keyword.builtin.ClickKeyword.execute(ClickKeyword.groovy:40)
	at com.kms.katalon.core.keyword.internal.KeywordExecutor.executeKeywordForPlatform(KeywordExecutor.groovy:74)
	at com.kms.katalon.core.webui.keyword.WebUiBuiltInKeywords.click(WebUiBuiltInKeywords.groovy:659)
	at Test Preferred Positions Checkboxes.run(Test Preferred Positions Checkboxes:90)
	at com.kms.katalon.core.main.ScriptEngine.run(ScriptEngine.java:194)
	at com.kms.katalon.core.main.ScriptEngine.runScriptAsRawText(ScriptEngine.java:119)
	at com.kms.katalon.core.main.TestCaseExecutor.runScript(TestCaseExecutor.java:448)
	at com.kms.katalon.core.main.TestCaseExecutor.doExecute(TestCaseExecutor.java:439)
	at com.kms.katalon.core.main.TestCaseExecutor.processExecutionPhase(TestCaseExecutor.java:418)
	at com.kms.katalon.core.main.TestCaseExecutor.accessMainPhase(TestCaseExecutor.java:410)
	at com.kms.katalon.core.main.TestCaseExecutor.execute(TestCaseExecutor.java:285)
	at com.kms.katalon.core.common.CommonExecutor.accessTestCaseMainPhase(CommonExecutor.java:65)
	at com.kms.katalon.core.main.TestSuiteExecutor.accessTestSuiteMainPhase(TestSuiteExecutor.java:150)
	at com.kms.katalon.core.main.TestSuiteExecutor.execute(TestSuiteExecutor.java:106)
	at com.kms.katalon.core.main.TestCaseMain.startTestSuite(TestCaseMain.java:180)
	at TempTestSuite1717037449607.run(TempTestSuite1717037449607.groovy:35)
	at java.base/jdk.internal.reflect.NativeMethodAccessorImpl.invoke0(Native Method)
	at java.base/jdk.internal.reflect.NativeMethodAccessorImpl.invoke(NativeMethodAccessorImpl.java:77)
	at java.base/jdk.internal.reflect.DelegatingMethodAccessorImpl.invoke(DelegatingMethodAccessorImpl.java:43)
Caused by: org.openqa.selenium.ElementClickInterceptedException: element click intercepted: Element <input id="profile_group-1623987608.435_ministry_preferences" type="checkbox" name="profile[group-1623987608.435][ministry_preferences][]" value="Church Planter"> is not clickable at point (219, 640). Other element would receive the click: <div class="col-sm-offset-3 col-sm-9 after-note">...</div>
  (Session info: chrome=125.0.6422.78)
Build info: version: '3.141.59', revision: 'unknown', time: 'unknown'
System info: host: 'Kozs-MacBook-Air.local', ip: 'fd0a:2b0c:43ba:1:1070:d692:2cb2:409a%en0', os.name: 'Mac OS X', os.arch: 'x86_64', os.version: '13.6.1', java.version: '17.0.7'
Driver info: com.kms.katalon.selenium.driver.CChromeDriver
Capabilities {acceptInsecureCerts: false, browserName: chrome, browserVersion: 125.0.6422.78, chrome: {chromedriverVersion: 125.0.6422.60 (3ac3319bff9f..., userDataDir: /var/folders/hb/hv2s0v7n1nz...}, fedcm:accounts: true, goog:chromeOptions: {debuggerAddress: localhost:64024}, javascriptEnabled: true, networkConnectionEnabled: false, pageLoadStrategy: normal, platform: MAC, platformName: MAC, proxy: Proxy(), setWindowRect: true, strictFileInteractability: false, timeouts: {implicit: 0, pageLoad: 300000, script: 30000}, unhandledPromptBehavior: dismiss and notify, webauthn:extension:credBlob: true, webauthn:extension:largeBlob: true, webauthn:extension:minPinLength: true, webauthn:extension:prf: true, webauthn:virtualAuthenticators: true}
Session ID: 1f831a0815d8760a5b13ac8b4bd52e56
	at java.base/jdk.internal.reflect.NativeConstructorAccessorImpl.newInstance0(Native Method)
	at java.base/jdk.internal.reflect.NativeConstructorAccessorImpl.newInstance(NativeConstructorAccessorImpl.java:77)
	at java.base/jdk.internal.reflect.DelegatingConstructorAccessorImpl.newInstance(DelegatingConstructorAccessorImpl.java:45)
	at org.openqa.selenium.remote.http.W3CHttpResponseCodec.createException(W3CHttpResponseCodec.java:187)
	at org.openqa.selenium.remote.http.W3CHttpResponseCodec.decode(W3CHttpResponseCodec.java:122)
	at org.openqa.selenium.remote.http.W3CHttpResponseCodec.decode(W3CHttpResponseCodec.java:49)
	at org.openqa.selenium.remote.HttpCommandExecutor.execute(HttpCommandExecutor.java:158)
	at org.openqa.selenium.remote.service.DriverCommandExecutor.execute(DriverCommandExecutor.java:83)
	at org.openqa.selenium.remote.RemoteWebDriver.execute(RemoteWebDriver.java:552)
	at com.kms.katalon.selenium.driver.CChromeDriver.execute(CChromeDriver.java:19)
	at org.openqa.selenium.remote.RemoteWebElement.execute(RemoteWebElement.java:285)
	at org.openqa.selenium.remote.RemoteWebElement.click(RemoteWebElement.java:84)
	at jdk.internal.reflect.GeneratedMethodAccessor7.invoke(Unknown Source)
	at java.base/jdk.internal.reflect.DelegatingMethodAccessorImpl.invoke(DelegatingMethodAccessorImpl.java:43)
	at org.openqa.selenium.support.events.EventFiringWebDriver$EventFiringWebElement.lambda$new$0(EventFiringWebDriver.java:404)
	at jdk.proxy2/jdk.proxy2.$Proxy27.click(Unknown Source)
	at org.openqa.selenium.support.events.EventFiringWebDriver$EventFiringWebElement.click(EventFiringWebDriver.java:417)
	at org.openqa.selenium.WebElement$click.call(Unknown Source)
	at com.kms.katalon.core.webui.keyword.builtin.ClickKeyword.clickUntilSuccessWithTimeout(ClickKeyword.groovy:81)
	at com.kms.katalon.core.webui.keyword.builtin.ClickKeyword.clickUntilSuccessWithTimeout(ClickKeyword.groovy)
	at jdk.internal.reflect.GeneratedMethodAccessor5.invoke(Unknown Source)
	at java.base/jdk.internal.reflect.DelegatingMethodAccessorImpl.invoke(DelegatingMethodAccessorImpl.java:43)
	at com.kms.katalon.core.webui.keyword.builtin.ClickKeyword$_click_closure1.doCall(ClickKeyword.groovy:67)
	at com.kms.katalon.core.webui.keyword.builtin.ClickKeyword$_click_closure1.call(ClickKeyword.groovy)
	at com.kms.katalon.core.webui.keyword.internal.WebUIKeywordMain.runKeyword(WebUIKeywordMain.groovy:20)
	at com.kms.katalon.core.webui.keyword.builtin.ClickKeyword.click(ClickKeyword.groovy:74)
	at com.kms.katalon.core.webui.keyword.builtin.ClickKeyword.execute(ClickKeyword.groovy:40)
	at com.kms.katalon.core.keyword.internal.KeywordExecutor.executeKeywordForPlatform(KeywordExecutor.groovy:74)
	at com.kms.katalon.core.webui.keyword.WebUiBuiltInKeywords.click(WebUiBuiltInKeywords.groovy:659)
	at Script1716865643367.run(Script1716865643367.groovy:90)
	... 15 more
)

29-05-2024T21:51:37 - [TEST_STEP][FAILED] - click(pos): Unable to click on object '' (Root cause: com.kms.katalon.core.exception.StepFailedException: Unable to click on object ''
	at com.kms.katalon.core.webui.keyword.internal.WebUIKeywordMain.stepFailed(WebUIKeywordMain.groovy:64)
	at com.kms.katalon.core.webui.keyword.internal.WebUIKeywordMain.runKeyword(WebUIKeywordMain.groovy:26)
	at com.kms.katalon.core.webui.keyword.builtin.ClickKeyword.click(ClickKeyword.groovy:74)
	at com.kms.katalon.core.webui.keyword.builtin.ClickKeyword.execute(ClickKeyword.groovy:40)
	at com.kms.katalon.core.keyword.internal.KeywordExecutor.executeKeywordForPlatform(KeywordExecutor.groovy:74)
	at com.kms.katalon.core.webui.keyword.WebUiBuiltInKeywords.click(WebUiBuiltInKeywords.groovy:659)
	at Test Preferred Positions Checkboxes.run(Test Preferred Positions Checkboxes:90)
	at com.kms.katalon.core.main.ScriptEngine.run(ScriptEngine.java:194)
	at com.kms.katalon.core.main.ScriptEngine.runScriptAsRawText(ScriptEngine.java:119)
	at com.kms.katalon.core.main.TestCaseExecutor.runScript(TestCaseExecutor.java:448)
	at com.kms.katalon.core.main.TestCaseExecutor.doExecute(TestCaseExecutor.java:439)
	at com.kms.katalon.core.main.TestCaseExecutor.processExecutionPhase(TestCaseExecutor.java:418)
	at com.kms.katalon.core.main.TestCaseExecutor.accessMainPhase(TestCaseExecutor.java:410)
	at com.kms.katalon.core.main.TestCaseExecutor.execute(TestCaseExecutor.java:285)
	at com.kms.katalon.core.common.CommonExecutor.accessTestCaseMainPhase(CommonExecutor.java:65)
	at com.kms.katalon.core.main.TestSuiteExecutor.accessTestSuiteMainPhase(TestSuiteExecutor.java:150)
	at com.kms.katalon.core.main.TestSuiteExecutor.execute(TestSuiteExecutor.java:106)
	at com.kms.katalon.core.main.TestCaseMain.startTestSuite(TestCaseMain.java:180)
	at TempTestSuite1717037449607.run(TempTestSuite1717037449607.groovy:35)
	at java.base/jdk.internal.reflect.NativeMethodAccessorImpl.invoke0(Native Method)
	at java.base/jdk.internal.reflect.NativeMethodAccessorImpl.invoke(NativeMethodAccessorImpl.java:77)
	at java.base/jdk.internal.reflect.DelegatingMethodAccessorImpl.invoke(DelegatingMethodAccessorImpl.java:43)
Caused by: org.openqa.selenium.ElementClickInterceptedException: element click intercepted: Element <input id="profile_group-1623987608.435_ministry_preferences" type="checkbox" name="profile[group-1623987608.435][ministry_preferences][]" value="Church Planter"> is not clickable at point (219, 640). Other element would receive the click: <div class="col-sm-offset-3 col-sm-9 after-note">...</div>
  (Session info: chrome=125.0.6422.78)
Build info: version: '3.141.59', revision: 'unknown', time: 'unknown'
System info: host: 'Kozs-MacBook-Air.local', ip: 'fd0a:2b0c:43ba:1:1070:d692:2cb2:409a%en0', os.name: 'Mac OS X', os.arch: 'x86_64', os.version: '13.6.1', java.version: '17.0.7'
Driver info: com.kms.katalon.selenium.driver.CChromeDriver
Capabilities {acceptInsecureCerts: false, browserName: chrome, browserVersion: 125.0.6422.78, chrome: {chromedriverVersion: 125.0.6422.60 (3ac3319bff9f..., userDataDir: /var/folders/hb/hv2s0v7n1nz...}, fedcm:accounts: true, goog:chromeOptions: {debuggerAddress: localhost:64024}, javascriptEnabled: true, networkConnectionEnabled: false, pageLoadStrategy: normal, platform: MAC, platformName: MAC, proxy: Proxy(), setWindowRect: true, strictFileInteractability: false, timeouts: {implicit: 0, pageLoad: 300000, script: 30000}, unhandledPromptBehavior: dismiss and notify, webauthn:extension:credBlob: true, webauthn:extension:largeBlob: true, webauthn:extension:minPinLength: true, webauthn:extension:prf: true, webauthn:virtualAuthenticators: true}
Session ID: 1f831a0815d8760a5b13ac8b4bd52e56
	at java.base/jdk.internal.reflect.NativeConstructorAccessorImpl.newInstance0(Native Method)
	at java.base/jdk.internal.reflect.NativeConstructorAccessorImpl.newInstance(NativeConstructorAccessorImpl.java:77)
	at java.base/jdk.internal.reflect.DelegatingConstructorAccessorImpl.newInstance(DelegatingConstructorAccessorImpl.java:45)
	at org.openqa.selenium.remote.http.W3CHttpResponseCodec.createException(W3CHttpResponseCodec.java:187)
	at org.openqa.selenium.remote.http.W3CHttpResponseCodec.decode(W3CHttpResponseCodec.java:122)
	at org.openqa.selenium.remote.http.W3CHttpResponseCodec.decode(W3CHttpResponseCodec.java:49)
	at org.openqa.selenium.remote.HttpCommandExecutor.execute(HttpCommandExecutor.java:158)
	at org.openqa.selenium.remote.service.DriverCommandExecutor.execute(DriverCommandExecutor.java:83)
	at org.openqa.selenium.remote.RemoteWebDriver.execute(RemoteWebDriver.java:552)
	at com.kms.katalon.selenium.driver.CChromeDriver.execute(CChromeDriver.java:19)
	at org.openqa.selenium.remote.RemoteWebElement.execute(RemoteWebElement.java:285)
	at org.openqa.selenium.remote.RemoteWebElement.click(RemoteWebElement.java:84)
	at jdk.internal.reflect.GeneratedMethodAccessor7.invoke(Unknown Source)
	at java.base/jdk.internal.reflect.DelegatingMethodAccessorImpl.invoke(DelegatingMethodAccessorImpl.java:43)
	at org.openqa.selenium.support.events.EventFiringWebDriver$EventFiringWebElement.lambda$new$0(EventFiringWebDriver.java:404)
	at jdk.proxy2/jdk.proxy2.$Proxy27.click(Unknown Source)
	at org.openqa.selenium.support.events.EventFiringWebDriver$EventFiringWebElement.click(EventFiringWebDriver.java:417)
	at org.openqa.selenium.WebElement$click.call(Unknown Source)
	at com.kms.katalon.core.webui.keyword.builtin.ClickKeyword.clickUntilSuccessWithTimeout(ClickKeyword.groovy:81)
	at com.kms.katalon.core.webui.keyword.builtin.ClickKeyword.clickUntilSuccessWithTimeout(ClickKeyword.groovy)
	at jdk.internal.reflect.GeneratedMethodAccessor5.invoke(Unknown Source)
	at java.base/jdk.internal.reflect.DelegatingMethodAccessorImpl.invoke(DelegatingMethodAccessorImpl.java:43)
	at com.kms.katalon.core.webui.keyword.builtin.ClickKeyword$_click_closure1.doCall(ClickKeyword.groovy:67)
	at com.kms.katalon.core.webui.keyword.builtin.ClickKeyword$_click_closure1.call(ClickKeyword.groovy)
	at com.kms.katalon.core.webui.keyword.internal.WebUIKeywordMain.runKeyword(WebUIKeywordMain.groovy:20)
	at com.kms.katalon.core.webui.keyword.builtin.ClickKeyword.click(ClickKeyword.groovy:74)
	at com.kms.katalon.core.webui.keyword.builtin.ClickKeyword.execute(ClickKeyword.groovy:40)
	at com.kms.katalon.core.keyword.internal.KeywordExecutor.executeKeywordForPlatform(KeywordExecutor.groovy:74)
	at com.kms.katalon.core.webui.keyword.WebUiBuiltInKeywords.click(WebUiBuiltInKeywords.groovy:659)
	at Script1716865643367.run(Script1716865643367.groovy:90)
	... 15 more
)

29-05-2024T21:51:50 - [MESSAGE][FAILED] - Unable to click on object '' (Root cause: com.kms.katalon.core.exception.StepFailedException: Unable to click on object ''
	at com.kms.katalon.core.webui.keyword.internal.WebUIKeywordMain.stepFailed(WebUIKeywordMain.groovy:64)
	at com.kms.katalon.core.webui.keyword.internal.WebUIKeywordMain.runKeyword(WebUIKeywordMain.groovy:26)
	at com.kms.katalon.core.webui.keyword.builtin.ClickKeyword.click(ClickKeyword.groovy:74)
	at com.kms.katalon.core.webui.keyword.builtin.ClickKeyword.execute(ClickKeyword.groovy:40)
	at com.kms.katalon.core.keyword.internal.KeywordExecutor.executeKeywordForPlatform(KeywordExecutor.groovy:74)
	at com.kms.katalon.core.webui.keyword.WebUiBuiltInKeywords.click(WebUiBuiltInKeywords.groovy:659)
	at Test Preferred Positions Checkboxes.run(Test Preferred Positions Checkboxes:90)
	at com.kms.katalon.core.main.ScriptEngine.run(ScriptEngine.java:194)
	at com.kms.katalon.core.main.ScriptEngine.runScriptAsRawText(ScriptEngine.java:119)
	at com.kms.katalon.core.main.TestCaseExecutor.runScript(TestCaseExecutor.java:448)
	at com.kms.katalon.core.main.TestCaseExecutor.doExecute(TestCaseExecutor.java:439)
	at com.kms.katalon.core.main.TestCaseExecutor.processExecutionPhase(TestCaseExecutor.java:418)
	at com.kms.katalon.core.main.TestCaseExecutor.accessMainPhase(TestCaseExecutor.java:410)
	at com.kms.katalon.core.main.TestCaseExecutor.execute(TestCaseExecutor.java:285)
	at com.kms.katalon.core.common.CommonExecutor.accessTestCaseMainPhase(CommonExecutor.java:65)
	at com.kms.katalon.core.main.TestSuiteExecutor.accessTestSuiteMainPhase(TestSuiteExecutor.java:150)
	at com.kms.katalon.core.main.TestSuiteExecutor.execute(TestSuiteExecutor.java:106)
	at com.kms.katalon.core.main.TestCaseMain.startTestSuite(TestCaseMain.java:180)
	at TempTestSuite1717037449607.run(TempTestSuite1717037449607.groovy:35)
	at java.base/jdk.internal.reflect.NativeMethodAccessorImpl.invoke0(Native Method)
	at java.base/jdk.internal.reflect.NativeMethodAccessorImpl.invoke(NativeMethodAccessorImpl.java:77)
	at java.base/jdk.internal.reflect.DelegatingMethodAccessorImpl.invoke(DelegatingMethodAccessorImpl.java:43)
Caused by: org.openqa.selenium.ElementClickInterceptedException: element click intercepted: Element <input id="profile_group-1623987608.435_ministry_preferences" type="checkbox" name="profile[group-1623987608.435][ministry_preferences][]" value="Church Planter"> is not clickable at point (219, 640). Other element would receive the click: <div class="col-sm-offset-3 col-sm-9 after-note">...</div>
  (Session info: chrome=125.0.6422.78)
Build info: version: '3.141.59', revision: 'unknown', time: 'unknown'
System info: host: 'Kozs-MacBook-Air.local', ip: 'fd0a:2b0c:43ba:1:1070:d692:2cb2:409a%en0', os.name: 'Mac OS X', os.arch: 'x86_64', os.version: '13.6.1', java.version: '17.0.7'
Driver info: com.kms.katalon.selenium.driver.CChromeDriver
Capabilities {acceptInsecureCerts: false, browserName: chrome, browserVersion: 125.0.6422.78, chrome: {chromedriverVersion: 125.0.6422.60 (3ac3319bff9f..., userDataDir: /var/folders/hb/hv2s0v7n1nz...}, fedcm:accounts: true, goog:chromeOptions: {debuggerAddress: localhost:64024}, javascriptEnabled: true, networkConnectionEnabled: false, pageLoadStrategy: normal, platform: MAC, platformName: MAC, proxy: Proxy(), setWindowRect: true, strictFileInteractability: false, timeouts: {implicit: 0, pageLoad: 300000, script: 30000}, unhandledPromptBehavior: dismiss and notify, webauthn:extension:credBlob: true, webauthn:extension:largeBlob: true, webauthn:extension:minPinLength: true, webauthn:extension:prf: true, webauthn:virtualAuthenticators: true}
Session ID: 1f831a0815d8760a5b13ac8b4bd52e56
	at java.base/jdk.internal.reflect.NativeConstructorAccessorImpl.newInstance0(Native Method)
	at java.base/jdk.internal.reflect.NativeConstructorAccessorImpl.newInstance(NativeConstructorAccessorImpl.java:77)
	at java.base/jdk.internal.reflect.DelegatingConstructorAccessorImpl.newInstance(DelegatingConstructorAccessorImpl.java:45)
	at org.openqa.selenium.remote.http.W3CHttpResponseCodec.createException(W3CHttpResponseCodec.java:187)
	at org.openqa.selenium.remote.http.W3CHttpResponseCodec.decode(W3CHttpResponseCodec.java:122)
	at org.openqa.selenium.remote.http.W3CHttpResponseCodec.decode(W3CHttpResponseCodec.java:49)
	at org.openqa.selenium.remote.HttpCommandExecutor.execute(HttpCommandExecutor.java:158)
	at org.openqa.selenium.remote.service.DriverCommandExecutor.execute(DriverCommandExecutor.java:83)
	at org.openqa.selenium.remote.RemoteWebDriver.execute(RemoteWebDriver.java:552)
	at com.kms.katalon.selenium.driver.CChromeDriver.execute(CChromeDriver.java:19)
	at org.openqa.selenium.remote.RemoteWebElement.execute(RemoteWebElement.java:285)
	at org.openqa.selenium.remote.RemoteWebElement.click(RemoteWebElement.java:84)
	at jdk.internal.reflect.GeneratedMethodAccessor7.invoke(Unknown Source)
	at java.base/jdk.internal.reflect.DelegatingMethodAccessorImpl.invoke(DelegatingMethodAccessorImpl.java:43)
	at org.openqa.selenium.support.events.EventFiringWebDriver$EventFiringWebElement.lambda$new$0(EventFiringWebDriver.java:404)
	at jdk.proxy2/jdk.proxy2.$Proxy27.click(Unknown Source)
	at org.openqa.selenium.support.events.EventFiringWebDriver$EventFiringWebElement.click(EventFiringWebDriver.java:417)
	at org.openqa.selenium.WebElement$click.call(Unknown Source)
	at com.kms.katalon.core.webui.keyword.builtin.ClickKeyword.clickUntilSuccessWithTimeout(ClickKeyword.groovy:81)
	at com.kms.katalon.core.webui.keyword.builtin.ClickKeyword.clickUntilSuccessWithTimeout(ClickKeyword.groovy)
	at jdk.internal.reflect.GeneratedMethodAccessor5.invoke(Unknown Source)
	at java.base/jdk.internal.reflect.DelegatingMethodAccessorImpl.invoke(DelegatingMethodAccessorImpl.java:43)
	at com.kms.katalon.core.webui.keyword.builtin.ClickKeyword$_click_closure1.doCall(ClickKeyword.groovy:67)
	at com.kms.katalon.core.webui.keyword.builtin.ClickKeyword$_click_closure1.call(ClickKeyword.groovy)
	at com.kms.katalon.core.webui.keyword.internal.WebUIKeywordMain.runKeyword(WebUIKeywordMain.groovy:20)
	at com.kms.katalon.core.webui.keyword.builtin.ClickKeyword.click(ClickKeyword.groovy:74)
	at com.kms.katalon.core.webui.keyword.builtin.ClickKeyword.execute(ClickKeyword.groovy:40)
	at com.kms.katalon.core.keyword.internal.KeywordExecutor.executeKeywordForPlatform(KeywordExecutor.groovy:74)
	at com.kms.katalon.core.webui.keyword.WebUiBuiltInKeywords.click(WebUiBuiltInKeywords.groovy:659)
	at Script1716865643367.run(Script1716865643367.groovy:90)
	... 15 more
)
[[ATTACHMENT|/Users/cckozie/git/MissionNext-Katalon-Koz/Reports/20240529_215049/Preferred Positions Test Suite/20240529_215049/1717037509496.png]]

29-05-2024T21:51:50 - [TEST_STEP][PASSED] - catch (Exception e): null

29-05-2024T21:51:50 - [TEST_STEP][PASSED] - println("Unable to click on checkbox for Preferred Position " + text): null

29-05-2024T21:51:50 - [TEST_STEP][PASSED] - markFailedAndStop("Unable to click on checkbox for Preferred Position " + text, test failed."): null

29-05-2024T21:51:50 - [TEST_STEP][PASSED] - Start listener action : sampleAfterTestCase: null

29-05-2024T21:51:50 - [TEST_STEP][PASSED] - println(testCaseContext.getTestCaseId()): null

29-05-2024T21:51:50 - [TEST_STEP][PASSED] - println(testCaseContext.getTestCaseStatus()): null

29-05-2024T21:51:50 - [TEST_STEP][PASSED] - getRuntime().exec("/usr/bin/pkill -9 Google Analytics Opt Out"): null]]></system-out>
         <system-err><![CDATA[29-05-2024T21:50:59 - [TEST_CASE][FAILED] - Test Cases/Test Preferred Positions Checkboxes: Test Cases/Test Preferred Positions Checkboxes FAILED.
Reason:
com.kms.katalon.core.exception.StepFailedException: Unable to click on checkbox for Preferred Position " + text, test failed.
	at com.kms.katalon.core.util.KeywordUtil.markFailedAndStop(KeywordUtil.java:30)
	at Test Preferred Positions Checkboxes.run(Test Preferred Positions Checkboxes:97)
	at com.kms.katalon.core.main.ScriptEngine.run(ScriptEngine.java:194)
	at com.kms.katalon.core.main.ScriptEngine.runScriptAsRawText(ScriptEngine.java:119)
	at com.kms.katalon.core.main.TestCaseExecutor.runScript(TestCaseExecutor.java:448)
	at com.kms.katalon.core.main.TestCaseExecutor.doExecute(TestCaseExecutor.java:439)
	at com.kms.katalon.core.main.TestCaseExecutor.processExecutionPhase(TestCaseExecutor.java:418)
	at com.kms.katalon.core.main.TestCaseExecutor.accessMainPhase(TestCaseExecutor.java:410)
	at com.kms.katalon.core.main.TestCaseExecutor.execute(TestCaseExecutor.java:285)
	at com.kms.katalon.core.common.CommonExecutor.accessTestCaseMainPhase(CommonExecutor.java:65)
	at com.kms.katalon.core.main.TestSuiteExecutor.accessTestSuiteMainPhase(TestSuiteExecutor.java:150)
	at com.kms.katalon.core.main.TestSuiteExecutor.execute(TestSuiteExecutor.java:106)
	at com.kms.katalon.core.main.TestCaseMain.startTestSuite(TestCaseMain.java:180)
	at TempTestSuite1717037449607.run(TempTestSuite1717037449607.groovy:35)
	at java.base/jdk.internal.reflect.NativeMethodAccessorImpl.invoke0(Native Method)
	at java.base/jdk.internal.reflect.NativeMethodAccessorImpl.invoke(NativeMethodAccessorImpl.java:77)
	at java.base/jdk.internal.reflect.DelegatingMethodAccessorImpl.invoke(DelegatingMethodAccessorImpl.java:43)]]></system-err>
      </testcase>
      <system-out><![CDATA[29-05-2024T21:50:59 - [TEST_SUITE][FAILED] - Preferred Positions Test Suite: Test Cases/Test Preferred Positions Checkboxes FAILED.
Reason:
com.kms.katalon.core.exception.StepFailedException: Unable to click on checkbox for Preferred Position " + text, test failed.
	at com.kms.katalon.core.util.KeywordUtil.markFailedAndStop(KeywordUtil.java:30)
	at Test Preferred Positions Checkboxes.run(Test Preferred Positions Checkboxes:97)
	at com.kms.katalon.core.main.ScriptEngine.run(ScriptEngine.java:194)
	at com.kms.katalon.core.main.ScriptEngine.runScriptAsRawText(ScriptEngine.java:119)
	at com.kms.katalon.core.main.TestCaseExecutor.runScript(TestCaseExecutor.java:448)
	at com.kms.katalon.core.main.TestCaseExecutor.doExecute(TestCaseExecutor.java:439)
	at com.kms.katalon.core.main.TestCaseExecutor.processExecutionPhase(TestCaseExecutor.java:418)
	at com.kms.katalon.core.main.TestCaseExecutor.accessMainPhase(TestCaseExecutor.java:410)
	at com.kms.katalon.core.main.TestCaseExecutor.execute(TestCaseExecutor.java:285)
	at com.kms.katalon.core.common.CommonExecutor.accessTestCaseMainPhase(CommonExecutor.java:65)
	at com.kms.katalon.core.main.TestSuiteExecutor.accessTestSuiteMainPhase(TestSuiteExecutor.java:150)
	at com.kms.katalon.core.main.TestSuiteExecutor.execute(TestSuiteExecutor.java:106)
	at com.kms.katalon.core.main.TestCaseMain.startTestSuite(TestCaseMain.java:180)
	at TempTestSuite1717037449607.run(TempTestSuite1717037449607.groovy:35)
	at java.base/jdk.internal.reflect.NativeMethodAccessorImpl.invoke0(Native Method)
	at java.base/jdk.internal.reflect.NativeMethodAccessorImpl.invoke(NativeMethodAccessorImpl.java:77)
	at java.base/jdk.internal.reflect.DelegatingMethodAccessorImpl.invoke(DelegatingMethodAccessorImpl.java:43)]]></system-out>
      <system-err><![CDATA[29-05-2024T21:50:59 - [TEST_SUITE][FAILED] - Preferred Positions Test Suite: Test Cases/Test Preferred Positions Checkboxes FAILED.
Reason:
com.kms.katalon.core.exception.StepFailedException: Unable to click on checkbox for Preferred Position " + text, test failed.
	at com.kms.katalon.core.util.KeywordUtil.markFailedAndStop(KeywordUtil.java:30)
	at Test Preferred Positions Checkboxes.run(Test Preferred Positions Checkboxes:97)
	at com.kms.katalon.core.main.ScriptEngine.run(ScriptEngine.java:194)
	at com.kms.katalon.core.main.ScriptEngine.runScriptAsRawText(ScriptEngine.java:119)
	at com.kms.katalon.core.main.TestCaseExecutor.runScript(TestCaseExecutor.java:448)
	at com.kms.katalon.core.main.TestCaseExecutor.doExecute(TestCaseExecutor.java:439)
	at com.kms.katalon.core.main.TestCaseExecutor.processExecutionPhase(TestCaseExecutor.java:418)
	at com.kms.katalon.core.main.TestCaseExecutor.accessMainPhase(TestCaseExecutor.java:410)
	at com.kms.katalon.core.main.TestCaseExecutor.execute(TestCaseExecutor.java:285)
	at com.kms.katalon.core.common.CommonExecutor.accessTestCaseMainPhase(CommonExecutor.java:65)
	at com.kms.katalon.core.main.TestSuiteExecutor.accessTestSuiteMainPhase(TestSuiteExecutor.java:150)
	at com.kms.katalon.core.main.TestSuiteExecutor.execute(TestSuiteExecutor.java:106)
	at com.kms.katalon.core.main.TestCaseMain.startTestSuite(TestCaseMain.java:180)
	at TempTestSuite1717037449607.run(TempTestSuite1717037449607.groovy:35)
	at java.base/jdk.internal.reflect.NativeMethodAccessorImpl.invoke0(Native Method)
	at java.base/jdk.internal.reflect.NativeMethodAccessorImpl.invoke(NativeMethodAccessorImpl.java:77)
	at java.base/jdk.internal.reflect.DelegatingMethodAccessorImpl.invoke(DelegatingMethodAccessorImpl.java:43)]]></system-err>
   </testsuite>
</testsuites>
