<?xml version="1.0" encoding="UTF-8"?>
<testsuites name="Education Candidate Test Suite" time="31.718" tests="1" failures="1" errors="0">
   <testsuite name="Education Candidate Test Suite" tests="1" failures="1" errors="0" time="31.718" skipped="0" timestamp="03-03-2025T13:03:28" hostname="cckozie - 192.168.4.43" id="Test Suites/Education Candidate Test Suite">
      <properties>
         <property name="deviceName" value=""/>
         <property name="devicePlatform"/>
         <property name="logFolder" value="/Users/cckozie/git/MissionNext-Katalon-Koz/Reports/20250303_130319/Education Candidate Test Suite/20250303_130320"/>
         <property name="logFiles" value="/Users/cckozie/git/MissionNext-Katalon-Koz/Reports/20250303_130319/Education Candidate Test Suite/20250303_130320/execution0.log"/>
         <property name="attachments" value=""/>
         <property name="hostName" value="cckozie - 192.168.4.43"/>
         <property name="os" value="Mac OS X 64bit"/>
         <property name="katalonVersion" value="9.7.3.223"/>
         <property name="browser" value="Chrome 133.0.0.0"/>
         <property name="hostAddress" value="192.168.4.43"/>
         <property name="sessionId" value="27218418ee85cc1d8cf153cbe2b1d1d7"/>
         <property name="seleniumVersion" value="3.141.59"/>
         <property name="proxyInformation" value="ProxyInformation { proxyOption=NO_PROXY, proxyServerType=HTTP, username=, password=********, proxyServerAddress=, proxyServerPort=0, executionList=&quot;&quot;, isApplyToDesiredCapabilities=true }"/>
         <property name="platform" value="Mac OS X"/>
      </properties>
      <testcase name="Test Cases/Education Candidate Profile/Register Education Candidate" time="6.163" classname="Test Cases/Education Candidate Profile/Register Education Candidate" status="FAILED">
         <failure type="FAILED" message="Test Cases/Education Candidate Profile/Register Education Candidate FAILED.&#xa;Reason:&#xa;com.kms.katalon.core.exception.StepFailedException: Unable to navigate to 'https://education.missionnext.org/signup/candidate'&#xa;	at com.kms.katalon.core.webui.keyword.internal.WebUIKeywordMain.stepFailed(WebUIKeywordMain.groovy:117)&#xa;	at com.kms.katalon.core.webui.keyword.internal.WebUIKeywordMain.runKeyword(WebUIKeywordMain.groovy:43)&#xa;	at com.kms.katalon.core.webui.keyword.builtin.NavigateToUrlKeyword.navigateToUrl(NavigateToUrlKeyword.groovy:83)&#xa;	at com.kms.katalon.core.webui.keyword.builtin.NavigateToUrlKeyword.execute(NavigateToUrlKeyword.groovy:67)&#xa;	at com.kms.katalon.core.keyword.internal.KeywordExecutor.executeKeywordForPlatform(KeywordExecutor.groovy:74)&#xa;	at com.kms.katalon.core.webui.keyword.WebUiBuiltInKeywords.navigateToUrl(WebUiBuiltInKeywords.groovy:187)&#xa;	at Register Education Candidate.run(Register Education Candidate:99)&#xa;	at com.kms.katalon.core.main.ScriptEngine.run(ScriptEngine.java:194)&#xa;	at com.kms.katalon.core.main.ScriptEngine.runScriptAsRawText(ScriptEngine.java:119)&#xa;	at com.kms.katalon.core.main.TestCaseExecutor.runScript(TestCaseExecutor.java:448)&#xa;	at com.kms.katalon.core.main.TestCaseExecutor.doExecute(TestCaseExecutor.java:439)&#xa;	at com.kms.katalon.core.main.TestCaseExecutor.processExecutionPhase(TestCaseExecutor.java:418)&#xa;	at com.kms.katalon.core.main.TestCaseExecutor.accessMainPhase(TestCaseExecutor.java:410)&#xa;	at com.kms.katalon.core.main.TestCaseExecutor.execute(TestCaseExecutor.java:285)&#xa;	at com.kms.katalon.core.main.TestCaseExecutor.execute(TestCaseExecutor.java:369)&#xa;	at com.kms.katalon.core.main.TestCaseExecutor.execute(TestCaseExecutor.java:369)&#xa;	at com.kms.katalon.core.main.TestCaseExecutor.execute(TestCaseExecutor.java:369)&#xa;	at com.kms.katalon.core.common.CommonExecutor.accessTestCaseMainPhase(CommonExecutor.java:65)&#xa;	at com.kms.katalon.core.main.TestSuiteExecutor.accessTestSuiteMainPhase(TestSuiteExecutor.java:150)&#xa;	at com.kms.katalon.core.main.TestSuiteExecutor.execute(TestSuiteExecutor.java:106)&#xa;	at com.kms.katalon.core.main.TestCaseMain.startTestSuite(TestCaseMain.java:180)&#xa;	at TempTestSuite1741028600693.run(TempTestSuite1741028600693.groovy:35)&#xa;	at java.base/jdk.internal.reflect.NativeMethodAccessorImpl.invoke0(Native Method)&#xa;	at java.base/jdk.internal.reflect.NativeMethodAccessorImpl.invoke(NativeMethodAccessorImpl.java:77)&#xa;	at java.base/jdk.internal.reflect.DelegatingMethodAccessorImpl.invoke(DelegatingMethodAccessorImpl.java:43)&#xa;Caused by: org.openqa.selenium.NoSuchSessionException: invalid session id: session deleted as the browser has closed the connection&#xa;from disconnected: Unable to receive message from renderer&#xa;  (Session info: chrome=133.0.6943.142)&#xa;Build info: version: '3.141.59', revision: 'unknown', time: 'unknown'&#xa;System info: host: 'MacBook-Pro.local', ip: 'fdc1:b939:2fc6:38cc:1017:fa65:eb20:50e5%en0', os.name: 'Mac OS X', os.arch: 'aarch64', os.version: '15.1.1', java.version: '17.0.7'&#xa;Driver info: com.kms.katalon.selenium.driver.CChromeDriver&#xa;Capabilities {acceptInsecureCerts: false, browserName: chrome, browserVersion: 133.0.6943.142, chrome: {chromedriverVersion: 133.0.6943.53 (9a80935019b0..., userDataDir: /var/folders/hb/hv2s0v7n1nz...}, fedcm:accounts: true, goog:chromeOptions: {debuggerAddress: localhost:60435}, javascriptEnabled: true, networkConnectionEnabled: false, pageLoadStrategy: normal, platform: MAC, platformName: MAC, proxy: Proxy(), setWindowRect: true, strictFileInteractability: false, timeouts: {implicit: 0, pageLoad: 300000, script: 30000}, unhandledPromptBehavior: dismiss and notify, webauthn:extension:credBlob: true, webauthn:extension:largeBlob: true, webauthn:extension:minPinLength: true, webauthn:extension:prf: true, webauthn:virtualAuthenticators: true}&#xa;Session ID: 27218418ee85cc1d8cf153cbe2b1d1d7&#xa;	at java.base/jdk.internal.reflect.NativeConstructorAccessorImpl.newInstance0(Native Method)&#xa;	at java.base/jdk.internal.reflect.NativeConstructorAccessorImpl.newInstance(NativeConstructorAccessorImpl.java:77)&#xa;	at java.base/jdk.internal.reflect.DelegatingConstructorAccessorImpl.newInstance(DelegatingConstructorAccessorImpl.java:45)&#xa;	at org.openqa.selenium.remote.http.W3CHttpResponseCodec.createException(W3CHttpResponseCodec.java:187)&#xa;	at org.openqa.selenium.remote.http.W3CHttpResponseCodec.decode(W3CHttpResponseCodec.java:122)&#xa;	at org.openqa.selenium.remote.http.W3CHttpResponseCodec.decode(W3CHttpResponseCodec.java:49)&#xa;	at org.openqa.selenium.remote.HttpCommandExecutor.execute(HttpCommandExecutor.java:158)&#xa;	at org.openqa.selenium.remote.service.DriverCommandExecutor.execute(DriverCommandExecutor.java:83)&#xa;	at org.openqa.selenium.remote.RemoteWebDriver.execute(RemoteWebDriver.java:552)&#xa;	at com.kms.katalon.selenium.driver.CChromeDriver.execute(CChromeDriver.java:19)&#xa;	at org.openqa.selenium.remote.RemoteWebDriver.get(RemoteWebDriver.java:277)&#xa;	at org.openqa.selenium.remote.RemoteWebDriver$RemoteNavigation.to(RemoteWebDriver.java:857)&#xa;	at org.openqa.selenium.support.events.EventFiringWebDriver$EventFiringNavigation.to(EventFiringWebDriver.java:569)&#xa;	at com.kms.katalon.core.webui.keyword.builtin.NavigateToUrlKeyword$_navigateToUrl_closure1.doCall(NavigateToUrlKeyword.groovy:81)&#xa;	at com.kms.katalon.core.webui.keyword.builtin.NavigateToUrlKeyword$_navigateToUrl_closure1.call(NavigateToUrlKeyword.groovy)&#xa;	at com.kms.katalon.core.webui.keyword.internal.WebUIKeywordMain.runKeyword(WebUIKeywordMain.groovy:35)&#xa;	... 23 more&#xa;"/>
         <system-out><![CDATA[03-03-2025T13:03:53 - [TEST_CASE][FAILED] - Test Cases/Education Candidate Profile/Register Education Candidate: Test Cases/Education Candidate Profile/Register Education Candidate FAILED.
Reason:
com.kms.katalon.core.exception.StepFailedException: Unable to navigate to 'https://education.missionnext.org/signup/candidate'
	at com.kms.katalon.core.webui.keyword.internal.WebUIKeywordMain.stepFailed(WebUIKeywordMain.groovy:117)
	at com.kms.katalon.core.webui.keyword.internal.WebUIKeywordMain.runKeyword(WebUIKeywordMain.groovy:43)
	at com.kms.katalon.core.webui.keyword.builtin.NavigateToUrlKeyword.navigateToUrl(NavigateToUrlKeyword.groovy:83)
	at com.kms.katalon.core.webui.keyword.builtin.NavigateToUrlKeyword.execute(NavigateToUrlKeyword.groovy:67)
	at com.kms.katalon.core.keyword.internal.KeywordExecutor.executeKeywordForPlatform(KeywordExecutor.groovy:74)
	at com.kms.katalon.core.webui.keyword.WebUiBuiltInKeywords.navigateToUrl(WebUiBuiltInKeywords.groovy:187)
	at Register Education Candidate.run(Register Education Candidate:99)
	at com.kms.katalon.core.main.ScriptEngine.run(ScriptEngine.java:194)
	at com.kms.katalon.core.main.ScriptEngine.runScriptAsRawText(ScriptEngine.java:119)
	at com.kms.katalon.core.main.TestCaseExecutor.runScript(TestCaseExecutor.java:448)
	at com.kms.katalon.core.main.TestCaseExecutor.doExecute(TestCaseExecutor.java:439)
	at com.kms.katalon.core.main.TestCaseExecutor.processExecutionPhase(TestCaseExecutor.java:418)
	at com.kms.katalon.core.main.TestCaseExecutor.accessMainPhase(TestCaseExecutor.java:410)
	at com.kms.katalon.core.main.TestCaseExecutor.execute(TestCaseExecutor.java:285)
	at com.kms.katalon.core.main.TestCaseExecutor.execute(TestCaseExecutor.java:369)
	at com.kms.katalon.core.main.TestCaseExecutor.execute(TestCaseExecutor.java:369)
	at com.kms.katalon.core.main.TestCaseExecutor.execute(TestCaseExecutor.java:369)
	at com.kms.katalon.core.common.CommonExecutor.accessTestCaseMainPhase(CommonExecutor.java:65)
	at com.kms.katalon.core.main.TestSuiteExecutor.accessTestSuiteMainPhase(TestSuiteExecutor.java:150)
	at com.kms.katalon.core.main.TestSuiteExecutor.execute(TestSuiteExecutor.java:106)
	at com.kms.katalon.core.main.TestCaseMain.startTestSuite(TestCaseMain.java:180)
	at TempTestSuite1741028600693.run(TempTestSuite1741028600693.groovy:35)
	at java.base/jdk.internal.reflect.NativeMethodAccessorImpl.invoke0(Native Method)
	at java.base/jdk.internal.reflect.NativeMethodAccessorImpl.invoke(NativeMethodAccessorImpl.java:77)
	at java.base/jdk.internal.reflect.DelegatingMethodAccessorImpl.invoke(DelegatingMethodAccessorImpl.java:43)
Caused by: org.openqa.selenium.NoSuchSessionException: invalid session id: session deleted as the browser has closed the connection
from disconnected: Unable to receive message from renderer
  (Session info: chrome=133.0.6943.142)
Build info: version: '3.141.59', revision: 'unknown', time: 'unknown'
System info: host: 'MacBook-Pro.local', ip: 'fdc1:b939:2fc6:38cc:1017:fa65:eb20:50e5%en0', os.name: 'Mac OS X', os.arch: 'aarch64', os.version: '15.1.1', java.version: '17.0.7'
Driver info: com.kms.katalon.selenium.driver.CChromeDriver
Capabilities {acceptInsecureCerts: false, browserName: chrome, browserVersion: 133.0.6943.142, chrome: {chromedriverVersion: 133.0.6943.53 (9a80935019b0..., userDataDir: /var/folders/hb/hv2s0v7n1nz...}, fedcm:accounts: true, goog:chromeOptions: {debuggerAddress: localhost:60435}, javascriptEnabled: true, networkConnectionEnabled: false, pageLoadStrategy: normal, platform: MAC, platformName: MAC, proxy: Proxy(), setWindowRect: true, strictFileInteractability: false, timeouts: {implicit: 0, pageLoad: 300000, script: 30000}, unhandledPromptBehavior: dismiss and notify, webauthn:extension:credBlob: true, webauthn:extension:largeBlob: true, webauthn:extension:minPinLength: true, webauthn:extension:prf: true, webauthn:virtualAuthenticators: true}
Session ID: 27218418ee85cc1d8cf153cbe2b1d1d7
	at java.base/jdk.internal.reflect.NativeConstructorAccessorImpl.newInstance0(Native Method)
	at java.base/jdk.internal.reflect.NativeConstructorAccessorImpl.newInstance(NativeConstructorAccessorImpl.java:77)
	at java.base/jdk.internal.reflect.DelegatingConstructorAccessorImpl.newInstance(DelegatingConstructorAccessorImpl.java:45)
	at org.openqa.selenium.remote.http.W3CHttpResponseCodec.createException(W3CHttpResponseCodec.java:187)
	at org.openqa.selenium.remote.http.W3CHttpResponseCodec.decode(W3CHttpResponseCodec.java:122)
	at org.openqa.selenium.remote.http.W3CHttpResponseCodec.decode(W3CHttpResponseCodec.java:49)
	at org.openqa.selenium.remote.HttpCommandExecutor.execute(HttpCommandExecutor.java:158)
	at org.openqa.selenium.remote.service.DriverCommandExecutor.execute(DriverCommandExecutor.java:83)
	at org.openqa.selenium.remote.RemoteWebDriver.execute(RemoteWebDriver.java:552)
	at com.kms.katalon.selenium.driver.CChromeDriver.execute(CChromeDriver.java:19)
	at org.openqa.selenium.remote.RemoteWebDriver.get(RemoteWebDriver.java:277)
	at org.openqa.selenium.remote.RemoteWebDriver$RemoteNavigation.to(RemoteWebDriver.java:857)
	at org.openqa.selenium.support.events.EventFiringWebDriver$EventFiringNavigation.to(EventFiringWebDriver.java:569)
	at com.kms.katalon.core.webui.keyword.builtin.NavigateToUrlKeyword$_navigateToUrl_closure1.doCall(NavigateToUrlKeyword.groovy:81)
	at com.kms.katalon.core.webui.keyword.builtin.NavigateToUrlKeyword$_navigateToUrl_closure1.call(NavigateToUrlKeyword.groovy)
	at com.kms.katalon.core.webui.keyword.internal.WebUIKeywordMain.runKeyword(WebUIKeywordMain.groovy:35)
	... 23 more


03-03-2025T13:03:53 - [TEST_STEP][PASSED] - username = username: null

03-03-2025T13:03:53 - [TEST_STEP][PASSED] - if (username != "cktest04ec"): null

03-03-2025T13:03:53 - [TEST_STEP][PASSED] - registerOnly = false: null

03-03-2025T13:03:53 - [TEST_STEP][PASSED] - domain = domain: null

03-03-2025T13:03:53 - [TEST_STEP][PASSED] - username = username: null

03-03-2025T13:03:53 - [TEST_STEP][PASSED] - url = "https://education." + domain + "/signup/candidate": null

03-03-2025T13:03:53 - [TEST_STEP][PASSED] - outFile = new java.io.File(((/Users/cckozie/Documents/MissionNext/Test Reports/Test Register Education Candidate on  + domain) + .txt)): null

03-03-2025T13:03:53 - [TEST_STEP][PASSED] - outFile = outFile: null

03-03-2025T13:03:53 - [TEST_STEP][PASSED] - outFile.write("Testing Register Education Candidate on " + domain + ".
"): null

03-03-2025T13:03:53 - [TEST_STEP][PASSED] - callTestCase(findTestCase("Admin/Delete User"), ["varUsername":username], STOP_ON_FAILURE): Call Test Case 'Test Cases/Admin/Delete User' successfully

03-03-2025T13:03:53 - [TEST_CASE][PASSED] - Test Cases/Admin/Delete User: Test Cases/Admin/Delete User

03-03-2025T13:03:53 - [TEST_STEP][PASSED] - if (binding.hasVariable("varUsername")): null

03-03-2025T13:03:53 - [TEST_STEP][PASSED] - username = varUsername: null

03-03-2025T13:03:53 - [TEST_STEP][PASSED] - writeFile = false: null

03-03-2025T13:03:53 - [TEST_STEP][PASSED] - println("outFile is " + outFile): null

03-03-2025T13:03:53 - [TEST_STEP][PASSED] - if (outFile != ""): null

03-03-2025T13:03:53 - [TEST_STEP][PASSED] - myFile = outFile: null

03-03-2025T13:03:53 - [TEST_STEP][PASSED] - println(myFile): null

03-03-2025T13:03:53 - [TEST_STEP][PASSED] - outFile = new java.io.File(myFile): null

03-03-2025T13:03:53 - [TEST_STEP][PASSED] - writeFile = true: null

03-03-2025T13:03:53 - [TEST_STEP][PASSED] - domain = domain: null

03-03-2025T13:03:53 - [TEST_STEP][PASSED] - url = "https://ad." + domain: null

03-03-2025T13:03:53 - [TEST_STEP][PASSED] - openBrowser(""): Browser is opened with url: ''

03-03-2025T13:03:53 - [MESSAGE][WARNING] - A browser is already opened. Closing browser and opening a new one

03-03-2025T13:03:53 - [MESSAGE][INFO] - Starting 'Chrome' driver

03-03-2025T13:03:53 - [MESSAGE][INFO] - Action delay is set to 0 milliseconds

03-03-2025T13:03:54 - [MESSAGE][PASSED] - Browser is opened with url: ''

03-03-2025T13:03:54 - [TEST_STEP][PASSED] - navigateToUrl(url): Navigate to 'https://ad.missionnext.org' successfully

03-03-2025T13:03:54 - [MESSAGE][PASSED] - Navigate to 'https://ad.missionnext.org' successfully

03-03-2025T13:03:54 - [TEST_STEP][PASSED] - setText(findTestObject("Admin/Ad Login/input_Username"), "chriskosieracki"): Text 'chriskosieracki' is set on object 'Object Repository/Admin/Ad Login/input_Username'

03-03-2025T13:03:54 - [MESSAGE][PASSED] - Text 'chriskosieracki' is set on object 'Object Repository/Admin/Ad Login/input_Username'

03-03-2025T13:03:54 - [TEST_STEP][PASSED] - setEncryptedText(findTestObject("Admin/Ad Login/input_Password"), "fAJOXt1JExHva3VUYg96Og=="): Text ****** has been set on object 'Object Repository/Admin/Ad Login/input_Password'

03-03-2025T13:03:55 - [MESSAGE][PASSED] - Text ****** has been set on object 'Object Repository/Admin/Ad Login/input_Password'

03-03-2025T13:03:55 - [TEST_STEP][PASSED] - click(findTestObject("Admin/Ad Login/btn_Submit")): Object: 'Object Repository/Admin/Ad Login/btn_Submit' is clicked on

03-03-2025T13:03:55 - [MESSAGE][PASSED] - Object: 'Object Repository/Admin/Ad Login/btn_Submit' is clicked on

03-03-2025T13:03:55 - [TEST_STEP][PASSED] - click(findTestObject("Admin/Ad Main/a_User Information  Administration")): Object: 'Object Repository/Admin/Ad Main/a_User Information  Administration' is clicked on

03-03-2025T13:03:56 - [MESSAGE][PASSED] - Object: 'Object Repository/Admin/Ad Main/a_User Information  Administration' is clicked on

03-03-2025T13:03:56 - [TEST_STEP][PASSED] - setText(findTestObject("Admin/Ad User Viewer Utility/input_Find account by Username"), username): Text 'cktest04ec' is set on object 'Object Repository/Admin/Ad User Viewer Utility/input_Find account by Username'

03-03-2025T13:03:56 - [MESSAGE][PASSED] - Text 'cktest04ec' is set on object 'Object Repository/Admin/Ad User Viewer Utility/input_Find account by Username'

03-03-2025T13:03:56 - [TEST_STEP][PASSED] - delay(1): Delayed 1 second(s)

03-03-2025T13:03:57 - [MESSAGE][PASSED] - Delayed 1 second(s)

03-03-2025T13:03:57 - [TEST_STEP][PASSED] - click(findTestObject("Admin/Ad User Viewer Utility/input_Find account by Username_beginning")): Object: 'Object Repository/Admin/Ad User Viewer Utility/input_Find account by Username_beginning' is clicked on

03-03-2025T13:03:57 - [MESSAGE][PASSED] - Object: 'Object Repository/Admin/Ad User Viewer Utility/input_Find account by Username_beginning' is clicked on

03-03-2025T13:03:57 - [TEST_STEP][PASSED] - delay(1): Delayed 1 second(s)

03-03-2025T13:03:58 - [MESSAGE][PASSED] - Delayed 1 second(s)

03-03-2025T13:03:58 - [TEST_STEP][PASSED] - driver = getWebDriver(): null

03-03-2025T13:03:58 - [TEST_STEP][PASSED] - Table = driver.findElement(By.xpath("//table[2]")): null

03-03-2025T13:03:58 - [TEST_STEP][PASSED] - Rows = Table.findElements(By.tagName("tr")): null

03-03-2025T13:03:58 - [TEST_STEP][PASSED] - row_count = Rows.size(): null

03-03-2025T13:03:58 - [TEST_STEP][PASSED] - found = false: null

03-03-2025T13:03:58 - [TEST_STEP][PASSED] - if (row_count > 0): null

03-03-2025T13:03:58 - [TEST_STEP][PASSED] - for ([row = 1, row < row_count, (row++)]): null

03-03-2025T13:03:58 - [TEST_STEP][PASSED] - if (found): null

03-03-2025T13:03:58 - [TEST_STEP][PASSED] - else: null

03-03-2025T13:03:58 - [TEST_STEP][PASSED] - outText = username + " was not found to be an active user.": null

03-03-2025T13:03:58 - [TEST_STEP][PASSED] - println("=====> " + outText): null

03-03-2025T13:03:58 - [TEST_STEP][PASSED] - outFile.append(outText + "
"): null

03-03-2025T13:03:58 - [TEST_STEP][PASSED] - closeBrowser(): Browser is closed

03-03-2025T13:03:59 - [MESSAGE][PASSED] - Browser is closed

03-03-2025T13:03:59 - [MESSAGE][PASSED] - Call Test Case 'Test Cases/Admin/Delete User' successfully

03-03-2025T13:03:59 - [TEST_STEP][PASSED] - tooltipImagePath = "/Users/cckozie/git/MissionNext-Katalon-Koz/images/education candidate/": null

03-03-2025T13:03:59 - [TEST_STEP][PASSED] - testObjectFolder = "Education Candidate Profile/Register/": null

03-03-2025T13:03:59 - [TEST_STEP][PASSED] - tooltips = ["dummy":"dummy", "Username":"img_Username_field-tooltip", "Email":"img_Email_field-tooltip", "Password":"img_Password_field-tooltip", ... ]: null

03-03-2025T13:03:59 - [TEST_STEP][PASSED] - tooltipText = ["Username":"Must be unique; at least 6 characters; contain only lowercase letters; allowable characters: numbers, @, dash, underscore or period, and can be an email address.", "Email":"Your primary email address and must be unique in our database.", ... ]: null

03-03-2025T13:03:59 - [TEST_STEP][PASSED] - pageLinks = ["Privacy Policy":"Privacy Policy", "Terms and Conditions":"Terms and Conditions"]: null

03-03-2025T13:03:59 - [TEST_STEP][PASSED] - requiredFieldMsgs = ["Username":"Username must be unique; at least 6 characters; contain only lowercase letters; allowable characters: numbers, @, dash, underscore or period, and can be an email address.", "Password":"The password should be at least twelve characters long; should include numbers, letters, capitals; may have special characters (@, #, *, spaces, etc.) and may include a passphrase.", ... ]: null

03-03-2025T13:03:59 - [TEST_STEP][PASSED] - openBrowser(""): Browser is opened with url: ''

03-03-2025T13:03:59 - [MESSAGE][INFO] - Starting 'Chrome' driver

03-03-2025T13:03:59 - [MESSAGE][INFO] - Action delay is set to 0 milliseconds

03-03-2025T13:03:59 - [MESSAGE][PASSED] - Browser is opened with url: ''

03-03-2025T13:03:59 - [TEST_STEP][PASSED] - maximizeWindow(): Current window maximized

03-03-2025T13:03:59 - [MESSAGE][PASSED] - Current window maximized

03-03-2025T13:03:59 - [TEST_STEP][FAILED] - navigateToUrl(url): Unable to navigate to 'https://education.missionnext.org/signup/candidate' (Root cause: com.kms.katalon.core.exception.StepFailedException: Unable to navigate to 'https://education.missionnext.org/signup/candidate'
	at com.kms.katalon.core.webui.keyword.internal.WebUIKeywordMain.stepFailed(WebUIKeywordMain.groovy:117)
	at com.kms.katalon.core.webui.keyword.internal.WebUIKeywordMain.runKeyword(WebUIKeywordMain.groovy:43)
	at com.kms.katalon.core.webui.keyword.builtin.NavigateToUrlKeyword.navigateToUrl(NavigateToUrlKeyword.groovy:83)
	at com.kms.katalon.core.webui.keyword.builtin.NavigateToUrlKeyword.execute(NavigateToUrlKeyword.groovy:67)
	at com.kms.katalon.core.keyword.internal.KeywordExecutor.executeKeywordForPlatform(KeywordExecutor.groovy:74)
	at com.kms.katalon.core.webui.keyword.WebUiBuiltInKeywords.navigateToUrl(WebUiBuiltInKeywords.groovy:187)
	at Register Education Candidate.run(Register Education Candidate:99)
	at com.kms.katalon.core.main.ScriptEngine.run(ScriptEngine.java:194)
	at com.kms.katalon.core.main.ScriptEngine.runScriptAsRawText(ScriptEngine.java:119)
	at com.kms.katalon.core.main.TestCaseExecutor.runScript(TestCaseExecutor.java:448)
	at com.kms.katalon.core.main.TestCaseExecutor.doExecute(TestCaseExecutor.java:439)
	at com.kms.katalon.core.main.TestCaseExecutor.processExecutionPhase(TestCaseExecutor.java:418)
	at com.kms.katalon.core.main.TestCaseExecutor.accessMainPhase(TestCaseExecutor.java:410)
	at com.kms.katalon.core.main.TestCaseExecutor.execute(TestCaseExecutor.java:285)
	at com.kms.katalon.core.main.TestCaseExecutor.execute(TestCaseExecutor.java:369)
	at com.kms.katalon.core.main.TestCaseExecutor.execute(TestCaseExecutor.java:369)
	at com.kms.katalon.core.main.TestCaseExecutor.execute(TestCaseExecutor.java:369)
	at com.kms.katalon.core.common.CommonExecutor.accessTestCaseMainPhase(CommonExecutor.java:65)
	at com.kms.katalon.core.main.TestSuiteExecutor.accessTestSuiteMainPhase(TestSuiteExecutor.java:150)
	at com.kms.katalon.core.main.TestSuiteExecutor.execute(TestSuiteExecutor.java:106)
	at com.kms.katalon.core.main.TestCaseMain.startTestSuite(TestCaseMain.java:180)
	at TempTestSuite1741028600693.run(TempTestSuite1741028600693.groovy:35)
	at java.base/jdk.internal.reflect.NativeMethodAccessorImpl.invoke0(Native Method)
	at java.base/jdk.internal.reflect.NativeMethodAccessorImpl.invoke(NativeMethodAccessorImpl.java:77)
	at java.base/jdk.internal.reflect.DelegatingMethodAccessorImpl.invoke(DelegatingMethodAccessorImpl.java:43)
Caused by: org.openqa.selenium.NoSuchSessionException: invalid session id: session deleted as the browser has closed the connection
from disconnected: Unable to receive message from renderer
  (Session info: chrome=133.0.6943.142)
Build info: version: '3.141.59', revision: 'unknown', time: 'unknown'
System info: host: 'MacBook-Pro.local', ip: 'fdc1:b939:2fc6:38cc:1017:fa65:eb20:50e5%en0', os.name: 'Mac OS X', os.arch: 'aarch64', os.version: '15.1.1', java.version: '17.0.7'
Driver info: com.kms.katalon.selenium.driver.CChromeDriver
Capabilities {acceptInsecureCerts: false, browserName: chrome, browserVersion: 133.0.6943.142, chrome: {chromedriverVersion: 133.0.6943.53 (9a80935019b0..., userDataDir: /var/folders/hb/hv2s0v7n1nz...}, fedcm:accounts: true, goog:chromeOptions: {debuggerAddress: localhost:60435}, javascriptEnabled: true, networkConnectionEnabled: false, pageLoadStrategy: normal, platform: MAC, platformName: MAC, proxy: Proxy(), setWindowRect: true, strictFileInteractability: false, timeouts: {implicit: 0, pageLoad: 300000, script: 30000}, unhandledPromptBehavior: dismiss and notify, webauthn:extension:credBlob: true, webauthn:extension:largeBlob: true, webauthn:extension:minPinLength: true, webauthn:extension:prf: true, webauthn:virtualAuthenticators: true}
Session ID: 27218418ee85cc1d8cf153cbe2b1d1d7
	at java.base/jdk.internal.reflect.NativeConstructorAccessorImpl.newInstance0(Native Method)
	at java.base/jdk.internal.reflect.NativeConstructorAccessorImpl.newInstance(NativeConstructorAccessorImpl.java:77)
	at java.base/jdk.internal.reflect.DelegatingConstructorAccessorImpl.newInstance(DelegatingConstructorAccessorImpl.java:45)
	at org.openqa.selenium.remote.http.W3CHttpResponseCodec.createException(W3CHttpResponseCodec.java:187)
	at org.openqa.selenium.remote.http.W3CHttpResponseCodec.decode(W3CHttpResponseCodec.java:122)
	at org.openqa.selenium.remote.http.W3CHttpResponseCodec.decode(W3CHttpResponseCodec.java:49)
	at org.openqa.selenium.remote.HttpCommandExecutor.execute(HttpCommandExecutor.java:158)
	at org.openqa.selenium.remote.service.DriverCommandExecutor.execute(DriverCommandExecutor.java:83)
	at org.openqa.selenium.remote.RemoteWebDriver.execute(RemoteWebDriver.java:552)
	at com.kms.katalon.selenium.driver.CChromeDriver.execute(CChromeDriver.java:19)
	at org.openqa.selenium.remote.RemoteWebDriver.get(RemoteWebDriver.java:277)
	at org.openqa.selenium.remote.RemoteWebDriver$RemoteNavigation.to(RemoteWebDriver.java:857)
	at org.openqa.selenium.support.events.EventFiringWebDriver$EventFiringNavigation.to(EventFiringWebDriver.java:569)
	at com.kms.katalon.core.webui.keyword.builtin.NavigateToUrlKeyword$_navigateToUrl_closure1.doCall(NavigateToUrlKeyword.groovy:81)
	at com.kms.katalon.core.webui.keyword.builtin.NavigateToUrlKeyword$_navigateToUrl_closure1.call(NavigateToUrlKeyword.groovy)
	at com.kms.katalon.core.webui.keyword.internal.WebUIKeywordMain.runKeyword(WebUIKeywordMain.groovy:35)
	at com.kms.katalon.core.webui.keyword.builtin.NavigateToUrlKeyword.navigateToUrl(NavigateToUrlKeyword.groovy:83)
	at com.kms.katalon.core.webui.keyword.builtin.NavigateToUrlKeyword.execute(NavigateToUrlKeyword.groovy:67)
	at com.kms.katalon.core.keyword.internal.KeywordExecutor.executeKeywordForPlatform(KeywordExecutor.groovy:74)
	at com.kms.katalon.core.webui.keyword.WebUiBuiltInKeywords.navigateToUrl(WebUiBuiltInKeywords.groovy:187)
	at Script1730229779344.run(Script1730229779344.groovy:99)
	... 18 more
)

03-03-2025T13:04:00 - [MESSAGE][WARNING] - Cannot take screenshot

03-03-2025T13:04:00 - [MESSAGE][FAILED] - Unable to navigate to 'https://education.missionnext.org/signup/candidate' (Root cause: com.kms.katalon.core.exception.StepFailedException: Unable to navigate to 'https://education.missionnext.org/signup/candidate'
	at com.kms.katalon.core.webui.keyword.internal.WebUIKeywordMain.stepFailed(WebUIKeywordMain.groovy:117)
	at com.kms.katalon.core.webui.keyword.internal.WebUIKeywordMain.runKeyword(WebUIKeywordMain.groovy:43)
	at com.kms.katalon.core.webui.keyword.builtin.NavigateToUrlKeyword.navigateToUrl(NavigateToUrlKeyword.groovy:83)
	at com.kms.katalon.core.webui.keyword.builtin.NavigateToUrlKeyword.execute(NavigateToUrlKeyword.groovy:67)
	at com.kms.katalon.core.keyword.internal.KeywordExecutor.executeKeywordForPlatform(KeywordExecutor.groovy:74)
	at com.kms.katalon.core.webui.keyword.WebUiBuiltInKeywords.navigateToUrl(WebUiBuiltInKeywords.groovy:187)
	at Register Education Candidate.run(Register Education Candidate:99)
	at com.kms.katalon.core.main.ScriptEngine.run(ScriptEngine.java:194)
	at com.kms.katalon.core.main.ScriptEngine.runScriptAsRawText(ScriptEngine.java:119)
	at com.kms.katalon.core.main.TestCaseExecutor.runScript(TestCaseExecutor.java:448)
	at com.kms.katalon.core.main.TestCaseExecutor.doExecute(TestCaseExecutor.java:439)
	at com.kms.katalon.core.main.TestCaseExecutor.processExecutionPhase(TestCaseExecutor.java:418)
	at com.kms.katalon.core.main.TestCaseExecutor.accessMainPhase(TestCaseExecutor.java:410)
	at com.kms.katalon.core.main.TestCaseExecutor.execute(TestCaseExecutor.java:285)
	at com.kms.katalon.core.main.TestCaseExecutor.execute(TestCaseExecutor.java:369)
	at com.kms.katalon.core.main.TestCaseExecutor.execute(TestCaseExecutor.java:369)
	at com.kms.katalon.core.main.TestCaseExecutor.execute(TestCaseExecutor.java:369)
	at com.kms.katalon.core.common.CommonExecutor.accessTestCaseMainPhase(CommonExecutor.java:65)
	at com.kms.katalon.core.main.TestSuiteExecutor.accessTestSuiteMainPhase(TestSuiteExecutor.java:150)
	at com.kms.katalon.core.main.TestSuiteExecutor.execute(TestSuiteExecutor.java:106)
	at com.kms.katalon.core.main.TestCaseMain.startTestSuite(TestCaseMain.java:180)
	at TempTestSuite1741028600693.run(TempTestSuite1741028600693.groovy:35)
	at java.base/jdk.internal.reflect.NativeMethodAccessorImpl.invoke0(Native Method)
	at java.base/jdk.internal.reflect.NativeMethodAccessorImpl.invoke(NativeMethodAccessorImpl.java:77)
	at java.base/jdk.internal.reflect.DelegatingMethodAccessorImpl.invoke(DelegatingMethodAccessorImpl.java:43)
Caused by: org.openqa.selenium.NoSuchSessionException: invalid session id: session deleted as the browser has closed the connection
from disconnected: Unable to receive message from renderer
  (Session info: chrome=133.0.6943.142)
Build info: version: '3.141.59', revision: 'unknown', time: 'unknown'
System info: host: 'MacBook-Pro.local', ip: 'fdc1:b939:2fc6:38cc:1017:fa65:eb20:50e5%en0', os.name: 'Mac OS X', os.arch: 'aarch64', os.version: '15.1.1', java.version: '17.0.7'
Driver info: com.kms.katalon.selenium.driver.CChromeDriver
Capabilities {acceptInsecureCerts: false, browserName: chrome, browserVersion: 133.0.6943.142, chrome: {chromedriverVersion: 133.0.6943.53 (9a80935019b0..., userDataDir: /var/folders/hb/hv2s0v7n1nz...}, fedcm:accounts: true, goog:chromeOptions: {debuggerAddress: localhost:60435}, javascriptEnabled: true, networkConnectionEnabled: false, pageLoadStrategy: normal, platform: MAC, platformName: MAC, proxy: Proxy(), setWindowRect: true, strictFileInteractability: false, timeouts: {implicit: 0, pageLoad: 300000, script: 30000}, unhandledPromptBehavior: dismiss and notify, webauthn:extension:credBlob: true, webauthn:extension:largeBlob: true, webauthn:extension:minPinLength: true, webauthn:extension:prf: true, webauthn:virtualAuthenticators: true}
Session ID: 27218418ee85cc1d8cf153cbe2b1d1d7
	at java.base/jdk.internal.reflect.NativeConstructorAccessorImpl.newInstance0(Native Method)
	at java.base/jdk.internal.reflect.NativeConstructorAccessorImpl.newInstance(NativeConstructorAccessorImpl.java:77)
	at java.base/jdk.internal.reflect.DelegatingConstructorAccessorImpl.newInstance(DelegatingConstructorAccessorImpl.java:45)
	at org.openqa.selenium.remote.http.W3CHttpResponseCodec.createException(W3CHttpResponseCodec.java:187)
	at org.openqa.selenium.remote.http.W3CHttpResponseCodec.decode(W3CHttpResponseCodec.java:122)
	at org.openqa.selenium.remote.http.W3CHttpResponseCodec.decode(W3CHttpResponseCodec.java:49)
	at org.openqa.selenium.remote.HttpCommandExecutor.execute(HttpCommandExecutor.java:158)
	at org.openqa.selenium.remote.service.DriverCommandExecutor.execute(DriverCommandExecutor.java:83)
	at org.openqa.selenium.remote.RemoteWebDriver.execute(RemoteWebDriver.java:552)
	at com.kms.katalon.selenium.driver.CChromeDriver.execute(CChromeDriver.java:19)
	at org.openqa.selenium.remote.RemoteWebDriver.get(RemoteWebDriver.java:277)
	at org.openqa.selenium.remote.RemoteWebDriver$RemoteNavigation.to(RemoteWebDriver.java:857)
	at org.openqa.selenium.support.events.EventFiringWebDriver$EventFiringNavigation.to(EventFiringWebDriver.java:569)
	at com.kms.katalon.core.webui.keyword.builtin.NavigateToUrlKeyword$_navigateToUrl_closure1.doCall(NavigateToUrlKeyword.groovy:81)
	at com.kms.katalon.core.webui.keyword.builtin.NavigateToUrlKeyword$_navigateToUrl_closure1.call(NavigateToUrlKeyword.groovy)
	at com.kms.katalon.core.webui.keyword.internal.WebUIKeywordMain.runKeyword(WebUIKeywordMain.groovy:35)
	at com.kms.katalon.core.webui.keyword.builtin.NavigateToUrlKeyword.navigateToUrl(NavigateToUrlKeyword.groovy:83)
	at com.kms.katalon.core.webui.keyword.builtin.NavigateToUrlKeyword.execute(NavigateToUrlKeyword.groovy:67)
	at com.kms.katalon.core.keyword.internal.KeywordExecutor.executeKeywordForPlatform(KeywordExecutor.groovy:74)
	at com.kms.katalon.core.webui.keyword.WebUiBuiltInKeywords.navigateToUrl(WebUiBuiltInKeywords.groovy:187)
	at Script1730229779344.run(Script1730229779344.groovy:99)
	... 18 more
)]]></system-out>
         <system-err><![CDATA[03-03-2025T13:03:53 - [TEST_CASE][FAILED] - Test Cases/Education Candidate Profile/Register Education Candidate: Test Cases/Education Candidate Profile/Register Education Candidate FAILED.
Reason:
com.kms.katalon.core.exception.StepFailedException: Unable to navigate to 'https://education.missionnext.org/signup/candidate'
	at com.kms.katalon.core.webui.keyword.internal.WebUIKeywordMain.stepFailed(WebUIKeywordMain.groovy:117)
	at com.kms.katalon.core.webui.keyword.internal.WebUIKeywordMain.runKeyword(WebUIKeywordMain.groovy:43)
	at com.kms.katalon.core.webui.keyword.builtin.NavigateToUrlKeyword.navigateToUrl(NavigateToUrlKeyword.groovy:83)
	at com.kms.katalon.core.webui.keyword.builtin.NavigateToUrlKeyword.execute(NavigateToUrlKeyword.groovy:67)
	at com.kms.katalon.core.keyword.internal.KeywordExecutor.executeKeywordForPlatform(KeywordExecutor.groovy:74)
	at com.kms.katalon.core.webui.keyword.WebUiBuiltInKeywords.navigateToUrl(WebUiBuiltInKeywords.groovy:187)
	at Register Education Candidate.run(Register Education Candidate:99)
	at com.kms.katalon.core.main.ScriptEngine.run(ScriptEngine.java:194)
	at com.kms.katalon.core.main.ScriptEngine.runScriptAsRawText(ScriptEngine.java:119)
	at com.kms.katalon.core.main.TestCaseExecutor.runScript(TestCaseExecutor.java:448)
	at com.kms.katalon.core.main.TestCaseExecutor.doExecute(TestCaseExecutor.java:439)
	at com.kms.katalon.core.main.TestCaseExecutor.processExecutionPhase(TestCaseExecutor.java:418)
	at com.kms.katalon.core.main.TestCaseExecutor.accessMainPhase(TestCaseExecutor.java:410)
	at com.kms.katalon.core.main.TestCaseExecutor.execute(TestCaseExecutor.java:285)
	at com.kms.katalon.core.main.TestCaseExecutor.execute(TestCaseExecutor.java:369)
	at com.kms.katalon.core.main.TestCaseExecutor.execute(TestCaseExecutor.java:369)
	at com.kms.katalon.core.main.TestCaseExecutor.execute(TestCaseExecutor.java:369)
	at com.kms.katalon.core.common.CommonExecutor.accessTestCaseMainPhase(CommonExecutor.java:65)
	at com.kms.katalon.core.main.TestSuiteExecutor.accessTestSuiteMainPhase(TestSuiteExecutor.java:150)
	at com.kms.katalon.core.main.TestSuiteExecutor.execute(TestSuiteExecutor.java:106)
	at com.kms.katalon.core.main.TestCaseMain.startTestSuite(TestCaseMain.java:180)
	at TempTestSuite1741028600693.run(TempTestSuite1741028600693.groovy:35)
	at java.base/jdk.internal.reflect.NativeMethodAccessorImpl.invoke0(Native Method)
	at java.base/jdk.internal.reflect.NativeMethodAccessorImpl.invoke(NativeMethodAccessorImpl.java:77)
	at java.base/jdk.internal.reflect.DelegatingMethodAccessorImpl.invoke(DelegatingMethodAccessorImpl.java:43)
Caused by: org.openqa.selenium.NoSuchSessionException: invalid session id: session deleted as the browser has closed the connection
from disconnected: Unable to receive message from renderer
  (Session info: chrome=133.0.6943.142)
Build info: version: '3.141.59', revision: 'unknown', time: 'unknown'
System info: host: 'MacBook-Pro.local', ip: 'fdc1:b939:2fc6:38cc:1017:fa65:eb20:50e5%en0', os.name: 'Mac OS X', os.arch: 'aarch64', os.version: '15.1.1', java.version: '17.0.7'
Driver info: com.kms.katalon.selenium.driver.CChromeDriver
Capabilities {acceptInsecureCerts: false, browserName: chrome, browserVersion: 133.0.6943.142, chrome: {chromedriverVersion: 133.0.6943.53 (9a80935019b0..., userDataDir: /var/folders/hb/hv2s0v7n1nz...}, fedcm:accounts: true, goog:chromeOptions: {debuggerAddress: localhost:60435}, javascriptEnabled: true, networkConnectionEnabled: false, pageLoadStrategy: normal, platform: MAC, platformName: MAC, proxy: Proxy(), setWindowRect: true, strictFileInteractability: false, timeouts: {implicit: 0, pageLoad: 300000, script: 30000}, unhandledPromptBehavior: dismiss and notify, webauthn:extension:credBlob: true, webauthn:extension:largeBlob: true, webauthn:extension:minPinLength: true, webauthn:extension:prf: true, webauthn:virtualAuthenticators: true}
Session ID: 27218418ee85cc1d8cf153cbe2b1d1d7
	at java.base/jdk.internal.reflect.NativeConstructorAccessorImpl.newInstance0(Native Method)
	at java.base/jdk.internal.reflect.NativeConstructorAccessorImpl.newInstance(NativeConstructorAccessorImpl.java:77)
	at java.base/jdk.internal.reflect.DelegatingConstructorAccessorImpl.newInstance(DelegatingConstructorAccessorImpl.java:45)
	at org.openqa.selenium.remote.http.W3CHttpResponseCodec.createException(W3CHttpResponseCodec.java:187)
	at org.openqa.selenium.remote.http.W3CHttpResponseCodec.decode(W3CHttpResponseCodec.java:122)
	at org.openqa.selenium.remote.http.W3CHttpResponseCodec.decode(W3CHttpResponseCodec.java:49)
	at org.openqa.selenium.remote.HttpCommandExecutor.execute(HttpCommandExecutor.java:158)
	at org.openqa.selenium.remote.service.DriverCommandExecutor.execute(DriverCommandExecutor.java:83)
	at org.openqa.selenium.remote.RemoteWebDriver.execute(RemoteWebDriver.java:552)
	at com.kms.katalon.selenium.driver.CChromeDriver.execute(CChromeDriver.java:19)
	at org.openqa.selenium.remote.RemoteWebDriver.get(RemoteWebDriver.java:277)
	at org.openqa.selenium.remote.RemoteWebDriver$RemoteNavigation.to(RemoteWebDriver.java:857)
	at org.openqa.selenium.support.events.EventFiringWebDriver$EventFiringNavigation.to(EventFiringWebDriver.java:569)
	at com.kms.katalon.core.webui.keyword.builtin.NavigateToUrlKeyword$_navigateToUrl_closure1.doCall(NavigateToUrlKeyword.groovy:81)
	at com.kms.katalon.core.webui.keyword.builtin.NavigateToUrlKeyword$_navigateToUrl_closure1.call(NavigateToUrlKeyword.groovy)
	at com.kms.katalon.core.webui.keyword.internal.WebUIKeywordMain.runKeyword(WebUIKeywordMain.groovy:35)
	... 23 more]]></system-err>
      </testcase>
      <system-out><![CDATA[03-03-2025T13:03:28 - [TEST_SUITE][ERROR] - Education Candidate Test Suite: Test Cases/Education Candidate Profile/Register Education Candidate FAILED.
Reason:
com.kms.katalon.core.exception.StepErrorException: Call Test Case 'Test Cases/_Functions/Test Tooltips' failed because of error(s)
	at com.kms.katalon.core.keyword.builtin.CallTestCaseKeyword$_callTestCase_closure1.doCall(CallTestCaseKeyword.groovy:66)
	at com.kms.katalon.core.keyword.builtin.CallTestCaseKeyword$_callTestCase_closure1.call(CallTestCaseKeyword.groovy)
	at com.kms.katalon.core.keyword.internal.KeywordMain.runKeyword(KeywordMain.groovy:75)
	at com.kms.katalon.core.keyword.builtin.CallTestCaseKeyword.callTestCase(CallTestCaseKeyword.groovy:81)
	at com.kms.katalon.core.keyword.builtin.CallTestCaseKeyword.execute(CallTestCaseKeyword.groovy:44)
	at com.kms.katalon.core.keyword.internal.KeywordExecutor.executeKeywordForPlatform(KeywordExecutor.groovy:74)
	at com.kms.katalon.core.keyword.BuiltinKeywords.callTestCase(BuiltinKeywords.groovy:310)
	at java.base/jdk.internal.reflect.NativeMethodAccessorImpl.invoke0(Native Method)
	at java.base/jdk.internal.reflect.NativeMethodAccessorImpl.invoke(NativeMethodAccessorImpl.java:77)
	at java.base/jdk.internal.reflect.DelegatingMethodAccessorImpl.invoke(DelegatingMethodAccessorImpl.java:43)
	at Register Education Candidate.run(Register Education Candidate:111)
	at com.kms.katalon.core.main.ScriptEngine.run(ScriptEngine.java:194)
	at com.kms.katalon.core.main.ScriptEngine.runScriptAsRawText(ScriptEngine.java:119)
	at com.kms.katalon.core.main.TestCaseExecutor.runScript(TestCaseExecutor.java:448)
	at com.kms.katalon.core.main.TestCaseExecutor.doExecute(TestCaseExecutor.java:439)
	at com.kms.katalon.core.main.TestCaseExecutor.processExecutionPhase(TestCaseExecutor.java:418)
	at com.kms.katalon.core.main.TestCaseExecutor.accessMainPhase(TestCaseExecutor.java:410)
	at com.kms.katalon.core.main.TestCaseExecutor.execute(TestCaseExecutor.java:285)
	at com.kms.katalon.core.common.CommonExecutor.accessTestCaseMainPhase(CommonExecutor.java:65)
	at com.kms.katalon.core.main.TestSuiteExecutor.accessTestSuiteMainPhase(TestSuiteExecutor.java:150)
	at com.kms.katalon.core.main.TestSuiteExecutor.execute(TestSuiteExecutor.java:106)
	at com.kms.katalon.core.main.TestCaseMain.startTestSuite(TestCaseMain.java:180)
	at TempTestSuite1741028600693.run(TempTestSuite1741028600693.groovy:35)
	at java.base/jdk.internal.reflect.NativeMethodAccessorImpl.invoke0(Native Method)
	at java.base/jdk.internal.reflect.NativeMethodAccessorImpl.invoke(NativeMethodAccessorImpl.java:77)
	at java.base/jdk.internal.reflect.DelegatingMethodAccessorImpl.invoke(DelegatingMethodAccessorImpl.java:43)
Caused by: org.codehaus.groovy.control.MultipleCompilationErrorsException: startup failed:
file:/Users/cckozie/git/MissionNext-Katalon-Koz/Scripts/_Functions/Test%20Tooltips/Script1736959727538.groovy: 66: unable to resolve class Screen
 @ line 66, column 8.
   Screen s = new Screen()
          ^

file:/Users/cckozie/git/MissionNext-Katalon-Koz/Scripts/_Functions/Test%20Tooltips/Script1736959727538.groovy: 66: unable to resolve class Screen
 @ line 66, column 12.
   Screen s = new Screen()
              ^

file:/Users/cckozie/git/MissionNext-Katalon-Koz/Scripts/_Functions/Test%20Tooltips/Script1736959727538.groovy: 104: unable to resolve class Pattern
 @ line 104, column 17.
           Pattern icn = new Pattern(myImage).similar(0.10)
                   ^

file:/Users/cckozie/git/MissionNext-Katalon-Koz/Scripts/_Functions/Test%20Tooltips/Script1736959727538.groovy: 104: unable to resolve class Pattern
 @ line 104, column 23.
           Pattern icn = new Pattern(myImage).similar(0.10)
                         ^

4 errors

	at com.kms.katalon.core.main.ScriptEngine.getScript(ScriptEngine.java:199)
	at com.kms.katalon.core.main.ScriptEngine.run(ScriptEngine.java:194)
	at com.kms.katalon.core.main.ScriptEngine.runScriptAsRawText(ScriptEngine.java:119)
	at com.kms.katalon.core.main.TestCaseExecutor.runScript(TestCaseExecutor.java:448)
	at com.kms.katalon.core.main.TestCaseExecutor.doExecute(TestCaseExecutor.java:439)
	at com.kms.katalon.core.main.TestCaseExecutor.processExecutionPhase(TestCaseExecutor.java:418)
	at com.kms.katalon.core.main.TestCaseExecutor.accessMainPhase(TestCaseExecutor.java:410)
	at com.kms.katalon.core.main.TestCaseExecutor.execute(TestCaseExecutor.java:285)
	at com.kms.katalon.core.main.TestCaseMain.runTestCase(TestCaseMain.java:137)
	at com.kms.katalon.core.keyword.builtin.CallTestCaseKeyword$_callTestCase_closure1.doCall(CallTestCaseKeyword.groovy:59)
	... 25 more]]></system-out>
      <system-err><![CDATA[03-03-2025T13:03:28 - [TEST_SUITE][ERROR] - Education Candidate Test Suite: Test Cases/Education Candidate Profile/Register Education Candidate FAILED.
Reason:
com.kms.katalon.core.exception.StepErrorException: Call Test Case 'Test Cases/_Functions/Test Tooltips' failed because of error(s)
	at com.kms.katalon.core.keyword.builtin.CallTestCaseKeyword$_callTestCase_closure1.doCall(CallTestCaseKeyword.groovy:66)
	at com.kms.katalon.core.keyword.builtin.CallTestCaseKeyword$_callTestCase_closure1.call(CallTestCaseKeyword.groovy)
	at com.kms.katalon.core.keyword.internal.KeywordMain.runKeyword(KeywordMain.groovy:75)
	at com.kms.katalon.core.keyword.builtin.CallTestCaseKeyword.callTestCase(CallTestCaseKeyword.groovy:81)
	at com.kms.katalon.core.keyword.builtin.CallTestCaseKeyword.execute(CallTestCaseKeyword.groovy:44)
	at com.kms.katalon.core.keyword.internal.KeywordExecutor.executeKeywordForPlatform(KeywordExecutor.groovy:74)
	at com.kms.katalon.core.keyword.BuiltinKeywords.callTestCase(BuiltinKeywords.groovy:310)
	at java.base/jdk.internal.reflect.NativeMethodAccessorImpl.invoke0(Native Method)
	at java.base/jdk.internal.reflect.NativeMethodAccessorImpl.invoke(NativeMethodAccessorImpl.java:77)
	at java.base/jdk.internal.reflect.DelegatingMethodAccessorImpl.invoke(DelegatingMethodAccessorImpl.java:43)
	at Register Education Candidate.run(Register Education Candidate:111)
	at com.kms.katalon.core.main.ScriptEngine.run(ScriptEngine.java:194)
	at com.kms.katalon.core.main.ScriptEngine.runScriptAsRawText(ScriptEngine.java:119)
	at com.kms.katalon.core.main.TestCaseExecutor.runScript(TestCaseExecutor.java:448)
	at com.kms.katalon.core.main.TestCaseExecutor.doExecute(TestCaseExecutor.java:439)
	at com.kms.katalon.core.main.TestCaseExecutor.processExecutionPhase(TestCaseExecutor.java:418)
	at com.kms.katalon.core.main.TestCaseExecutor.accessMainPhase(TestCaseExecutor.java:410)
	at com.kms.katalon.core.main.TestCaseExecutor.execute(TestCaseExecutor.java:285)
	at com.kms.katalon.core.common.CommonExecutor.accessTestCaseMainPhase(CommonExecutor.java:65)
	at com.kms.katalon.core.main.TestSuiteExecutor.accessTestSuiteMainPhase(TestSuiteExecutor.java:150)
	at com.kms.katalon.core.main.TestSuiteExecutor.execute(TestSuiteExecutor.java:106)
	at com.kms.katalon.core.main.TestCaseMain.startTestSuite(TestCaseMain.java:180)
	at TempTestSuite1741028600693.run(TempTestSuite1741028600693.groovy:35)
	at java.base/jdk.internal.reflect.NativeMethodAccessorImpl.invoke0(Native Method)
	at java.base/jdk.internal.reflect.NativeMethodAccessorImpl.invoke(NativeMethodAccessorImpl.java:77)
	at java.base/jdk.internal.reflect.DelegatingMethodAccessorImpl.invoke(DelegatingMethodAccessorImpl.java:43)
Caused by: org.codehaus.groovy.control.MultipleCompilationErrorsException: startup failed:
file:/Users/cckozie/git/MissionNext-Katalon-Koz/Scripts/_Functions/Test%20Tooltips/Script1736959727538.groovy: 66: unable to resolve class Screen
 @ line 66, column 8.
   Screen s = new Screen()
          ^

file:/Users/cckozie/git/MissionNext-Katalon-Koz/Scripts/_Functions/Test%20Tooltips/Script1736959727538.groovy: 66: unable to resolve class Screen
 @ line 66, column 12.
   Screen s = new Screen()
              ^

file:/Users/cckozie/git/MissionNext-Katalon-Koz/Scripts/_Functions/Test%20Tooltips/Script1736959727538.groovy: 104: unable to resolve class Pattern
 @ line 104, column 17.
           Pattern icn = new Pattern(myImage).similar(0.10)
                   ^

file:/Users/cckozie/git/MissionNext-Katalon-Koz/Scripts/_Functions/Test%20Tooltips/Script1736959727538.groovy: 104: unable to resolve class Pattern
 @ line 104, column 23.
           Pattern icn = new Pattern(myImage).similar(0.10)
                         ^

4 errors

	at com.kms.katalon.core.main.ScriptEngine.getScript(ScriptEngine.java:199)
	at com.kms.katalon.core.main.ScriptEngine.run(ScriptEngine.java:194)
	at com.kms.katalon.core.main.ScriptEngine.runScriptAsRawText(ScriptEngine.java:119)
	at com.kms.katalon.core.main.TestCaseExecutor.runScript(TestCaseExecutor.java:448)
	at com.kms.katalon.core.main.TestCaseExecutor.doExecute(TestCaseExecutor.java:439)
	at com.kms.katalon.core.main.TestCaseExecutor.processExecutionPhase(TestCaseExecutor.java:418)
	at com.kms.katalon.core.main.TestCaseExecutor.accessMainPhase(TestCaseExecutor.java:410)
	at com.kms.katalon.core.main.TestCaseExecutor.execute(TestCaseExecutor.java:285)
	at com.kms.katalon.core.main.TestCaseMain.runTestCase(TestCaseMain.java:137)
	at com.kms.katalon.core.keyword.builtin.CallTestCaseKeyword$_callTestCase_closure1.doCall(CallTestCaseKeyword.groovy:59)
	... 25 more]]></system-err>
   </testsuite>
</testsuites>
