<?xml version="1.0" encoding="UTF-8"?>
<testsuites name="Page Load Timings" time="66.175" tests="1" failures="0" errors="0">
   <testsuite name="Page Load Timings" tests="1" failures="0" errors="0" time="66.175" skipped="0" timestamp="28-05-2024T17:24:54" hostname="cckozie - 192.168.4.24" id="Test Suites/Page Load Timings">
      <properties>
         <property name="deviceName" value=""/>
         <property name="devicePlatform" value=""/>
         <property name="logFolder" value="/Users/cckozie/git/MissionNext-Katalon-Koz/Reports/20240528_172334/Page Load Timings/20240528_172343"/>
         <property name="logFiles" value="/Users/cckozie/git/MissionNext-Katalon-Koz/Reports/20240528_172334/Page Load Timings/20240528_172343/execution0.log"/>
         <property name="attachments" value="/Users/cckozie/git/MissionNext-Katalon-Koz/Reports/20240528_172334/Page Load Timings/20240528_172343/1716935157886.png"/>
         <property name="hostName" value="cckozie - 192.168.4.24"/>
         <property name="os" value="Mac OS X 64bit"/>
         <property name="katalonVersion" value="9.4.0.212"/>
         <property name="browser" value="Firefox 109.0"/>
         <property name="hostAddress" value="192.168.4.24"/>
         <property name="sessionId" value="dfd67342-d7f9-4a8e-a163-5f3d1cf8c505"/>
         <property name="seleniumVersion" value="3.141.59"/>
         <property name="proxyInformation" value="ProxyInformation { proxyOption=NO_PROXY, proxyServerType=HTTP, username=, password=********, proxyServerAddress=, proxyServerPort=0, executionList=&quot;&quot;, isApplyToDesiredCapabilities=true }"/>
         <property name="platform" value="Mac OS X"/>
      </properties>
      <testcase name="Test Cases/Test Preferred Positions Checkboxes" time="65.839" classname="Test Cases/Test Preferred Positions Checkboxes" status="PASSED">
         <system-out><![CDATA[28-05-2024T17:24:54 - [TEST_CASE][PASSED] - Test Cases/Test Preferred Positions Checkboxes: Test Cases/Test Preferred Positions Checkboxes

28-05-2024T17:24:54 - [TEST_STEP][PASSED] - Start listener action : sampleBeforeTestCase: null

28-05-2024T17:24:54 - [TEST_STEP][PASSED] - println(testCaseContext.getTestCaseId()): null

28-05-2024T17:24:54 - [TEST_STEP][PASSED] - println(testCaseContext.getTestCaseVariables()): null

28-05-2024T17:24:54 - [TEST_STEP][PASSED] - getRuntime().exec("open /Applications/GoogleAnalyticsOptOut.app", "/Applications/GoogleAnalyticsOptOut/"): null

28-05-2024T17:24:55 - [TEST_STEP][PASSED] - ministryPreferences = ["Adult Men", "Adult Women", "Bible Teaching", "Worship Leader", "Church Planter", "Leadership Development", "Marriage & Family", "Missions Pastor", "Pastor/Associate Pastor", "Youth Pastor"]: null

28-05-2024T17:24:55 - [TEST_STEP][PASSED] - openBrowser(""): Browser is opened with url: ''

28-05-2024T17:24:56 - [MESSAGE][INFO] - Starting 'Firefox' driver

28-05-2024T17:24:57 - [MESSAGE][INFO] - Action delay is set to 0 milliseconds

28-05-2024T17:25:22 - [MESSAGE][PASSED] - Browser is opened with url: ''

28-05-2024T17:25:22 - [TEST_STEP][PASSED] - navigateToUrl("https://journey.missionnext.org/journey-home/login-here/"): Navigate to 'https://journey.missionnext.org/journey-home/login-here/' successfully

28-05-2024T17:25:28 - [MESSAGE][PASSED] - Navigate to 'https://journey.missionnext.org/journey-home/login-here/' successfully

28-05-2024T17:25:28 - [TEST_STEP][PASSED] - click(findTestObject("Object Repository/temp/i_Wordpress_eicon-close")): Object: 'Object Repository/temp/i_Wordpress_eicon-close' is clicked on

28-05-2024T17:25:29 - [MESSAGE][PASSED] - Object: 'Object Repository/temp/i_Wordpress_eicon-close' is clicked on

28-05-2024T17:25:29 - [TEST_STEP][PASSED] - setText(findTestObject("Object Repository/temp/input_Username_log"), "cktest01@missionnext.org"): Text 'cktest01@missionnext.org' is set on object 'Object Repository/temp/input_Username_log'

28-05-2024T17:25:29 - [MESSAGE][PASSED] - Text 'cktest01@missionnext.org' is set on object 'Object Repository/temp/input_Username_log'

28-05-2024T17:25:29 - [TEST_STEP][PASSED] - setEncryptedText(findTestObject("Object Repository/temp/input_Password_pwd"), "5lwQhML0qdMWXTXRrgjfVw=="): Text ****** has been set on object 'Object Repository/temp/input_Password_pwd'

28-05-2024T17:25:29 - [MESSAGE][PASSED] - Text ****** has been set on object 'Object Repository/temp/input_Password_pwd'

28-05-2024T17:25:29 - [TEST_STEP][PASSED] - click(findTestObject("Object Repository/temp/button_Log In")): Object: 'Object Repository/temp/button_Log In' is clicked on

28-05-2024T17:25:34 - [MESSAGE][PASSED] - Object: 'Object Repository/temp/button_Log In' is clicked on

28-05-2024T17:25:34 - [TEST_STEP][PASSED] - click(findTestObject("Object Repository/temp/a_My Profile")): Object: 'Object Repository/temp/a_My Profile' is clicked on

28-05-2024T17:25:38 - [MESSAGE][PASSED] - Object: 'Object Repository/temp/a_My Profile' is clicked on

28-05-2024T17:25:38 - [TEST_STEP][PASSED] - click(findTestObject("Object Repository/temp/input_Email_profilegroup-1444754265.711email")): Object: 'Object Repository/temp/input_Email_profilegroup-1444754265.711email' is clicked on

28-05-2024T17:25:39 - [MESSAGE][PASSED] - Object: 'Object Repository/temp/input_Email_profilegroup-1444754265.711email' is clicked on

28-05-2024T17:25:39 - [TEST_STEP][PASSED] - click(findTestObject("Object Repository/temp/a_Your Ministry Prefs")): Object: 'Object Repository/temp/a_Your Ministry Prefs' is clicked on

28-05-2024T17:25:39 - [MESSAGE][PASSED] - Object: 'Object Repository/temp/a_Your Ministry Prefs' is clicked on

28-05-2024T17:25:39 - [TEST_STEP][PASSED] - setViewPortSize(600, 1200): Viewport is set to new size with width = 600 and height = 1200

28-05-2024T17:25:40 - [MESSAGE][PASSED] - Viewport is set to new size with width = 600 and height = 1200

28-05-2024T17:25:40 - [TEST_STEP][PASSED] - delay(1): Delayed 1 second(s)

28-05-2024T17:25:41 - [MESSAGE][PASSED] - Delayed 1 second(s)

28-05-2024T17:25:41 - [TEST_STEP][PASSED] - driver = getWebDriver(): null

28-05-2024T17:25:41 - [TEST_STEP][PASSED] - categories = driver.findElements(By.xpath("//input[@id='profile_group-1623987608.435_job_categories']")): null

28-05-2024T17:25:41 - [TEST_STEP][PASSED] - for (def category : categories): Object: '' is clicked on

28-05-2024T17:25:41 - [TEST_STEP][PASSED] - cat = convertWebElementToTestObject(category): null

28-05-2024T17:25:41 - [TEST_STEP][PASSED] - text = category.getAttribute("value"): null

28-05-2024T17:25:41 - [TEST_STEP][PASSED] - try: Object: '' is clicked on

28-05-2024T17:25:41 - [TEST_STEP][PASSED] - click(cat): Object: '' is clicked on

28-05-2024T17:25:41 - [MESSAGE][PASSED] - Object: '' is clicked on

28-05-2024T17:25:41 - [TEST_STEP][PASSED] - cat = convertWebElementToTestObject(category): null

28-05-2024T17:25:41 - [TEST_STEP][PASSED] - text = category.getAttribute("value"): null

28-05-2024T17:25:41 - [TEST_STEP][PASSED] - try: Object: '' is clicked on

28-05-2024T17:25:41 - [TEST_STEP][PASSED] - click(cat): Object: '' is clicked on

28-05-2024T17:25:41 - [MESSAGE][PASSED] - Object: '' is clicked on

28-05-2024T17:25:41 - [TEST_STEP][PASSED] - cat = convertWebElementToTestObject(category): null

28-05-2024T17:25:41 - [TEST_STEP][PASSED] - text = category.getAttribute("value"): null

28-05-2024T17:25:41 - [TEST_STEP][PASSED] - try: Object: '' is clicked on

28-05-2024T17:25:41 - [TEST_STEP][PASSED] - click(cat): Object: '' is clicked on

28-05-2024T17:25:42 - [MESSAGE][PASSED] - Object: '' is clicked on

28-05-2024T17:25:42 - [TEST_STEP][PASSED] - cat = convertWebElementToTestObject(category): null

28-05-2024T17:25:42 - [TEST_STEP][PASSED] - text = category.getAttribute("value"): null

28-05-2024T17:25:42 - [TEST_STEP][PASSED] - try: Object: '' is clicked on

28-05-2024T17:25:42 - [TEST_STEP][PASSED] - click(cat): Object: '' is clicked on

28-05-2024T17:25:42 - [MESSAGE][PASSED] - Object: '' is clicked on

28-05-2024T17:25:42 - [TEST_STEP][PASSED] - cat = convertWebElementToTestObject(category): null

28-05-2024T17:25:42 - [TEST_STEP][PASSED] - text = category.getAttribute("value"): null

28-05-2024T17:25:42 - [TEST_STEP][PASSED] - try: Object: '' is clicked on

28-05-2024T17:25:42 - [TEST_STEP][PASSED] - click(cat): Object: '' is clicked on

28-05-2024T17:25:42 - [MESSAGE][PASSED] - Object: '' is clicked on

28-05-2024T17:25:42 - [TEST_STEP][PASSED] - cat = convertWebElementToTestObject(category): null

28-05-2024T17:25:42 - [TEST_STEP][PASSED] - text = category.getAttribute("value"): null

28-05-2024T17:25:42 - [TEST_STEP][PASSED] - try: Object: '' is clicked on

28-05-2024T17:25:42 - [TEST_STEP][PASSED] - click(cat): Object: '' is clicked on

28-05-2024T17:25:43 - [MESSAGE][PASSED] - Object: '' is clicked on

28-05-2024T17:25:43 - [TEST_STEP][PASSED] - cat = convertWebElementToTestObject(category): null

28-05-2024T17:25:43 - [TEST_STEP][PASSED] - text = category.getAttribute("value"): null

28-05-2024T17:25:43 - [TEST_STEP][PASSED] - try: Object: '' is clicked on

28-05-2024T17:25:43 - [TEST_STEP][PASSED] - click(cat): Object: '' is clicked on

28-05-2024T17:25:43 - [MESSAGE][PASSED] - Object: '' is clicked on

28-05-2024T17:25:43 - [TEST_STEP][PASSED] - cat = convertWebElementToTestObject(category): null

28-05-2024T17:25:43 - [TEST_STEP][PASSED] - text = category.getAttribute("value"): null

28-05-2024T17:25:43 - [TEST_STEP][PASSED] - try: Object: '' is clicked on

28-05-2024T17:25:43 - [TEST_STEP][PASSED] - click(cat): Object: '' is clicked on

28-05-2024T17:25:43 - [MESSAGE][PASSED] - Object: '' is clicked on

28-05-2024T17:25:43 - [TEST_STEP][PASSED] - cat = convertWebElementToTestObject(category): null

28-05-2024T17:25:43 - [TEST_STEP][PASSED] - text = category.getAttribute("value"): null

28-05-2024T17:25:43 - [TEST_STEP][PASSED] - try: Object: '' is clicked on

28-05-2024T17:25:43 - [TEST_STEP][PASSED] - click(cat): Object: '' is clicked on

28-05-2024T17:25:43 - [MESSAGE][PASSED] - Object: '' is clicked on

28-05-2024T17:25:43 - [TEST_STEP][PASSED] - cat = convertWebElementToTestObject(category): null

28-05-2024T17:25:43 - [TEST_STEP][PASSED] - text = category.getAttribute("value"): null

28-05-2024T17:25:43 - [TEST_STEP][PASSED] - try: Object: '' is clicked on

28-05-2024T17:25:43 - [TEST_STEP][PASSED] - click(cat): Object: '' is clicked on

28-05-2024T17:25:44 - [MESSAGE][PASSED] - Object: '' is clicked on

28-05-2024T17:25:44 - [TEST_STEP][PASSED] - cat = convertWebElementToTestObject(category): null

28-05-2024T17:25:44 - [TEST_STEP][PASSED] - text = category.getAttribute("value"): null

28-05-2024T17:25:44 - [TEST_STEP][PASSED] - try: Object: '' is clicked on

28-05-2024T17:25:44 - [TEST_STEP][PASSED] - click(cat): Object: '' is clicked on

28-05-2024T17:25:44 - [MESSAGE][PASSED] - Object: '' is clicked on

28-05-2024T17:25:44 - [TEST_STEP][PASSED] - cat = convertWebElementToTestObject(category): null

28-05-2024T17:25:44 - [TEST_STEP][PASSED] - text = category.getAttribute("value"): null

28-05-2024T17:25:44 - [TEST_STEP][PASSED] - try: Object: '' is clicked on

28-05-2024T17:25:44 - [TEST_STEP][PASSED] - click(cat): Object: '' is clicked on

28-05-2024T17:25:44 - [MESSAGE][PASSED] - Object: '' is clicked on

28-05-2024T17:25:44 - [TEST_STEP][PASSED] - cat = convertWebElementToTestObject(category): null

28-05-2024T17:25:44 - [TEST_STEP][PASSED] - text = category.getAttribute("value"): null

28-05-2024T17:25:44 - [TEST_STEP][PASSED] - try: Object: '' is clicked on

28-05-2024T17:25:44 - [TEST_STEP][PASSED] - click(cat): Object: '' is clicked on

28-05-2024T17:25:45 - [MESSAGE][PASSED] - Object: '' is clicked on

28-05-2024T17:25:45 - [TEST_STEP][PASSED] - cat = convertWebElementToTestObject(category): null

28-05-2024T17:25:45 - [TEST_STEP][PASSED] - text = category.getAttribute("value"): null

28-05-2024T17:25:45 - [TEST_STEP][PASSED] - try: Object: '' is clicked on

28-05-2024T17:25:45 - [TEST_STEP][PASSED] - click(cat): Object: '' is clicked on

28-05-2024T17:25:45 - [MESSAGE][PASSED] - Object: '' is clicked on

28-05-2024T17:25:45 - [TEST_STEP][PASSED] - cat = convertWebElementToTestObject(category): null

28-05-2024T17:25:45 - [TEST_STEP][PASSED] - text = category.getAttribute("value"): null

28-05-2024T17:25:45 - [TEST_STEP][PASSED] - try: Object: '' is clicked on

28-05-2024T17:25:45 - [TEST_STEP][PASSED] - click(cat): Object: '' is clicked on

28-05-2024T17:25:45 - [MESSAGE][PASSED] - Object: '' is clicked on

28-05-2024T17:25:45 - [TEST_STEP][PASSED] - cat = convertWebElementToTestObject(category): null

28-05-2024T17:25:45 - [TEST_STEP][PASSED] - text = category.getAttribute("value"): null

28-05-2024T17:25:45 - [TEST_STEP][PASSED] - try: Object: '' is clicked on

28-05-2024T17:25:45 - [TEST_STEP][PASSED] - click(cat): Object: '' is clicked on

28-05-2024T17:25:45 - [MESSAGE][PASSED] - Object: '' is clicked on

28-05-2024T17:25:45 - [TEST_STEP][PASSED] - cat = convertWebElementToTestObject(category): null

28-05-2024T17:25:45 - [TEST_STEP][PASSED] - text = category.getAttribute("value"): null

28-05-2024T17:25:45 - [TEST_STEP][PASSED] - try: Object: '' is clicked on

28-05-2024T17:25:45 - [TEST_STEP][PASSED] - click(cat): Object: '' is clicked on

28-05-2024T17:25:46 - [MESSAGE][PASSED] - Object: '' is clicked on

28-05-2024T17:25:46 - [TEST_STEP][PASSED] - cat = convertWebElementToTestObject(category): null

28-05-2024T17:25:46 - [TEST_STEP][PASSED] - text = category.getAttribute("value"): null

28-05-2024T17:25:46 - [TEST_STEP][PASSED] - try: Object: '' is clicked on

28-05-2024T17:25:46 - [TEST_STEP][PASSED] - click(cat): Object: '' is clicked on

28-05-2024T17:25:46 - [MESSAGE][PASSED] - Object: '' is clicked on

28-05-2024T17:25:46 - [TEST_STEP][PASSED] - cat = convertWebElementToTestObject(category): null

28-05-2024T17:25:46 - [TEST_STEP][PASSED] - text = category.getAttribute("value"): null

28-05-2024T17:25:46 - [TEST_STEP][PASSED] - try: Object: '' is clicked on

28-05-2024T17:25:46 - [TEST_STEP][PASSED] - click(cat): Object: '' is clicked on

28-05-2024T17:25:46 - [MESSAGE][PASSED] - Object: '' is clicked on

28-05-2024T17:25:46 - [TEST_STEP][PASSED] - positions = driver.findElements(By.xpath("//input[@id='profile_group-1623987608.435_ministry_preferences']")): null

28-05-2024T17:25:46 - [TEST_STEP][FAILED] - for (def position : positions): null

28-05-2024T17:25:46 - [TEST_STEP][PASSED] - pos = convertWebElementToTestObject(position): null

28-05-2024T17:25:46 - [TEST_STEP][PASSED] - text = position.getAttribute("value"): null

28-05-2024T17:25:46 - [TEST_STEP][PASSED] - try: Object: '' is clicked on

28-05-2024T17:25:46 - [TEST_STEP][PASSED] - click(pos): Object: '' is clicked on

28-05-2024T17:25:47 - [MESSAGE][PASSED] - Object: '' is clicked on

28-05-2024T17:25:47 - [TEST_STEP][PASSED] - pos = convertWebElementToTestObject(position): null

28-05-2024T17:25:47 - [TEST_STEP][PASSED] - text = position.getAttribute("value"): null

28-05-2024T17:25:47 - [TEST_STEP][PASSED] - try: Object: '' is clicked on

28-05-2024T17:25:47 - [TEST_STEP][PASSED] - click(pos): Object: '' is clicked on

28-05-2024T17:25:47 - [MESSAGE][PASSED] - Object: '' is clicked on

28-05-2024T17:25:47 - [TEST_STEP][PASSED] - pos = convertWebElementToTestObject(position): null

28-05-2024T17:25:47 - [TEST_STEP][PASSED] - text = position.getAttribute("value"): null

28-05-2024T17:25:47 - [TEST_STEP][PASSED] - try: Object: '' is clicked on

28-05-2024T17:25:47 - [TEST_STEP][PASSED] - click(pos): Object: '' is clicked on

28-05-2024T17:25:47 - [MESSAGE][PASSED] - Object: '' is clicked on

28-05-2024T17:25:47 - [TEST_STEP][PASSED] - pos = convertWebElementToTestObject(position): null

28-05-2024T17:25:47 - [TEST_STEP][PASSED] - text = position.getAttribute("value"): null

28-05-2024T17:25:47 - [TEST_STEP][FAILED] - try: Unable to click on object '' (Root cause: com.kms.katalon.core.exception.StepFailedException: Unable to click on object ''
	at com.kms.katalon.core.webui.keyword.internal.WebUIKeywordMain.stepFailed(WebUIKeywordMain.groovy:64)
	at com.kms.katalon.core.webui.keyword.internal.WebUIKeywordMain.runKeyword(WebUIKeywordMain.groovy:26)
	at com.kms.katalon.core.webui.keyword.builtin.ClickKeyword.click(ClickKeyword.groovy:74)
	at com.kms.katalon.core.webui.keyword.builtin.ClickKeyword.execute(ClickKeyword.groovy:40)
	at com.kms.katalon.core.keyword.internal.KeywordExecutor.executeKeywordForPlatform(KeywordExecutor.groovy:74)
	at com.kms.katalon.core.webui.keyword.WebUiBuiltInKeywords.click(WebUiBuiltInKeywords.groovy:659)
	at Test Preferred Positions Checkboxes.run(Test Preferred Positions Checkboxes:88)
	at com.kms.katalon.core.main.ScriptEngine.run(ScriptEngine.java:194)
	at com.kms.katalon.core.main.ScriptEngine.runScriptAsRawText(ScriptEngine.java:119)
	at com.kms.katalon.core.main.TestCaseExecutor.runScript(TestCaseExecutor.java:448)
	at com.kms.katalon.core.main.TestCaseExecutor.doExecute(TestCaseExecutor.java:439)
	at com.kms.katalon.core.main.TestCaseExecutor.processExecutionPhase(TestCaseExecutor.java:418)
	at com.kms.katalon.core.main.TestCaseExecutor.accessMainPhase(TestCaseExecutor.java:410)
	at com.kms.katalon.core.main.TestCaseExecutor.execute(TestCaseExecutor.java:285)
	at com.kms.katalon.core.common.CommonExecutor.accessTestCaseMainPhase(CommonExecutor.java:65)
	at com.kms.katalon.core.main.TestSuiteExecutor.accessTestSuiteMainPhase(TestSuiteExecutor.java:150)
	at com.kms.katalon.core.main.TestSuiteExecutor.execute(TestSuiteExecutor.java:106)
	at com.kms.katalon.core.main.TestCaseMain.startTestSuite(TestCaseMain.java:180)
	at TempTestSuite1716935023361.run(TempTestSuite1716935023361.groovy:35)
	at java.base/jdk.internal.reflect.NativeMethodAccessorImpl.invoke0(Native Method)
	at java.base/jdk.internal.reflect.NativeMethodAccessorImpl.invoke(NativeMethodAccessorImpl.java:77)
	at java.base/jdk.internal.reflect.DelegatingMethodAccessorImpl.invoke(DelegatingMethodAccessorImpl.java:43)
Caused by: org.openqa.selenium.ElementClickInterceptedException: Element <input id="profile_group-1623987608.435_ministry_preferences" name="profile[group-1623987608.435][ministry_preferences][]" type="checkbox"> is not clickable at point (219,695) because another element <div class="col-sm-offset-3 col-sm-9 after-note"> obscures it
Build info: version: '3.141.59', revision: 'e82be7d358', time: '2018-11-14T08:25:53'
System info: host: 'Kozs-MacBook-Air.local', ip: 'fd0a:2b0c:43ba:1:1070:d692:2cb2:409a%en0', os.name: 'Mac OS X', os.arch: 'x86_64', os.version: '13.6.1', java.version: '17.0.7'
Driver info: com.kms.katalon.core.webui.driver.firefox.CGeckoDriver
Capabilities {acceptInsecureCerts: true, browserName: firefox, browserVersion: 109.0.1, javascriptEnabled: true, moz:accessibilityChecks: false, moz:buildID: 20230127170202, moz:geckodriverVersion: 0.33.0, moz:headless: false, moz:platformVersion: 22.6.0, moz:processID: 38177, moz:profile: /var/folders/hb/hv2s0v7n1nz..., moz:shutdownTimeout: 60000, moz:useNonSpecCompliantPointerOrigin: false, moz:webdriverClick: true, moz:windowless: false, pageLoadStrategy: normal, platform: MAC, platformName: MAC, proxy: Proxy(direct), setWindowRect: true, strictFileInteractability: false, timeouts: {implicit: 0, pageLoad: 300000, script: 30000}, unhandledPromptBehavior: dismiss and notify}
Session ID: dfd67342-d7f9-4a8e-a163-5f3d1cf8c505
	at java.base/jdk.internal.reflect.NativeConstructorAccessorImpl.newInstance0(Native Method)
	at java.base/jdk.internal.reflect.NativeConstructorAccessorImpl.newInstance(NativeConstructorAccessorImpl.java:77)
	at java.base/jdk.internal.reflect.DelegatingConstructorAccessorImpl.newInstance(DelegatingConstructorAccessorImpl.java:45)
	at org.openqa.selenium.remote.http.W3CHttpResponseCodec.createException(W3CHttpResponseCodec.java:187)
	at org.openqa.selenium.remote.http.W3CHttpResponseCodec.decode(W3CHttpResponseCodec.java:122)
	at org.openqa.selenium.remote.http.W3CHttpResponseCodec.decode(W3CHttpResponseCodec.java:49)
	at org.openqa.selenium.remote.HttpCommandExecutor.execute(HttpCommandExecutor.java:158)
	at org.openqa.selenium.remote.service.DriverCommandExecutor.execute(DriverCommandExecutor.java:83)
	at org.openqa.selenium.remote.RemoteWebDriver.execute(RemoteWebDriver.java:552)
	at com.kms.katalon.selenium.driver.CFirefoxDriver.execute(CFirefoxDriver.java:28)
	at org.openqa.selenium.remote.RemoteWebElement.execute(RemoteWebElement.java:285)
	at org.openqa.selenium.remote.RemoteWebElement.click(RemoteWebElement.java:84)
	at jdk.internal.reflect.GeneratedMethodAccessor7.invoke(Unknown Source)
	at java.base/jdk.internal.reflect.DelegatingMethodAccessorImpl.invoke(DelegatingMethodAccessorImpl.java:43)
	at org.openqa.selenium.support.events.EventFiringWebDriver$EventFiringWebElement.lambda$new$0(EventFiringWebDriver.java:404)
	at jdk.proxy2/jdk.proxy2.$Proxy26.click(Unknown Source)
	at org.openqa.selenium.support.events.EventFiringWebDriver$EventFiringWebElement.click(EventFiringWebDriver.java:417)
	at org.openqa.selenium.WebElement$click.call(Unknown Source)
	at com.kms.katalon.core.webui.keyword.builtin.ClickKeyword.clickUntilSuccessWithTimeout(ClickKeyword.groovy:81)
	at com.kms.katalon.core.webui.keyword.builtin.ClickKeyword.clickUntilSuccessWithTimeout(ClickKeyword.groovy)
	at jdk.internal.reflect.GeneratedMethodAccessor5.invoke(Unknown Source)
	at java.base/jdk.internal.reflect.DelegatingMethodAccessorImpl.invoke(DelegatingMethodAccessorImpl.java:43)
	at com.kms.katalon.core.webui.keyword.builtin.ClickKeyword$_click_closure1.doCall(ClickKeyword.groovy:67)
	at com.kms.katalon.core.webui.keyword.builtin.ClickKeyword$_click_closure1.call(ClickKeyword.groovy)
	at com.kms.katalon.core.webui.keyword.internal.WebUIKeywordMain.runKeyword(WebUIKeywordMain.groovy:20)
	at com.kms.katalon.core.webui.keyword.builtin.ClickKeyword.click(ClickKeyword.groovy:74)
	at com.kms.katalon.core.webui.keyword.builtin.ClickKeyword.execute(ClickKeyword.groovy:40)
	at com.kms.katalon.core.keyword.internal.KeywordExecutor.executeKeywordForPlatform(KeywordExecutor.groovy:74)
	at com.kms.katalon.core.webui.keyword.WebUiBuiltInKeywords.click(WebUiBuiltInKeywords.groovy:659)
	at Script1716865643367.run(Script1716865643367.groovy:88)
	... 15 more
)

28-05-2024T17:25:47 - [TEST_STEP][FAILED] - click(pos): Unable to click on object '' (Root cause: com.kms.katalon.core.exception.StepFailedException: Unable to click on object ''
	at com.kms.katalon.core.webui.keyword.internal.WebUIKeywordMain.stepFailed(WebUIKeywordMain.groovy:64)
	at com.kms.katalon.core.webui.keyword.internal.WebUIKeywordMain.runKeyword(WebUIKeywordMain.groovy:26)
	at com.kms.katalon.core.webui.keyword.builtin.ClickKeyword.click(ClickKeyword.groovy:74)
	at com.kms.katalon.core.webui.keyword.builtin.ClickKeyword.execute(ClickKeyword.groovy:40)
	at com.kms.katalon.core.keyword.internal.KeywordExecutor.executeKeywordForPlatform(KeywordExecutor.groovy:74)
	at com.kms.katalon.core.webui.keyword.WebUiBuiltInKeywords.click(WebUiBuiltInKeywords.groovy:659)
	at Test Preferred Positions Checkboxes.run(Test Preferred Positions Checkboxes:88)
	at com.kms.katalon.core.main.ScriptEngine.run(ScriptEngine.java:194)
	at com.kms.katalon.core.main.ScriptEngine.runScriptAsRawText(ScriptEngine.java:119)
	at com.kms.katalon.core.main.TestCaseExecutor.runScript(TestCaseExecutor.java:448)
	at com.kms.katalon.core.main.TestCaseExecutor.doExecute(TestCaseExecutor.java:439)
	at com.kms.katalon.core.main.TestCaseExecutor.processExecutionPhase(TestCaseExecutor.java:418)
	at com.kms.katalon.core.main.TestCaseExecutor.accessMainPhase(TestCaseExecutor.java:410)
	at com.kms.katalon.core.main.TestCaseExecutor.execute(TestCaseExecutor.java:285)
	at com.kms.katalon.core.common.CommonExecutor.accessTestCaseMainPhase(CommonExecutor.java:65)
	at com.kms.katalon.core.main.TestSuiteExecutor.accessTestSuiteMainPhase(TestSuiteExecutor.java:150)
	at com.kms.katalon.core.main.TestSuiteExecutor.execute(TestSuiteExecutor.java:106)
	at com.kms.katalon.core.main.TestCaseMain.startTestSuite(TestCaseMain.java:180)
	at TempTestSuite1716935023361.run(TempTestSuite1716935023361.groovy:35)
	at java.base/jdk.internal.reflect.NativeMethodAccessorImpl.invoke0(Native Method)
	at java.base/jdk.internal.reflect.NativeMethodAccessorImpl.invoke(NativeMethodAccessorImpl.java:77)
	at java.base/jdk.internal.reflect.DelegatingMethodAccessorImpl.invoke(DelegatingMethodAccessorImpl.java:43)
Caused by: org.openqa.selenium.ElementClickInterceptedException: Element <input id="profile_group-1623987608.435_ministry_preferences" name="profile[group-1623987608.435][ministry_preferences][]" type="checkbox"> is not clickable at point (219,695) because another element <div class="col-sm-offset-3 col-sm-9 after-note"> obscures it
Build info: version: '3.141.59', revision: 'e82be7d358', time: '2018-11-14T08:25:53'
System info: host: 'Kozs-MacBook-Air.local', ip: 'fd0a:2b0c:43ba:1:1070:d692:2cb2:409a%en0', os.name: 'Mac OS X', os.arch: 'x86_64', os.version: '13.6.1', java.version: '17.0.7'
Driver info: com.kms.katalon.core.webui.driver.firefox.CGeckoDriver
Capabilities {acceptInsecureCerts: true, browserName: firefox, browserVersion: 109.0.1, javascriptEnabled: true, moz:accessibilityChecks: false, moz:buildID: 20230127170202, moz:geckodriverVersion: 0.33.0, moz:headless: false, moz:platformVersion: 22.6.0, moz:processID: 38177, moz:profile: /var/folders/hb/hv2s0v7n1nz..., moz:shutdownTimeout: 60000, moz:useNonSpecCompliantPointerOrigin: false, moz:webdriverClick: true, moz:windowless: false, pageLoadStrategy: normal, platform: MAC, platformName: MAC, proxy: Proxy(direct), setWindowRect: true, strictFileInteractability: false, timeouts: {implicit: 0, pageLoad: 300000, script: 30000}, unhandledPromptBehavior: dismiss and notify}
Session ID: dfd67342-d7f9-4a8e-a163-5f3d1cf8c505
	at java.base/jdk.internal.reflect.NativeConstructorAccessorImpl.newInstance0(Native Method)
	at java.base/jdk.internal.reflect.NativeConstructorAccessorImpl.newInstance(NativeConstructorAccessorImpl.java:77)
	at java.base/jdk.internal.reflect.DelegatingConstructorAccessorImpl.newInstance(DelegatingConstructorAccessorImpl.java:45)
	at org.openqa.selenium.remote.http.W3CHttpResponseCodec.createException(W3CHttpResponseCodec.java:187)
	at org.openqa.selenium.remote.http.W3CHttpResponseCodec.decode(W3CHttpResponseCodec.java:122)
	at org.openqa.selenium.remote.http.W3CHttpResponseCodec.decode(W3CHttpResponseCodec.java:49)
	at org.openqa.selenium.remote.HttpCommandExecutor.execute(HttpCommandExecutor.java:158)
	at org.openqa.selenium.remote.service.DriverCommandExecutor.execute(DriverCommandExecutor.java:83)
	at org.openqa.selenium.remote.RemoteWebDriver.execute(RemoteWebDriver.java:552)
	at com.kms.katalon.selenium.driver.CFirefoxDriver.execute(CFirefoxDriver.java:28)
	at org.openqa.selenium.remote.RemoteWebElement.execute(RemoteWebElement.java:285)
	at org.openqa.selenium.remote.RemoteWebElement.click(RemoteWebElement.java:84)
	at jdk.internal.reflect.GeneratedMethodAccessor7.invoke(Unknown Source)
	at java.base/jdk.internal.reflect.DelegatingMethodAccessorImpl.invoke(DelegatingMethodAccessorImpl.java:43)
	at org.openqa.selenium.support.events.EventFiringWebDriver$EventFiringWebElement.lambda$new$0(EventFiringWebDriver.java:404)
	at jdk.proxy2/jdk.proxy2.$Proxy26.click(Unknown Source)
	at org.openqa.selenium.support.events.EventFiringWebDriver$EventFiringWebElement.click(EventFiringWebDriver.java:417)
	at org.openqa.selenium.WebElement$click.call(Unknown Source)
	at com.kms.katalon.core.webui.keyword.builtin.ClickKeyword.clickUntilSuccessWithTimeout(ClickKeyword.groovy:81)
	at com.kms.katalon.core.webui.keyword.builtin.ClickKeyword.clickUntilSuccessWithTimeout(ClickKeyword.groovy)
	at jdk.internal.reflect.GeneratedMethodAccessor5.invoke(Unknown Source)
	at java.base/jdk.internal.reflect.DelegatingMethodAccessorImpl.invoke(DelegatingMethodAccessorImpl.java:43)
	at com.kms.katalon.core.webui.keyword.builtin.ClickKeyword$_click_closure1.doCall(ClickKeyword.groovy:67)
	at com.kms.katalon.core.webui.keyword.builtin.ClickKeyword$_click_closure1.call(ClickKeyword.groovy)
	at com.kms.katalon.core.webui.keyword.internal.WebUIKeywordMain.runKeyword(WebUIKeywordMain.groovy:20)
	at com.kms.katalon.core.webui.keyword.builtin.ClickKeyword.click(ClickKeyword.groovy:74)
	at com.kms.katalon.core.webui.keyword.builtin.ClickKeyword.execute(ClickKeyword.groovy:40)
	at com.kms.katalon.core.keyword.internal.KeywordExecutor.executeKeywordForPlatform(KeywordExecutor.groovy:74)
	at com.kms.katalon.core.webui.keyword.WebUiBuiltInKeywords.click(WebUiBuiltInKeywords.groovy:659)
	at Script1716865643367.run(Script1716865643367.groovy:88)
	... 15 more
)

28-05-2024T17:25:58 - [MESSAGE][FAILED] - Unable to click on object '' (Root cause: com.kms.katalon.core.exception.StepFailedException: Unable to click on object ''
	at com.kms.katalon.core.webui.keyword.internal.WebUIKeywordMain.stepFailed(WebUIKeywordMain.groovy:64)
	at com.kms.katalon.core.webui.keyword.internal.WebUIKeywordMain.runKeyword(WebUIKeywordMain.groovy:26)
	at com.kms.katalon.core.webui.keyword.builtin.ClickKeyword.click(ClickKeyword.groovy:74)
	at com.kms.katalon.core.webui.keyword.builtin.ClickKeyword.execute(ClickKeyword.groovy:40)
	at com.kms.katalon.core.keyword.internal.KeywordExecutor.executeKeywordForPlatform(KeywordExecutor.groovy:74)
	at com.kms.katalon.core.webui.keyword.WebUiBuiltInKeywords.click(WebUiBuiltInKeywords.groovy:659)
	at Test Preferred Positions Checkboxes.run(Test Preferred Positions Checkboxes:88)
	at com.kms.katalon.core.main.ScriptEngine.run(ScriptEngine.java:194)
	at com.kms.katalon.core.main.ScriptEngine.runScriptAsRawText(ScriptEngine.java:119)
	at com.kms.katalon.core.main.TestCaseExecutor.runScript(TestCaseExecutor.java:448)
	at com.kms.katalon.core.main.TestCaseExecutor.doExecute(TestCaseExecutor.java:439)
	at com.kms.katalon.core.main.TestCaseExecutor.processExecutionPhase(TestCaseExecutor.java:418)
	at com.kms.katalon.core.main.TestCaseExecutor.accessMainPhase(TestCaseExecutor.java:410)
	at com.kms.katalon.core.main.TestCaseExecutor.execute(TestCaseExecutor.java:285)
	at com.kms.katalon.core.common.CommonExecutor.accessTestCaseMainPhase(CommonExecutor.java:65)
	at com.kms.katalon.core.main.TestSuiteExecutor.accessTestSuiteMainPhase(TestSuiteExecutor.java:150)
	at com.kms.katalon.core.main.TestSuiteExecutor.execute(TestSuiteExecutor.java:106)
	at com.kms.katalon.core.main.TestCaseMain.startTestSuite(TestCaseMain.java:180)
	at TempTestSuite1716935023361.run(TempTestSuite1716935023361.groovy:35)
	at java.base/jdk.internal.reflect.NativeMethodAccessorImpl.invoke0(Native Method)
	at java.base/jdk.internal.reflect.NativeMethodAccessorImpl.invoke(NativeMethodAccessorImpl.java:77)
	at java.base/jdk.internal.reflect.DelegatingMethodAccessorImpl.invoke(DelegatingMethodAccessorImpl.java:43)
Caused by: org.openqa.selenium.ElementClickInterceptedException: Element <input id="profile_group-1623987608.435_ministry_preferences" name="profile[group-1623987608.435][ministry_preferences][]" type="checkbox"> is not clickable at point (219,695) because another element <div class="col-sm-offset-3 col-sm-9 after-note"> obscures it
Build info: version: '3.141.59', revision: 'e82be7d358', time: '2018-11-14T08:25:53'
System info: host: 'Kozs-MacBook-Air.local', ip: 'fd0a:2b0c:43ba:1:1070:d692:2cb2:409a%en0', os.name: 'Mac OS X', os.arch: 'x86_64', os.version: '13.6.1', java.version: '17.0.7'
Driver info: com.kms.katalon.core.webui.driver.firefox.CGeckoDriver
Capabilities {acceptInsecureCerts: true, browserName: firefox, browserVersion: 109.0.1, javascriptEnabled: true, moz:accessibilityChecks: false, moz:buildID: 20230127170202, moz:geckodriverVersion: 0.33.0, moz:headless: false, moz:platformVersion: 22.6.0, moz:processID: 38177, moz:profile: /var/folders/hb/hv2s0v7n1nz..., moz:shutdownTimeout: 60000, moz:useNonSpecCompliantPointerOrigin: false, moz:webdriverClick: true, moz:windowless: false, pageLoadStrategy: normal, platform: MAC, platformName: MAC, proxy: Proxy(direct), setWindowRect: true, strictFileInteractability: false, timeouts: {implicit: 0, pageLoad: 300000, script: 30000}, unhandledPromptBehavior: dismiss and notify}
Session ID: dfd67342-d7f9-4a8e-a163-5f3d1cf8c505
	at java.base/jdk.internal.reflect.NativeConstructorAccessorImpl.newInstance0(Native Method)
	at java.base/jdk.internal.reflect.NativeConstructorAccessorImpl.newInstance(NativeConstructorAccessorImpl.java:77)
	at java.base/jdk.internal.reflect.DelegatingConstructorAccessorImpl.newInstance(DelegatingConstructorAccessorImpl.java:45)
	at org.openqa.selenium.remote.http.W3CHttpResponseCodec.createException(W3CHttpResponseCodec.java:187)
	at org.openqa.selenium.remote.http.W3CHttpResponseCodec.decode(W3CHttpResponseCodec.java:122)
	at org.openqa.selenium.remote.http.W3CHttpResponseCodec.decode(W3CHttpResponseCodec.java:49)
	at org.openqa.selenium.remote.HttpCommandExecutor.execute(HttpCommandExecutor.java:158)
	at org.openqa.selenium.remote.service.DriverCommandExecutor.execute(DriverCommandExecutor.java:83)
	at org.openqa.selenium.remote.RemoteWebDriver.execute(RemoteWebDriver.java:552)
	at com.kms.katalon.selenium.driver.CFirefoxDriver.execute(CFirefoxDriver.java:28)
	at org.openqa.selenium.remote.RemoteWebElement.execute(RemoteWebElement.java:285)
	at org.openqa.selenium.remote.RemoteWebElement.click(RemoteWebElement.java:84)
	at jdk.internal.reflect.GeneratedMethodAccessor7.invoke(Unknown Source)
	at java.base/jdk.internal.reflect.DelegatingMethodAccessorImpl.invoke(DelegatingMethodAccessorImpl.java:43)
	at org.openqa.selenium.support.events.EventFiringWebDriver$EventFiringWebElement.lambda$new$0(EventFiringWebDriver.java:404)
	at jdk.proxy2/jdk.proxy2.$Proxy26.click(Unknown Source)
	at org.openqa.selenium.support.events.EventFiringWebDriver$EventFiringWebElement.click(EventFiringWebDriver.java:417)
	at org.openqa.selenium.WebElement$click.call(Unknown Source)
	at com.kms.katalon.core.webui.keyword.builtin.ClickKeyword.clickUntilSuccessWithTimeout(ClickKeyword.groovy:81)
	at com.kms.katalon.core.webui.keyword.builtin.ClickKeyword.clickUntilSuccessWithTimeout(ClickKeyword.groovy)
	at jdk.internal.reflect.GeneratedMethodAccessor5.invoke(Unknown Source)
	at java.base/jdk.internal.reflect.DelegatingMethodAccessorImpl.invoke(DelegatingMethodAccessorImpl.java:43)
	at com.kms.katalon.core.webui.keyword.builtin.ClickKeyword$_click_closure1.doCall(ClickKeyword.groovy:67)
	at com.kms.katalon.core.webui.keyword.builtin.ClickKeyword$_click_closure1.call(ClickKeyword.groovy)
	at com.kms.katalon.core.webui.keyword.internal.WebUIKeywordMain.runKeyword(WebUIKeywordMain.groovy:20)
	at com.kms.katalon.core.webui.keyword.builtin.ClickKeyword.click(ClickKeyword.groovy:74)
	at com.kms.katalon.core.webui.keyword.builtin.ClickKeyword.execute(ClickKeyword.groovy:40)
	at com.kms.katalon.core.keyword.internal.KeywordExecutor.executeKeywordForPlatform(KeywordExecutor.groovy:74)
	at com.kms.katalon.core.webui.keyword.WebUiBuiltInKeywords.click(WebUiBuiltInKeywords.groovy:659)
	at Script1716865643367.run(Script1716865643367.groovy:88)
	... 15 more
)
[[ATTACHMENT|/Users/cckozie/git/MissionNext-Katalon-Koz/Reports/20240528_172334/Page Load Timings/20240528_172343/1716935157886.png]]

28-05-2024T17:25:58 - [TEST_STEP][PASSED] - catch (Exception e): null

28-05-2024T17:25:58 - [TEST_STEP][PASSED] - println("Unable to click on checkbox for Preferred Position " + text): null

28-05-2024T17:25:58 - [TEST_STEP][PASSED] - break: null

28-05-2024T17:25:58 - [TEST_STEP][PASSED] - closeBrowser(): Browser is closed

28-05-2024T17:26:00 - [MESSAGE][PASSED] - Browser is closed

28-05-2024T17:26:00 - [TEST_STEP][PASSED] - Start listener action : sampleAfterTestCase: null

28-05-2024T17:26:00 - [TEST_STEP][PASSED] - println(testCaseContext.getTestCaseId()): null

28-05-2024T17:26:00 - [TEST_STEP][PASSED] - println(testCaseContext.getTestCaseStatus()): null

28-05-2024T17:26:00 - [TEST_STEP][PASSED] - getRuntime().exec("/usr/bin/pkill -9 Google Analytics Opt Out"): null]]></system-out>
         <system-err><![CDATA[]]></system-err>
      </testcase>
      <system-out><![CDATA[28-05-2024T17:24:54 - [TEST_SUITE][PASSED] - Page Load Timings: Test Cases/Test Preferred Positions Checkboxes]]></system-out>
      <system-err><![CDATA[]]></system-err>
   </testsuite>
</testsuites>
