<?xml version="1.0" encoding="UTF-8" standalone="no"?>
<!DOCTYPE log SYSTEM "logger.dtd">
<log>
<record>
  <date>2025-03-03T18:55:40.740803Z</date>
  <millis>1741028140740</millis>
  <nanos>803000</nanos>
  <sequence>0</sequence>
  <level>START</level>
  <class>com.kms.katalon.core.logging.XmlKeywordLogger</class>
  <method>startSuite</method>
  <thread>1</thread>
  <message>Start Test Suite : Test Suites/Education Partner Test Suite</message>
  <nestedLevel>0</nestedLevel>
  <escapedJava>false</escapedJava>
  <property name="rerunTestFailImmediately">false</property>
  <property name="retryCount">0</property>
  <property name="name">Education Partner Test Suite</property>
  <property name="description"></property>
  <property name="id">Test Suites/Education Partner Test Suite</property>
</record>
<record>
  <date>2025-03-03T18:55:40.746046Z</date>
  <millis>1741028140746</millis>
  <nanos>46000</nanos>
  <sequence>1</sequence>
  <level>RUN_DATA</level>
  <class>com.kms.katalon.core.logging.XmlKeywordLogger</class>
  <method>logMessage</method>
  <thread>1</thread>
  <message>hostName = cckozie - 192.168.4.43</message>
  <nestedLevel>0</nestedLevel>
  <escapedJava>false</escapedJava>
  <property name="hostName">cckozie - 192.168.4.43</property>
</record>
<record>
  <date>2025-03-03T18:55:40.746262Z</date>
  <millis>1741028140746</millis>
  <nanos>262000</nanos>
  <sequence>2</sequence>
  <level>RUN_DATA</level>
  <class>com.kms.katalon.core.logging.XmlKeywordLogger</class>
  <method>logMessage</method>
  <thread>1</thread>
  <message>os = Mac OS X 64bit</message>
  <nestedLevel>0</nestedLevel>
  <escapedJava>false</escapedJava>
  <property name="os">Mac OS X 64bit</property>
</record>
<record>
  <date>2025-03-03T18:55:40.746414Z</date>
  <millis>1741028140746</millis>
  <nanos>414000</nanos>
  <sequence>3</sequence>
  <level>RUN_DATA</level>
  <class>com.kms.katalon.core.logging.XmlKeywordLogger</class>
  <method>logMessage</method>
  <thread>1</thread>
  <message>hostAddress = 192.168.4.43</message>
  <nestedLevel>0</nestedLevel>
  <escapedJava>false</escapedJava>
  <property name="hostAddress">192.168.4.43</property>
</record>
<record>
  <date>2025-03-03T18:55:40.746575Z</date>
  <millis>1741028140746</millis>
  <nanos>575000</nanos>
  <sequence>4</sequence>
  <level>RUN_DATA</level>
  <class>com.kms.katalon.core.logging.XmlKeywordLogger</class>
  <method>logMessage</method>
  <thread>1</thread>
  <message>katalonVersion = 9.7.3.223</message>
  <nestedLevel>0</nestedLevel>
  <escapedJava>false</escapedJava>
  <property name="katalonVersion">9.7.3.223</property>
</record>
<record>
  <date>2025-03-03T18:55:40.749817Z</date>
  <millis>1741028140749</millis>
  <nanos>817000</nanos>
  <sequence>5</sequence>
  <level>START</level>
  <class>com.kms.katalon.core.logging.XmlKeywordLogger</class>
  <method>startKeyword</method>
  <thread>1</thread>
  <message>Start listener action : sampleBeforeTestSuite</message>
  <nestedLevel>0</nestedLevel>
  <escapedJava>false</escapedJava>
</record>
<record>
  <date>2025-03-03T18:55:40.753592Z</date>
  <millis>1741028140753</millis>
  <nanos>592000</nanos>
  <sequence>7</sequence>
  <level>START</level>
  <class>com.kms.katalon.core.logging.XmlKeywordLogger</class>
  <method>startKeyword</method>
  <thread>1</thread>
  <message>Start action : testSuiteRunning = true</message>
  <nestedLevel>1</nestedLevel>
  <escapedJava>false</escapedJava>
  <property name="startLine">32</property>
  <property name="stepIndex">1</property>
</record>
<record>
  <date>2025-03-03T18:55:40.818729Z</date>
  <millis>1741028140818</millis>
  <nanos>729000</nanos>
  <sequence>9</sequence>
  <level>END</level>
  <class>com.kms.katalon.core.logging.XmlKeywordLogger</class>
  <method>endKeyword</method>
  <thread>1</thread>
  <message>End action : testSuiteRunning = true</message>
  <nestedLevel>1</nestedLevel>
  <escapedJava>false</escapedJava>
</record>
<record>
  <date>2025-03-03T18:55:40.818965Z</date>
  <millis>1741028140818</millis>
  <nanos>965000</nanos>
  <sequence>10</sequence>
  <level>END</level>
  <class>com.kms.katalon.core.logging.XmlKeywordLogger</class>
  <method>endKeyword</method>
  <thread>1</thread>
  <message>End listener action : sampleBeforeTestSuite</message>
  <nestedLevel>0</nestedLevel>
  <escapedJava>false</escapedJava>
</record>
<record>
  <date>2025-03-03T18:55:40.846486Z</date>
  <millis>1741028140846</millis>
  <nanos>486000</nanos>
  <sequence>11</sequence>
  <level>START</level>
  <class>com.kms.katalon.core.logging.XmlKeywordLogger</class>
  <method>startTest</method>
  <thread>1</thread>
  <message>Start Test Case : Test Cases/Education Partner Profile/Register Education Partner</message>
  <nestedLevel>1</nestedLevel>
  <escapedJava>false</escapedJava>
  <property name="name">Test Cases/Education Partner Profile/Register Education Partner</property>
  <property name="description"></property>
  <property name="iteration"></property>
  <property name="id">Test Cases/Education Partner Profile/Register Education Partner</property>
  <property name="source">\Users\cckozie\git\MissionNext-Katalon-Koz\Test Cases\Education Partner Profile\Register Education Partner.tc</property>
  <property name="tag"></property>
  <property name="isOptional">false</property>
</record>
<record>
  <date>2025-03-03T18:55:41.109265Z</date>
  <millis>1741028141109</millis>
  <nanos>265000</nanos>
  <sequence>14</sequence>
  <level>ERROR</level>
  <class>com.kms.katalon.core.logging.XmlKeywordLogger</class>
  <method>logMessage</method>
  <thread>1</thread>
  <message>Test Cases/Education Partner Profile/Register Education Partner FAILED.
Reason:
org.codehaus.groovy.control.MultipleCompilationErrorsException: startup failed:
file:/Users/cckozie/git/MissionNext-Katalon-Koz/Scripts/Education%20Partner%20Profile/Register%20Education%20Partner/Script1737394383693.groovy: 33: unable to resolve class org.sikuli.script.SikulixForJython
 @ line 33, column 1.
   import org.sikuli.script.SikulixForJython as SikulixForJython
   ^

file:/Users/cckozie/git/MissionNext-Katalon-Koz/Scripts/Education%20Partner%20Profile/Register%20Education%20Partner/Script1737394383693.groovy: 136: unable to resolve class Screen
 @ line 136, column 9.
   	Screen s = new Screen()
           ^

file:/Users/cckozie/git/MissionNext-Katalon-Koz/Scripts/Education%20Partner%20Profile/Register%20Education%20Partner/Script1737394383693.groovy: 136: unable to resolve class Screen
 @ line 136, column 13.
   	Screen s = new Screen()
               ^

file:/Users/cckozie/git/MissionNext-Katalon-Koz/Scripts/Education%20Partner%20Profile/Register%20Education%20Partner/Script1737394383693.groovy: 154: unable to resolve class Pattern
 @ line 154, column 14.
   	    Pattern icn = new Pattern(myImage).similar(0.10)
                ^

file:/Users/cckozie/git/MissionNext-Katalon-Koz/Scripts/Education%20Partner%20Profile/Register%20Education%20Partner/Script1737394383693.groovy: 154: unable to resolve class Pattern
 @ line 154, column 20.
   	    Pattern icn = new Pattern(myImage).similar(0.10)
                      ^

5 errors

	at com.kms.katalon.core.main.ScriptEngine.getScript(ScriptEngine.java:199)
	at com.kms.katalon.core.main.ScriptEngine.run(ScriptEngine.java:194)
	at com.kms.katalon.core.main.ScriptEngine.runScriptAsRawText(ScriptEngine.java:119)
	at com.kms.katalon.core.main.TestCaseExecutor.runScript(TestCaseExecutor.java:448)
	at com.kms.katalon.core.main.TestCaseExecutor.doExecute(TestCaseExecutor.java:439)
	at com.kms.katalon.core.main.TestCaseExecutor.processExecutionPhase(TestCaseExecutor.java:418)
	at com.kms.katalon.core.main.TestCaseExecutor.accessMainPhase(TestCaseExecutor.java:410)
	at com.kms.katalon.core.main.TestCaseExecutor.execute(TestCaseExecutor.java:285)
	at com.kms.katalon.core.common.CommonExecutor.accessTestCaseMainPhase(CommonExecutor.java:65)
	at com.kms.katalon.core.main.TestSuiteExecutor.accessTestSuiteMainPhase(TestSuiteExecutor.java:150)
	at com.kms.katalon.core.main.TestSuiteExecutor.execute(TestSuiteExecutor.java:106)
	at com.kms.katalon.core.main.TestCaseMain.startTestSuite(TestCaseMain.java:180)
	at TempTestSuite1741028087560.run(TempTestSuite1741028087560.groovy:35)
	at java.base/jdk.internal.reflect.NativeMethodAccessorImpl.invoke0(Native Method)
	at java.base/jdk.internal.reflect.NativeMethodAccessorImpl.invoke(NativeMethodAccessorImpl.java:77)
	at java.base/jdk.internal.reflect.DelegatingMethodAccessorImpl.invoke(DelegatingMethodAccessorImpl.java:43)
</message>
  <exception>
    <message>org.codehaus.groovy.control.MultipleCompilationErrorsException: startup failed:
file:/Users/cckozie/git/MissionNext-Katalon-Koz/Scripts/Education%20Partner%20Profile/Register%20Education%20Partner/Script1737394383693.groovy: 33: unable to resolve class org.sikuli.script.SikulixForJython
 @ line 33, column 1.
   import org.sikuli.script.SikulixForJython as SikulixForJython
   ^

file:/Users/cckozie/git/MissionNext-Katalon-Koz/Scripts/Education%20Partner%20Profile/Register%20Education%20Partner/Script1737394383693.groovy: 136: unable to resolve class Screen
 @ line 136, column 9.
   	Screen s = new Screen()
           ^

file:/Users/cckozie/git/MissionNext-Katalon-Koz/Scripts/Education%20Partner%20Profile/Register%20Education%20Partner/Script1737394383693.groovy: 136: unable to resolve class Screen
 @ line 136, column 13.
   	Screen s = new Screen()
               ^

file:/Users/cckozie/git/MissionNext-Katalon-Koz/Scripts/Education%20Partner%20Profile/Register%20Education%20Partner/Script1737394383693.groovy: 154: unable to resolve class Pattern
 @ line 154, column 14.
   	    Pattern icn = new Pattern(myImage).similar(0.10)
                ^

file:/Users/cckozie/git/MissionNext-Katalon-Koz/Scripts/Education%20Partner%20Profile/Register%20Education%20Partner/Script1737394383693.groovy: 154: unable to resolve class Pattern
 @ line 154, column 20.
   	    Pattern icn = new Pattern(myImage).similar(0.10)
                      ^

5 errors
</message>
    <frame>
      <class>com.kms.katalon.core.main.ScriptEngine</class>
      <method>getScript</method>
      <line>199</line>
    </frame>
    <frame>
      <class>com.kms.katalon.core.main.ScriptEngine</class>
      <method>run</method>
      <line>194</line>
    </frame>
    <frame>
      <class>com.kms.katalon.core.main.ScriptEngine</class>
      <method>runScriptAsRawText</method>
      <line>119</line>
    </frame>
    <frame>
      <class>com.kms.katalon.core.main.TestCaseExecutor</class>
      <method>runScript</method>
      <line>448</line>
    </frame>
    <frame>
      <class>com.kms.katalon.core.main.TestCaseExecutor</class>
      <method>doExecute</method>
      <line>439</line>
    </frame>
    <frame>
      <class>com.kms.katalon.core.main.TestCaseExecutor</class>
      <method>processExecutionPhase</method>
      <line>418</line>
    </frame>
    <frame>
      <class>com.kms.katalon.core.main.TestCaseExecutor</class>
      <method>accessMainPhase</method>
      <line>410</line>
    </frame>
    <frame>
      <class>com.kms.katalon.core.main.TestCaseExecutor</class>
      <method>execute</method>
      <line>285</line>
    </frame>
    <frame>
      <class>com.kms.katalon.core.common.CommonExecutor</class>
      <method>accessTestCaseMainPhase</method>
      <line>65</line>
    </frame>
    <frame>
      <class>com.kms.katalon.core.main.TestSuiteExecutor</class>
      <method>accessTestSuiteMainPhase</method>
      <line>150</line>
    </frame>
    <frame>
      <class>com.kms.katalon.core.main.TestSuiteExecutor</class>
      <method>execute</method>
      <line>106</line>
    </frame>
    <frame>
      <class>com.kms.katalon.core.main.TestCaseMain</class>
      <method>startTestSuite</method>
      <line>180</line>
    </frame>
    <frame>
      <class>TempTestSuite1741028087560</class>
      <method>run</method>
      <line>35</line>
    </frame>
    <frame>
      <class>jdk.internal.reflect.NativeMethodAccessorImpl</class>
      <method>invoke0</method>
    </frame>
    <frame>
      <class>jdk.internal.reflect.NativeMethodAccessorImpl</class>
      <method>invoke</method>
      <line>77</line>
    </frame>
    <frame>
      <class>jdk.internal.reflect.DelegatingMethodAccessorImpl</class>
      <method>invoke</method>
      <line>43</line>
    </frame>
  </exception>
  <nestedLevel>0</nestedLevel>
  <escapedJava>false</escapedJava>
  <property name="failed.exception.stacktrace">org.codehaus.groovy.control.MultipleCompilationErrorsException: startup failed:
file:/Users/cckozie/git/MissionNext-Katalon-Koz/Scripts/Education%20Partner%20Profile/Register%20Education%20Partner/Script1737394383693.groovy: 33: unable to resolve class org.sikuli.script.SikulixForJython
 @ line 33, column 1.
   import org.sikuli.script.SikulixForJython as SikulixForJython
   ^

file:/Users/cckozie/git/MissionNext-Katalon-Koz/Scripts/Education%20Partner%20Profile/Register%20Education%20Partner/Script1737394383693.groovy: 136: unable to resolve class Screen
 @ line 136, column 9.
   	Screen s = new Screen()
           ^

file:/Users/cckozie/git/MissionNext-Katalon-Koz/Scripts/Education%20Partner%20Profile/Register%20Education%20Partner/Script1737394383693.groovy: 136: unable to resolve class Screen
 @ line 136, column 13.
   	Screen s = new Screen()
               ^

file:/Users/cckozie/git/MissionNext-Katalon-Koz/Scripts/Education%20Partner%20Profile/Register%20Education%20Partner/Script1737394383693.groovy: 154: unable to resolve class Pattern
 @ line 154, column 14.
   	    Pattern icn = new Pattern(myImage).similar(0.10)
                ^

file:/Users/cckozie/git/MissionNext-Katalon-Koz/Scripts/Education%20Partner%20Profile/Register%20Education%20Partner/Script1737394383693.groovy: 154: unable to resolve class Pattern
 @ line 154, column 20.
   	    Pattern icn = new Pattern(myImage).similar(0.10)
                      ^

5 errors

	at com.kms.katalon.core.main.ScriptEngine.getScript(ScriptEngine.java:199)
	at com.kms.katalon.core.main.ScriptEngine.run(ScriptEngine.java:194)
	at com.kms.katalon.core.main.ScriptEngine.runScriptAsRawText(ScriptEngine.java:119)
	at com.kms.katalon.core.main.TestCaseExecutor.runScript(TestCaseExecutor.java:448)
	at com.kms.katalon.core.main.TestCaseExecutor.doExecute(TestCaseExecutor.java:439)
	at com.kms.katalon.core.main.TestCaseExecutor.processExecutionPhase(TestCaseExecutor.java:418)
	at com.kms.katalon.core.main.TestCaseExecutor.accessMainPhase(TestCaseExecutor.java:410)
	at com.kms.katalon.core.main.TestCaseExecutor.execute(TestCaseExecutor.java:285)
	at com.kms.katalon.core.common.CommonExecutor.accessTestCaseMainPhase(CommonExecutor.java:65)
	at com.kms.katalon.core.main.TestSuiteExecutor.accessTestSuiteMainPhase(TestSuiteExecutor.java:150)
	at com.kms.katalon.core.main.TestSuiteExecutor.execute(TestSuiteExecutor.java:106)
	at com.kms.katalon.core.main.TestCaseMain.startTestSuite(TestCaseMain.java:180)
	at TempTestSuite1741028087560.run(TempTestSuite1741028087560.groovy:35)
	at java.base/jdk.internal.reflect.NativeMethodAccessorImpl.invoke0(Native Method)
	at java.base/jdk.internal.reflect.NativeMethodAccessorImpl.invoke(NativeMethodAccessorImpl.java:77)
	at java.base/jdk.internal.reflect.DelegatingMethodAccessorImpl.invoke(DelegatingMethodAccessorImpl.java:43)
</property>
  <property name="failed.exception.class">org.codehaus.groovy.control.MultipleCompilationErrorsException</property>
  <property name="failed.exception.message">startup failed:
file:/Users/cckozie/git/MissionNext-Katalon-Koz/Scripts/Education%20Partner%20Profile/Register%20Education%20Partner/Script1737394383693.groovy: 33: unable to resolve class org.sikuli.script.SikulixForJython
 @ line 33, column 1.
   import org.sikuli.script.SikulixForJython as SikulixForJython
   ^

file:/Users/cckozie/git/MissionNext-Katalon-Koz/Scripts/Education%20Partner%20Profile/Register%20Education%20Partner/Script1737394383693.groovy: 136: unable to resolve class Screen
 @ line 136, column 9.
   	Screen s = new Screen()
           ^

file:/Users/cckozie/git/MissionNext-Katalon-Koz/Scripts/Education%20Partner%20Profile/Register%20Education%20Partner/Script1737394383693.groovy: 136: unable to resolve class Screen
 @ line 136, column 13.
   	Screen s = new Screen()
               ^

file:/Users/cckozie/git/MissionNext-Katalon-Koz/Scripts/Education%20Partner%20Profile/Register%20Education%20Partner/Script1737394383693.groovy: 154: unable to resolve class Pattern
 @ line 154, column 14.
   	    Pattern icn = new Pattern(myImage).similar(0.10)
                ^

file:/Users/cckozie/git/MissionNext-Katalon-Koz/Scripts/Education%20Partner%20Profile/Register%20Education%20Partner/Script1737394383693.groovy: 154: unable to resolve class Pattern
 @ line 154, column 20.
   	    Pattern icn = new Pattern(myImage).similar(0.10)
                      ^

5 errors
</property>
</record>
<record>
  <date>2025-03-03T18:55:41.111565Z</date>
  <millis>1741028141111</millis>
  <nanos>565000</nanos>
  <sequence>16</sequence>
  <level>END</level>
  <class>com.kms.katalon.core.logging.XmlKeywordLogger</class>
  <method>endTest</method>
  <thread>1</thread>
  <message>End Test Case : Test Cases/Education Partner Profile/Register Education Partner</message>
  <nestedLevel>0</nestedLevel>
  <escapedJava>false</escapedJava>
  <property name="executionBindingVariables">[]</property>
  <property name="applitools">false</property>
  <property name="keywordsUsage">{
  &quot;web_ui&quot;: false,
  &quot;web_service&quot;: false,
  &quot;cucumber&quot;: false,
  &quot;builtin&quot;: false,
  &quot;mobile&quot;: false,
  &quot;windows&quot;: false,
  &quot;testng&quot;: false
}</property>
</record>
<record>
  <date>2025-03-03T18:55:41.112517Z</date>
  <millis>1741028141112</millis>
  <nanos>517000</nanos>
  <sequence>17</sequence>
  <level>START</level>
  <class>com.kms.katalon.core.logging.XmlKeywordLogger</class>
  <method>startKeyword</method>
  <thread>1</thread>
  <message>Start listener action : sampleAfterTestSuite</message>
  <nestedLevel>0</nestedLevel>
  <escapedJava>false</escapedJava>
</record>
<record>
  <date>2025-03-03T18:55:41.113258Z</date>
  <millis>1741028141113</millis>
  <nanos>258000</nanos>
  <sequence>19</sequence>
  <level>START</level>
  <class>com.kms.katalon.core.logging.XmlKeywordLogger</class>
  <method>startKeyword</method>
  <thread>1</thread>
  <message>Start action : testSuiteRunning = false</message>
  <nestedLevel>1</nestedLevel>
  <escapedJava>false</escapedJava>
  <property name="startLine">32</property>
  <property name="stepIndex">1</property>
</record>
<record>
  <date>2025-03-03T18:55:41.113537Z</date>
  <millis>1741028141113</millis>
  <nanos>537000</nanos>
  <sequence>21</sequence>
  <level>END</level>
  <class>com.kms.katalon.core.logging.XmlKeywordLogger</class>
  <method>endKeyword</method>
  <thread>1</thread>
  <message>End action : testSuiteRunning = false</message>
  <nestedLevel>1</nestedLevel>
  <escapedJava>false</escapedJava>
</record>
<record>
  <date>2025-03-03T18:55:41.113827Z</date>
  <millis>1741028141113</millis>
  <nanos>827000</nanos>
  <sequence>22</sequence>
  <level>END</level>
  <class>com.kms.katalon.core.logging.XmlKeywordLogger</class>
  <method>endKeyword</method>
  <thread>1</thread>
  <message>End listener action : sampleAfterTestSuite</message>
  <nestedLevel>0</nestedLevel>
  <escapedJava>false</escapedJava>
</record>
<record>
  <date>2025-03-03T18:55:41.114014Z</date>
  <millis>1741028141114</millis>
  <nanos>14000</nanos>
  <sequence>23</sequence>
  <level>START</level>
  <class>com.kms.katalon.core.logging.XmlKeywordLogger</class>
  <method>startKeyword</method>
  <thread>1</thread>
  <message>Start listener action : exportKatalonReports</message>
  <nestedLevel>0</nestedLevel>
  <escapedJava>false</escapedJava>
</record>
<record>
  <date>2025-03-03T18:55:41.164227Z</date>
  <millis>1741028141164</millis>
  <nanos>227000</nanos>
  <sequence>59</sequence>
  <level>INFO</level>
  <class>com.kms.katalon.core.logging.XmlKeywordLogger</class>
  <method>logMessage</method>
  <thread>1</thread>
  <message>Start generating HTML report folder at: /Users/cckozie/git/MissionNext-Katalon-Koz/Reports/20250303_125444/Education Partner Test Suite/20250303_125447...</message>
  <nestedLevel>0</nestedLevel>
  <escapedJava>false</escapedJava>
</record>
<record>
  <date>2025-03-03T18:55:41.200932Z</date>
  <millis>1741028141200</millis>
  <nanos>932000</nanos>
  <sequence>60</sequence>
  <level>INFO</level>
  <class>com.kms.katalon.core.logging.XmlKeywordLogger</class>
  <method>logMessage</method>
  <thread>1</thread>
  <message>HTML report generated</message>
  <nestedLevel>0</nestedLevel>
  <escapedJava>false</escapedJava>
</record>
<record>
  <date>2025-03-03T18:55:41.201261Z</date>
  <millis>1741028141201</millis>
  <nanos>261000</nanos>
  <sequence>61</sequence>
  <level>INFO</level>
  <class>com.kms.katalon.core.logging.XmlKeywordLogger</class>
  <method>logMessage</method>
  <thread>1</thread>
  <message>Start generating CSV report folder at: /Users/cckozie/git/MissionNext-Katalon-Koz/Reports/20250303_125444/Education Partner Test Suite/20250303_125447...</message>
  <nestedLevel>0</nestedLevel>
  <escapedJava>false</escapedJava>
</record>
<record>
  <date>2025-03-03T18:55:41.205725Z</date>
  <millis>1741028141205</millis>
  <nanos>725000</nanos>
  <sequence>62</sequence>
  <level>INFO</level>
  <class>com.kms.katalon.core.logging.XmlKeywordLogger</class>
  <method>logMessage</method>
  <thread>1</thread>
  <message>CSV report generated</message>
  <nestedLevel>0</nestedLevel>
  <escapedJava>false</escapedJava>
</record>
<record>
  <date>2025-03-03T18:55:41.208940Z</date>
  <millis>1741028141208</millis>
  <nanos>940000</nanos>
  <sequence>64</sequence>
  <level>END</level>
  <class>com.kms.katalon.core.logging.XmlKeywordLogger</class>
  <method>endKeyword</method>
  <thread>1</thread>
  <message>End listener action : exportKatalonReports</message>
  <nestedLevel>0</nestedLevel>
  <escapedJava>false</escapedJava>
</record>
<record>
  <date>2025-03-03T18:55:41.209230Z</date>
  <millis>1741028141209</millis>
  <nanos>230000</nanos>
  <sequence>65</sequence>
  <level>END</level>
  <class>com.kms.katalon.core.logging.XmlKeywordLogger</class>
  <method>endSuite</method>
  <thread>1</thread>
  <message>End Test Suite : Test Suites/Education Partner Test Suite</message>
  <nestedLevel>0</nestedLevel>
  <escapedJava>false</escapedJava>
</record>
</log>
