<?xml version="1.0" encoding="UTF-8"?>
<testsuites name="Page Load Timings" time="37.988" tests="1" failures="0" errors="0">
   <testsuite name="Page Load Timings" tests="1" failures="0" errors="0" time="37.988" skipped="0" timestamp="27-05-2024T23:15:04" hostname="cckozie - 192.168.4.24" id="Test Suites/Page Load Timings">
      <properties>
         <property name="deviceName" value=""/>
         <property name="devicePlatform" value=""/>
         <property name="logFolder" value="/Users/cckozie/git/MissionNext-Katalon-Koz/Reports/20240527_231417/Page Load Timings/20240527_231420"/>
         <property name="logFiles" value="/Users/cckozie/git/MissionNext-Katalon-Koz/Reports/20240527_231417/Page Load Timings/20240527_231420/execution0.log"/>
         <property name="attachments" value="/Users/cckozie/git/MissionNext-Katalon-Koz/Reports/20240527_231417/Page Load Timings/20240527_231420/1716869740709.png"/>
         <property name="hostName" value="cckozie - 192.168.4.24"/>
         <property name="os" value="Mac OS X 64bit"/>
         <property name="katalonVersion" value="9.4.0.212"/>
         <property name="browser" value="Chrome 125.0.0.0"/>
         <property name="hostAddress" value="192.168.4.24"/>
         <property name="sessionId" value="dd00ffcaa085598dfd6e1702adbe51c3"/>
         <property name="seleniumVersion" value="3.141.59"/>
         <property name="proxyInformation" value="ProxyInformation { proxyOption=NO_PROXY, proxyServerType=HTTP, username=, password=********, proxyServerAddress=, proxyServerPort=0, executionList=&quot;&quot;, isApplyToDesiredCapabilities=true }"/>
         <property name="platform" value="Mac OS X"/>
      </properties>
      <testcase name="Test Cases/Test Preferred Positions Checkboxes" time="37.438" classname="Test Cases/Test Preferred Positions Checkboxes" status="PASSED">
         <system-out><![CDATA[27-05-2024T23:15:04 - [TEST_CASE][PASSED] - Test Cases/Test Preferred Positions Checkboxes: Test Cases/Test Preferred Positions Checkboxes

27-05-2024T23:15:06 - [TEST_STEP][PASSED] - ministryPreferences = ["Adult Men", "Adult Women", "Bible Teaching", "Worship Leader", "Church Planter", "Leadership Development", "Marriage & Family", "Missions Pastor", "Pastor/Associate Pastor", "Youth Pastor"]: null

27-05-2024T23:15:06 - [TEST_STEP][PASSED] - callTestCase(findTestCase("_Functions/Open Chrome Browser - No Analytics"), ["dropDownOption":"QuickStart"], STOP_ON_FAILURE): Call Test Case 'Test Cases/_Functions/Open Chrome Browser - No Analytics' successfully

27-05-2024T23:15:06 - [TEST_CASE][PASSED] - Test Cases/_Functions/Open Chrome Browser - No Analytics: Test Cases/_Functions/Open Chrome Browser - No Analytics

27-05-2024T23:15:07 - [TEST_STEP][PASSED] - System.setProperty("webdriver.chrome.driver", "/Applications/Katalon Studio Free.app/Contents/Eclipse/configuration/resources/drivers/chromedriver_mac/chromedriver"): null

27-05-2024T23:15:07 - [TEST_STEP][PASSED] - options = new org.openqa.selenium.chrome.ChromeOptions(): null

27-05-2024T23:15:07 - [TEST_STEP][PASSED] - options.addExtensions(new java.io.File(/Users/cckozie/Downloads/fllaojicojecljbmefodhfapmkghcbnh-1.1-Crx4Chrome.com.crx)): null

27-05-2024T23:15:07 - [TEST_STEP][PASSED] - caps = new org.openqa.selenium.remote.DesiredCapabilities(): null

27-05-2024T23:15:07 - [TEST_STEP][PASSED] - caps.setCapability(CAPABILITY, options): null

27-05-2024T23:15:07 - [TEST_STEP][PASSED] - driver = new org.openqa.selenium.chrome.ChromeDriver(caps): null

27-05-2024T23:15:12 - [TEST_STEP][PASSED] - changeWebDriver(driver): null

27-05-2024T23:15:13 - [TEST_STEP][PASSED] - timeouts().pageLoadTimeout(2, MINUTES): null

27-05-2024T23:15:13 - [TEST_STEP][PASSED] - maximizeWindow(): Current window maximized

27-05-2024T23:15:13 - [MESSAGE][PASSED] - Current window maximized

27-05-2024T23:15:14 - [MESSAGE][PASSED] - Call Test Case 'Test Cases/_Functions/Open Chrome Browser - No Analytics' successfully

27-05-2024T23:15:14 - [TEST_STEP][PASSED] - navigateToUrl("https://journey.missionnext.org/journey-home/login-here/"): Navigate to 'https://journey.missionnext.org/journey-home/login-here/' successfully

27-05-2024T23:15:17 - [MESSAGE][PASSED] - Navigate to 'https://journey.missionnext.org/journey-home/login-here/' successfully

27-05-2024T23:15:17 - [TEST_STEP][PASSED] - click(findTestObject("Object Repository/temp/i_Wordpress_eicon-close")): Object: 'Object Repository/temp/i_Wordpress_eicon-close' is clicked on

27-05-2024T23:15:17 - [MESSAGE][PASSED] - Object: 'Object Repository/temp/i_Wordpress_eicon-close' is clicked on

27-05-2024T23:15:17 - [TEST_STEP][PASSED] - setText(findTestObject("Object Repository/temp/input_Username_log"), "cktest01@missionnext.org"): Text 'cktest01@missionnext.org' is set on object 'Object Repository/temp/input_Username_log'

27-05-2024T23:15:19 - [MESSAGE][PASSED] - Text 'cktest01@missionnext.org' is set on object 'Object Repository/temp/input_Username_log'

27-05-2024T23:15:19 - [TEST_STEP][PASSED] - setEncryptedText(findTestObject("Object Repository/temp/input_Password_pwd"), "5lwQhML0qdMWXTXRrgjfVw=="): Text ****** has been set on object 'Object Repository/temp/input_Password_pwd'

27-05-2024T23:15:19 - [MESSAGE][PASSED] - Text ****** has been set on object 'Object Repository/temp/input_Password_pwd'

27-05-2024T23:15:19 - [TEST_STEP][PASSED] - click(findTestObject("Object Repository/temp/button_Log In")): Object: 'Object Repository/temp/button_Log In' is clicked on

27-05-2024T23:15:24 - [MESSAGE][PASSED] - Object: 'Object Repository/temp/button_Log In' is clicked on

27-05-2024T23:15:24 - [TEST_STEP][PASSED] - click(findTestObject("Object Repository/temp/a_My Profile")): Object: 'Object Repository/temp/a_My Profile' is clicked on

27-05-2024T23:15:28 - [MESSAGE][PASSED] - Object: 'Object Repository/temp/a_My Profile' is clicked on

27-05-2024T23:15:28 - [TEST_STEP][PASSED] - click(findTestObject("Object Repository/temp/input_Email_profilegroup-1444754265.711email")): Object: 'Object Repository/temp/input_Email_profilegroup-1444754265.711email' is clicked on

27-05-2024T23:15:29 - [MESSAGE][PASSED] - Object: 'Object Repository/temp/input_Email_profilegroup-1444754265.711email' is clicked on

27-05-2024T23:15:29 - [TEST_STEP][PASSED] - click(findTestObject("Object Repository/temp/a_Your Ministry Prefs")): Object: 'Object Repository/temp/a_Your Ministry Prefs' is clicked on

27-05-2024T23:15:29 - [MESSAGE][PASSED] - Object: 'Object Repository/temp/a_Your Ministry Prefs' is clicked on

27-05-2024T23:15:29 - [TEST_STEP][PASSED] - setViewPortSize(600, 1200): Viewport is set to new size with width = 600 and height = 1200

27-05-2024T23:15:30 - [MESSAGE][PASSED] - Viewport is set to new size with width = 600 and height = 1200

27-05-2024T23:15:30 - [TEST_STEP][PASSED] - delay(1): Delayed 1 second(s)

27-05-2024T23:15:31 - [MESSAGE][PASSED] - Delayed 1 second(s)

27-05-2024T23:15:31 - [TEST_STEP][PASSED] - driver = getWebDriver(): null

27-05-2024T23:15:31 - [TEST_STEP][PASSED] - categories = driver.findElements(By.xpath("//input[@id='profile_group-1623987608.435_job_categories']")): null

27-05-2024T23:15:31 - [TEST_STEP][PASSED] - for (def category : categories): Object: '' is clicked on

27-05-2024T23:15:31 - [TEST_STEP][PASSED] - cat = convertWebElementToTestObject(category): null

27-05-2024T23:15:31 - [TEST_STEP][PASSED] - text = category.getAttribute("value"): null

27-05-2024T23:15:31 - [TEST_STEP][PASSED] - try: Object: '' is clicked on

27-05-2024T23:15:31 - [TEST_STEP][PASSED] - click(cat): Object: '' is clicked on

27-05-2024T23:15:32 - [MESSAGE][PASSED] - Object: '' is clicked on

27-05-2024T23:15:32 - [TEST_STEP][PASSED] - cat = convertWebElementToTestObject(category): null

27-05-2024T23:15:32 - [TEST_STEP][PASSED] - text = category.getAttribute("value"): null

27-05-2024T23:15:32 - [TEST_STEP][PASSED] - try: Object: '' is clicked on

27-05-2024T23:15:32 - [TEST_STEP][PASSED] - click(cat): Object: '' is clicked on

27-05-2024T23:15:32 - [MESSAGE][PASSED] - Object: '' is clicked on

27-05-2024T23:15:32 - [TEST_STEP][PASSED] - cat = convertWebElementToTestObject(category): null

27-05-2024T23:15:32 - [TEST_STEP][PASSED] - text = category.getAttribute("value"): null

27-05-2024T23:15:32 - [TEST_STEP][PASSED] - try: Object: '' is clicked on

27-05-2024T23:15:32 - [TEST_STEP][PASSED] - click(cat): Object: '' is clicked on

27-05-2024T23:15:32 - [MESSAGE][PASSED] - Object: '' is clicked on

27-05-2024T23:15:32 - [TEST_STEP][PASSED] - cat = convertWebElementToTestObject(category): null

27-05-2024T23:15:32 - [TEST_STEP][PASSED] - text = category.getAttribute("value"): null

27-05-2024T23:15:32 - [TEST_STEP][PASSED] - try: Object: '' is clicked on

27-05-2024T23:15:32 - [TEST_STEP][PASSED] - click(cat): Object: '' is clicked on

27-05-2024T23:15:32 - [MESSAGE][PASSED] - Object: '' is clicked on

27-05-2024T23:15:32 - [TEST_STEP][PASSED] - cat = convertWebElementToTestObject(category): null

27-05-2024T23:15:32 - [TEST_STEP][PASSED] - text = category.getAttribute("value"): null

27-05-2024T23:15:32 - [TEST_STEP][PASSED] - try: Object: '' is clicked on

27-05-2024T23:15:32 - [TEST_STEP][PASSED] - click(cat): Object: '' is clicked on

27-05-2024T23:15:32 - [MESSAGE][PASSED] - Object: '' is clicked on

27-05-2024T23:15:32 - [TEST_STEP][PASSED] - cat = convertWebElementToTestObject(category): null

27-05-2024T23:15:32 - [TEST_STEP][PASSED] - text = category.getAttribute("value"): null

27-05-2024T23:15:32 - [TEST_STEP][PASSED] - try: Object: '' is clicked on

27-05-2024T23:15:32 - [TEST_STEP][PASSED] - click(cat): Object: '' is clicked on

27-05-2024T23:15:32 - [MESSAGE][PASSED] - Object: '' is clicked on

27-05-2024T23:15:32 - [TEST_STEP][PASSED] - cat = convertWebElementToTestObject(category): null

27-05-2024T23:15:32 - [TEST_STEP][PASSED] - text = category.getAttribute("value"): null

27-05-2024T23:15:32 - [TEST_STEP][PASSED] - try: Object: '' is clicked on

27-05-2024T23:15:32 - [TEST_STEP][PASSED] - click(cat): Object: '' is clicked on

27-05-2024T23:15:32 - [MESSAGE][PASSED] - Object: '' is clicked on

27-05-2024T23:15:32 - [TEST_STEP][PASSED] - cat = convertWebElementToTestObject(category): null

27-05-2024T23:15:32 - [TEST_STEP][PASSED] - text = category.getAttribute("value"): null

27-05-2024T23:15:32 - [TEST_STEP][PASSED] - try: Object: '' is clicked on

27-05-2024T23:15:32 - [TEST_STEP][PASSED] - click(cat): Object: '' is clicked on

27-05-2024T23:15:33 - [MESSAGE][PASSED] - Object: '' is clicked on

27-05-2024T23:15:33 - [TEST_STEP][PASSED] - cat = convertWebElementToTestObject(category): null

27-05-2024T23:15:33 - [TEST_STEP][PASSED] - text = category.getAttribute("value"): null

27-05-2024T23:15:33 - [TEST_STEP][PASSED] - try: Object: '' is clicked on

27-05-2024T23:15:33 - [TEST_STEP][PASSED] - click(cat): Object: '' is clicked on

27-05-2024T23:15:33 - [MESSAGE][PASSED] - Object: '' is clicked on

27-05-2024T23:15:33 - [TEST_STEP][PASSED] - cat = convertWebElementToTestObject(category): null

27-05-2024T23:15:33 - [TEST_STEP][PASSED] - text = category.getAttribute("value"): null

27-05-2024T23:15:33 - [TEST_STEP][PASSED] - try: Object: '' is clicked on

27-05-2024T23:15:33 - [TEST_STEP][PASSED] - click(cat): Object: '' is clicked on

27-05-2024T23:15:33 - [MESSAGE][PASSED] - Object: '' is clicked on

27-05-2024T23:15:33 - [TEST_STEP][PASSED] - cat = convertWebElementToTestObject(category): null

27-05-2024T23:15:33 - [TEST_STEP][PASSED] - text = category.getAttribute("value"): null

27-05-2024T23:15:33 - [TEST_STEP][PASSED] - try: Object: '' is clicked on

27-05-2024T23:15:33 - [TEST_STEP][PASSED] - click(cat): Object: '' is clicked on

27-05-2024T23:15:33 - [MESSAGE][PASSED] - Object: '' is clicked on

27-05-2024T23:15:33 - [TEST_STEP][PASSED] - cat = convertWebElementToTestObject(category): null

27-05-2024T23:15:33 - [TEST_STEP][PASSED] - text = category.getAttribute("value"): null

27-05-2024T23:15:33 - [TEST_STEP][PASSED] - try: Object: '' is clicked on

27-05-2024T23:15:33 - [TEST_STEP][PASSED] - click(cat): Object: '' is clicked on

27-05-2024T23:15:33 - [MESSAGE][PASSED] - Object: '' is clicked on

27-05-2024T23:15:33 - [TEST_STEP][PASSED] - cat = convertWebElementToTestObject(category): null

27-05-2024T23:15:33 - [TEST_STEP][PASSED] - text = category.getAttribute("value"): null

27-05-2024T23:15:33 - [TEST_STEP][PASSED] - try: Object: '' is clicked on

27-05-2024T23:15:33 - [TEST_STEP][PASSED] - click(cat): Object: '' is clicked on

27-05-2024T23:15:33 - [MESSAGE][PASSED] - Object: '' is clicked on

27-05-2024T23:15:33 - [TEST_STEP][PASSED] - cat = convertWebElementToTestObject(category): null

27-05-2024T23:15:33 - [TEST_STEP][PASSED] - text = category.getAttribute("value"): null

27-05-2024T23:15:33 - [TEST_STEP][PASSED] - try: Object: '' is clicked on

27-05-2024T23:15:33 - [TEST_STEP][PASSED] - click(cat): Object: '' is clicked on

27-05-2024T23:15:34 - [MESSAGE][PASSED] - Object: '' is clicked on

27-05-2024T23:15:34 - [TEST_STEP][PASSED] - cat = convertWebElementToTestObject(category): null

27-05-2024T23:15:34 - [TEST_STEP][PASSED] - text = category.getAttribute("value"): null

27-05-2024T23:15:34 - [TEST_STEP][PASSED] - try: Object: '' is clicked on

27-05-2024T23:15:34 - [TEST_STEP][PASSED] - click(cat): Object: '' is clicked on

27-05-2024T23:15:34 - [MESSAGE][PASSED] - Object: '' is clicked on

27-05-2024T23:15:34 - [TEST_STEP][PASSED] - cat = convertWebElementToTestObject(category): null

27-05-2024T23:15:34 - [TEST_STEP][PASSED] - text = category.getAttribute("value"): null

27-05-2024T23:15:34 - [TEST_STEP][PASSED] - try: Object: '' is clicked on

27-05-2024T23:15:34 - [TEST_STEP][PASSED] - click(cat): Object: '' is clicked on

27-05-2024T23:15:34 - [MESSAGE][PASSED] - Object: '' is clicked on

27-05-2024T23:15:34 - [TEST_STEP][PASSED] - cat = convertWebElementToTestObject(category): null

27-05-2024T23:15:34 - [TEST_STEP][PASSED] - text = category.getAttribute("value"): null

27-05-2024T23:15:34 - [TEST_STEP][PASSED] - try: Object: '' is clicked on

27-05-2024T23:15:34 - [TEST_STEP][PASSED] - click(cat): Object: '' is clicked on

27-05-2024T23:15:34 - [MESSAGE][PASSED] - Object: '' is clicked on

27-05-2024T23:15:34 - [TEST_STEP][PASSED] - cat = convertWebElementToTestObject(category): null

27-05-2024T23:15:34 - [TEST_STEP][PASSED] - text = category.getAttribute("value"): null

27-05-2024T23:15:34 - [TEST_STEP][PASSED] - try: Object: '' is clicked on

27-05-2024T23:15:34 - [TEST_STEP][PASSED] - click(cat): Object: '' is clicked on

27-05-2024T23:15:34 - [MESSAGE][PASSED] - Object: '' is clicked on

27-05-2024T23:15:34 - [TEST_STEP][PASSED] - cat = convertWebElementToTestObject(category): null

27-05-2024T23:15:34 - [TEST_STEP][PASSED] - text = category.getAttribute("value"): null

27-05-2024T23:15:34 - [TEST_STEP][PASSED] - try: Object: '' is clicked on

27-05-2024T23:15:34 - [TEST_STEP][PASSED] - click(cat): Object: '' is clicked on

27-05-2024T23:15:34 - [MESSAGE][PASSED] - Object: '' is clicked on

27-05-2024T23:15:34 - [TEST_STEP][PASSED] - positions = driver.findElements(By.xpath("//input[@id='profile_group-1623987608.435_ministry_preferences']")): null

27-05-2024T23:15:34 - [TEST_STEP][FAILED] - for (def position : positions): null

27-05-2024T23:15:34 - [TEST_STEP][PASSED] - pos = convertWebElementToTestObject(position): null

27-05-2024T23:15:34 - [TEST_STEP][PASSED] - text = position.getAttribute("value"): null

27-05-2024T23:15:34 - [TEST_STEP][PASSED] - try: Object: '' is clicked on

27-05-2024T23:15:34 - [TEST_STEP][PASSED] - click(pos): Object: '' is clicked on

27-05-2024T23:15:35 - [MESSAGE][PASSED] - Object: '' is clicked on

27-05-2024T23:15:35 - [TEST_STEP][PASSED] - pos = convertWebElementToTestObject(position): null

27-05-2024T23:15:35 - [TEST_STEP][PASSED] - text = position.getAttribute("value"): null

27-05-2024T23:15:35 - [TEST_STEP][PASSED] - try: Object: '' is clicked on

27-05-2024T23:15:35 - [TEST_STEP][PASSED] - click(pos): Object: '' is clicked on

27-05-2024T23:15:35 - [MESSAGE][PASSED] - Object: '' is clicked on

27-05-2024T23:15:35 - [TEST_STEP][PASSED] - pos = convertWebElementToTestObject(position): null

27-05-2024T23:15:35 - [TEST_STEP][PASSED] - text = position.getAttribute("value"): null

27-05-2024T23:15:35 - [TEST_STEP][PASSED] - try: Object: '' is clicked on

27-05-2024T23:15:35 - [TEST_STEP][PASSED] - click(pos): Object: '' is clicked on

27-05-2024T23:15:35 - [MESSAGE][PASSED] - Object: '' is clicked on

27-05-2024T23:15:35 - [TEST_STEP][PASSED] - pos = convertWebElementToTestObject(position): null

27-05-2024T23:15:35 - [TEST_STEP][PASSED] - text = position.getAttribute("value"): null

27-05-2024T23:15:35 - [TEST_STEP][FAILED] - try: Unable to click on object '' (Root cause: com.kms.katalon.core.exception.StepFailedException: Unable to click on object ''
	at com.kms.katalon.core.webui.keyword.internal.WebUIKeywordMain.stepFailed(WebUIKeywordMain.groovy:64)
	at com.kms.katalon.core.webui.keyword.internal.WebUIKeywordMain.runKeyword(WebUIKeywordMain.groovy:26)
	at com.kms.katalon.core.webui.keyword.builtin.ClickKeyword.click(ClickKeyword.groovy:74)
	at com.kms.katalon.core.webui.keyword.builtin.ClickKeyword.execute(ClickKeyword.groovy:40)
	at com.kms.katalon.core.keyword.internal.KeywordExecutor.executeKeywordForPlatform(KeywordExecutor.groovy:74)
	at com.kms.katalon.core.webui.keyword.WebUiBuiltInKeywords.click(WebUiBuiltInKeywords.groovy:659)
	at Test Preferred Positions Checkboxes.run(Test Preferred Positions Checkboxes:88)
	at com.kms.katalon.core.main.ScriptEngine.run(ScriptEngine.java:194)
	at com.kms.katalon.core.main.ScriptEngine.runScriptAsRawText(ScriptEngine.java:119)
	at com.kms.katalon.core.main.TestCaseExecutor.runScript(TestCaseExecutor.java:448)
	at com.kms.katalon.core.main.TestCaseExecutor.doExecute(TestCaseExecutor.java:439)
	at com.kms.katalon.core.main.TestCaseExecutor.processExecutionPhase(TestCaseExecutor.java:418)
	at com.kms.katalon.core.main.TestCaseExecutor.accessMainPhase(TestCaseExecutor.java:410)
	at com.kms.katalon.core.main.TestCaseExecutor.execute(TestCaseExecutor.java:285)
	at com.kms.katalon.core.common.CommonExecutor.accessTestCaseMainPhase(CommonExecutor.java:65)
	at com.kms.katalon.core.main.TestSuiteExecutor.accessTestSuiteMainPhase(TestSuiteExecutor.java:150)
	at com.kms.katalon.core.main.TestSuiteExecutor.execute(TestSuiteExecutor.java:106)
	at com.kms.katalon.core.main.TestCaseMain.startTestSuite(TestCaseMain.java:180)
	at TempTestSuite1716869660523.run(TempTestSuite1716869660523.groovy:35)
	at java.base/jdk.internal.reflect.NativeMethodAccessorImpl.invoke0(Native Method)
	at java.base/jdk.internal.reflect.NativeMethodAccessorImpl.invoke(NativeMethodAccessorImpl.java:77)
	at java.base/jdk.internal.reflect.DelegatingMethodAccessorImpl.invoke(DelegatingMethodAccessorImpl.java:43)
Caused by: org.openqa.selenium.ElementClickInterceptedException: element click intercepted: Element <input id="profile_group-1623987608.435_ministry_preferences" type="checkbox" name="profile[group-1623987608.435][ministry_preferences][]" value="Church Planter"> is not clickable at point (219, 640). Other element would receive the click: <div class="col-sm-offset-3 col-sm-9 after-note">...</div>
  (Session info: chrome=125.0.6422.78)
Build info: version: '3.141.59', revision: 'e82be7d358', time: '2018-11-14T08:25:53'
System info: host: 'Kozs-MacBook-Air.local', ip: 'fd0a:2b0c:43ba:1:1070:d692:2cb2:409a%en0', os.name: 'Mac OS X', os.arch: 'x86_64', os.version: '13.6.1', java.version: '17.0.7'
Driver info: org.openqa.selenium.chrome.ChromeDriver
Capabilities {acceptInsecureCerts: false, browserName: chrome, browserVersion: 125.0.6422.78, chrome: {chromedriverVersion: 124.0.6367.60 (8771130bd84f..., userDataDir: /var/folders/hb/hv2s0v7n1nz...}, fedcm:accounts: true, goog:chromeOptions: {debuggerAddress: localhost:63994}, javascriptEnabled: true, networkConnectionEnabled: false, pageLoadStrategy: normal, platform: MAC, platformName: MAC, proxy: Proxy(), setWindowRect: true, strictFileInteractability: false, timeouts: {implicit: 0, pageLoad: 300000, script: 30000}, unhandledPromptBehavior: dismiss and notify, webauthn:extension:credBlob: true, webauthn:extension:largeBlob: true, webauthn:extension:minPinLength: true, webauthn:extension:prf: true, webauthn:virtualAuthenticators: true}
Session ID: dd00ffcaa085598dfd6e1702adbe51c3
	at java.base/jdk.internal.reflect.NativeConstructorAccessorImpl.newInstance0(Native Method)
	at java.base/jdk.internal.reflect.NativeConstructorAccessorImpl.newInstance(NativeConstructorAccessorImpl.java:77)
	at java.base/jdk.internal.reflect.DelegatingConstructorAccessorImpl.newInstance(DelegatingConstructorAccessorImpl.java:45)
	at org.openqa.selenium.remote.http.W3CHttpResponseCodec.createException(W3CHttpResponseCodec.java:187)
	at org.openqa.selenium.remote.http.W3CHttpResponseCodec.decode(W3CHttpResponseCodec.java:122)
	at org.openqa.selenium.remote.http.W3CHttpResponseCodec.decode(W3CHttpResponseCodec.java:49)
	at org.openqa.selenium.remote.HttpCommandExecutor.execute(HttpCommandExecutor.java:158)
	at org.openqa.selenium.remote.service.DriverCommandExecutor.execute(DriverCommandExecutor.java:83)
	at org.openqa.selenium.remote.RemoteWebDriver.execute(RemoteWebDriver.java:552)
	at org.openqa.selenium.remote.RemoteWebElement.execute(RemoteWebElement.java:285)
	at org.openqa.selenium.remote.RemoteWebElement.click(RemoteWebElement.java:84)
	at jdk.internal.reflect.GeneratedMethodAccessor6.invoke(Unknown Source)
	at java.base/jdk.internal.reflect.DelegatingMethodAccessorImpl.invoke(DelegatingMethodAccessorImpl.java:43)
	at org.openqa.selenium.support.events.EventFiringWebDriver$EventFiringWebElement.lambda$new$0(EventFiringWebDriver.java:404)
	at jdk.proxy2/jdk.proxy2.$Proxy25.click(Unknown Source)
	at org.openqa.selenium.support.events.EventFiringWebDriver$EventFiringWebElement.click(EventFiringWebDriver.java:417)
	at org.openqa.selenium.WebElement$click.call(Unknown Source)
	at com.kms.katalon.core.webui.keyword.builtin.ClickKeyword.clickUntilSuccessWithTimeout(ClickKeyword.groovy:81)
	at com.kms.katalon.core.webui.keyword.builtin.ClickKeyword.clickUntilSuccessWithTimeout(ClickKeyword.groovy)
	at jdk.internal.reflect.GeneratedMethodAccessor4.invoke(Unknown Source)
	at java.base/jdk.internal.reflect.DelegatingMethodAccessorImpl.invoke(DelegatingMethodAccessorImpl.java:43)
	at com.kms.katalon.core.webui.keyword.builtin.ClickKeyword$_click_closure1.doCall(ClickKeyword.groovy:67)
	at com.kms.katalon.core.webui.keyword.builtin.ClickKeyword$_click_closure1.call(ClickKeyword.groovy)
	at com.kms.katalon.core.webui.keyword.internal.WebUIKeywordMain.runKeyword(WebUIKeywordMain.groovy:20)
	at com.kms.katalon.core.webui.keyword.builtin.ClickKeyword.click(ClickKeyword.groovy:74)
	at com.kms.katalon.core.webui.keyword.builtin.ClickKeyword.execute(ClickKeyword.groovy:40)
	at com.kms.katalon.core.keyword.internal.KeywordExecutor.executeKeywordForPlatform(KeywordExecutor.groovy:74)
	at com.kms.katalon.core.webui.keyword.WebUiBuiltInKeywords.click(WebUiBuiltInKeywords.groovy:659)
	at Script1716865643367.run(Script1716865643367.groovy:88)
	... 15 more
)

27-05-2024T23:15:35 - [TEST_STEP][FAILED] - click(pos): Unable to click on object '' (Root cause: com.kms.katalon.core.exception.StepFailedException: Unable to click on object ''
	at com.kms.katalon.core.webui.keyword.internal.WebUIKeywordMain.stepFailed(WebUIKeywordMain.groovy:64)
	at com.kms.katalon.core.webui.keyword.internal.WebUIKeywordMain.runKeyword(WebUIKeywordMain.groovy:26)
	at com.kms.katalon.core.webui.keyword.builtin.ClickKeyword.click(ClickKeyword.groovy:74)
	at com.kms.katalon.core.webui.keyword.builtin.ClickKeyword.execute(ClickKeyword.groovy:40)
	at com.kms.katalon.core.keyword.internal.KeywordExecutor.executeKeywordForPlatform(KeywordExecutor.groovy:74)
	at com.kms.katalon.core.webui.keyword.WebUiBuiltInKeywords.click(WebUiBuiltInKeywords.groovy:659)
	at Test Preferred Positions Checkboxes.run(Test Preferred Positions Checkboxes:88)
	at com.kms.katalon.core.main.ScriptEngine.run(ScriptEngine.java:194)
	at com.kms.katalon.core.main.ScriptEngine.runScriptAsRawText(ScriptEngine.java:119)
	at com.kms.katalon.core.main.TestCaseExecutor.runScript(TestCaseExecutor.java:448)
	at com.kms.katalon.core.main.TestCaseExecutor.doExecute(TestCaseExecutor.java:439)
	at com.kms.katalon.core.main.TestCaseExecutor.processExecutionPhase(TestCaseExecutor.java:418)
	at com.kms.katalon.core.main.TestCaseExecutor.accessMainPhase(TestCaseExecutor.java:410)
	at com.kms.katalon.core.main.TestCaseExecutor.execute(TestCaseExecutor.java:285)
	at com.kms.katalon.core.common.CommonExecutor.accessTestCaseMainPhase(CommonExecutor.java:65)
	at com.kms.katalon.core.main.TestSuiteExecutor.accessTestSuiteMainPhase(TestSuiteExecutor.java:150)
	at com.kms.katalon.core.main.TestSuiteExecutor.execute(TestSuiteExecutor.java:106)
	at com.kms.katalon.core.main.TestCaseMain.startTestSuite(TestCaseMain.java:180)
	at TempTestSuite1716869660523.run(TempTestSuite1716869660523.groovy:35)
	at java.base/jdk.internal.reflect.NativeMethodAccessorImpl.invoke0(Native Method)
	at java.base/jdk.internal.reflect.NativeMethodAccessorImpl.invoke(NativeMethodAccessorImpl.java:77)
	at java.base/jdk.internal.reflect.DelegatingMethodAccessorImpl.invoke(DelegatingMethodAccessorImpl.java:43)
Caused by: org.openqa.selenium.ElementClickInterceptedException: element click intercepted: Element <input id="profile_group-1623987608.435_ministry_preferences" type="checkbox" name="profile[group-1623987608.435][ministry_preferences][]" value="Church Planter"> is not clickable at point (219, 640). Other element would receive the click: <div class="col-sm-offset-3 col-sm-9 after-note">...</div>
  (Session info: chrome=125.0.6422.78)
Build info: version: '3.141.59', revision: 'e82be7d358', time: '2018-11-14T08:25:53'
System info: host: 'Kozs-MacBook-Air.local', ip: 'fd0a:2b0c:43ba:1:1070:d692:2cb2:409a%en0', os.name: 'Mac OS X', os.arch: 'x86_64', os.version: '13.6.1', java.version: '17.0.7'
Driver info: org.openqa.selenium.chrome.ChromeDriver
Capabilities {acceptInsecureCerts: false, browserName: chrome, browserVersion: 125.0.6422.78, chrome: {chromedriverVersion: 124.0.6367.60 (8771130bd84f..., userDataDir: /var/folders/hb/hv2s0v7n1nz...}, fedcm:accounts: true, goog:chromeOptions: {debuggerAddress: localhost:63994}, javascriptEnabled: true, networkConnectionEnabled: false, pageLoadStrategy: normal, platform: MAC, platformName: MAC, proxy: Proxy(), setWindowRect: true, strictFileInteractability: false, timeouts: {implicit: 0, pageLoad: 300000, script: 30000}, unhandledPromptBehavior: dismiss and notify, webauthn:extension:credBlob: true, webauthn:extension:largeBlob: true, webauthn:extension:minPinLength: true, webauthn:extension:prf: true, webauthn:virtualAuthenticators: true}
Session ID: dd00ffcaa085598dfd6e1702adbe51c3
	at java.base/jdk.internal.reflect.NativeConstructorAccessorImpl.newInstance0(Native Method)
	at java.base/jdk.internal.reflect.NativeConstructorAccessorImpl.newInstance(NativeConstructorAccessorImpl.java:77)
	at java.base/jdk.internal.reflect.DelegatingConstructorAccessorImpl.newInstance(DelegatingConstructorAccessorImpl.java:45)
	at org.openqa.selenium.remote.http.W3CHttpResponseCodec.createException(W3CHttpResponseCodec.java:187)
	at org.openqa.selenium.remote.http.W3CHttpResponseCodec.decode(W3CHttpResponseCodec.java:122)
	at org.openqa.selenium.remote.http.W3CHttpResponseCodec.decode(W3CHttpResponseCodec.java:49)
	at org.openqa.selenium.remote.HttpCommandExecutor.execute(HttpCommandExecutor.java:158)
	at org.openqa.selenium.remote.service.DriverCommandExecutor.execute(DriverCommandExecutor.java:83)
	at org.openqa.selenium.remote.RemoteWebDriver.execute(RemoteWebDriver.java:552)
	at org.openqa.selenium.remote.RemoteWebElement.execute(RemoteWebElement.java:285)
	at org.openqa.selenium.remote.RemoteWebElement.click(RemoteWebElement.java:84)
	at jdk.internal.reflect.GeneratedMethodAccessor6.invoke(Unknown Source)
	at java.base/jdk.internal.reflect.DelegatingMethodAccessorImpl.invoke(DelegatingMethodAccessorImpl.java:43)
	at org.openqa.selenium.support.events.EventFiringWebDriver$EventFiringWebElement.lambda$new$0(EventFiringWebDriver.java:404)
	at jdk.proxy2/jdk.proxy2.$Proxy25.click(Unknown Source)
	at org.openqa.selenium.support.events.EventFiringWebDriver$EventFiringWebElement.click(EventFiringWebDriver.java:417)
	at org.openqa.selenium.WebElement$click.call(Unknown Source)
	at com.kms.katalon.core.webui.keyword.builtin.ClickKeyword.clickUntilSuccessWithTimeout(ClickKeyword.groovy:81)
	at com.kms.katalon.core.webui.keyword.builtin.ClickKeyword.clickUntilSuccessWithTimeout(ClickKeyword.groovy)
	at jdk.internal.reflect.GeneratedMethodAccessor4.invoke(Unknown Source)
	at java.base/jdk.internal.reflect.DelegatingMethodAccessorImpl.invoke(DelegatingMethodAccessorImpl.java:43)
	at com.kms.katalon.core.webui.keyword.builtin.ClickKeyword$_click_closure1.doCall(ClickKeyword.groovy:67)
	at com.kms.katalon.core.webui.keyword.builtin.ClickKeyword$_click_closure1.call(ClickKeyword.groovy)
	at com.kms.katalon.core.webui.keyword.internal.WebUIKeywordMain.runKeyword(WebUIKeywordMain.groovy:20)
	at com.kms.katalon.core.webui.keyword.builtin.ClickKeyword.click(ClickKeyword.groovy:74)
	at com.kms.katalon.core.webui.keyword.builtin.ClickKeyword.execute(ClickKeyword.groovy:40)
	at com.kms.katalon.core.keyword.internal.KeywordExecutor.executeKeywordForPlatform(KeywordExecutor.groovy:74)
	at com.kms.katalon.core.webui.keyword.WebUiBuiltInKeywords.click(WebUiBuiltInKeywords.groovy:659)
	at Script1716865643367.run(Script1716865643367.groovy:88)
	... 15 more
)

27-05-2024T23:15:41 - [MESSAGE][FAILED] - Unable to click on object '' (Root cause: com.kms.katalon.core.exception.StepFailedException: Unable to click on object ''
	at com.kms.katalon.core.webui.keyword.internal.WebUIKeywordMain.stepFailed(WebUIKeywordMain.groovy:64)
	at com.kms.katalon.core.webui.keyword.internal.WebUIKeywordMain.runKeyword(WebUIKeywordMain.groovy:26)
	at com.kms.katalon.core.webui.keyword.builtin.ClickKeyword.click(ClickKeyword.groovy:74)
	at com.kms.katalon.core.webui.keyword.builtin.ClickKeyword.execute(ClickKeyword.groovy:40)
	at com.kms.katalon.core.keyword.internal.KeywordExecutor.executeKeywordForPlatform(KeywordExecutor.groovy:74)
	at com.kms.katalon.core.webui.keyword.WebUiBuiltInKeywords.click(WebUiBuiltInKeywords.groovy:659)
	at Test Preferred Positions Checkboxes.run(Test Preferred Positions Checkboxes:88)
	at com.kms.katalon.core.main.ScriptEngine.run(ScriptEngine.java:194)
	at com.kms.katalon.core.main.ScriptEngine.runScriptAsRawText(ScriptEngine.java:119)
	at com.kms.katalon.core.main.TestCaseExecutor.runScript(TestCaseExecutor.java:448)
	at com.kms.katalon.core.main.TestCaseExecutor.doExecute(TestCaseExecutor.java:439)
	at com.kms.katalon.core.main.TestCaseExecutor.processExecutionPhase(TestCaseExecutor.java:418)
	at com.kms.katalon.core.main.TestCaseExecutor.accessMainPhase(TestCaseExecutor.java:410)
	at com.kms.katalon.core.main.TestCaseExecutor.execute(TestCaseExecutor.java:285)
	at com.kms.katalon.core.common.CommonExecutor.accessTestCaseMainPhase(CommonExecutor.java:65)
	at com.kms.katalon.core.main.TestSuiteExecutor.accessTestSuiteMainPhase(TestSuiteExecutor.java:150)
	at com.kms.katalon.core.main.TestSuiteExecutor.execute(TestSuiteExecutor.java:106)
	at com.kms.katalon.core.main.TestCaseMain.startTestSuite(TestCaseMain.java:180)
	at TempTestSuite1716869660523.run(TempTestSuite1716869660523.groovy:35)
	at java.base/jdk.internal.reflect.NativeMethodAccessorImpl.invoke0(Native Method)
	at java.base/jdk.internal.reflect.NativeMethodAccessorImpl.invoke(NativeMethodAccessorImpl.java:77)
	at java.base/jdk.internal.reflect.DelegatingMethodAccessorImpl.invoke(DelegatingMethodAccessorImpl.java:43)
Caused by: org.openqa.selenium.ElementClickInterceptedException: element click intercepted: Element <input id="profile_group-1623987608.435_ministry_preferences" type="checkbox" name="profile[group-1623987608.435][ministry_preferences][]" value="Church Planter"> is not clickable at point (219, 640). Other element would receive the click: <div class="col-sm-offset-3 col-sm-9 after-note">...</div>
  (Session info: chrome=125.0.6422.78)
Build info: version: '3.141.59', revision: 'e82be7d358', time: '2018-11-14T08:25:53'
System info: host: 'Kozs-MacBook-Air.local', ip: 'fd0a:2b0c:43ba:1:1070:d692:2cb2:409a%en0', os.name: 'Mac OS X', os.arch: 'x86_64', os.version: '13.6.1', java.version: '17.0.7'
Driver info: org.openqa.selenium.chrome.ChromeDriver
Capabilities {acceptInsecureCerts: false, browserName: chrome, browserVersion: 125.0.6422.78, chrome: {chromedriverVersion: 124.0.6367.60 (8771130bd84f..., userDataDir: /var/folders/hb/hv2s0v7n1nz...}, fedcm:accounts: true, goog:chromeOptions: {debuggerAddress: localhost:63994}, javascriptEnabled: true, networkConnectionEnabled: false, pageLoadStrategy: normal, platform: MAC, platformName: MAC, proxy: Proxy(), setWindowRect: true, strictFileInteractability: false, timeouts: {implicit: 0, pageLoad: 300000, script: 30000}, unhandledPromptBehavior: dismiss and notify, webauthn:extension:credBlob: true, webauthn:extension:largeBlob: true, webauthn:extension:minPinLength: true, webauthn:extension:prf: true, webauthn:virtualAuthenticators: true}
Session ID: dd00ffcaa085598dfd6e1702adbe51c3
	at java.base/jdk.internal.reflect.NativeConstructorAccessorImpl.newInstance0(Native Method)
	at java.base/jdk.internal.reflect.NativeConstructorAccessorImpl.newInstance(NativeConstructorAccessorImpl.java:77)
	at java.base/jdk.internal.reflect.DelegatingConstructorAccessorImpl.newInstance(DelegatingConstructorAccessorImpl.java:45)
	at org.openqa.selenium.remote.http.W3CHttpResponseCodec.createException(W3CHttpResponseCodec.java:187)
	at org.openqa.selenium.remote.http.W3CHttpResponseCodec.decode(W3CHttpResponseCodec.java:122)
	at org.openqa.selenium.remote.http.W3CHttpResponseCodec.decode(W3CHttpResponseCodec.java:49)
	at org.openqa.selenium.remote.HttpCommandExecutor.execute(HttpCommandExecutor.java:158)
	at org.openqa.selenium.remote.service.DriverCommandExecutor.execute(DriverCommandExecutor.java:83)
	at org.openqa.selenium.remote.RemoteWebDriver.execute(RemoteWebDriver.java:552)
	at org.openqa.selenium.remote.RemoteWebElement.execute(RemoteWebElement.java:285)
	at org.openqa.selenium.remote.RemoteWebElement.click(RemoteWebElement.java:84)
	at jdk.internal.reflect.GeneratedMethodAccessor6.invoke(Unknown Source)
	at java.base/jdk.internal.reflect.DelegatingMethodAccessorImpl.invoke(DelegatingMethodAccessorImpl.java:43)
	at org.openqa.selenium.support.events.EventFiringWebDriver$EventFiringWebElement.lambda$new$0(EventFiringWebDriver.java:404)
	at jdk.proxy2/jdk.proxy2.$Proxy25.click(Unknown Source)
	at org.openqa.selenium.support.events.EventFiringWebDriver$EventFiringWebElement.click(EventFiringWebDriver.java:417)
	at org.openqa.selenium.WebElement$click.call(Unknown Source)
	at com.kms.katalon.core.webui.keyword.builtin.ClickKeyword.clickUntilSuccessWithTimeout(ClickKeyword.groovy:81)
	at com.kms.katalon.core.webui.keyword.builtin.ClickKeyword.clickUntilSuccessWithTimeout(ClickKeyword.groovy)
	at jdk.internal.reflect.GeneratedMethodAccessor4.invoke(Unknown Source)
	at java.base/jdk.internal.reflect.DelegatingMethodAccessorImpl.invoke(DelegatingMethodAccessorImpl.java:43)
	at com.kms.katalon.core.webui.keyword.builtin.ClickKeyword$_click_closure1.doCall(ClickKeyword.groovy:67)
	at com.kms.katalon.core.webui.keyword.builtin.ClickKeyword$_click_closure1.call(ClickKeyword.groovy)
	at com.kms.katalon.core.webui.keyword.internal.WebUIKeywordMain.runKeyword(WebUIKeywordMain.groovy:20)
	at com.kms.katalon.core.webui.keyword.builtin.ClickKeyword.click(ClickKeyword.groovy:74)
	at com.kms.katalon.core.webui.keyword.builtin.ClickKeyword.execute(ClickKeyword.groovy:40)
	at com.kms.katalon.core.keyword.internal.KeywordExecutor.executeKeywordForPlatform(KeywordExecutor.groovy:74)
	at com.kms.katalon.core.webui.keyword.WebUiBuiltInKeywords.click(WebUiBuiltInKeywords.groovy:659)
	at Script1716865643367.run(Script1716865643367.groovy:88)
	... 15 more
)
[[ATTACHMENT|/Users/cckozie/git/MissionNext-Katalon-Koz/Reports/20240527_231417/Page Load Timings/20240527_231420/1716869740709.png]]

27-05-2024T23:15:41 - [TEST_STEP][PASSED] - catch (Exception e): null

27-05-2024T23:15:41 - [TEST_STEP][PASSED] - println("Unable to click on checkbox for Preferred Position " + text): null

27-05-2024T23:15:41 - [TEST_STEP][PASSED] - break: null

27-05-2024T23:15:41 - [TEST_STEP][PASSED] - closeBrowser(): Browser is closed

27-05-2024T23:15:42 - [MESSAGE][PASSED] - Browser is closed]]></system-out>
         <system-err><![CDATA[]]></system-err>
      </testcase>
      <system-out><![CDATA[27-05-2024T23:15:04 - [TEST_SUITE][PASSED] - Page Load Timings: Test Cases/Test Preferred Positions Checkboxes]]></system-out>
      <system-err><![CDATA[]]></system-err>
   </testsuite>
</testsuites>
